[0.351s] Invoking command in '/home/f1/f1tenth_ws/build/teleop_tools_msgs': CMAKE_PREFIX_PATH=${CMAKE_PREFIX_PATH}:/home/f1/f1tenth_ws/install/f1tenth_stack:/home/f1/f1tenth_ws/install/joy_teleop:/home/f1/f1tenth_ws/install/mouse_teleop:/home/f1/f1tenth_ws/install/key_teleop:/opt/ros/foxy /usr/bin/cmake --build /home/f1/f1tenth_ws/build/teleop_tools_msgs -- -j6 -l6
[3.449s] [  3%] Built target teleop_tools_msgs__cpp
[3.450s] [ 12%] Built target teleop_tools_msgs__rosidl_generator_c
[3.450s] [ 22%] Built target teleop_tools_msgs__rosidl_typesupport_introspection_cpp
[3.451s] [ 32%] Built target teleop_tools_msgs__rosidl_typesupport_introspection_c
[3.451s] [ 41%] Built target teleop_tools_msgs__rosidl_typesupport_fastrtps_cpp
[3.452s] [ 51%] Built target teleop_tools_msgs__rosidl_typesupport_cpp
[3.452s] [ 61%] Built target teleop_tools_msgs__rosidl_typesupport_c
[3.453s] [ 70%] Built target teleop_tools_msgs__rosidl_typesupport_fastrtps_c
[3.453s] [ 70%] Built target teleop_tools_msgs
[3.454s] [ 74%] Built target teleop_tools_msgs__py
[3.454s] [ 80%] Built target teleop_tools_msgs__python
[3.455s] [ 87%] Built target teleop_tools_msgs__rosidl_typesupport_introspection_c__pyext
[3.455s] [ 93%] Built target teleop_tools_msgs__rosidl_typesupport_c__pyext
[3.456s] [100%] Built target teleop_tools_msgs__rosidl_typesupport_fastrtps_c__pyext
[3.516s] Invoked command in '/home/f1/f1tenth_ws/build/teleop_tools_msgs' returned '0': CMAKE_PREFIX_PATH=${CMAKE_PREFIX_PATH}:/home/f1/f1tenth_ws/install/f1tenth_stack:/home/f1/f1tenth_ws/install/joy_teleop:/home/f1/f1tenth_ws/install/mouse_teleop:/home/f1/f1tenth_ws/install/key_teleop:/opt/ros/foxy /usr/bin/cmake --build /home/f1/f1tenth_ws/build/teleop_tools_msgs -- -j6 -l6
[3.532s] Invoking command in '/home/f1/f1tenth_ws/build/teleop_tools_msgs': CMAKE_PREFIX_PATH=${CMAKE_PREFIX_PATH}:/home/f1/f1tenth_ws/install/f1tenth_stack:/home/f1/f1tenth_ws/install/joy_teleop:/home/f1/f1tenth_ws/install/mouse_teleop:/home/f1/f1tenth_ws/install/key_teleop:/opt/ros/foxy /usr/bin/cmake --install /home/f1/f1tenth_ws/build/teleop_tools_msgs
[3.704s] -- Install configuration: "Release"
[3.704s] -- Execute custom install script
[3.705s] -- Up-to-date symlink: /home/f1/f1tenth_ws/install/teleop_tools_msgs/share/ament_index/resource_index/rosidl_interfaces/teleop_tools_msgs
[3.705s] -- Up-to-date symlink: /home/f1/f1tenth_ws/install/teleop_tools_msgs/include/teleop_tools_msgs/action/detail/increment__functions.h
[3.706s] -- Up-to-date symlink: /home/f1/f1tenth_ws/install/teleop_tools_msgs/include/teleop_tools_msgs/action/detail/increment__struct.h
[3.706s] -- Up-to-date symlink: /home/f1/f1tenth_ws/install/teleop_tools_msgs/include/teleop_tools_msgs/action/detail/increment__type_support.h
[3.706s] -- Up-to-date symlink: /home/f1/f1tenth_ws/install/teleop_tools_msgs/include/teleop_tools_msgs/action/increment.h
[3.723s] -- Up-to-date symlink: /home/f1/f1tenth_ws/install/teleop_tools_msgs/include/teleop_tools_msgs/msg/rosidl_generator_c__visibility_control.h
[3.737s] -- Up-to-date symlink: /home/f1/f1tenth_ws/install/teleop_tools_msgs/share/teleop_tools_msgs/environment/library_path.sh
[3.738s] -- Up-to-date symlink: /home/f1/f1tenth_ws/install/teleop_tools_msgs/share/teleop_tools_msgs/environment/library_path.dsv
[3.741s] -- Up-to-date symlink: /home/f1/f1tenth_ws/install/teleop_tools_msgs/include/teleop_tools_msgs/action/detail/increment__rosidl_typesupport_fastrtps_c.h
[3.756s] -- Up-to-date symlink: /home/f1/f1tenth_ws/install/teleop_tools_msgs/include/teleop_tools_msgs/msg/rosidl_typesupport_fastrtps_c__visibility_control.h
[3.757s] -- Up-to-date symlink: /home/f1/f1tenth_ws/install/teleop_tools_msgs/lib/libteleop_tools_msgs__rosidl_typesupport_fastrtps_c.so
[3.777s] -- Up-to-date symlink: /home/f1/f1tenth_ws/install/teleop_tools_msgs/include/teleop_tools_msgs/action/detail/increment__rosidl_typesupport_fastrtps_cpp.hpp
[3.780s] -- Up-to-date symlink: /home/f1/f1tenth_ws/install/teleop_tools_msgs/include/teleop_tools_msgs/msg/rosidl_typesupport_fastrtps_cpp__visibility_control.h
[3.782s] -- Up-to-date symlink: /home/f1/f1tenth_ws/install/teleop_tools_msgs/lib/libteleop_tools_msgs__rosidl_typesupport_fastrtps_cpp.so
[3.783s] -- Up-to-date symlink: /home/f1/f1tenth_ws/install/teleop_tools_msgs/include/teleop_tools_msgs/action/detail/increment__rosidl_typesupport_introspection_c.h
[3.784s] -- Up-to-date symlink: /home/f1/f1tenth_ws/install/teleop_tools_msgs/include/teleop_tools_msgs/msg/rosidl_typesupport_introspection_c__visibility_control.h
[3.796s] -- Up-to-date symlink: /home/f1/f1tenth_ws/install/teleop_tools_msgs/include/teleop_tools_msgs/action/detail/increment__builder.hpp
[3.798s] -- Up-to-date symlink: /home/f1/f1tenth_ws/install/teleop_tools_msgs/include/teleop_tools_msgs/action/detail/increment__struct.hpp
[3.814s] -- Up-to-date symlink: /home/f1/f1tenth_ws/install/teleop_tools_msgs/include/teleop_tools_msgs/action/detail/increment__traits.hpp
[3.848s] -- Up-to-date symlink: /home/f1/f1tenth_ws/install/teleop_tools_msgs/include/teleop_tools_msgs/action/detail/increment__type_support.hpp
[3.868s] -- Up-to-date symlink: /home/f1/f1tenth_ws/install/teleop_tools_msgs/include/teleop_tools_msgs/action/increment.hpp
[3.870s] -- Up-to-date symlink: /home/f1/f1tenth_ws/install/teleop_tools_msgs/include/teleop_tools_msgs/msg/rosidl_generator_cpp__visibility_control.hpp
[3.871s] -- Up-to-date symlink: /home/f1/f1tenth_ws/install/teleop_tools_msgs/include/teleop_tools_msgs/action/detail/increment__rosidl_typesupport_introspection_cpp.hpp
[3.872s] -- Up-to-date symlink: /home/f1/f1tenth_ws/install/teleop_tools_msgs/share/teleop_tools_msgs/environment/pythonpath.sh
[3.872s] -- Up-to-date symlink: /home/f1/f1tenth_ws/install/teleop_tools_msgs/share/teleop_tools_msgs/environment/pythonpath.dsv
[3.874s] -- Up-to-date symlink: /home/f1/f1tenth_ws/install/teleop_tools_msgs/lib/python3.8/site-packages/teleop_tools_msgs/__init__.py
[3.878s] -- Up-to-date symlink: /home/f1/f1tenth_ws/install/teleop_tools_msgs/lib/python3.8/site-packages/teleop_tools_msgs/action/__init__.py
[3.899s] -- Up-to-date symlink: /home/f1/f1tenth_ws/install/teleop_tools_msgs/lib/python3.8/site-packages/teleop_tools_msgs/action/_increment.py
[3.899s] -- Up-to-date symlink: /home/f1/f1tenth_ws/install/teleop_tools_msgs/lib/python3.8/site-packages/teleop_tools_msgs/teleop_tools_msgs_s__rosidl_typesupport_fastrtps_c.cpython-38-aarch64-linux-gnu.so
[3.900s] -- Up-to-date symlink: /home/f1/f1tenth_ws/install/teleop_tools_msgs/lib/python3.8/site-packages/teleop_tools_msgs/teleop_tools_msgs_s__rosidl_typesupport_introspection_c.cpython-38-aarch64-linux-gnu.so
[3.901s] -- Up-to-date symlink: /home/f1/f1tenth_ws/install/teleop_tools_msgs/lib/python3.8/site-packages/teleop_tools_msgs/teleop_tools_msgs_s__rosidl_typesupport_c.cpython-38-aarch64-linux-gnu.so
[3.902s] -- Up-to-date symlink: /home/f1/f1tenth_ws/install/teleop_tools_msgs/lib/libteleop_tools_msgs__python.so
[3.921s] -- Up-to-date symlink: /home/f1/f1tenth_ws/install/teleop_tools_msgs/share/teleop_tools_msgs/action/Increment.idl
[3.923s] -- Up-to-date symlink: /home/f1/f1tenth_ws/install/teleop_tools_msgs/share/teleop_tools_msgs/action/Increment.action
[3.924s] -- Up-to-date symlink: /home/f1/f1tenth_ws/install/teleop_tools_msgs/share/ament_index/resource_index/package_run_dependencies/teleop_tools_msgs
[3.946s] -- Up-to-date symlink: /home/f1/f1tenth_ws/install/teleop_tools_msgs/share/ament_index/resource_index/parent_prefix_path/teleop_tools_msgs
[3.946s] -- Up-to-date symlink: /home/f1/f1tenth_ws/install/teleop_tools_msgs/share/teleop_tools_msgs/environment/ament_prefix_path.sh
[3.947s] -- Up-to-date symlink: /home/f1/f1tenth_ws/install/teleop_tools_msgs/share/teleop_tools_msgs/environment/ament_prefix_path.dsv
[3.947s] -- Up-to-date symlink: /home/f1/f1tenth_ws/install/teleop_tools_msgs/share/teleop_tools_msgs/environment/path.sh
[3.949s] -- Up-to-date symlink: /home/f1/f1tenth_ws/install/teleop_tools_msgs/share/teleop_tools_msgs/environment/path.dsv
[3.950s] -- Up-to-date symlink: /home/f1/f1tenth_ws/install/teleop_tools_msgs/share/teleop_tools_msgs/local_setup.bash
[3.950s] -- Up-to-date symlink: /home/f1/f1tenth_ws/install/teleop_tools_msgs/share/teleop_tools_msgs/local_setup.sh
[3.951s] -- Up-to-date symlink: /home/f1/f1tenth_ws/install/teleop_tools_msgs/share/teleop_tools_msgs/local_setup.zsh
[3.952s] -- Up-to-date symlink: /home/f1/f1tenth_ws/install/teleop_tools_msgs/share/teleop_tools_msgs/local_setup.dsv
[3.953s] -- Symlinking: /home/f1/f1tenth_ws/install/teleop_tools_msgs/share/teleop_tools_msgs/package.dsv
[3.970s] -- Up-to-date symlink: /home/f1/f1tenth_ws/install/teleop_tools_msgs/share/ament_index/resource_index/packages/teleop_tools_msgs
[3.970s] -- Up-to-date symlink: /home/f1/f1tenth_ws/install/teleop_tools_msgs/share/teleop_tools_msgs/cmake/rosidl_cmake-extras.cmake
[3.975s] -- Up-to-date symlink: /home/f1/f1tenth_ws/install/teleop_tools_msgs/share/teleop_tools_msgs/cmake/ament_cmake_export_dependencies-extras.cmake
[3.975s] -- Up-to-date symlink: /home/f1/f1tenth_ws/install/teleop_tools_msgs/share/teleop_tools_msgs/cmake/ament_cmake_export_libraries-extras.cmake
[3.976s] -- Up-to-date symlink: /home/f1/f1tenth_ws/install/teleop_tools_msgs/share/teleop_tools_msgs/cmake/ament_cmake_export_targets-extras.cmake
[3.976s] -- Up-to-date symlink: /home/f1/f1tenth_ws/install/teleop_tools_msgs/share/teleop_tools_msgs/cmake/ament_cmake_export_include_directories-extras.cmake
[3.977s] -- Up-to-date symlink: /home/f1/f1tenth_ws/install/teleop_tools_msgs/share/teleop_tools_msgs/cmake/rosidl_cmake_export_typesupport_libraries-extras.cmake
[3.977s] -- Up-to-date symlink: /home/f1/f1tenth_ws/install/teleop_tools_msgs/share/teleop_tools_msgs/cmake/rosidl_cmake_export_typesupport_targets-extras.cmake
[3.978s] -- Up-to-date symlink: /home/f1/f1tenth_ws/install/teleop_tools_msgs/share/teleop_tools_msgs/cmake/teleop_tools_msgsConfig.cmake
[3.978s] -- Up-to-date symlink: /home/f1/f1tenth_ws/install/teleop_tools_msgs/share/teleop_tools_msgs/cmake/teleop_tools_msgsConfig-version.cmake
[3.978s] -- Up-to-date symlink: /home/f1/f1tenth_ws/install/teleop_tools_msgs/share/teleop_tools_msgs/package.xml
[3.980s] -- Up-to-date: /home/f1/f1tenth_ws/install/teleop_tools_msgs/lib/libteleop_tools_msgs__rosidl_generator_c.so
[3.981s] -- Up-to-date: /home/f1/f1tenth_ws/install/teleop_tools_msgs/lib/libteleop_tools_msgs__rosidl_typesupport_introspection_c.so
[3.981s] -- Up-to-date: /home/f1/f1tenth_ws/install/teleop_tools_msgs/lib/libteleop_tools_msgs__rosidl_typesupport_c.so
[3.981s] -- Up-to-date: /home/f1/f1tenth_ws/install/teleop_tools_msgs/lib/libteleop_tools_msgs__rosidl_typesupport_introspection_cpp.so
[3.982s] -- Up-to-date: /home/f1/f1tenth_ws/install/teleop_tools_msgs/lib/libteleop_tools_msgs__rosidl_typesupport_cpp.so
[4.158s] -- Up-to-date: /home/f1/f1tenth_ws/install/teleop_tools_msgs/share/teleop_tools_msgs/cmake/teleop_tools_msgs__rosidl_generator_cExport.cmake
[4.159s] -- Up-to-date: /home/f1/f1tenth_ws/install/teleop_tools_msgs/share/teleop_tools_msgs/cmake/teleop_tools_msgs__rosidl_generator_cExport-release.cmake
[4.160s] -- Up-to-date: /home/f1/f1tenth_ws/install/teleop_tools_msgs/share/teleop_tools_msgs/cmake/teleop_tools_msgs__rosidl_typesupport_introspection_cExport.cmake
[4.160s] -- Up-to-date: /home/f1/f1tenth_ws/install/teleop_tools_msgs/share/teleop_tools_msgs/cmake/teleop_tools_msgs__rosidl_typesupport_introspection_cExport-release.cmake
[4.161s] -- Up-to-date: /home/f1/f1tenth_ws/install/teleop_tools_msgs/share/teleop_tools_msgs/cmake/teleop_tools_msgs__rosidl_typesupport_cExport.cmake
[4.161s] -- Up-to-date: /home/f1/f1tenth_ws/install/teleop_tools_msgs/share/teleop_tools_msgs/cmake/teleop_tools_msgs__rosidl_typesupport_cExport-release.cmake
[4.162s] -- Up-to-date: /home/f1/f1tenth_ws/install/teleop_tools_msgs/share/teleop_tools_msgs/cmake/teleop_tools_msgs__rosidl_generator_cppExport.cmake
[4.162s] -- Up-to-date: /home/f1/f1tenth_ws/install/teleop_tools_msgs/share/teleop_tools_msgs/cmake/teleop_tools_msgs__rosidl_typesupport_introspection_cppExport.cmake
[4.165s] -- Up-to-date: /home/f1/f1tenth_ws/install/teleop_tools_msgs/share/teleop_tools_msgs/cmake/teleop_tools_msgs__rosidl_typesupport_introspection_cppExport-release.cmake
[4.166s] -- Up-to-date: /home/f1/f1tenth_ws/install/teleop_tools_msgs/share/teleop_tools_msgs/cmake/teleop_tools_msgs__rosidl_typesupport_cppExport.cmake
[4.167s] -- Up-to-date: /home/f1/f1tenth_ws/install/teleop_tools_msgs/share/teleop_tools_msgs/cmake/teleop_tools_msgs__rosidl_typesupport_cppExport-release.cmake
[4.182s] Invoked command in '/home/f1/f1tenth_ws/build/teleop_tools_msgs' returned '0': CMAKE_PREFIX_PATH=${CMAKE_PREFIX_PATH}:/home/f1/f1tenth_ws/install/f1tenth_stack:/home/f1/f1tenth_ws/install/joy_teleop:/home/f1/f1tenth_ws/install/mouse_teleop:/home/f1/f1tenth_ws/install/key_teleop:/opt/ros/foxy /usr/bin/cmake --install /home/f1/f1tenth_ws/build/teleop_tools_msgs
