[0.280s] Invoking command in '/home/f1/f1tenth_ws/build/teleop_tools_msgs': CMAKE_PREFIX_PATH=/opt/ros/foxy /usr/bin/cmake /home/f1/f1tenth_ws/src/f1tenth_system/teleop_tools/teleop_tools_msgs -DCMAKE_BUILD_TYPE=Release -DAMENT_CMAKE_SYMLINK_INSTALL=1 -DCMAKE_INSTALL_PREFIX=/home/f1/f1tenth_ws/install/teleop_tools_msgs
[3.386s] -- The C compiler identification is GNU 9.4.0
[3.386s] -- The CXX compiler identification is GNU 9.4.0
[3.387s] -- Check for working C compiler: /usr/bin/cc
[3.388s] -- Check for working C compiler: /usr/bin/cc -- works
[3.389s] -- Detecting C compiler ABI info
[3.389s] -- Detecting C compiler ABI info - done
[3.390s] -- Detecting C compile features
[3.390s] -- Detecting C compile features - done
[3.391s] -- Check for working CXX compiler: /usr/bin/c++
[3.391s] -- Check for working CXX compiler: /usr/bin/c++ -- works
[3.392s] -- Detecting CXX compiler ABI info
[3.811s] -- Detecting CXX compiler ABI info - done
[3.900s] -- Detecting CXX compile features
[3.903s] -- Detecting CXX compile features - done
[3.916s] -- Found ament_cmake: 0.9.12 (/opt/ros/foxy/share/ament_cmake/cmake)
[4.060s] -- Found PythonInterp: /usr/bin/python3 (found suitable version "3.8.10", minimum required is "3") 
[4.062s] -- Using PYTHON_EXECUTABLE: /usr/bin/python3
[5.298s] -- Override CMake install command with custom implementation using symlinks instead of copying resources
[5.440s] -- Found rosidl_default_generators: 1.0.1 (/opt/ros/foxy/share/rosidl_default_generators/cmake)
[5.478s] -- Using all available rosidl_typesupport_c: rosidl_typesupport_fastrtps_c;rosidl_typesupport_introspection_c
[5.533s] -- Found rosidl_adapter: 1.3.1 (/opt/ros/foxy/share/rosidl_adapter/cmake)
[6.361s] -- Found OpenSSL: /usr/lib/aarch64-linux-gnu/libcrypto.so (found version "1.1.1f")  
[6.639s] -- Found FastRTPS: /opt/ros/foxy/include  
[7.364s] -- Using all available rosidl_typesupport_cpp: rosidl_typesupport_fastrtps_cpp;rosidl_typesupport_introspection_cpp
[7.598s] -- Found ament_lint_auto: 0.9.8 (/opt/ros/foxy/share/ament_lint_auto/cmake)
[8.184s] -- Found PythonInterp: /usr/bin/python3 (found version "3.8.10") 
[9.138s] -- Found ament_cmake_ros: 0.9.2 (/opt/ros/foxy/share/ament_cmake_ros/cmake)
[10.073s] -- Using all available rosidl_typesupport_c: rosidl_typesupport_fastrtps_c;rosidl_typesupport_introspection_c
[10.289s] -- Using all available rosidl_typesupport_cpp: rosidl_typesupport_fastrtps_cpp;rosidl_typesupport_introspection_cpp
[10.455s] -- Found PythonInterp: /usr/bin/python3 (found suitable version "3.8.10", minimum required is "3.5") 
[10.464s] -- Found python_cmake_module: 0.8.1 (/opt/ros/foxy/share/python_cmake_module/cmake)
[10.655s] -- Found PythonLibs: /usr/lib/aarch64-linux-gnu/libpython3.8.so (found suitable version "3.8.10", minimum required is "3.5") 
[10.656s] -- Using PYTHON_EXECUTABLE: /usr/bin/python3
[10.657s] -- Using PYTHON_INCLUDE_DIRS: /usr/include/python3.8
[10.657s] -- Using PYTHON_LIBRARIES: /usr/lib/aarch64-linux-gnu/libpython3.8.so
[10.811s] -- Found PythonExtra: .so  
[11.192s] -- Added test 'copyright' to check source files copyright and LICENSE
[11.204s] -- Added test 'lint_cmake' to check CMake code style
[11.211s] -- Added test 'xmllint' to check XML markup files
[11.278s] -- Configuring done
[11.709s] -- Generating done
[11.830s] -- Build files have been written to: /home/f1/f1tenth_ws/build/teleop_tools_msgs
