[0.315s] Invoking command in '/home/f1/f1tenth_ws/build/teleop_tools_msgs': CMAKE_PREFIX_PATH=${CMAKE_PREFIX_PATH}:/home/f1/f1tenth_ws/install/f1tenth_stack:/home/f1/f1tenth_ws/install/joy_teleop:/home/f1/f1tenth_ws/install/mouse_teleop:/home/f1/f1tenth_ws/install/key_teleop:/opt/ros/foxy /usr/bin/cmake /home/f1/f1tenth_ws/src/f1tenth_system/teleop_tools/teleop_tools_msgs -DCMAKE_BUILD_TYPE=Release -DAMENT_CMAKE_SYMLINK_INSTALL=1 -DCMAKE_INSTALL_PREFIX=/home/f1/f1tenth_ws/install/teleop_tools_msgs
[3.227s] -- Found ament_cmake: 0.9.12 (/opt/ros/foxy/share/ament_cmake/cmake)
[3.228s] -- Found PythonInterp: /usr/bin/python3 (found suitable version "3.8.10", minimum required is "3") 
[3.228s] -- Using PYTHON_EXECUTABLE: /usr/bin/python3
[3.229s] -- Override CMake install command with custom implementation using symlinks instead of copying resources
[3.229s] -- Found rosidl_default_generators: 1.0.1 (/opt/ros/foxy/share/rosidl_default_generators/cmake)
[3.230s] -- Using all available rosidl_typesupport_c: rosidl_typesupport_fastrtps_c;rosidl_typesupport_introspection_c
[3.231s] -- Found rosidl_adapter: 1.3.1 (/opt/ros/foxy/share/rosidl_adapter/cmake)
[3.231s] -- Using all available rosidl_typesupport_cpp: rosidl_typesupport_fastrtps_cpp;rosidl_typesupport_introspection_cpp
[3.232s] -- Found ament_lint_auto: 0.9.8 (/opt/ros/foxy/share/ament_lint_auto/cmake)
[3.246s] -- Found PythonInterp: /usr/bin/python3 (found version "3.8.10") 
[4.095s] -- Found ament_cmake_ros: 0.9.2 (/opt/ros/foxy/share/ament_cmake_ros/cmake)
[4.918s] -- Using all available rosidl_typesupport_c: rosidl_typesupport_fastrtps_c;rosidl_typesupport_introspection_c
[5.113s] -- Using all available rosidl_typesupport_cpp: rosidl_typesupport_fastrtps_cpp;rosidl_typesupport_introspection_cpp
[5.339s] -- Found PythonInterp: /usr/bin/python3 (found suitable version "3.8.10", minimum required is "3.5") 
[5.343s] -- Found python_cmake_module: 0.8.1 (/opt/ros/foxy/share/python_cmake_module/cmake)
[5.537s] -- Using PYTHON_EXECUTABLE: /usr/bin/python3
[5.537s] -- Using PYTHON_INCLUDE_DIRS: /usr/include/python3.8
[5.538s] -- Using PYTHON_LIBRARIES: /usr/lib/aarch64-linux-gnu/libpython3.8.so
[5.796s] -- Added test 'copyright' to check source files copyright and LICENSE
[5.798s] -- Added test 'lint_cmake' to check CMake code style
[5.804s] -- Added test 'xmllint' to check XML markup files
[5.873s] -- Configuring done
[6.328s] -- Generating done
[6.483s] -- Build files have been written to: /home/f1/f1tenth_ws/build/teleop_tools_msgs
[6.561s] Invoked command in '/home/f1/f1tenth_ws/build/teleop_tools_msgs' returned '0': CMAKE_PREFIX_PATH=${CMAKE_PREFIX_PATH}:/home/f1/f1tenth_ws/install/f1tenth_stack:/home/f1/f1tenth_ws/install/joy_teleop:/home/f1/f1tenth_ws/install/mouse_teleop:/home/f1/f1tenth_ws/install/key_teleop:/opt/ros/foxy /usr/bin/cmake /home/f1/f1tenth_ws/src/f1tenth_system/teleop_tools/teleop_tools_msgs -DCMAKE_BUILD_TYPE=Release -DAMENT_CMAKE_SYMLINK_INSTALL=1 -DCMAKE_INSTALL_PREFIX=/home/f1/f1tenth_ws/install/teleop_tools_msgs
[6.573s] Invoking command in '/home/f1/f1tenth_ws/build/teleop_tools_msgs': CMAKE_PREFIX_PATH=${CMAKE_PREFIX_PATH}:/home/f1/f1tenth_ws/install/f1tenth_stack:/home/f1/f1tenth_ws/install/joy_teleop:/home/f1/f1tenth_ws/install/mouse_teleop:/home/f1/f1tenth_ws/install/key_teleop:/opt/ros/foxy /usr/bin/cmake --build /home/f1/f1tenth_ws/build/teleop_tools_msgs -- -j6 -l6
[6.976s] [  3%] Built target teleop_tools_msgs__cpp
[7.107s] [ 12%] Built target teleop_tools_msgs__rosidl_generator_c
[7.231s] [ 22%] Built target teleop_tools_msgs__rosidl_typesupport_cpp
[7.258s] [ 32%] Built target teleop_tools_msgs__rosidl_typesupport_fastrtps_cpp
[7.261s] [ 41%] Built target teleop_tools_msgs__rosidl_typesupport_introspection_cpp
[7.350s] [ 51%] Built target teleop_tools_msgs__rosidl_typesupport_introspection_c
[7.437s] [ 61%] Built target teleop_tools_msgs__rosidl_typesupport_c
[7.492s] [ 70%] Built target teleop_tools_msgs__rosidl_typesupport_fastrtps_c
[7.631s] [ 70%] Built target teleop_tools_msgs
[7.758s] [ 74%] Built target teleop_tools_msgs__py
[7.924s] [ 80%] Built target teleop_tools_msgs__python
[8.093s] [ 87%] Built target teleop_tools_msgs__rosidl_typesupport_introspection_c__pyext
[8.123s] [ 93%] Built target teleop_tools_msgs__rosidl_typesupport_fastrtps_c__pyext
[8.157s] [100%] Built target teleop_tools_msgs__rosidl_typesupport_c__pyext
