[1.476s] Invoking command in '/home/f1/f1tenth_ws/build/vesc_ackermann': CMAKE_PREFIX_PATH=${CMAKE_PREFIX_PATH}:/home/f1/f1tenth_ws/install/joy_teleop:/home/f1/f1tenth_ws/install/mouse_teleop:/home/f1/f1tenth_ws/install/key_teleop:/opt/ros/foxy /usr/bin/cmake --build /home/f1/f1tenth_ws/build/vesc_ackermann -- -j6 -l6
[1.945s] [ 28%] Built target ackermann_to_vesc_node
[1.959s] [100%] Built target vesc_ackermann
[1.959s] [100%] Built target vesc_to_odom_node
[2.043s] Invoked command in '/home/f1/f1tenth_ws/build/vesc_ackermann' returned '0': CMAKE_PREFIX_PATH=${CMAKE_PREFIX_PATH}:/home/f1/f1tenth_ws/install/joy_teleop:/home/f1/f1tenth_ws/install/mouse_teleop:/home/f1/f1tenth_ws/install/key_teleop:/opt/ros/foxy /usr/bin/cmake --build /home/f1/f1tenth_ws/build/vesc_ackermann -- -j6 -l6
[2.050s] Invoking command in '/home/f1/f1tenth_ws/build/vesc_ackermann': CMAKE_PREFIX_PATH=${CMAKE_PREFIX_PATH}:/home/f1/f1tenth_ws/install/joy_teleop:/home/f1/f1tenth_ws/install/mouse_teleop:/home/f1/f1tenth_ws/install/key_teleop:/opt/ros/foxy /usr/bin/cmake --install /home/f1/f1tenth_ws/build/vesc_ackermann
[2.098s] -- Install configuration: "Release"
[2.102s] -- Execute custom install script
[2.105s] -- Up-to-date symlink: /home/f1/f1tenth_ws/install/vesc_ackermann/lib/vesc_ackermann/ackermann_to_vesc_node
[2.112s] -- Up-to-date symlink: /home/f1/f1tenth_ws/install/vesc_ackermann/lib/vesc_ackermann/vesc_to_odom_node
[2.116s] -- Up-to-date symlink: /home/f1/f1tenth_ws/install/vesc_ackermann/include/vesc_ackermann/ackermann_to_vesc.hpp
[2.117s] -- Up-to-date symlink: /home/f1/f1tenth_ws/install/vesc_ackermann/include/vesc_ackermann/vesc_to_odom.hpp
[2.119s] -- Up-to-date symlink: /home/f1/f1tenth_ws/install/vesc_ackermann/share/vesc_ackermann/environment/library_path.sh
[2.121s] -- Up-to-date symlink: /home/f1/f1tenth_ws/install/vesc_ackermann/share/vesc_ackermann/environment/library_path.dsv
[2.124s] -- Up-to-date symlink: /home/f1/f1tenth_ws/install/vesc_ackermann/lib/libvesc_ackermann.so
[2.128s] -- Up-to-date symlink: /home/f1/f1tenth_ws/install/vesc_ackermann/share/vesc_ackermann/launch/ackermann_to_vesc_node.launch.xml
[2.129s] -- Up-to-date symlink: /home/f1/f1tenth_ws/install/vesc_ackermann/share/vesc_ackermann/launch/vesc_to_odom_node.launch.xml
[2.133s] -- Up-to-date symlink: /home/f1/f1tenth_ws/install/vesc_ackermann/share/ament_index/resource_index/package_run_dependencies/vesc_ackermann
[2.135s] -- Up-to-date symlink: /home/f1/f1tenth_ws/install/vesc_ackermann/share/ament_index/resource_index/parent_prefix_path/vesc_ackermann
[2.137s] -- Up-to-date symlink: /home/f1/f1tenth_ws/install/vesc_ackermann/share/vesc_ackermann/environment/ament_prefix_path.sh
[2.139s] -- Up-to-date symlink: /home/f1/f1tenth_ws/install/vesc_ackermann/share/vesc_ackermann/environment/ament_prefix_path.dsv
[2.141s] -- Up-to-date symlink: /home/f1/f1tenth_ws/install/vesc_ackermann/share/vesc_ackermann/environment/path.sh
[2.142s] -- Up-to-date symlink: /home/f1/f1tenth_ws/install/vesc_ackermann/share/vesc_ackermann/environment/path.dsv
[2.144s] -- Up-to-date symlink: /home/f1/f1tenth_ws/install/vesc_ackermann/share/vesc_ackermann/local_setup.bash
[2.146s] -- Up-to-date symlink: /home/f1/f1tenth_ws/install/vesc_ackermann/share/vesc_ackermann/local_setup.sh
[2.148s] -- Up-to-date symlink: /home/f1/f1tenth_ws/install/vesc_ackermann/share/vesc_ackermann/local_setup.zsh
[2.150s] -- Up-to-date symlink: /home/f1/f1tenth_ws/install/vesc_ackermann/share/vesc_ackermann/local_setup.dsv
[2.152s] -- Symlinking: /home/f1/f1tenth_ws/install/vesc_ackermann/share/vesc_ackermann/package.dsv
[2.209s] -- Up-to-date symlink: /home/f1/f1tenth_ws/install/vesc_ackermann/share/ament_index/resource_index/packages/vesc_ackermann
[2.211s] -- Up-to-date symlink: /home/f1/f1tenth_ws/install/vesc_ackermann/share/ament_index/resource_index/rclcpp_components/vesc_ackermann
[2.213s] -- Up-to-date symlink: /home/f1/f1tenth_ws/install/vesc_ackermann/share/vesc_ackermann/cmake/ament_cmake_export_dependencies-extras.cmake
[2.215s] -- Up-to-date symlink: /home/f1/f1tenth_ws/install/vesc_ackermann/share/vesc_ackermann/cmake/ament_cmake_export_include_directories-extras.cmake
[2.217s] -- Up-to-date symlink: /home/f1/f1tenth_ws/install/vesc_ackermann/share/vesc_ackermann/cmake/ament_cmake_export_libraries-extras.cmake
[2.219s] -- Up-to-date symlink: /home/f1/f1tenth_ws/install/vesc_ackermann/share/vesc_ackermann/cmake/vesc_ackermannConfig.cmake
[2.221s] -- Up-to-date symlink: /home/f1/f1tenth_ws/install/vesc_ackermann/share/vesc_ackermann/cmake/vesc_ackermannConfig-version.cmake
[2.223s] -- Up-to-date symlink: /home/f1/f1tenth_ws/install/vesc_ackermann/share/vesc_ackermann/package.xml
[2.239s] Invoked command in '/home/f1/f1tenth_ws/build/vesc_ackermann' returned '0': CMAKE_PREFIX_PATH=${CMAKE_PREFIX_PATH}:/home/f1/f1tenth_ws/install/joy_teleop:/home/f1/f1tenth_ws/install/mouse_teleop:/home/f1/f1tenth_ws/install/key_teleop:/opt/ros/foxy /usr/bin/cmake --install /home/f1/f1tenth_ws/build/vesc_ackermann
