[0.085s] Invoking command in '/home/f1/f1tenth_ws/build/path_planner': CMAKE_PREFIX_PATH=/opt/ros/foxy /usr/bin/cmake --build /home/f1/f1tenth_ws/build/path_planner -- -j6 -l6
[0.254s] -- Found ament_cmake: 0.9.12 (/opt/ros/foxy/share/ament_cmake/cmake)
[0.380s] -- Using PYTHON_EXECUTABLE: /usr/bin/python3
[1.388s] -- Override CMake install command with custom implementation using symlinks instead of copying resources
[1.468s] -- Found rclcpp: 2.4.3 (/opt/ros/foxy/share/rclcpp/cmake)
[1.728s] -- Using all available rosidl_typesupport_c: rosidl_typesupport_fastrtps_c;rosidl_typesupport_introspection_c
[1.756s] -- Found rosidl_adapter: 1.3.1 (/opt/ros/foxy/share/rosidl_adapter/cmake)
[2.570s] -- Using all available rosidl_typesupport_cpp: rosidl_typesupport_fastrtps_cpp;rosidl_typesupport_introspection_cpp
[2.897s] -- Found rmw_implementation_cmake: 1.0.4 (/opt/ros/foxy/share/rmw_implementation_cmake/cmake)
[2.906s] -- Using RMW implementation 'rmw_fastrtps_cpp' as default
[3.753s] -- Found geometry_msgs: 2.0.5 (/opt/ros/foxy/share/geometry_msgs/cmake)
[3.923s] -- Found nav_msgs: 2.0.5 (/opt/ros/foxy/share/nav_msgs/cmake)
[4.263s] -- Found tf2_ros: 0.13.14 (/opt/ros/foxy/share/tf2_ros/cmake)
[5.764s] -- Found tf2_geometry_msgs: 0.13.14 (/opt/ros/foxy/share/tf2_geometry_msgs/cmake)
[5.792s] -- Found eigen3_cmake_module: 0.1.1 (/opt/ros/foxy/share/eigen3_cmake_module/cmake)
[5.975s] -- Found ament_lint_auto: 0.9.8 (/opt/ros/foxy/share/ament_lint_auto/cmake)
[6.368s] -- Added test 'copyright' to check source files copyright and LICENSE
[6.376s] -- Added test 'cppcheck' to perform static code analysis on C / C++ code
[6.378s] -- Configured cppcheck include dirs: /home/f1/f1tenth_ws/src/path_planner/include
[6.378s] -- Configured cppcheck exclude dirs and/or files: 
[6.385s] -- Added test 'cpplint' to check C / C++ code against the Google style
[6.385s] -- Configured cpplint exclude dirs and/or files: 
[6.387s] -- Added test 'flake8' to check Python code syntax and style conventions
[6.390s] -- Added test 'lint_cmake' to check CMake code style
[6.392s] -- Added test 'pep257' to check Python code against some of the style conventions in PEP 257
[6.399s] -- Added test 'uncrustify' to check C / C++ code style
[6.399s] -- Configured uncrustify additional arguments: 
[6.401s] -- Added test 'xmllint' to check XML markup files
[6.431s] -- Configuring done
[6.440s] CMake Error at CMakeLists.txt:49 (add_executable):
[6.441s]   Cannot find source file:
[6.441s] 
[6.442s]     src/track_centerline_extractor.cpp
[6.442s] 
[6.443s]   Tried extensions .c .C .c++ .cc .cpp .cxx .cu .m .M .mm .h .hh .h++ .hm
[6.444s]   .hpp .hxx .in .txx
[6.445s] 
[6.446s] 
[6.452s] CMake Error at CMakeLists.txt:38 (add_executable):
[6.453s]   Cannot find source file:
[6.454s] 
[6.454s]     src/min_curvature_planner.cpp
[6.454s] 
[6.455s]   Tried extensions .c .C .c++ .cc .cpp .cxx .cu .m .M .mm .h .hh .h++ .hm
[6.455s]   .hpp .hxx .in .txx
[6.456s] 
[6.457s] 
[6.458s] CMake Error at CMakeLists.txt:49 (add_executable):
[6.458s]   No SOURCES given to target: track_centerline_extractor
[6.459s] 
[6.459s] 
[6.460s] CMake Error at CMakeLists.txt:38 (add_executable):
[6.460s]   No SOURCES given to target: min_curvature_planner
[6.461s] 
[6.461s] 
[6.463s] CMake Generate step failed.  Build files cannot be regenerated correctly.
[6.498s] make: *** [Makefile:266: cmake_check_build_system] Error 1
[6.509s] Invoked command in '/home/f1/f1tenth_ws/build/path_planner' returned '2': CMAKE_PREFIX_PATH=/opt/ros/foxy /usr/bin/cmake --build /home/f1/f1tenth_ws/build/path_planner -- -j6 -l6
