[0.298s] Invoking command in '/home/f1/f1tenth_ws/build/vesc_msgs': CMAKE_PREFIX_PATH=${CMAKE_PREFIX_PATH}:/home/f1/install/f1tenth_stack:/home/f1/install/joy_teleop:/home/f1/install/mouse_teleop:/home/f1/install/key_teleop:/home/f1/f1tenth_ws/install/f1tenth_stack:/home/f1/f1tenth_ws/install/joy_teleop:/home/f1/f1tenth_ws/install/mouse_teleop:/home/f1/f1tenth_ws/install/key_teleop:/opt/ros/foxy /usr/bin/cmake --build /home/f1/f1tenth_ws/build/vesc_msgs -- -j6 -l6
[2.063s] [  1%] Built target vesc_msgs__cpp
[2.067s] [ 12%] Built target vesc_msgs__rosidl_generator_c
[2.071s] [ 30%] Built target vesc_msgs__rosidl_typesupport_fastrtps_cpp
[2.073s] [ 34%] Built target vesc_msgs__rosidl_typesupport_cpp
[2.079s] [ 45%] Built target vesc_msgs__rosidl_typesupport_introspection_cpp
[2.083s] [ 56%] Built target vesc_msgs__rosidl_typesupport_c
[2.083s] [ 67%] Built target vesc_msgs__rosidl_typesupport_introspection_c
[2.084s] [ 78%] Built target vesc_msgs__rosidl_typesupport_fastrtps_c
[2.084s] [ 78%] Built target vesc_msgs
[2.085s] [ 80%] Built target vesc_msgs__py
[2.085s] [ 89%] Built target vesc_msgs__python
[2.086s] [ 92%] Built target vesc_msgs__rosidl_typesupport_fastrtps_c__pyext
[2.086s] [ 96%] Built target vesc_msgs__rosidl_typesupport_introspection_c__pyext
[2.086s] [100%] Built target vesc_msgs__rosidl_typesupport_c__pyext
[3.427s] Invoked command in '/home/f1/f1tenth_ws/build/vesc_msgs' returned '0': CMAKE_PREFIX_PATH=${CMAKE_PREFIX_PATH}:/home/f1/install/f1tenth_stack:/home/f1/install/joy_teleop:/home/f1/install/mouse_teleop:/home/f1/install/key_teleop:/home/f1/f1tenth_ws/install/f1tenth_stack:/home/f1/f1tenth_ws/install/joy_teleop:/home/f1/f1tenth_ws/install/mouse_teleop:/home/f1/f1tenth_ws/install/key_teleop:/opt/ros/foxy /usr/bin/cmake --build /home/f1/f1tenth_ws/build/vesc_msgs -- -j6 -l6
[3.507s] Invoking command in '/home/f1/f1tenth_ws/build/vesc_msgs': CMAKE_PREFIX_PATH=${CMAKE_PREFIX_PATH}:/home/f1/install/f1tenth_stack:/home/f1/install/joy_teleop:/home/f1/install/mouse_teleop:/home/f1/install/key_teleop:/home/f1/f1tenth_ws/install/f1tenth_stack:/home/f1/f1tenth_ws/install/joy_teleop:/home/f1/f1tenth_ws/install/mouse_teleop:/home/f1/f1tenth_ws/install/key_teleop:/opt/ros/foxy /usr/bin/cmake --install /home/f1/f1tenth_ws/build/vesc_msgs
[3.579s] -- Install configuration: "Release"
[3.580s] -- Execute custom install script
[3.581s] -- Up-to-date symlink: /home/f1/f1tenth_ws/install/vesc_msgs/share/ament_index/resource_index/rosidl_interfaces/vesc_msgs
[3.582s] -- Up-to-date symlink: /home/f1/f1tenth_ws/install/vesc_msgs/include/vesc_msgs/msg/detail/vesc_imu__functions.h
[3.582s] -- Up-to-date symlink: /home/f1/f1tenth_ws/install/vesc_msgs/include/vesc_msgs/msg/detail/vesc_imu__struct.h
[3.583s] -- Up-to-date symlink: /home/f1/f1tenth_ws/install/vesc_msgs/include/vesc_msgs/msg/detail/vesc_imu__type_support.h
[3.583s] -- Up-to-date symlink: /home/f1/f1tenth_ws/install/vesc_msgs/include/vesc_msgs/msg/detail/vesc_imu_stamped__functions.h
[3.584s] -- Up-to-date symlink: /home/f1/f1tenth_ws/install/vesc_msgs/include/vesc_msgs/msg/detail/vesc_imu_stamped__struct.h
[3.584s] -- Up-to-date symlink: /home/f1/f1tenth_ws/install/vesc_msgs/include/vesc_msgs/msg/detail/vesc_imu_stamped__type_support.h
[3.586s] -- Up-to-date symlink: /home/f1/f1tenth_ws/install/vesc_msgs/include/vesc_msgs/msg/detail/vesc_state__functions.h
[3.590s] -- Up-to-date symlink: /home/f1/f1tenth_ws/install/vesc_msgs/include/vesc_msgs/msg/detail/vesc_state__struct.h
[3.590s] -- Up-to-date symlink: /home/f1/f1tenth_ws/install/vesc_msgs/include/vesc_msgs/msg/detail/vesc_state__type_support.h
[3.591s] -- Up-to-date symlink: /home/f1/f1tenth_ws/install/vesc_msgs/include/vesc_msgs/msg/detail/vesc_state_stamped__functions.h
[3.602s] -- Up-to-date symlink: /home/f1/f1tenth_ws/install/vesc_msgs/include/vesc_msgs/msg/detail/vesc_state_stamped__struct.h
[3.604s] -- Up-to-date symlink: /home/f1/f1tenth_ws/install/vesc_msgs/include/vesc_msgs/msg/detail/vesc_state_stamped__type_support.h
[3.622s] -- Up-to-date symlink: /home/f1/f1tenth_ws/install/vesc_msgs/include/vesc_msgs/msg/rosidl_generator_c__visibility_control.h
[3.633s] -- Up-to-date symlink: /home/f1/f1tenth_ws/install/vesc_msgs/include/vesc_msgs/msg/vesc_imu.h
[3.634s] -- Up-to-date symlink: /home/f1/f1tenth_ws/install/vesc_msgs/include/vesc_msgs/msg/vesc_imu_stamped.h
[3.638s] -- Up-to-date symlink: /home/f1/f1tenth_ws/install/vesc_msgs/include/vesc_msgs/msg/vesc_state.h
[3.639s] -- Up-to-date symlink: /home/f1/f1tenth_ws/install/vesc_msgs/include/vesc_msgs/msg/vesc_state_stamped.h
[3.678s] -- Up-to-date symlink: /home/f1/f1tenth_ws/install/vesc_msgs/share/vesc_msgs/environment/library_path.sh
[3.680s] -- Up-to-date symlink: /home/f1/f1tenth_ws/install/vesc_msgs/share/vesc_msgs/environment/library_path.dsv
[3.682s] -- Up-to-date symlink: /home/f1/f1tenth_ws/install/vesc_msgs/include/vesc_msgs/msg/detail/vesc_imu__rosidl_typesupport_fastrtps_c.h
[3.683s] -- Up-to-date symlink: /home/f1/f1tenth_ws/install/vesc_msgs/include/vesc_msgs/msg/detail/vesc_imu_stamped__rosidl_typesupport_fastrtps_c.h
[3.683s] -- Up-to-date symlink: /home/f1/f1tenth_ws/install/vesc_msgs/include/vesc_msgs/msg/detail/vesc_state__rosidl_typesupport_fastrtps_c.h
[3.688s] -- Up-to-date symlink: /home/f1/f1tenth_ws/install/vesc_msgs/include/vesc_msgs/msg/detail/vesc_state_stamped__rosidl_typesupport_fastrtps_c.h
[3.688s] -- Up-to-date symlink: /home/f1/f1tenth_ws/install/vesc_msgs/include/vesc_msgs/msg/rosidl_typesupport_fastrtps_c__visibility_control.h
[3.690s] -- Up-to-date symlink: /home/f1/f1tenth_ws/install/vesc_msgs/lib/libvesc_msgs__rosidl_typesupport_fastrtps_c.so
[3.692s] -- Up-to-date symlink: /home/f1/f1tenth_ws/install/vesc_msgs/include/vesc_msgs/msg/detail/vesc_imu__rosidl_typesupport_fastrtps_cpp.hpp
[3.694s] -- Up-to-date symlink: /home/f1/f1tenth_ws/install/vesc_msgs/include/vesc_msgs/msg/detail/vesc_imu_stamped__rosidl_typesupport_fastrtps_cpp.hpp
[3.695s] -- Up-to-date symlink: /home/f1/f1tenth_ws/install/vesc_msgs/include/vesc_msgs/msg/detail/vesc_state__rosidl_typesupport_fastrtps_cpp.hpp
[3.697s] -- Up-to-date symlink: /home/f1/f1tenth_ws/install/vesc_msgs/include/vesc_msgs/msg/detail/vesc_state_stamped__rosidl_typesupport_fastrtps_cpp.hpp
[3.699s] -- Up-to-date symlink: /home/f1/f1tenth_ws/install/vesc_msgs/include/vesc_msgs/msg/rosidl_typesupport_fastrtps_cpp__visibility_control.h
[3.703s] -- Up-to-date symlink: /home/f1/f1tenth_ws/install/vesc_msgs/lib/libvesc_msgs__rosidl_typesupport_fastrtps_cpp.so
[3.706s] -- Up-to-date symlink: /home/f1/f1tenth_ws/install/vesc_msgs/include/vesc_msgs/msg/detail/vesc_imu__rosidl_typesupport_introspection_c.h
[3.709s] -- Up-to-date symlink: /home/f1/f1tenth_ws/install/vesc_msgs/include/vesc_msgs/msg/detail/vesc_imu_stamped__rosidl_typesupport_introspection_c.h
[3.710s] -- Up-to-date symlink: /home/f1/f1tenth_ws/install/vesc_msgs/include/vesc_msgs/msg/detail/vesc_state__rosidl_typesupport_introspection_c.h
[3.711s] -- Up-to-date symlink: /home/f1/f1tenth_ws/install/vesc_msgs/include/vesc_msgs/msg/detail/vesc_state_stamped__rosidl_typesupport_introspection_c.h
[3.713s] -- Up-to-date symlink: /home/f1/f1tenth_ws/install/vesc_msgs/include/vesc_msgs/msg/rosidl_typesupport_introspection_c__visibility_control.h
[3.716s] -- Up-to-date symlink: /home/f1/f1tenth_ws/install/vesc_msgs/include/vesc_msgs/msg/detail/vesc_imu__builder.hpp
[3.717s] -- Up-to-date symlink: /home/f1/f1tenth_ws/install/vesc_msgs/include/vesc_msgs/msg/detail/vesc_imu__struct.hpp
[3.717s] -- Up-to-date symlink: /home/f1/f1tenth_ws/install/vesc_msgs/include/vesc_msgs/msg/detail/vesc_imu__traits.hpp
[3.721s] -- Up-to-date symlink: /home/f1/f1tenth_ws/install/vesc_msgs/include/vesc_msgs/msg/detail/vesc_imu__type_support.hpp
[3.724s] -- Up-to-date symlink: /home/f1/f1tenth_ws/install/vesc_msgs/include/vesc_msgs/msg/detail/vesc_imu_stamped__builder.hpp
[3.725s] -- Up-to-date symlink: /home/f1/f1tenth_ws/install/vesc_msgs/include/vesc_msgs/msg/detail/vesc_imu_stamped__struct.hpp
[3.725s] -- Up-to-date symlink: /home/f1/f1tenth_ws/install/vesc_msgs/include/vesc_msgs/msg/detail/vesc_imu_stamped__traits.hpp
[3.726s] -- Up-to-date symlink: /home/f1/f1tenth_ws/install/vesc_msgs/include/vesc_msgs/msg/detail/vesc_imu_stamped__type_support.hpp
[3.727s] -- Up-to-date symlink: /home/f1/f1tenth_ws/install/vesc_msgs/include/vesc_msgs/msg/detail/vesc_state__builder.hpp
[3.727s] -- Up-to-date symlink: /home/f1/f1tenth_ws/install/vesc_msgs/include/vesc_msgs/msg/detail/vesc_state__struct.hpp
[3.728s] -- Up-to-date symlink: /home/f1/f1tenth_ws/install/vesc_msgs/include/vesc_msgs/msg/detail/vesc_state__traits.hpp
[3.729s] -- Up-to-date symlink: /home/f1/f1tenth_ws/install/vesc_msgs/include/vesc_msgs/msg/detail/vesc_state__type_support.hpp
[3.730s] -- Up-to-date symlink: /home/f1/f1tenth_ws/install/vesc_msgs/include/vesc_msgs/msg/detail/vesc_state_stamped__builder.hpp
[3.732s] -- Up-to-date symlink: /home/f1/f1tenth_ws/install/vesc_msgs/include/vesc_msgs/msg/detail/vesc_state_stamped__struct.hpp
[3.733s] -- Up-to-date symlink: /home/f1/f1tenth_ws/install/vesc_msgs/include/vesc_msgs/msg/detail/vesc_state_stamped__traits.hpp
[3.734s] -- Up-to-date symlink: /home/f1/f1tenth_ws/install/vesc_msgs/include/vesc_msgs/msg/detail/vesc_state_stamped__type_support.hpp
[3.736s] -- Up-to-date symlink: /home/f1/f1tenth_ws/install/vesc_msgs/include/vesc_msgs/msg/rosidl_generator_cpp__visibility_control.hpp
[3.737s] -- Up-to-date symlink: /home/f1/f1tenth_ws/install/vesc_msgs/include/vesc_msgs/msg/vesc_imu.hpp
[3.738s] -- Up-to-date symlink: /home/f1/f1tenth_ws/install/vesc_msgs/include/vesc_msgs/msg/vesc_imu_stamped.hpp
[3.740s] -- Up-to-date symlink: /home/f1/f1tenth_ws/install/vesc_msgs/include/vesc_msgs/msg/vesc_state.hpp
[3.741s] -- Up-to-date symlink: /home/f1/f1tenth_ws/install/vesc_msgs/include/vesc_msgs/msg/vesc_state_stamped.hpp
[3.742s] -- Up-to-date symlink: /home/f1/f1tenth_ws/install/vesc_msgs/include/vesc_msgs/msg/detail/vesc_imu__rosidl_typesupport_introspection_cpp.hpp
[3.743s] -- Up-to-date symlink: /home/f1/f1tenth_ws/install/vesc_msgs/include/vesc_msgs/msg/detail/vesc_imu_stamped__rosidl_typesupport_introspection_cpp.hpp
[3.743s] -- Up-to-date symlink: /home/f1/f1tenth_ws/install/vesc_msgs/include/vesc_msgs/msg/detail/vesc_state__rosidl_typesupport_introspection_cpp.hpp
[3.744s] -- Up-to-date symlink: /home/f1/f1tenth_ws/install/vesc_msgs/include/vesc_msgs/msg/detail/vesc_state_stamped__rosidl_typesupport_introspection_cpp.hpp
[3.744s] -- Up-to-date symlink: /home/f1/f1tenth_ws/install/vesc_msgs/share/vesc_msgs/environment/pythonpath.sh
[3.745s] -- Up-to-date symlink: /home/f1/f1tenth_ws/install/vesc_msgs/share/vesc_msgs/environment/pythonpath.dsv
[3.746s] -- Up-to-date symlink: /home/f1/f1tenth_ws/install/vesc_msgs/lib/python3.8/site-packages/vesc_msgs/__init__.py
[3.746s] -- Up-to-date symlink: /home/f1/f1tenth_ws/install/vesc_msgs/lib/python3.8/site-packages/vesc_msgs/msg/__init__.py
[3.749s] -- Up-to-date symlink: /home/f1/f1tenth_ws/install/vesc_msgs/lib/python3.8/site-packages/vesc_msgs/msg/_vesc_imu.py
[3.751s] -- Up-to-date symlink: /home/f1/f1tenth_ws/install/vesc_msgs/lib/python3.8/site-packages/vesc_msgs/msg/_vesc_imu_stamped.py
[3.752s] -- Up-to-date symlink: /home/f1/f1tenth_ws/install/vesc_msgs/lib/python3.8/site-packages/vesc_msgs/msg/_vesc_state.py
[3.753s] -- Up-to-date symlink: /home/f1/f1tenth_ws/install/vesc_msgs/lib/python3.8/site-packages/vesc_msgs/msg/_vesc_state_stamped.py
[3.768s] -- Up-to-date symlink: /home/f1/f1tenth_ws/install/vesc_msgs/lib/python3.8/site-packages/vesc_msgs/vesc_msgs_s__rosidl_typesupport_fastrtps_c.cpython-38-aarch64-linux-gnu.so
[3.770s] -- Up-to-date symlink: /home/f1/f1tenth_ws/install/vesc_msgs/lib/python3.8/site-packages/vesc_msgs/vesc_msgs_s__rosidl_typesupport_introspection_c.cpython-38-aarch64-linux-gnu.so
[3.771s] -- Up-to-date symlink: /home/f1/f1tenth_ws/install/vesc_msgs/lib/python3.8/site-packages/vesc_msgs/vesc_msgs_s__rosidl_typesupport_c.cpython-38-aarch64-linux-gnu.so
[3.771s] -- Up-to-date symlink: /home/f1/f1tenth_ws/install/vesc_msgs/lib/libvesc_msgs__python.so
[3.772s] -- Up-to-date symlink: /home/f1/f1tenth_ws/install/vesc_msgs/share/vesc_msgs/msg/VescState.idl
[3.772s] -- Up-to-date symlink: /home/f1/f1tenth_ws/install/vesc_msgs/share/vesc_msgs/msg/VescStateStamped.idl
[3.780s] -- Up-to-date symlink: /home/f1/f1tenth_ws/install/vesc_msgs/share/vesc_msgs/msg/VescImu.idl
[3.784s] -- Up-to-date symlink: /home/f1/f1tenth_ws/install/vesc_msgs/share/vesc_msgs/msg/VescImuStamped.idl
[3.785s] -- Up-to-date symlink: /home/f1/f1tenth_ws/install/vesc_msgs/share/vesc_msgs/msg/VescState.msg
[3.786s] -- Up-to-date symlink: /home/f1/f1tenth_ws/install/vesc_msgs/share/vesc_msgs/msg/VescStateStamped.msg
[3.787s] -- Up-to-date symlink: /home/f1/f1tenth_ws/install/vesc_msgs/share/vesc_msgs/msg/VescImu.msg
[3.789s] -- Up-to-date symlink: /home/f1/f1tenth_ws/install/vesc_msgs/share/vesc_msgs/msg/VescImuStamped.msg
[3.791s] -- Up-to-date symlink: /home/f1/f1tenth_ws/install/vesc_msgs/share/ament_index/resource_index/package_run_dependencies/vesc_msgs
[3.799s] -- Up-to-date symlink: /home/f1/f1tenth_ws/install/vesc_msgs/share/ament_index/resource_index/parent_prefix_path/vesc_msgs
[3.800s] -- Up-to-date symlink: /home/f1/f1tenth_ws/install/vesc_msgs/share/vesc_msgs/environment/ament_prefix_path.sh
[3.802s] -- Up-to-date symlink: /home/f1/f1tenth_ws/install/vesc_msgs/share/vesc_msgs/environment/ament_prefix_path.dsv
[3.804s] -- Up-to-date symlink: /home/f1/f1tenth_ws/install/vesc_msgs/share/vesc_msgs/environment/path.sh
[3.807s] -- Up-to-date symlink: /home/f1/f1tenth_ws/install/vesc_msgs/share/vesc_msgs/environment/path.dsv
[3.809s] -- Up-to-date symlink: /home/f1/f1tenth_ws/install/vesc_msgs/share/vesc_msgs/local_setup.bash
[3.813s] -- Up-to-date symlink: /home/f1/f1tenth_ws/install/vesc_msgs/share/vesc_msgs/local_setup.sh
[3.820s] -- Up-to-date symlink: /home/f1/f1tenth_ws/install/vesc_msgs/share/vesc_msgs/local_setup.zsh
[3.822s] -- Up-to-date symlink: /home/f1/f1tenth_ws/install/vesc_msgs/share/vesc_msgs/local_setup.dsv
[3.823s] -- Symlinking: /home/f1/f1tenth_ws/install/vesc_msgs/share/vesc_msgs/package.dsv
[3.869s] -- Up-to-date symlink: /home/f1/f1tenth_ws/install/vesc_msgs/share/ament_index/resource_index/packages/vesc_msgs
[3.870s] -- Up-to-date symlink: /home/f1/f1tenth_ws/install/vesc_msgs/share/vesc_msgs/cmake/rosidl_cmake-extras.cmake
[3.871s] -- Up-to-date symlink: /home/f1/f1tenth_ws/install/vesc_msgs/share/vesc_msgs/cmake/ament_cmake_export_dependencies-extras.cmake
[3.873s] -- Up-to-date symlink: /home/f1/f1tenth_ws/install/vesc_msgs/share/vesc_msgs/cmake/ament_cmake_export_libraries-extras.cmake
[3.876s] -- Up-to-date symlink: /home/f1/f1tenth_ws/install/vesc_msgs/share/vesc_msgs/cmake/ament_cmake_export_targets-extras.cmake
[3.877s] -- Up-to-date symlink: /home/f1/f1tenth_ws/install/vesc_msgs/share/vesc_msgs/cmake/ament_cmake_export_include_directories-extras.cmake
[3.878s] -- Up-to-date symlink: /home/f1/f1tenth_ws/install/vesc_msgs/share/vesc_msgs/cmake/rosidl_cmake_export_typesupport_libraries-extras.cmake
[3.881s] -- Up-to-date symlink: /home/f1/f1tenth_ws/install/vesc_msgs/share/vesc_msgs/cmake/rosidl_cmake_export_typesupport_targets-extras.cmake
[3.883s] -- Up-to-date symlink: /home/f1/f1tenth_ws/install/vesc_msgs/share/vesc_msgs/cmake/vesc_msgsConfig.cmake
[3.889s] -- Up-to-date symlink: /home/f1/f1tenth_ws/install/vesc_msgs/share/vesc_msgs/cmake/vesc_msgsConfig-version.cmake
[3.890s] -- Up-to-date symlink: /home/f1/f1tenth_ws/install/vesc_msgs/share/vesc_msgs/package.xml
[3.891s] -- Up-to-date: /home/f1/f1tenth_ws/install/vesc_msgs/lib/libvesc_msgs__rosidl_generator_c.so
[3.895s] -- Up-to-date: /home/f1/f1tenth_ws/install/vesc_msgs/lib/libvesc_msgs__rosidl_typesupport_introspection_c.so
[3.899s] -- Up-to-date: /home/f1/f1tenth_ws/install/vesc_msgs/lib/libvesc_msgs__rosidl_typesupport_c.so
[3.904s] -- Up-to-date: /home/f1/f1tenth_ws/install/vesc_msgs/lib/libvesc_msgs__rosidl_typesupport_introspection_cpp.so
[3.906s] -- Up-to-date: /home/f1/f1tenth_ws/install/vesc_msgs/lib/libvesc_msgs__rosidl_typesupport_cpp.so
[4.191s] -- Up-to-date: /home/f1/f1tenth_ws/install/vesc_msgs/share/vesc_msgs/cmake/vesc_msgs__rosidl_generator_cExport.cmake
[4.192s] -- Up-to-date: /home/f1/f1tenth_ws/install/vesc_msgs/share/vesc_msgs/cmake/vesc_msgs__rosidl_generator_cExport-release.cmake
[4.193s] -- Up-to-date: /home/f1/f1tenth_ws/install/vesc_msgs/share/vesc_msgs/cmake/vesc_msgs__rosidl_typesupport_introspection_cExport.cmake
[4.195s] -- Up-to-date: /home/f1/f1tenth_ws/install/vesc_msgs/share/vesc_msgs/cmake/vesc_msgs__rosidl_typesupport_introspection_cExport-release.cmake
[4.196s] -- Up-to-date: /home/f1/f1tenth_ws/install/vesc_msgs/share/vesc_msgs/cmake/vesc_msgs__rosidl_typesupport_cExport.cmake
[4.197s] -- Up-to-date: /home/f1/f1tenth_ws/install/vesc_msgs/share/vesc_msgs/cmake/vesc_msgs__rosidl_typesupport_cExport-release.cmake
[4.197s] -- Up-to-date: /home/f1/f1tenth_ws/install/vesc_msgs/share/vesc_msgs/cmake/vesc_msgs__rosidl_generator_cppExport.cmake
[4.198s] -- Up-to-date: /home/f1/f1tenth_ws/install/vesc_msgs/share/vesc_msgs/cmake/vesc_msgs__rosidl_typesupport_introspection_cppExport.cmake
[4.199s] -- Up-to-date: /home/f1/f1tenth_ws/install/vesc_msgs/share/vesc_msgs/cmake/vesc_msgs__rosidl_typesupport_introspection_cppExport-release.cmake
[4.200s] -- Up-to-date: /home/f1/f1tenth_ws/install/vesc_msgs/share/vesc_msgs/cmake/vesc_msgs__rosidl_typesupport_cppExport.cmake
[4.201s] -- Up-to-date: /home/f1/f1tenth_ws/install/vesc_msgs/share/vesc_msgs/cmake/vesc_msgs__rosidl_typesupport_cppExport-release.cmake
[4.317s] Invoked command in '/home/f1/f1tenth_ws/build/vesc_msgs' returned '0': CMAKE_PREFIX_PATH=${CMAKE_PREFIX_PATH}:/home/f1/install/f1tenth_stack:/home/f1/install/joy_teleop:/home/f1/install/mouse_teleop:/home/f1/install/key_teleop:/home/f1/f1tenth_ws/install/f1tenth_stack:/home/f1/f1tenth_ws/install/joy_teleop:/home/f1/f1tenth_ws/install/mouse_teleop:/home/f1/f1tenth_ws/install/key_teleop:/opt/ros/foxy /usr/bin/cmake --install /home/f1/f1tenth_ws/build/vesc_msgs
