[0.296s] Invoking command in '/home/f1/f1tenth_ws/build/ackermann_mux': CMAKE_PREFIX_PATH=/home/f1/f1tenth_ws/install/vesc:/home/f1/f1tenth_ws/install/vesc_driver:/home/f1/f1tenth_ws/install/vesc_ackermann:/home/f1/f1tenth_ws/install/vesc_msgs:/home/f1/f1tenth_ws/install/teleop_tools:/home/f1/f1tenth_ws/install/teleop_tools_msgs:/home/f1/f1tenth_ws/install/f1tenth_stack:/home/f1/f1tenth_ws/install/joy_teleop:/home/f1/f1tenth_ws/install/mouse_teleop:/home/f1/f1tenth_ws/install/key_teleop:/opt/ros/foxy:/home/f1/f1tenth_ws/install/lidar_processing:/home/f1/f1tenth_ws/install/ackermann_mux /usr/bin/cmake --build /home/f1/f1tenth_ws/build/ackermann_mux -- -j6 -l6
[3.337s] [100%] Built target ackermann_mux
[3.441s] Invoked command in '/home/f1/f1tenth_ws/build/ackermann_mux' returned '0': CMAKE_PREFIX_PATH=/home/f1/f1tenth_ws/install/vesc:/home/f1/f1tenth_ws/install/vesc_driver:/home/f1/f1tenth_ws/install/vesc_ackermann:/home/f1/f1tenth_ws/install/vesc_msgs:/home/f1/f1tenth_ws/install/teleop_tools:/home/f1/f1tenth_ws/install/teleop_tools_msgs:/home/f1/f1tenth_ws/install/f1tenth_stack:/home/f1/f1tenth_ws/install/joy_teleop:/home/f1/f1tenth_ws/install/mouse_teleop:/home/f1/f1tenth_ws/install/key_teleop:/opt/ros/foxy:/home/f1/f1tenth_ws/install/lidar_processing:/home/f1/f1tenth_ws/install/ackermann_mux /usr/bin/cmake --build /home/f1/f1tenth_ws/build/ackermann_mux -- -j6 -l6
[3.464s] Invoking command in '/home/f1/f1tenth_ws/build/ackermann_mux': CMAKE_PREFIX_PATH=/home/f1/f1tenth_ws/install/vesc:/home/f1/f1tenth_ws/install/vesc_driver:/home/f1/f1tenth_ws/install/vesc_ackermann:/home/f1/f1tenth_ws/install/vesc_msgs:/home/f1/f1tenth_ws/install/teleop_tools:/home/f1/f1tenth_ws/install/teleop_tools_msgs:/home/f1/f1tenth_ws/install/f1tenth_stack:/home/f1/f1tenth_ws/install/joy_teleop:/home/f1/f1tenth_ws/install/mouse_teleop:/home/f1/f1tenth_ws/install/key_teleop:/opt/ros/foxy:/home/f1/f1tenth_ws/install/lidar_processing:/home/f1/f1tenth_ws/install/ackermann_mux /usr/bin/cmake --install /home/f1/f1tenth_ws/build/ackermann_mux
[3.620s] -- Install configuration: "Release"
[3.633s] -- Execute custom install script
[3.637s] -- Up-to-date symlink: /home/f1/f1tenth_ws/install/ackermann_mux/lib/ackermann_mux/ackermann_mux
[3.649s] -- Up-to-date symlink: /home/f1/f1tenth_ws/install/ackermann_mux/share/ackermann_mux/launch/ackermann_mux_launch.py
[3.663s] -- Up-to-date symlink: /home/f1/f1tenth_ws/install/ackermann_mux/share/ackermann_mux/config/ackermann_mux_locks.yaml
[3.664s] -- Up-to-date symlink: /home/f1/f1tenth_ws/install/ackermann_mux/share/ackermann_mux/config/ackermann_mux_topics.yaml
[3.664s] -- Up-to-date symlink: /home/f1/f1tenth_ws/install/ackermann_mux/share/ackermann_mux/config/joystick.yaml
[3.665s] -- Up-to-date symlink: /home/f1/f1tenth_ws/install/ackermann_mux/include/ackermann_mux/ackermann_mux.hpp
[3.672s] -- Up-to-date symlink: /home/f1/f1tenth_ws/install/ackermann_mux/include/ackermann_mux/ackermann_mux_diagnostics.hpp
[3.673s] -- Up-to-date symlink: /home/f1/f1tenth_ws/install/ackermann_mux/include/ackermann_mux/ackermann_mux_diagnostics_status.hpp
[3.674s] -- Up-to-date symlink: /home/f1/f1tenth_ws/install/ackermann_mux/include/ackermann_mux/params_helpers.hpp
[3.697s] -- Up-to-date symlink: /home/f1/f1tenth_ws/install/ackermann_mux/include/ackermann_mux/topic_handle.hpp
[3.713s] -- Up-to-date symlink: /home/f1/f1tenth_ws/install/ackermann_mux/include/ackermann_mux/utils.hpp
[3.716s] -- Up-to-date symlink: /home/f1/f1tenth_ws/install/ackermann_mux/share/ament_index/resource_index/package_run_dependencies/ackermann_mux
[3.717s] -- Up-to-date symlink: /home/f1/f1tenth_ws/install/ackermann_mux/share/ament_index/resource_index/parent_prefix_path/ackermann_mux
[3.719s] -- Up-to-date symlink: /home/f1/f1tenth_ws/install/ackermann_mux/share/ackermann_mux/environment/ament_prefix_path.sh
[3.737s] -- Up-to-date symlink: /home/f1/f1tenth_ws/install/ackermann_mux/share/ackermann_mux/environment/ament_prefix_path.dsv
[3.738s] -- Up-to-date symlink: /home/f1/f1tenth_ws/install/ackermann_mux/share/ackermann_mux/environment/path.sh
[3.742s] -- Up-to-date symlink: /home/f1/f1tenth_ws/install/ackermann_mux/share/ackermann_mux/environment/path.dsv
[3.745s] -- Up-to-date symlink: /home/f1/f1tenth_ws/install/ackermann_mux/share/ackermann_mux/local_setup.bash
[3.749s] -- Up-to-date symlink: /home/f1/f1tenth_ws/install/ackermann_mux/share/ackermann_mux/local_setup.sh
[3.750s] -- Up-to-date symlink: /home/f1/f1tenth_ws/install/ackermann_mux/share/ackermann_mux/local_setup.zsh
[3.750s] -- Up-to-date symlink: /home/f1/f1tenth_ws/install/ackermann_mux/share/ackermann_mux/local_setup.dsv
[3.751s] -- Symlinking: /home/f1/f1tenth_ws/install/ackermann_mux/share/ackermann_mux/package.dsv
[3.796s] -- Up-to-date symlink: /home/f1/f1tenth_ws/install/ackermann_mux/share/ament_index/resource_index/packages/ackermann_mux
[3.797s] -- Up-to-date symlink: /home/f1/f1tenth_ws/install/ackermann_mux/share/ackermann_mux/cmake/ament_cmake_export_include_directories-extras.cmake
[3.798s] -- Up-to-date symlink: /home/f1/f1tenth_ws/install/ackermann_mux/share/ackermann_mux/cmake/ament_cmake_export_dependencies-extras.cmake
[3.799s] -- Up-to-date symlink: /home/f1/f1tenth_ws/install/ackermann_mux/share/ackermann_mux/cmake/ackermann_muxConfig.cmake
[3.799s] -- Up-to-date symlink: /home/f1/f1tenth_ws/install/ackermann_mux/share/ackermann_mux/cmake/ackermann_muxConfig-version.cmake
[3.800s] -- Up-to-date symlink: /home/f1/f1tenth_ws/install/ackermann_mux/share/ackermann_mux/package.xml
[3.810s] Invoked command in '/home/f1/f1tenth_ws/build/ackermann_mux' returned '0': CMAKE_PREFIX_PATH=/home/f1/f1tenth_ws/install/vesc:/home/f1/f1tenth_ws/install/vesc_driver:/home/f1/f1tenth_ws/install/vesc_ackermann:/home/f1/f1tenth_ws/install/vesc_msgs:/home/f1/f1tenth_ws/install/teleop_tools:/home/f1/f1tenth_ws/install/teleop_tools_msgs:/home/f1/f1tenth_ws/install/f1tenth_stack:/home/f1/f1tenth_ws/install/joy_teleop:/home/f1/f1tenth_ws/install/mouse_teleop:/home/f1/f1tenth_ws/install/key_teleop:/opt/ros/foxy:/home/f1/f1tenth_ws/install/lidar_processing:/home/f1/f1tenth_ws/install/ackermann_mux /usr/bin/cmake --install /home/f1/f1tenth_ws/build/ackermann_mux
