[0.183s] Invoking command in '/home/f1/f1tenth_ws/build/f1tenth_slam_nav': AMENT_PREFIX_PATH=/home/f1/f1tenth_ws/install/f1tenth_stack:/home/f1/f1tenth_ws/install/vesc:/home/f1/f1tenth_ws/install/vesc_driver:/home/f1/f1tenth_ws/install/vesc_ackermann:/home/f1/f1tenth_ws/install/joy_teleop:/home/f1/f1tenth_ws/install/vesc_msgs:/home/f1/f1tenth_ws/install/teleop_tools_msgs:/home/f1/f1tenth_ws/install/ackermann_mux:${AMENT_PREFIX_PATH} CMAKE_PREFIX_PATH=/home/f1/f1tenth_ws/install/vesc:/home/f1/f1tenth_ws/install/vesc_driver:/home/f1/f1tenth_ws/install/vesc_ackermann:/home/f1/f1tenth_ws/install/vesc_msgs:/home/f1/f1tenth_ws/install/teleop_tools_msgs:/home/f1/f1tenth_ws/install/ackermann_mux:/opt/ros/foxy LD_LIBRARY_PATH=/home/f1/f1tenth_ws/install/vesc_driver/lib:/home/f1/f1tenth_ws/install/vesc_ackermann/lib:/home/f1/f1tenth_ws/install/vesc_msgs/lib:/home/f1/f1tenth_ws/install/teleop_tools_msgs/lib:${LD_LIBRARY_PATH} PYTHONPATH=/home/f1/f1tenth_ws/build/f1tenth_stack:/home/f1/f1tenth_ws/install/f1tenth_stack/lib/python3.8/site-packages:/home/f1/f1tenth_ws/build/joy_teleop:/home/f1/f1tenth_ws/install/joy_teleop/lib/python3.8/site-packages:/home/f1/f1tenth_ws/install/vesc_msgs/lib/python3.8/site-packages:/home/f1/f1tenth_ws/install/teleop_tools_msgs/lib/python3.8/site-packages:${PYTHONPATH} /usr/bin/cmake /home/f1/f1tenth_ws/src/f1tenth_slam_nav -DCMAKE_BUILD_TYPE=Release -DAMENT_CMAKE_SYMLINK_INSTALL=1 -DCMAKE_INSTALL_PREFIX=/home/f1/f1tenth_ws/install/f1tenth_slam_nav
[0.275s] -- Found ament_cmake: 0.9.12 (/opt/ros/foxy/share/ament_cmake/cmake)
[0.468s] -- Using PYTHON_EXECUTABLE: /usr/bin/python3
[1.596s] -- Override CMake install command with custom implementation using symlinks instead of copying resources
[1.700s] -- Found ament_lint_auto: 0.9.8 (/opt/ros/foxy/share/ament_lint_auto/cmake)
[2.225s] -- Added test 'copyright' to check source files copyright and LICENSE
[2.253s] -- Added test 'flake8' to check Python code syntax and style conventions
[2.257s] -- Added test 'lint_cmake' to check CMake code style
[2.261s] -- Added test 'pep257' to check Python code against some of the style conventions in PEP 257
[2.272s] -- Added test 'xmllint' to check XML markup files
[2.288s] -- Configuring done
[2.311s] -- Generating done
[2.323s] -- Build files have been written to: /home/f1/f1tenth_ws/build/f1tenth_slam_nav
[2.356s] Invoked command in '/home/f1/f1tenth_ws/build/f1tenth_slam_nav' returned '0': AMENT_PREFIX_PATH=/home/f1/f1tenth_ws/install/f1tenth_stack:/home/f1/f1tenth_ws/install/vesc:/home/f1/f1tenth_ws/install/vesc_driver:/home/f1/f1tenth_ws/install/vesc_ackermann:/home/f1/f1tenth_ws/install/joy_teleop:/home/f1/f1tenth_ws/install/vesc_msgs:/home/f1/f1tenth_ws/install/teleop_tools_msgs:/home/f1/f1tenth_ws/install/ackermann_mux:${AMENT_PREFIX_PATH} CMAKE_PREFIX_PATH=/home/f1/f1tenth_ws/install/vesc:/home/f1/f1tenth_ws/install/vesc_driver:/home/f1/f1tenth_ws/install/vesc_ackermann:/home/f1/f1tenth_ws/install/vesc_msgs:/home/f1/f1tenth_ws/install/teleop_tools_msgs:/home/f1/f1tenth_ws/install/ackermann_mux:/opt/ros/foxy LD_LIBRARY_PATH=/home/f1/f1tenth_ws/install/vesc_driver/lib:/home/f1/f1tenth_ws/install/vesc_ackermann/lib:/home/f1/f1tenth_ws/install/vesc_msgs/lib:/home/f1/f1tenth_ws/install/teleop_tools_msgs/lib:${LD_LIBRARY_PATH} PYTHONPATH=/home/f1/f1tenth_ws/build/f1tenth_stack:/home/f1/f1tenth_ws/install/f1tenth_stack/lib/python3.8/site-packages:/home/f1/f1tenth_ws/build/joy_teleop:/home/f1/f1tenth_ws/install/joy_teleop/lib/python3.8/site-packages:/home/f1/f1tenth_ws/install/vesc_msgs/lib/python3.8/site-packages:/home/f1/f1tenth_ws/install/teleop_tools_msgs/lib/python3.8/site-packages:${PYTHONPATH} /usr/bin/cmake /home/f1/f1tenth_ws/src/f1tenth_slam_nav -DCMAKE_BUILD_TYPE=Release -DAMENT_CMAKE_SYMLINK_INSTALL=1 -DCMAKE_INSTALL_PREFIX=/home/f1/f1tenth_ws/install/f1tenth_slam_nav
[2.371s] Invoking command in '/home/f1/f1tenth_ws/build/f1tenth_slam_nav': AMENT_PREFIX_PATH=/home/f1/f1tenth_ws/install/f1tenth_stack:/home/f1/f1tenth_ws/install/vesc:/home/f1/f1tenth_ws/install/vesc_driver:/home/f1/f1tenth_ws/install/vesc_ackermann:/home/f1/f1tenth_ws/install/joy_teleop:/home/f1/f1tenth_ws/install/vesc_msgs:/home/f1/f1tenth_ws/install/teleop_tools_msgs:/home/f1/f1tenth_ws/install/ackermann_mux:${AMENT_PREFIX_PATH} CMAKE_PREFIX_PATH=/home/f1/f1tenth_ws/install/vesc:/home/f1/f1tenth_ws/install/vesc_driver:/home/f1/f1tenth_ws/install/vesc_ackermann:/home/f1/f1tenth_ws/install/vesc_msgs:/home/f1/f1tenth_ws/install/teleop_tools_msgs:/home/f1/f1tenth_ws/install/ackermann_mux:/opt/ros/foxy LD_LIBRARY_PATH=/home/f1/f1tenth_ws/install/vesc_driver/lib:/home/f1/f1tenth_ws/install/vesc_ackermann/lib:/home/f1/f1tenth_ws/install/vesc_msgs/lib:/home/f1/f1tenth_ws/install/teleop_tools_msgs/lib:${LD_LIBRARY_PATH} PYTHONPATH=/home/f1/f1tenth_ws/build/f1tenth_stack:/home/f1/f1tenth_ws/install/f1tenth_stack/lib/python3.8/site-packages:/home/f1/f1tenth_ws/build/joy_teleop:/home/f1/f1tenth_ws/install/joy_teleop/lib/python3.8/site-packages:/home/f1/f1tenth_ws/install/vesc_msgs/lib/python3.8/site-packages:/home/f1/f1tenth_ws/install/teleop_tools_msgs/lib/python3.8/site-packages:${PYTHONPATH} /usr/bin/cmake --build /home/f1/f1tenth_ws/build/f1tenth_slam_nav -- -j6 -l6
[2.633s] Invoked command in '/home/f1/f1tenth_ws/build/f1tenth_slam_nav' returned '0': AMENT_PREFIX_PATH=/home/f1/f1tenth_ws/install/f1tenth_stack:/home/f1/f1tenth_ws/install/vesc:/home/f1/f1tenth_ws/install/vesc_driver:/home/f1/f1tenth_ws/install/vesc_ackermann:/home/f1/f1tenth_ws/install/joy_teleop:/home/f1/f1tenth_ws/install/vesc_msgs:/home/f1/f1tenth_ws/install/teleop_tools_msgs:/home/f1/f1tenth_ws/install/ackermann_mux:${AMENT_PREFIX_PATH} CMAKE_PREFIX_PATH=/home/f1/f1tenth_ws/install/vesc:/home/f1/f1tenth_ws/install/vesc_driver:/home/f1/f1tenth_ws/install/vesc_ackermann:/home/f1/f1tenth_ws/install/vesc_msgs:/home/f1/f1tenth_ws/install/teleop_tools_msgs:/home/f1/f1tenth_ws/install/ackermann_mux:/opt/ros/foxy LD_LIBRARY_PATH=/home/f1/f1tenth_ws/install/vesc_driver/lib:/home/f1/f1tenth_ws/install/vesc_ackermann/lib:/home/f1/f1tenth_ws/install/vesc_msgs/lib:/home/f1/f1tenth_ws/install/teleop_tools_msgs/lib:${LD_LIBRARY_PATH} PYTHONPATH=/home/f1/f1tenth_ws/build/f1tenth_stack:/home/f1/f1tenth_ws/install/f1tenth_stack/lib/python3.8/site-packages:/home/f1/f1tenth_ws/build/joy_teleop:/home/f1/f1tenth_ws/install/joy_teleop/lib/python3.8/site-packages:/home/f1/f1tenth_ws/install/vesc_msgs/lib/python3.8/site-packages:/home/f1/f1tenth_ws/install/teleop_tools_msgs/lib/python3.8/site-packages:${PYTHONPATH} /usr/bin/cmake --build /home/f1/f1tenth_ws/build/f1tenth_slam_nav -- -j6 -l6
[2.640s] Invoking command in '/home/f1/f1tenth_ws/build/f1tenth_slam_nav': AMENT_PREFIX_PATH=/home/f1/f1tenth_ws/install/f1tenth_stack:/home/f1/f1tenth_ws/install/vesc:/home/f1/f1tenth_ws/install/vesc_driver:/home/f1/f1tenth_ws/install/vesc_ackermann:/home/f1/f1tenth_ws/install/joy_teleop:/home/f1/f1tenth_ws/install/vesc_msgs:/home/f1/f1tenth_ws/install/teleop_tools_msgs:/home/f1/f1tenth_ws/install/ackermann_mux:${AMENT_PREFIX_PATH} CMAKE_PREFIX_PATH=/home/f1/f1tenth_ws/install/vesc:/home/f1/f1tenth_ws/install/vesc_driver:/home/f1/f1tenth_ws/install/vesc_ackermann:/home/f1/f1tenth_ws/install/vesc_msgs:/home/f1/f1tenth_ws/install/teleop_tools_msgs:/home/f1/f1tenth_ws/install/ackermann_mux:/opt/ros/foxy LD_LIBRARY_PATH=/home/f1/f1tenth_ws/install/vesc_driver/lib:/home/f1/f1tenth_ws/install/vesc_ackermann/lib:/home/f1/f1tenth_ws/install/vesc_msgs/lib:/home/f1/f1tenth_ws/install/teleop_tools_msgs/lib:${LD_LIBRARY_PATH} PYTHONPATH=/home/f1/f1tenth_ws/build/f1tenth_stack:/home/f1/f1tenth_ws/install/f1tenth_stack/lib/python3.8/site-packages:/home/f1/f1tenth_ws/build/joy_teleop:/home/f1/f1tenth_ws/install/joy_teleop/lib/python3.8/site-packages:/home/f1/f1tenth_ws/install/vesc_msgs/lib/python3.8/site-packages:/home/f1/f1tenth_ws/install/teleop_tools_msgs/lib/python3.8/site-packages:${PYTHONPATH} /usr/bin/cmake --install /home/f1/f1tenth_ws/build/f1tenth_slam_nav
[2.709s] -- Install configuration: "Release"
[2.713s] -- Execute custom install script
[2.715s] -- Symlinking: /home/f1/f1tenth_ws/install/f1tenth_slam_nav/share/f1tenth_slam_nav/launch//localization_launch.py
[2.772s] -- Symlinking: /home/f1/f1tenth_ws/install/f1tenth_slam_nav/share/f1tenth_slam_nav/launch//slam_launch.py
[2.832s] -- Symlinking: /home/f1/f1tenth_ws/install/f1tenth_slam_nav/share/f1tenth_slam_nav/launch//slam_nav_launch.py
[2.894s] -- Symlinking: /home/f1/f1tenth_ws/install/f1tenth_slam_nav/share/f1tenth_slam_nav/config//amcl_config.yaml
[2.967s] -- Symlinking: /home/f1/f1tenth_ws/install/f1tenth_slam_nav/share/f1tenth_slam_nav/config//cartographer_config.lua
[3.025s] -- Symlinking: /home/f1/f1tenth_ws/install/f1tenth_slam_nav/share/f1tenth_slam_nav/config//slam_toolbox_async_config.yaml
[3.082s] -- Symlinking: /home/f1/f1tenth_ws/install/f1tenth_slam_nav/share/f1tenth_slam_nav/config//slam_toolbox_config.yaml
[3.143s] -- Symlinking: /home/f1/f1tenth_ws/install/f1tenth_slam_nav/share/f1tenth_slam_nav/environment/pythonpath.sh
[3.207s] -- Symlinking: /home/f1/f1tenth_ws/install/f1tenth_slam_nav/share/f1tenth_slam_nav/environment/pythonpath.dsv
[3.271s] -- Symlinking: /home/f1/f1tenth_ws/install/f1tenth_slam_nav/lib/python3.8/site-packages/f1tenth_slam_nav/__init__.py
[3.340s] -- Symlinking: /home/f1/f1tenth_ws/install/f1tenth_slam_nav/lib/python3.8/site-packages/f1tenth_slam_nav/slam_nav_manager.py
[3.399s] -- Symlinking: /home/f1/f1tenth_ws/install/f1tenth_slam_nav/lib/f1tenth_slam_nav/slam_nav_manager.py
[3.456s] -- Symlinking: /home/f1/f1tenth_ws/install/f1tenth_slam_nav/lib/python3.8/site-packages/f1tenth_slam_nav//slam_nav_manager.py
[3.516s] -- Symlinking: /home/f1/f1tenth_ws/install/f1tenth_slam_nav/share/ament_index/resource_index/package_run_dependencies/f1tenth_slam_nav
[3.572s] -- Symlinking: /home/f1/f1tenth_ws/install/f1tenth_slam_nav/share/ament_index/resource_index/parent_prefix_path/f1tenth_slam_nav
[3.629s] -- Symlinking: /home/f1/f1tenth_ws/install/f1tenth_slam_nav/share/f1tenth_slam_nav/environment/ament_prefix_path.sh
[3.688s] -- Symlinking: /home/f1/f1tenth_ws/install/f1tenth_slam_nav/share/f1tenth_slam_nav/environment/ament_prefix_path.dsv
[3.746s] -- Symlinking: /home/f1/f1tenth_ws/install/f1tenth_slam_nav/share/f1tenth_slam_nav/environment/path.sh
[3.801s] -- Symlinking: /home/f1/f1tenth_ws/install/f1tenth_slam_nav/share/f1tenth_slam_nav/environment/path.dsv
[3.863s] -- Symlinking: /home/f1/f1tenth_ws/install/f1tenth_slam_nav/share/f1tenth_slam_nav/local_setup.bash
[3.918s] -- Symlinking: /home/f1/f1tenth_ws/install/f1tenth_slam_nav/share/f1tenth_slam_nav/local_setup.sh
[3.981s] -- Symlinking: /home/f1/f1tenth_ws/install/f1tenth_slam_nav/share/f1tenth_slam_nav/local_setup.zsh
[4.039s] -- Symlinking: /home/f1/f1tenth_ws/install/f1tenth_slam_nav/share/f1tenth_slam_nav/local_setup.dsv
[4.096s] -- Symlinking: /home/f1/f1tenth_ws/install/f1tenth_slam_nav/share/f1tenth_slam_nav/package.dsv
[4.157s] -- Symlinking: /home/f1/f1tenth_ws/install/f1tenth_slam_nav/share/ament_index/resource_index/packages/f1tenth_slam_nav
[4.217s] -- Symlinking: /home/f1/f1tenth_ws/install/f1tenth_slam_nav/share/f1tenth_slam_nav/cmake/f1tenth_slam_navConfig.cmake
[4.274s] -- Symlinking: /home/f1/f1tenth_ws/install/f1tenth_slam_nav/share/f1tenth_slam_nav/cmake/f1tenth_slam_navConfig-version.cmake
[4.343s] -- Symlinking: /home/f1/f1tenth_ws/install/f1tenth_slam_nav/share/f1tenth_slam_nav/package.xml
[4.613s] Listing '/home/f1/f1tenth_ws/install/f1tenth_slam_nav/lib/python3.8/site-packages/f1tenth_slam_nav'...
[4.613s] Compiling '/home/f1/f1tenth_ws/install/f1tenth_slam_nav/lib/python3.8/site-packages/f1tenth_slam_nav/slam_nav_manager.py'...
[4.659s] Invoked command in '/home/f1/f1tenth_ws/build/f1tenth_slam_nav' returned '0': AMENT_PREFIX_PATH=/home/f1/f1tenth_ws/install/f1tenth_stack:/home/f1/f1tenth_ws/install/vesc:/home/f1/f1tenth_ws/install/vesc_driver:/home/f1/f1tenth_ws/install/vesc_ackermann:/home/f1/f1tenth_ws/install/joy_teleop:/home/f1/f1tenth_ws/install/vesc_msgs:/home/f1/f1tenth_ws/install/teleop_tools_msgs:/home/f1/f1tenth_ws/install/ackermann_mux:${AMENT_PREFIX_PATH} CMAKE_PREFIX_PATH=/home/f1/f1tenth_ws/install/vesc:/home/f1/f1tenth_ws/install/vesc_driver:/home/f1/f1tenth_ws/install/vesc_ackermann:/home/f1/f1tenth_ws/install/vesc_msgs:/home/f1/f1tenth_ws/install/teleop_tools_msgs:/home/f1/f1tenth_ws/install/ackermann_mux:/opt/ros/foxy LD_LIBRARY_PATH=/home/f1/f1tenth_ws/install/vesc_driver/lib:/home/f1/f1tenth_ws/install/vesc_ackermann/lib:/home/f1/f1tenth_ws/install/vesc_msgs/lib:/home/f1/f1tenth_ws/install/teleop_tools_msgs/lib:${LD_LIBRARY_PATH} PYTHONPATH=/home/f1/f1tenth_ws/build/f1tenth_stack:/home/f1/f1tenth_ws/install/f1tenth_stack/lib/python3.8/site-packages:/home/f1/f1tenth_ws/build/joy_teleop:/home/f1/f1tenth_ws/install/joy_teleop/lib/python3.8/site-packages:/home/f1/f1tenth_ws/install/vesc_msgs/lib/python3.8/site-packages:/home/f1/f1tenth_ws/install/teleop_tools_msgs/lib/python3.8/site-packages:${PYTHONPATH} /usr/bin/cmake --install /home/f1/f1tenth_ws/build/f1tenth_slam_nav
