[1.796s] Invoking command in '/home/f1/f1tenth_ws/build/lidar_processing': CMAKE_PREFIX_PATH=/home/f1/f1tenth_ws/install/vesc:/home/f1/f1tenth_ws/install/vesc_driver:/home/f1/f1tenth_ws/install/vesc_ackermann:/home/f1/f1tenth_ws/install/vesc_msgs:/home/f1/f1tenth_ws/install/teleop_tools:/home/f1/f1tenth_ws/install/teleop_tools_msgs:/home/f1/f1tenth_ws/install/f1tenth_stack:/home/f1/f1tenth_ws/install/joy_teleop:/home/f1/f1tenth_ws/install/mouse_teleop:/home/f1/f1tenth_ws/install/key_teleop:/opt/ros/foxy:/home/f1/f1tenth_ws/install/lidar_processing:/home/f1/f1tenth_ws/install/ackermann_mux /usr/bin/cmake --build /home/f1/f1tenth_ws/build/lidar_processing -- -j6 -l6
[3.189s] [35m[1mScanning dependencies of target gap_follow_node[0m
[3.190s] [ 33%] Built target lidar_node
[3.190s] [ 66%] Built target wall_follow_node
[3.191s] [ 83%] [32mBuilding CXX object CMakeFiles/gap_follow_node.dir/src/gap_follow_node.cpp.o[0m
[38.184s] [100%] [32m[1mLinking CXX executable gap_follow_node[0m
[38.859s] [100%] Built target gap_follow_node
[38.924s] Invoked command in '/home/f1/f1tenth_ws/build/lidar_processing' returned '0': CMAKE_PREFIX_PATH=/home/f1/f1tenth_ws/install/vesc:/home/f1/f1tenth_ws/install/vesc_driver:/home/f1/f1tenth_ws/install/vesc_ackermann:/home/f1/f1tenth_ws/install/vesc_msgs:/home/f1/f1tenth_ws/install/teleop_tools:/home/f1/f1tenth_ws/install/teleop_tools_msgs:/home/f1/f1tenth_ws/install/f1tenth_stack:/home/f1/f1tenth_ws/install/joy_teleop:/home/f1/f1tenth_ws/install/mouse_teleop:/home/f1/f1tenth_ws/install/key_teleop:/opt/ros/foxy:/home/f1/f1tenth_ws/install/lidar_processing:/home/f1/f1tenth_ws/install/ackermann_mux /usr/bin/cmake --build /home/f1/f1tenth_ws/build/lidar_processing -- -j6 -l6
[38.938s] Invoking command in '/home/f1/f1tenth_ws/build/lidar_processing': CMAKE_PREFIX_PATH=/home/f1/f1tenth_ws/install/vesc:/home/f1/f1tenth_ws/install/vesc_driver:/home/f1/f1tenth_ws/install/vesc_ackermann:/home/f1/f1tenth_ws/install/vesc_msgs:/home/f1/f1tenth_ws/install/teleop_tools:/home/f1/f1tenth_ws/install/teleop_tools_msgs:/home/f1/f1tenth_ws/install/f1tenth_stack:/home/f1/f1tenth_ws/install/joy_teleop:/home/f1/f1tenth_ws/install/mouse_teleop:/home/f1/f1tenth_ws/install/key_teleop:/opt/ros/foxy:/home/f1/f1tenth_ws/install/lidar_processing:/home/f1/f1tenth_ws/install/ackermann_mux /usr/bin/cmake --install /home/f1/f1tenth_ws/build/lidar_processing
[38.987s] -- Install configuration: "Release"
[38.989s] -- Execute custom install script
[38.993s] -- Up-to-date symlink: /home/f1/f1tenth_ws/install/lidar_processing/lib/lidar_processing/lidar_node
[38.996s] -- Up-to-date symlink: /home/f1/f1tenth_ws/install/lidar_processing/lib/lidar_processing/wall_follow_node
[38.998s] -- Up-to-date symlink: /home/f1/f1tenth_ws/install/lidar_processing/lib/lidar_processing/gap_follow_node
[39.001s] -- Up-to-date symlink: /home/f1/f1tenth_ws/install/lidar_processing/share/ament_index/resource_index/package_run_dependencies/lidar_processing
[39.003s] -- Up-to-date symlink: /home/f1/f1tenth_ws/install/lidar_processing/share/ament_index/resource_index/parent_prefix_path/lidar_processing
[39.005s] -- Up-to-date symlink: /home/f1/f1tenth_ws/install/lidar_processing/share/lidar_processing/environment/ament_prefix_path.sh
[39.007s] -- Up-to-date symlink: /home/f1/f1tenth_ws/install/lidar_processing/share/lidar_processing/environment/ament_prefix_path.dsv
[39.009s] -- Up-to-date symlink: /home/f1/f1tenth_ws/install/lidar_processing/share/lidar_processing/environment/path.sh
[39.011s] -- Up-to-date symlink: /home/f1/f1tenth_ws/install/lidar_processing/share/lidar_processing/environment/path.dsv
[39.013s] -- Up-to-date symlink: /home/f1/f1tenth_ws/install/lidar_processing/share/lidar_processing/local_setup.bash
[39.015s] -- Up-to-date symlink: /home/f1/f1tenth_ws/install/lidar_processing/share/lidar_processing/local_setup.sh
[39.016s] -- Up-to-date symlink: /home/f1/f1tenth_ws/install/lidar_processing/share/lidar_processing/local_setup.zsh
[39.019s] -- Up-to-date symlink: /home/f1/f1tenth_ws/install/lidar_processing/share/lidar_processing/local_setup.dsv
[39.020s] -- Symlinking: /home/f1/f1tenth_ws/install/lidar_processing/share/lidar_processing/package.dsv
[39.072s] -- Up-to-date symlink: /home/f1/f1tenth_ws/install/lidar_processing/share/ament_index/resource_index/packages/lidar_processing
[39.074s] -- Up-to-date symlink: /home/f1/f1tenth_ws/install/lidar_processing/share/lidar_processing/cmake/lidar_processingConfig.cmake
[39.075s] -- Up-to-date symlink: /home/f1/f1tenth_ws/install/lidar_processing/share/lidar_processing/cmake/lidar_processingConfig-version.cmake
[39.077s] -- Up-to-date symlink: /home/f1/f1tenth_ws/install/lidar_processing/share/lidar_processing/package.xml
[39.094s] Invoked command in '/home/f1/f1tenth_ws/build/lidar_processing' returned '0': CMAKE_PREFIX_PATH=/home/f1/f1tenth_ws/install/vesc:/home/f1/f1tenth_ws/install/vesc_driver:/home/f1/f1tenth_ws/install/vesc_ackermann:/home/f1/f1tenth_ws/install/vesc_msgs:/home/f1/f1tenth_ws/install/teleop_tools:/home/f1/f1tenth_ws/install/teleop_tools_msgs:/home/f1/f1tenth_ws/install/f1tenth_stack:/home/f1/f1tenth_ws/install/joy_teleop:/home/f1/f1tenth_ws/install/mouse_teleop:/home/f1/f1tenth_ws/install/key_teleop:/opt/ros/foxy:/home/f1/f1tenth_ws/install/lidar_processing:/home/f1/f1tenth_ws/install/ackermann_mux /usr/bin/cmake --install /home/f1/f1tenth_ws/build/lidar_processing
