[2.626s] Invoking command in '/home/f1/f1tenth_ws/build/lidar_processing': CMAKE_PREFIX_PATH=${CMAKE_PREFIX_PATH}:/home/f1/f1tenth_ws/install/f1tenth_stack:/home/f1/f1tenth_ws/install/joy_teleop:/home/f1/f1tenth_ws/install/pygame_key_teleop:/home/f1/f1tenth_ws/install/mouse_teleop:/home/f1/f1tenth_ws/install/key_teleop:/home/f1/install/f1tenth_stack:/home/f1/install/joy_teleop:/home/f1/install/mouse_teleop:/home/f1/install/key_teleop:/opt/ros/foxy /usr/bin/cmake --build /home/f1/f1tenth_ws/build/lidar_processing -- -j6 -l6
[3.308s] [ 33%] Built target gap_follow_node
[3.472s] [ 83%] Built target lidar_node
[3.484s] [100%] Built target wall_follow_node
[3.816s] Invoked command in '/home/f1/f1tenth_ws/build/lidar_processing' returned '0': CMAKE_PREFIX_PATH=${CMAKE_PREFIX_PATH}:/home/f1/f1tenth_ws/install/f1tenth_stack:/home/f1/f1tenth_ws/install/joy_teleop:/home/f1/f1tenth_ws/install/pygame_key_teleop:/home/f1/f1tenth_ws/install/mouse_teleop:/home/f1/f1tenth_ws/install/key_teleop:/home/f1/install/f1tenth_stack:/home/f1/install/joy_teleop:/home/f1/install/mouse_teleop:/home/f1/install/key_teleop:/opt/ros/foxy /usr/bin/cmake --build /home/f1/f1tenth_ws/build/lidar_processing -- -j6 -l6
[3.824s] Invoking command in '/home/f1/f1tenth_ws/build/lidar_processing': CMAKE_PREFIX_PATH=${CMAKE_PREFIX_PATH}:/home/f1/f1tenth_ws/install/f1tenth_stack:/home/f1/f1tenth_ws/install/joy_teleop:/home/f1/f1tenth_ws/install/pygame_key_teleop:/home/f1/f1tenth_ws/install/mouse_teleop:/home/f1/f1tenth_ws/install/key_teleop:/home/f1/install/f1tenth_stack:/home/f1/install/joy_teleop:/home/f1/install/mouse_teleop:/home/f1/install/key_teleop:/opt/ros/foxy /usr/bin/cmake --install /home/f1/f1tenth_ws/build/lidar_processing
[3.859s] -- Install configuration: "Release"
[3.860s] -- Execute custom install script
[3.876s] -- Up-to-date symlink: /home/f1/f1tenth_ws/install/lidar_processing/lib/lidar_processing/lidar_node
[3.877s] -- Up-to-date symlink: /home/f1/f1tenth_ws/install/lidar_processing/lib/lidar_processing/wall_follow_node
[3.884s] -- Up-to-date symlink: /home/f1/f1tenth_ws/install/lidar_processing/lib/lidar_processing/gap_follow_node
[3.889s] -- Up-to-date symlink: /home/f1/f1tenth_ws/install/lidar_processing/share/ament_index/resource_index/package_run_dependencies/lidar_processing
[3.891s] -- Up-to-date symlink: /home/f1/f1tenth_ws/install/lidar_processing/share/ament_index/resource_index/parent_prefix_path/lidar_processing
[3.897s] -- Up-to-date symlink: /home/f1/f1tenth_ws/install/lidar_processing/share/lidar_processing/environment/ament_prefix_path.sh
[3.899s] -- Up-to-date symlink: /home/f1/f1tenth_ws/install/lidar_processing/share/lidar_processing/environment/ament_prefix_path.dsv
[3.915s] -- Up-to-date symlink: /home/f1/f1tenth_ws/install/lidar_processing/share/lidar_processing/environment/path.sh
[3.916s] -- Up-to-date symlink: /home/f1/f1tenth_ws/install/lidar_processing/share/lidar_processing/environment/path.dsv
[3.929s] -- Up-to-date symlink: /home/f1/f1tenth_ws/install/lidar_processing/share/lidar_processing/local_setup.bash
[3.945s] -- Up-to-date symlink: /home/f1/f1tenth_ws/install/lidar_processing/share/lidar_processing/local_setup.sh
[3.946s] -- Up-to-date symlink: /home/f1/f1tenth_ws/install/lidar_processing/share/lidar_processing/local_setup.zsh
[3.948s] -- Up-to-date symlink: /home/f1/f1tenth_ws/install/lidar_processing/share/lidar_processing/local_setup.dsv
[3.948s] -- Symlinking: /home/f1/f1tenth_ws/install/lidar_processing/share/lidar_processing/package.dsv
[4.035s] -- Up-to-date symlink: /home/f1/f1tenth_ws/install/lidar_processing/share/ament_index/resource_index/packages/lidar_processing
[4.039s] -- Up-to-date symlink: /home/f1/f1tenth_ws/install/lidar_processing/share/lidar_processing/cmake/lidar_processingConfig.cmake
[4.043s] -- Up-to-date symlink: /home/f1/f1tenth_ws/install/lidar_processing/share/lidar_processing/cmake/lidar_processingConfig-version.cmake
[4.046s] -- Up-to-date symlink: /home/f1/f1tenth_ws/install/lidar_processing/share/lidar_processing/package.xml
[6.158s] Invoked command in '/home/f1/f1tenth_ws/build/lidar_processing' returned '0': CMAKE_PREFIX_PATH=${CMAKE_PREFIX_PATH}:/home/f1/f1tenth_ws/install/f1tenth_stack:/home/f1/f1tenth_ws/install/joy_teleop:/home/f1/f1tenth_ws/install/pygame_key_teleop:/home/f1/f1tenth_ws/install/mouse_teleop:/home/f1/f1tenth_ws/install/key_teleop:/home/f1/install/f1tenth_stack:/home/f1/install/joy_teleop:/home/f1/install/mouse_teleop:/home/f1/install/key_teleop:/opt/ros/foxy /usr/bin/cmake --install /home/f1/f1tenth_ws/build/lidar_processing
