[1.685s] Invoking command in '/home/f1/f1tenth_ws/build/vesc_ackermann': AMENT_PREFIX_PATH=/home/f1/f1tenth_ws/install/vesc_msgs:${AMENT_PREFIX_PATH} CMAKE_PREFIX_PATH=/home/f1/f1tenth_ws/install/vesc_msgs:/opt/ros/foxy LD_LIBRARY_PATH=/home/f1/f1tenth_ws/install/vesc_msgs/lib:${LD_LIBRARY_PATH} PYTHONPATH=/home/f1/f1tenth_ws/install/vesc_msgs/lib/python3.8/site-packages:${PYTHONPATH} /usr/bin/cmake --build /home/f1/f1tenth_ws/build/vesc_ackermann -- -j6 -l6
[2.323s] [ 28%] Built target vesc_to_odom_node
[2.375s] [ 57%] Built target ackermann_to_vesc_node
[2.422s] [100%] Built target vesc_ackermann
[2.496s] Invoked command in '/home/f1/f1tenth_ws/build/vesc_ackermann' returned '0': AMENT_PREFIX_PATH=/home/f1/f1tenth_ws/install/vesc_msgs:${AMENT_PREFIX_PATH} CMAKE_PREFIX_PATH=/home/f1/f1tenth_ws/install/vesc_msgs:/opt/ros/foxy LD_LIBRARY_PATH=/home/f1/f1tenth_ws/install/vesc_msgs/lib:${LD_LIBRARY_PATH} PYTHONPATH=/home/f1/f1tenth_ws/install/vesc_msgs/lib/python3.8/site-packages:${PYTHONPATH} /usr/bin/cmake --build /home/f1/f1tenth_ws/build/vesc_ackermann -- -j6 -l6
[2.524s] Invoking command in '/home/f1/f1tenth_ws/build/vesc_ackermann': AMENT_PREFIX_PATH=/home/f1/f1tenth_ws/install/vesc_msgs:${AMENT_PREFIX_PATH} CMAKE_PREFIX_PATH=/home/f1/f1tenth_ws/install/vesc_msgs:/opt/ros/foxy LD_LIBRARY_PATH=/home/f1/f1tenth_ws/install/vesc_msgs/lib:${LD_LIBRARY_PATH} PYTHONPATH=/home/f1/f1tenth_ws/install/vesc_msgs/lib/python3.8/site-packages:${PYTHONPATH} /usr/bin/cmake --install /home/f1/f1tenth_ws/build/vesc_ackermann
[2.623s] -- Install configuration: "Release"
[2.638s] -- Execute custom install script
[2.642s] -- Up-to-date symlink: /home/f1/f1tenth_ws/install/vesc_ackermann/lib/vesc_ackermann/ackermann_to_vesc_node
[2.649s] -- Up-to-date symlink: /home/f1/f1tenth_ws/install/vesc_ackermann/lib/vesc_ackermann/vesc_to_odom_node
[2.662s] -- Up-to-date symlink: /home/f1/f1tenth_ws/install/vesc_ackermann/include/vesc_ackermann/ackermann_to_vesc.hpp
[2.664s] -- Up-to-date symlink: /home/f1/f1tenth_ws/install/vesc_ackermann/include/vesc_ackermann/vesc_to_odom.hpp
[2.669s] -- Up-to-date symlink: /home/f1/f1tenth_ws/install/vesc_ackermann/share/vesc_ackermann/environment/library_path.sh
[2.669s] -- Up-to-date symlink: /home/f1/f1tenth_ws/install/vesc_ackermann/share/vesc_ackermann/environment/library_path.dsv
[2.680s] -- Up-to-date symlink: /home/f1/f1tenth_ws/install/vesc_ackermann/lib/libvesc_ackermann.so
[2.696s] -- Up-to-date symlink: /home/f1/f1tenth_ws/install/vesc_ackermann/share/vesc_ackermann/launch/ackermann_to_vesc_node.launch.xml
[2.699s] -- Up-to-date symlink: /home/f1/f1tenth_ws/install/vesc_ackermann/share/vesc_ackermann/launch/vesc_to_odom_node.launch.xml
[2.704s] -- Up-to-date symlink: /home/f1/f1tenth_ws/install/vesc_ackermann/share/ament_index/resource_index/package_run_dependencies/vesc_ackermann
[2.707s] -- Up-to-date symlink: /home/f1/f1tenth_ws/install/vesc_ackermann/share/ament_index/resource_index/parent_prefix_path/vesc_ackermann
[2.711s] -- Up-to-date symlink: /home/f1/f1tenth_ws/install/vesc_ackermann/share/vesc_ackermann/environment/ament_prefix_path.sh
[2.716s] -- Up-to-date symlink: /home/f1/f1tenth_ws/install/vesc_ackermann/share/vesc_ackermann/environment/ament_prefix_path.dsv
[2.720s] -- Up-to-date symlink: /home/f1/f1tenth_ws/install/vesc_ackermann/share/vesc_ackermann/environment/path.sh
[2.724s] -- Up-to-date symlink: /home/f1/f1tenth_ws/install/vesc_ackermann/share/vesc_ackermann/environment/path.dsv
[2.728s] -- Up-to-date symlink: /home/f1/f1tenth_ws/install/vesc_ackermann/share/vesc_ackermann/local_setup.bash
[2.732s] -- Up-to-date symlink: /home/f1/f1tenth_ws/install/vesc_ackermann/share/vesc_ackermann/local_setup.sh
[2.735s] -- Up-to-date symlink: /home/f1/f1tenth_ws/install/vesc_ackermann/share/vesc_ackermann/local_setup.zsh
[2.738s] -- Up-to-date symlink: /home/f1/f1tenth_ws/install/vesc_ackermann/share/vesc_ackermann/local_setup.dsv
[2.742s] -- Symlinking: /home/f1/f1tenth_ws/install/vesc_ackermann/share/vesc_ackermann/package.dsv
[2.897s] -- Up-to-date symlink: /home/f1/f1tenth_ws/install/vesc_ackermann/share/ament_index/resource_index/packages/vesc_ackermann
[2.900s] -- Up-to-date symlink: /home/f1/f1tenth_ws/install/vesc_ackermann/share/ament_index/resource_index/rclcpp_components/vesc_ackermann
[2.903s] -- Up-to-date symlink: /home/f1/f1tenth_ws/install/vesc_ackermann/share/vesc_ackermann/cmake/ament_cmake_export_dependencies-extras.cmake
[2.906s] -- Up-to-date symlink: /home/f1/f1tenth_ws/install/vesc_ackermann/share/vesc_ackermann/cmake/ament_cmake_export_include_directories-extras.cmake
[2.919s] -- Up-to-date symlink: /home/f1/f1tenth_ws/install/vesc_ackermann/share/vesc_ackermann/cmake/ament_cmake_export_libraries-extras.cmake
[2.922s] -- Up-to-date symlink: /home/f1/f1tenth_ws/install/vesc_ackermann/share/vesc_ackermann/cmake/vesc_ackermannConfig.cmake
[2.925s] -- Up-to-date symlink: /home/f1/f1tenth_ws/install/vesc_ackermann/share/vesc_ackermann/cmake/vesc_ackermannConfig-version.cmake
[2.928s] -- Up-to-date symlink: /home/f1/f1tenth_ws/install/vesc_ackermann/share/vesc_ackermann/package.xml
[2.947s] Invoked command in '/home/f1/f1tenth_ws/build/vesc_ackermann' returned '0': AMENT_PREFIX_PATH=/home/f1/f1tenth_ws/install/vesc_msgs:${AMENT_PREFIX_PATH} CMAKE_PREFIX_PATH=/home/f1/f1tenth_ws/install/vesc_msgs:/opt/ros/foxy LD_LIBRARY_PATH=/home/f1/f1tenth_ws/install/vesc_msgs/lib:${LD_LIBRARY_PATH} PYTHONPATH=/home/f1/f1tenth_ws/install/vesc_msgs/lib/python3.8/site-packages:${PYTHONPATH} /usr/bin/cmake --install /home/f1/f1tenth_ws/build/vesc_ackermann
