[0.161s] Invoking command in '/home/ojg/sim_ws/build/slam_toolbox': CMAKE_PREFIX_PATH=${CMAKE_PREFIX_PATH}:/home/ojg/sim_ws/install/f1tenth_gym_ros:/opt/ros/humble /usr/bin/cmake /home/ojg/sim_ws/src/slam_toolbox -DAMENT_CMAKE_SYMLINK_INSTALL=1 -DCMAKE_INSTALL_PREFIX=/home/ojg/sim_ws/install/slam_toolbox
[0.201s] -- The C compiler identification is GNU 11.4.0
[0.244s] -- The CXX compiler identification is GNU 11.4.0
[0.250s] -- Detecting C compiler ABI info
[0.299s] -- Detecting C compiler ABI info - done
[0.306s] -- Check for working C compiler: /usr/bin/cc - skipped
[0.306s] -- Detecting C compile features
[0.307s] -- Detecting C compile features - done
[0.310s] -- Detecting CXX compiler ABI info
[0.366s] -- Detecting CXX compiler ABI info - done
[0.370s] -- Check for working CXX compiler: /usr/bin/c++ - skipped
[0.370s] -- Detecting CXX compile features
[0.370s] -- Detecting CXX compile features - done
[0.372s] -- Found ament_cmake: 1.3.11 (/opt/ros/humble/share/ament_cmake/cmake)
[0.476s] -- Found Python3: /usr/bin/python3 (found version "3.10.12") found components: Interpreter 
[0.516s] -- Override CMake install command with custom implementation using symlinks instead of copying resources
[0.531s] -- Found message_filters: 4.3.7 (/opt/ros/humble/share/message_filters/cmake)
[0.555s] -- Found rosidl_generator_c: 3.1.6 (/opt/ros/humble/share/rosidl_generator_c/cmake)
[0.557s] -- Found rosidl_adapter: 3.1.6 (/opt/ros/humble/share/rosidl_adapter/cmake)
[0.562s] -- Found rosidl_generator_cpp: 3.1.6 (/opt/ros/humble/share/rosidl_generator_cpp/cmake)
[0.568s] -- Using all available rosidl_typesupport_c: rosidl_typesupport_fastrtps_c;rosidl_typesupport_introspection_c
[0.576s] -- Using all available rosidl_typesupport_cpp: rosidl_typesupport_fastrtps_cpp;rosidl_typesupport_introspection_cpp
[0.599s] -- Found rmw_implementation_cmake: 6.1.2 (/opt/ros/humble/share/rmw_implementation_cmake/cmake)
[0.600s] -- Found rmw_fastrtps_cpp: 6.2.7 (/opt/ros/humble/share/rmw_fastrtps_cpp/cmake)
[0.658s] -- Found OpenSSL: /usr/lib/x86_64-linux-gnu/libcrypto.so (found version "3.0.2")  
[0.680s] -- Found FastRTPS: /opt/ros/humble/include  
[0.708s] -- Using RMW implementation 'rmw_fastrtps_cpp' as default
[0.712s] -- Looking for pthread.h
[0.764s] -- Looking for pthread.h - found
[0.764s] -- Performing Test CMAKE_HAVE_LIBC_PTHREAD
[0.819s] -- Performing Test CMAKE_HAVE_LIBC_PTHREAD - Success
[0.819s] -- Found Threads: TRUE  
[0.852s] -- Found nav_msgs: 4.9.0 (/opt/ros/humble/share/nav_msgs/cmake)
[0.870s] -- Found sensor_msgs: 4.9.0 (/opt/ros/humble/share/sensor_msgs/cmake)
[0.880s] -- Found tf2: 0.25.13 (/opt/ros/humble/share/tf2/cmake)
[0.886s] -- Found tf2_ros: 0.25.15 (/opt/ros/humble/share/tf2_ros/cmake)
[0.935s] -- Found visualization_msgs: 4.9.0 (/opt/ros/humble/share/visualization_msgs/cmake)
[0.946s] -- Found pluginlib: 5.1.0 (/opt/ros/humble/share/pluginlib/cmake)
[0.955s] -- Found tf2_geometry_msgs: 0.25.15 (/opt/ros/humble/share/tf2_geometry_msgs/cmake)
[0.961s] -- Found eigen3_cmake_module: 0.1.1 (/opt/ros/humble/share/eigen3_cmake_module/cmake)
[0.962s] -- Found Eigen3: TRUE (found version "3.4.0") 
[0.962s] -- Ensuring Eigen3 include directory is part of orocos-kdl CMake target
[0.963s] -- Found tf2_sensor_msgs: 0.25.15 (/opt/ros/humble/share/tf2_sensor_msgs/cmake)
[0.967s] -- Found std_srvs: 4.9.0 (/opt/ros/humble/share/std_srvs/cmake)
[0.972s] -- Found rosidl_default_generators: 1.2.0 (/opt/ros/humble/share/rosidl_default_generators/cmake)
[0.977s] -- Found rviz_common: 11.2.17 (/opt/ros/humble/share/rviz_common/cmake)
[0.985s] -- Setting assimp_DIR to: '/opt/ros/humble/share/rviz_assimp_vendor/cmake/../../../opt/rviz_assimp_vendor/lib/cmake/assimp-4.1'
[0.987s] -- Setting OGRE_DIR to: '/opt/ros/humble/share/rviz_ogre_vendor/cmake/../../../opt/rviz_ogre_vendor/lib/OGRE/cmake'
[0.988s] -- Found OGRE
[0.988s] --   static     : OFF
[0.988s] --   components : HLMS;MeshLodGenerator;Overlay;Paging;Property;RTShaderSystem;Terrain;Volume
[0.988s] --   plugins    : Plugin_BSPSceneManager;Plugin_OctreeSceneManager;Plugin_PCZSceneManager;Plugin_ParticleFX;RenderSystem_GL;RenderSystem_GL3Plus;Codec_STBI
[0.988s] --   media      : /opt/ros/humble/opt/rviz_ogre_vendor/share/OGRE/Media
[0.989s] -- OGRE_LIBRARIES: OgreHLMS;OgreMeshLodGenerator;OgreOverlay;OgrePaging;OgreProperty;OgreRTShaderSystem;OgreTerrain;OgreVolume;OgreMain
[0.989s] -- OGRE_LIBRARY_DIRS: /opt/ros/humble/opt/rviz_ogre_vendor/lib
[0.989s] -- OGRE_PLUGINS: Plugin_BSPSceneManager;Plugin_OctreeSceneManager;Plugin_PCZSceneManager;Plugin_ParticleFX;RenderSystem_GL;RenderSystem_GL3Plus;Codec_STBI
[0.989s] -- OGRE_PLUGIN_DIR: /opt/ros/humble/opt/rviz_ogre_vendor/lib/OGRE
[0.989s] -- rviz_ogre_vendor::OgreOverlay for IMPORTED_LOCATION_RELEASE: /opt/ros/humble/opt/rviz_ogre_vendor/lib/libOgreOverlay.so
[0.989s] -- rviz_ogre_vendor::OgreOverlay for IMPORTED_LOCATION_DEBUG: /opt/ros/humble/opt/rviz_ogre_vendor/lib/libOgreOverlay.so
[0.989s] -- rviz_ogre_vendor::OgreMain for IMPORTED_LOCATION_RELEASE: /opt/ros/humble/opt/rviz_ogre_vendor/lib/libOgreMain.so
[0.989s] -- rviz_ogre_vendor::OgreMain for IMPORTED_LOCATION_DEBUG: /opt/ros/humble/opt/rviz_ogre_vendor/lib/libOgreMain.so
[0.989s] -- Could not find freeimage library
[0.998s] -- Found ZLIB: /usr/lib/x86_64-linux-gnu/libz.so (found version "1.2.11") 
[1.001s] -- Found OpenGL: /usr/lib/x86_64-linux-gnu/libOpenGL.so   
[1.061s] -- Found X11: /usr/include   
[1.061s] -- Looking for XOpenDisplay in /usr/lib/x86_64-linux-gnu/libX11.so;/usr/lib/x86_64-linux-gnu/libXext.so
[1.111s] -- Looking for XOpenDisplay in /usr/lib/x86_64-linux-gnu/libX11.so;/usr/lib/x86_64-linux-gnu/libXext.so - found
[1.112s] -- Looking for gethostbyname
[1.161s] -- Looking for gethostbyname - found
[1.161s] -- Looking for connect
[1.213s] -- Looking for connect - found
[1.214s] -- Looking for remove
[1.267s] -- Looking for remove - found
[1.267s] -- Looking for shmat
[1.318s] -- Looking for shmat - found
[1.318s] -- Looking for IceConnectionNumber in ICE
[1.376s] -- Looking for IceConnectionNumber in ICE - found
[1.436s] -- library: /usr/lib/x86_64-linux-gnu/libcurl.so
[1.450s] -- Found rviz_default_plugins: 11.2.17 (/opt/ros/humble/share/rviz_default_plugins/cmake)
[1.492s] -- Found Boost: /usr/lib/x86_64-linux-gnu/cmake/Boost-1.74.0/BoostConfig.cmake (found version "1.74.0") found components: system serialization filesystem thread 
[1.497s] -- Found PkgConfig: /usr/bin/pkg-config (found version "0.29.2") 
[1.502s] -- Found CHOLMOD: /usr/include/suitesparse  
[1.503s] -- Found CSparse: /usr/include/suitesparse  
[1.521s] -- Looking for sgemm_
[1.569s] -- Looking for sgemm_ - not found
[1.581s] -- Looking for sgemm_
[1.649s] -- Looking for sgemm_ - found
[1.650s] -- Found BLAS: /usr/lib/x86_64-linux-gnu/libopenblas.so  
[1.652s] -- Looking for cheev_
[1.722s] -- Looking for cheev_ - found
[1.722s] -- Found LAPACK: /usr/lib/x86_64-linux-gnu/libopenblas.so;-lm;-ldl  
[1.727s] -- Found required Ceres dependency: Eigen version 3.4.0 in /usr/include/eigen3
[1.730s] -- Found required Ceres dependency: glog
[1.730s] -- Found required Ceres dependency: gflags
[1.731s] -- Found Ceres version: 2.0.0 installed in: /usr with components: [EigenSparse, SparseLinearAlgebraLibrary, LAPACK, SuiteSparse, CXSparse, SchurSpecializations, Multithreading]
[1.974s] -- Found ament_cmake_ros: 0.10.0 (/opt/ros/humble/share/ament_cmake_ros/cmake)
[2.305s] -- Using all available rosidl_typesupport_c: rosidl_typesupport_fastrtps_c;rosidl_typesupport_introspection_c
[2.439s] -- Using all available rosidl_typesupport_cpp: rosidl_typesupport_fastrtps_cpp;rosidl_typesupport_introspection_cpp
[2.457s] -- Found PythonInterp: /usr/bin/python3 (found suitable version "3.10.12", minimum required is "3.6") 
[2.458s] -- Found python_cmake_module: 0.10.0 (/opt/ros/humble/share/python_cmake_module/cmake)
[2.475s] -- Found PythonLibs: /usr/lib/x86_64-linux-gnu/libpython3.10.so (found suitable version "3.10.12", minimum required is "3.5") 
[2.475s] -- Using PYTHON_EXECUTABLE: /usr/bin/python3
[2.475s] -- Using PYTHON_INCLUDE_DIRS: /usr/include/python3.10
[2.475s] -- Using PYTHON_LIBRARIES: /usr/lib/x86_64-linux-gnu/libpython3.10.so
[2.490s] -- Found PythonExtra: .so  
[2.568s] -- Configuring done
[2.706s] -- Generating done
[2.744s] -- Build files have been written to: /home/ojg/sim_ws/build/slam_toolbox
[2.760s] Invoked command in '/home/ojg/sim_ws/build/slam_toolbox' returned '0': CMAKE_PREFIX_PATH=${CMAKE_PREFIX_PATH}:/home/ojg/sim_ws/install/f1tenth_gym_ros:/opt/ros/humble /usr/bin/cmake /home/ojg/sim_ws/src/slam_toolbox -DAMENT_CMAKE_SYMLINK_INSTALL=1 -DCMAKE_INSTALL_PREFIX=/home/ojg/sim_ws/install/slam_toolbox
[2.761s] Invoking command in '/home/ojg/sim_ws/build/slam_toolbox': CMAKE_PREFIX_PATH=${CMAKE_PREFIX_PATH}:/home/ojg/sim_ws/install/f1tenth_gym_ros:/opt/ros/humble /usr/bin/cmake --build /home/ojg/sim_ws/build/slam_toolbox -- -j18 -l18
[2.796s] [  1%] [34m[1mGenerating C code for ROS interfaces[0m
[2.802s] [  1%] [32mBuilding CXX object lib/karto_sdk/CMakeFiles/kartoSlamToolbox.dir/src/Karto.cpp.o[0m
[2.805s] [  2%] [34m[1mGenerating C++ code for ROS interfaces[0m
[2.805s] [  3%] [32mBuilding CXX object lib/karto_sdk/CMakeFiles/kartoSlamToolbox.dir/src/Mapper.cpp.o[0m
[2.808s] [  3%] Built target ament_cmake_python_symlink_slam_toolbox
[2.967s] running egg_info
[2.968s] creating slam_toolbox.egg-info
[2.968s] writing slam_toolbox.egg-info/PKG-INFO
[2.968s] writing dependency_links to slam_toolbox.egg-info/dependency_links.txt
[2.968s] writing top-level names to slam_toolbox.egg-info/top_level.txt
[2.968s] writing manifest file 'slam_toolbox.egg-info/SOURCES.txt'
[2.969s] reading manifest file 'slam_toolbox.egg-info/SOURCES.txt'
[2.969s] writing manifest file 'slam_toolbox.egg-info/SOURCES.txt'
[2.989s] [  3%] Built target ament_cmake_python_build_slam_toolbox_egg
[3.464s] [  3%] Built target slam_toolbox__cpp
[3.465s] [  4%] [32mBuilding C object CMakeFiles/slam_toolbox__rosidl_generator_c.dir/rosidl_generator_c/slam_toolbox/srv/detail/toggle_interactive__functions.c.o[0m
[3.466s] [  4%] [32mBuilding C object CMakeFiles/slam_toolbox__rosidl_generator_c.dir/rosidl_generator_c/slam_toolbox/srv/detail/clear_queue__functions.c.o[0m
[3.466s] [  5%] [32mBuilding C object CMakeFiles/slam_toolbox__rosidl_generator_c.dir/rosidl_generator_c/slam_toolbox/srv/detail/add_submap__functions.c.o[0m
[3.466s] [  5%] [32mBuilding C object CMakeFiles/slam_toolbox__rosidl_generator_c.dir/rosidl_generator_c/slam_toolbox/srv/detail/deserialize_pose_graph__functions.c.o[0m
[3.466s] [  6%] [32mBuilding C object CMakeFiles/slam_toolbox__rosidl_generator_c.dir/rosidl_generator_c/slam_toolbox/srv/detail/pause__functions.c.o[0m
[3.466s] [  6%] [32mBuilding C object CMakeFiles/slam_toolbox__rosidl_generator_c.dir/rosidl_generator_c/slam_toolbox/srv/detail/loop_closure__functions.c.o[0m
[3.467s] [  8%] [32mBuilding C object CMakeFiles/slam_toolbox__rosidl_generator_c.dir/rosidl_generator_c/slam_toolbox/srv/detail/clear__functions.c.o[0m
[3.467s] [  8%] [32mBuilding C object CMakeFiles/slam_toolbox__rosidl_generator_c.dir/rosidl_generator_c/slam_toolbox/srv/detail/merge_maps__functions.c.o[0m
[3.467s] [  9%] [32mBuilding C object CMakeFiles/slam_toolbox__rosidl_generator_c.dir/rosidl_generator_c/slam_toolbox/srv/detail/save_map__functions.c.o[0m
[3.468s] [ 10%] [32mBuilding C object CMakeFiles/slam_toolbox__rosidl_generator_c.dir/rosidl_generator_c/slam_toolbox/srv/detail/serialize_pose_graph__functions.c.o[0m
[3.472s] [ 11%] [34m[1mGenerating C++ type support for eProsima Fast-RTPS[0m
[3.472s] [ 11%] [34m[1mGenerating C++ type support dispatch for ROS interfaces[0m
[3.485s] [ 12%] [34m[1mGenerating C++ introspection for ROS interfaces[0m
[3.627s] [ 13%] [32m[1mLinking C shared library libslam_toolbox__rosidl_generator_c.so[0m
[3.663s] [ 13%] Built target slam_toolbox__rosidl_generator_c
[3.671s] [ 14%] [34m[1mGenerating C introspection for ROS interfaces[0m
[3.672s] [ 15%] [34m[1mGenerating C type support dispatch for ROS interfaces[0m
[3.672s] [ 15%] [34m[1mGenerating C type support for eProsima Fast-RTPS[0m
[4.043s] [ 15%] [32mBuilding CXX object CMakeFiles/slam_toolbox__rosidl_typesupport_introspection_cpp.dir/rosidl_typesupport_introspection_cpp/slam_toolbox/srv/detail/pause__type_support.cpp.o[0m
[4.043s] [ 15%] [32mBuilding CXX object CMakeFiles/slam_toolbox__rosidl_typesupport_introspection_cpp.dir/rosidl_typesupport_introspection_cpp/slam_toolbox/srv/detail/clear__type_support.cpp.o[0m
[4.043s] [ 17%] [32mBuilding CXX object CMakeFiles/slam_toolbox__rosidl_typesupport_introspection_cpp.dir/rosidl_typesupport_introspection_cpp/slam_toolbox/srv/detail/save_map__type_support.cpp.o[0m
[4.043s] [ 17%] [32mBuilding CXX object CMakeFiles/slam_toolbox__rosidl_typesupport_introspection_cpp.dir/rosidl_typesupport_introspection_cpp/slam_toolbox/srv/detail/toggle_interactive__type_support.cpp.o[0m
[4.043s] [ 18%] [32mBuilding CXX object CMakeFiles/slam_toolbox__rosidl_typesupport_introspection_cpp.dir/rosidl_typesupport_introspection_cpp/slam_toolbox/srv/detail/merge_maps__type_support.cpp.o[0m
[4.044s] [ 19%] [32mBuilding CXX object CMakeFiles/slam_toolbox__rosidl_typesupport_introspection_cpp.dir/rosidl_typesupport_introspection_cpp/slam_toolbox/srv/detail/clear_queue__type_support.cpp.o[0m
[4.045s] [ 20%] [32mBuilding CXX object CMakeFiles/slam_toolbox__rosidl_typesupport_introspection_cpp.dir/rosidl_typesupport_introspection_cpp/slam_toolbox/srv/detail/loop_closure__type_support.cpp.o[0m
[4.048s] [ 21%] [32mBuilding CXX object CMakeFiles/slam_toolbox__rosidl_typesupport_introspection_cpp.dir/rosidl_typesupport_introspection_cpp/slam_toolbox/srv/detail/serialize_pose_graph__type_support.cpp.o[0m
[4.051s] [ 22%] [32mBuilding CXX object CMakeFiles/slam_toolbox__rosidl_typesupport_introspection_cpp.dir/rosidl_typesupport_introspection_cpp/slam_toolbox/srv/detail/deserialize_pose_graph__type_support.cpp.o[0m
[4.051s] [ 21%] [32mBuilding CXX object CMakeFiles/slam_toolbox__rosidl_typesupport_introspection_cpp.dir/rosidl_typesupport_introspection_cpp/slam_toolbox/srv/detail/add_submap__type_support.cpp.o[0m
[4.191s] [ 23%] [32mBuilding CXX object CMakeFiles/slam_toolbox__rosidl_typesupport_cpp.dir/rosidl_typesupport_cpp/slam_toolbox/srv/pause__type_support.cpp.o[0m
[4.197s] [ 24%] [32mBuilding CXX object CMakeFiles/slam_toolbox__rosidl_typesupport_cpp.dir/rosidl_typesupport_cpp/slam_toolbox/srv/clear_queue__type_support.cpp.o[0m
[4.437s] [ 25%] [32mBuilding CXX object CMakeFiles/slam_toolbox__rosidl_typesupport_cpp.dir/rosidl_typesupport_cpp/slam_toolbox/srv/toggle_interactive__type_support.cpp.o[0m
[4.457s] [ 25%] [32mBuilding CXX object CMakeFiles/slam_toolbox__rosidl_typesupport_cpp.dir/rosidl_typesupport_cpp/slam_toolbox/srv/clear__type_support.cpp.o[0m
[4.469s] [ 26%] [32mBuilding CXX object CMakeFiles/slam_toolbox__rosidl_typesupport_c.dir/rosidl_typesupport_c/slam_toolbox/srv/pause__type_support.cpp.o[0m
[4.487s] [ 27%] [32mBuilding CXX object CMakeFiles/slam_toolbox__rosidl_typesupport_cpp.dir/rosidl_typesupport_cpp/slam_toolbox/srv/save_map__type_support.cpp.o[0m
[4.514s] [ 28%] [32mBuilding CXX object CMakeFiles/slam_toolbox__rosidl_typesupport_c.dir/rosidl_typesupport_c/slam_toolbox/srv/clear_queue__type_support.cpp.o[0m
[4.547s] [ 29%] [32mBuilding CXX object CMakeFiles/slam_toolbox__rosidl_typesupport_c.dir/rosidl_typesupport_c/slam_toolbox/srv/toggle_interactive__type_support.cpp.o[0m
[4.547s] [ 30%] [32mBuilding CXX object CMakeFiles/slam_toolbox__rosidl_typesupport_cpp.dir/rosidl_typesupport_cpp/slam_toolbox/srv/loop_closure__type_support.cpp.o[0m
[4.547s] [ 30%] [32mBuilding CXX object CMakeFiles/slam_toolbox__rosidl_typesupport_c.dir/rosidl_typesupport_c/slam_toolbox/srv/clear__type_support.cpp.o[0m
[4.549s] [ 31%] [32mBuilding CXX object CMakeFiles/slam_toolbox__rosidl_typesupport_c.dir/rosidl_typesupport_c/slam_toolbox/srv/save_map__type_support.cpp.o[0m
[4.555s] [ 31%] [32mBuilding CXX object CMakeFiles/slam_toolbox__rosidl_typesupport_cpp.dir/rosidl_typesupport_cpp/slam_toolbox/srv/merge_maps__type_support.cpp.o[0m
[4.557s] [ 32%] [32mBuilding CXX object CMakeFiles/slam_toolbox__rosidl_typesupport_c.dir/rosidl_typesupport_c/slam_toolbox/srv/loop_closure__type_support.cpp.o[0m
[4.564s] [ 33%] [32mBuilding CXX object CMakeFiles/slam_toolbox__rosidl_typesupport_fastrtps_cpp.dir/rosidl_typesupport_fastrtps_cpp/slam_toolbox/srv/detail/dds_fastrtps/pause__type_support.cpp.o[0m
[4.594s] [ 34%] [32mBuilding CXX object CMakeFiles/slam_toolbox__rosidl_typesupport_cpp.dir/rosidl_typesupport_cpp/slam_toolbox/srv/add_submap__type_support.cpp.o[0m
[4.598s] [ 34%] [32mBuilding CXX object CMakeFiles/slam_toolbox__rosidl_typesupport_c.dir/rosidl_typesupport_c/slam_toolbox/srv/merge_maps__type_support.cpp.o[0m
[4.598s] [ 34%] [32mBuilding CXX object CMakeFiles/slam_toolbox__rosidl_typesupport_fastrtps_cpp.dir/rosidl_typesupport_fastrtps_cpp/slam_toolbox/srv/detail/dds_fastrtps/clear_queue__type_support.cpp.o[0m
[4.612s] [ 35%] [32mBuilding CXX object CMakeFiles/slam_toolbox__rosidl_typesupport_cpp.dir/rosidl_typesupport_cpp/slam_toolbox/srv/deserialize_pose_graph__type_support.cpp.o[0m
[4.612s] [ 36%] [32mBuilding CXX object CMakeFiles/slam_toolbox__rosidl_typesupport_fastrtps_cpp.dir/rosidl_typesupport_fastrtps_cpp/slam_toolbox/srv/detail/dds_fastrtps/toggle_interactive__type_support.cpp.o[0m
[4.633s] [ 37%] [32mBuilding CXX object CMakeFiles/slam_toolbox__rosidl_typesupport_c.dir/rosidl_typesupport_c/slam_toolbox/srv/add_submap__type_support.cpp.o[0m
[4.678s] [ 38%] [32mBuilding CXX object CMakeFiles/slam_toolbox__rosidl_typesupport_c.dir/rosidl_typesupport_c/slam_toolbox/srv/deserialize_pose_graph__type_support.cpp.o[0m
[4.688s] [ 39%] [32mBuilding CXX object CMakeFiles/slam_toolbox__rosidl_typesupport_c.dir/rosidl_typesupport_c/slam_toolbox/srv/serialize_pose_graph__type_support.cpp.o[0m
[4.712s] [ 40%] [32mBuilding CXX object CMakeFiles/slam_toolbox__rosidl_typesupport_cpp.dir/rosidl_typesupport_cpp/slam_toolbox/srv/serialize_pose_graph__type_support.cpp.o[0m
[4.725s] [ 41%] [32mBuilding CXX object CMakeFiles/slam_toolbox__rosidl_typesupport_fastrtps_cpp.dir/rosidl_typesupport_fastrtps_cpp/slam_toolbox/srv/detail/dds_fastrtps/clear__type_support.cpp.o[0m
[4.727s] [ 41%] [32mBuilding C object CMakeFiles/slam_toolbox__rosidl_typesupport_introspection_c.dir/rosidl_typesupport_introspection_c/slam_toolbox/srv/detail/pause__type_support.c.o[0m
[4.731s] [ 41%] [32m[1mLinking CXX shared library libslam_toolbox__rosidl_typesupport_c.so[0m
[4.741s] [ 41%] [32m[1mLinking CXX shared library libslam_toolbox__rosidl_typesupport_introspection_cpp.so[0m
[4.788s] [ 42%] [32mBuilding C object CMakeFiles/slam_toolbox__rosidl_typesupport_introspection_c.dir/rosidl_typesupport_introspection_c/slam_toolbox/srv/detail/clear_queue__type_support.c.o[0m
[4.789s] [ 42%] Built target slam_toolbox__rosidl_typesupport_c
[4.809s] [ 43%] [32mBuilding CXX object CMakeFiles/slam_toolbox__rosidl_typesupport_fastrtps_cpp.dir/rosidl_typesupport_fastrtps_cpp/slam_toolbox/srv/detail/dds_fastrtps/save_map__type_support.cpp.o[0m
[4.833s] [ 44%] [32mBuilding C object CMakeFiles/slam_toolbox__rosidl_typesupport_introspection_c.dir/rosidl_typesupport_introspection_c/slam_toolbox/srv/detail/toggle_interactive__type_support.c.o[0m
[4.860s] [ 44%] [32mBuilding CXX object CMakeFiles/slam_toolbox__rosidl_typesupport_fastrtps_cpp.dir/rosidl_typesupport_fastrtps_cpp/slam_toolbox/srv/detail/dds_fastrtps/loop_closure__type_support.cpp.o[0m
[4.860s] [ 44%] [32mBuilding C object CMakeFiles/slam_toolbox__rosidl_typesupport_introspection_c.dir/rosidl_typesupport_introspection_c/slam_toolbox/srv/detail/clear__type_support.c.o[0m
[4.865s] [ 45%] [32mBuilding C object CMakeFiles/slam_toolbox__rosidl_typesupport_introspection_c.dir/rosidl_typesupport_introspection_c/slam_toolbox/srv/detail/save_map__type_support.c.o[0m
[4.877s] [ 46%] [32mBuilding CXX object CMakeFiles/slam_toolbox__rosidl_typesupport_fastrtps_cpp.dir/rosidl_typesupport_fastrtps_cpp/slam_toolbox/srv/detail/dds_fastrtps/merge_maps__type_support.cpp.o[0m
[4.877s] [ 46%] Built target slam_toolbox__rosidl_typesupport_introspection_cpp
[4.899s] [ 47%] [32mBuilding CXX object CMakeFiles/slam_toolbox__rosidl_typesupport_fastrtps_cpp.dir/rosidl_typesupport_fastrtps_cpp/slam_toolbox/srv/detail/dds_fastrtps/add_submap__type_support.cpp.o[0m
[4.905s] [ 48%] [32mBuilding C object CMakeFiles/slam_toolbox__rosidl_typesupport_introspection_c.dir/rosidl_typesupport_introspection_c/slam_toolbox/srv/detail/loop_closure__type_support.c.o[0m
[4.914s] [ 49%] [32mBuilding C object CMakeFiles/slam_toolbox__rosidl_typesupport_introspection_c.dir/rosidl_typesupport_introspection_c/slam_toolbox/srv/detail/merge_maps__type_support.c.o[0m
[4.929s] [ 49%] [32mBuilding C object CMakeFiles/slam_toolbox__rosidl_typesupport_introspection_c.dir/rosidl_typesupport_introspection_c/slam_toolbox/srv/detail/add_submap__type_support.c.o[0m
[4.961s] [ 51%] [32mBuilding C object CMakeFiles/slam_toolbox__rosidl_typesupport_introspection_c.dir/rosidl_typesupport_introspection_c/slam_toolbox/srv/detail/deserialize_pose_graph__type_support.c.o[0m
[4.961s] [ 51%] [32mBuilding CXX object CMakeFiles/slam_toolbox__rosidl_typesupport_fastrtps_cpp.dir/rosidl_typesupport_fastrtps_cpp/slam_toolbox/srv/detail/dds_fastrtps/serialize_pose_graph__type_support.cpp.o[0m
[4.970s] [ 51%] [32mBuilding CXX object CMakeFiles/slam_toolbox__rosidl_typesupport_fastrtps_cpp.dir/rosidl_typesupport_fastrtps_cpp/slam_toolbox/srv/detail/dds_fastrtps/deserialize_pose_graph__type_support.cpp.o[0m
[4.985s] [ 52%] [32mBuilding C object CMakeFiles/slam_toolbox__rosidl_typesupport_introspection_c.dir/rosidl_typesupport_introspection_c/slam_toolbox/srv/detail/serialize_pose_graph__type_support.c.o[0m
[4.992s] [ 52%] [32mBuilding CXX object CMakeFiles/slam_toolbox__rosidl_typesupport_fastrtps_c.dir/rosidl_typesupport_fastrtps_c/slam_toolbox/srv/detail/clear_queue__type_support_c.cpp.o[0m
[4.997s] [ 53%] [32mBuilding CXX object CMakeFiles/slam_toolbox__rosidl_typesupport_fastrtps_c.dir/rosidl_typesupport_fastrtps_c/slam_toolbox/srv/detail/pause__type_support_c.cpp.o[0m
[4.999s] [ 54%] [32mBuilding CXX object CMakeFiles/slam_toolbox__rosidl_typesupport_fastrtps_c.dir/rosidl_typesupport_fastrtps_c/slam_toolbox/srv/detail/toggle_interactive__type_support_c.cpp.o[0m
[5.029s] [ 55%] [32mBuilding CXX object CMakeFiles/slam_toolbox__rosidl_typesupport_fastrtps_c.dir/rosidl_typesupport_fastrtps_c/slam_toolbox/srv/detail/clear__type_support_c.cpp.o[0m
[5.081s] [ 55%] [32m[1mLinking CXX shared library libslam_toolbox__rosidl_typesupport_cpp.so[0m
[5.099s] [ 55%] [32m[1mLinking C shared library libslam_toolbox__rosidl_typesupport_introspection_c.so[0m
[5.140s] [ 56%] [32mBuilding CXX object CMakeFiles/slam_toolbox__rosidl_typesupport_fastrtps_c.dir/rosidl_typesupport_fastrtps_c/slam_toolbox/srv/detail/save_map__type_support_c.cpp.o[0m
[5.168s] [ 56%] Built target slam_toolbox__rosidl_typesupport_introspection_c
[5.173s] [ 56%] Built target slam_toolbox__rosidl_typesupport_cpp
[5.186s] [ 56%] [32mBuilding CXX object CMakeFiles/slam_toolbox__rosidl_typesupport_fastrtps_c.dir/rosidl_typesupport_fastrtps_c/slam_toolbox/srv/detail/loop_closure__type_support_c.cpp.o[0m
[5.186s] [ 57%] [32mBuilding CXX object CMakeFiles/slam_toolbox__rosidl_typesupport_fastrtps_c.dir/rosidl_typesupport_fastrtps_c/slam_toolbox/srv/detail/merge_maps__type_support_c.cpp.o[0m
[5.197s] [ 58%] [32mBuilding CXX object CMakeFiles/slam_toolbox__rosidl_typesupport_fastrtps_c.dir/rosidl_typesupport_fastrtps_c/slam_toolbox/srv/detail/add_submap__type_support_c.cpp.o[0m
[5.212s] [ 58%] [34m[1mGenerating rviz_plugin/moc_slam_toolbox_rviz_plugin.cpp[0m
[5.272s] [ 59%] [32mBuilding CXX object CMakeFiles/SlamToolboxPlugin.dir/rviz_plugin/slam_toolbox_rviz_plugin.cpp.o[0m
[5.310s] [ 60%] [32mBuilding CXX object CMakeFiles/SlamToolboxPlugin.dir/rviz_plugin/moc_slam_toolbox_rviz_plugin.cpp.o[0m
[5.360s] [ 60%] [32mBuilding CXX object CMakeFiles/slam_toolbox__rosidl_typesupport_fastrtps_c.dir/rosidl_typesupport_fastrtps_c/slam_toolbox/srv/detail/deserialize_pose_graph__type_support_c.cpp.o[0m
[5.485s] [ 61%] [32mBuilding CXX object CMakeFiles/slam_toolbox__rosidl_typesupport_fastrtps_c.dir/rosidl_typesupport_fastrtps_c/slam_toolbox/srv/detail/serialize_pose_graph__type_support_c.cpp.o[0m
[5.554s] [ 62%] [32m[1mLinking CXX shared library libslam_toolbox__rosidl_typesupport_fastrtps_cpp.so[0m
[5.613s] [ 62%] Built target slam_toolbox__rosidl_typesupport_fastrtps_cpp
[5.926s] [ 63%] [32m[1mLinking CXX shared library libslam_toolbox__rosidl_typesupport_fastrtps_c.so[0m
[6.000s] [ 63%] Built target slam_toolbox__rosidl_typesupport_fastrtps_c
[6.018s] [ 63%] Built target slam_toolbox
[6.040s] [ 63%] [34m[1mGenerating Python code for ROS interfaces[0m
[7.436s] [ 63%] Built target slam_toolbox__py
[7.454s] [ 67%] [32mBuilding C object CMakeFiles/slam_toolbox__rosidl_generator_py.dir/rosidl_generator_py/slam_toolbox/srv/_serialize_pose_graph_s.c.o[0m
[7.454s] [ 67%] [32mBuilding C object CMakeFiles/slam_toolbox__rosidl_generator_py.dir/rosidl_generator_py/slam_toolbox/srv/_merge_maps_s.c.o[0m
[7.454s] [ 67%] [32mBuilding C object CMakeFiles/slam_toolbox__rosidl_generator_py.dir/rosidl_generator_py/slam_toolbox/srv/_save_map_s.c.o[0m
[7.454s] [ 67%] [32mBuilding C object CMakeFiles/slam_toolbox__rosidl_generator_py.dir/rosidl_generator_py/slam_toolbox/srv/_loop_closure_s.c.o[0m
[7.454s] [ 67%] [32mBuilding C object CMakeFiles/slam_toolbox__rosidl_generator_py.dir/rosidl_generator_py/slam_toolbox/srv/_clear_queue_s.c.o[0m
[7.454s] [ 67%] [32mBuilding C object CMakeFiles/slam_toolbox__rosidl_generator_py.dir/rosidl_generator_py/slam_toolbox/srv/_deserialize_pose_graph_s.c.o[0m
[7.454s] [ 67%] [32mBuilding C object CMakeFiles/slam_toolbox__rosidl_generator_py.dir/rosidl_generator_py/slam_toolbox/srv/_pause_s.c.o[0m
[7.455s] [ 68%] [32mBuilding C object CMakeFiles/slam_toolbox__rosidl_generator_py.dir/rosidl_generator_py/slam_toolbox/srv/_toggle_interactive_s.c.o[0m
[7.455s] [ 69%] [32mBuilding C object CMakeFiles/slam_toolbox__rosidl_generator_py.dir/rosidl_generator_py/slam_toolbox/srv/_add_submap_s.c.o[0m
[7.458s] [ 70%] [32mBuilding C object CMakeFiles/slam_toolbox__rosidl_generator_py.dir/rosidl_generator_py/slam_toolbox/srv/_clear_s.c.o[0m
[7.640s] [ 71%] [32m[1mLinking C shared library rosidl_generator_py/slam_toolbox/libslam_toolbox__rosidl_generator_py.so[0m
[7.674s] [ 71%] Built target slam_toolbox__rosidl_generator_py
[7.687s] [ 72%] [32mBuilding C object CMakeFiles/slam_toolbox__rosidl_typesupport_c__pyext.dir/rosidl_generator_py/slam_toolbox/_slam_toolbox_s.ep.rosidl_typesupport_c.c.o[0m
[7.691s] [ 73%] [32mBuilding C object CMakeFiles/slam_toolbox__rosidl_typesupport_introspection_c__pyext.dir/rosidl_generator_py/slam_toolbox/_slam_toolbox_s.ep.rosidl_typesupport_introspection_c.c.o[0m
[7.693s] [ 74%] [32mBuilding C object CMakeFiles/slam_toolbox__rosidl_typesupport_fastrtps_c__pyext.dir/rosidl_generator_py/slam_toolbox/_slam_toolbox_s.ep.rosidl_typesupport_fastrtps_c.c.o[0m
[7.975s] [ 74%] [32m[1mLinking C shared library rosidl_generator_py/slam_toolbox/slam_toolbox_s__rosidl_typesupport_fastrtps_c.cpython-310-x86_64-linux-gnu.so[0m
[8.028s] [ 75%] [32m[1mLinking C shared library rosidl_generator_py/slam_toolbox/slam_toolbox_s__rosidl_typesupport_introspection_c.cpython-310-x86_64-linux-gnu.so[0m
[8.029s] [ 75%] Built target slam_toolbox__rosidl_typesupport_fastrtps_c__pyext
[8.038s] [ 76%] [32m[1mLinking C shared library rosidl_generator_py/slam_toolbox/slam_toolbox_s__rosidl_typesupport_c.cpython-310-x86_64-linux-gnu.so[0m
[8.076s] [ 76%] Built target slam_toolbox__rosidl_typesupport_c__pyext
[8.080s] [ 76%] Built target slam_toolbox__rosidl_typesupport_introspection_c__pyext
[18.366s] [ 77%] [32m[1mLinking CXX shared library libkartoSlamToolbox.so[0m
[18.591s] [ 77%] Built target kartoSlamToolbox
[18.608s] [ 78%] [32mBuilding CXX object CMakeFiles/toolbox_common.dir/src/loop_closure_assistant.cpp.o[0m
[18.608s] [ 78%] [32mBuilding CXX object CMakeFiles/toolbox_common.dir/src/map_saver.cpp.o[0m
[18.609s] [ 79%] [32mBuilding CXX object CMakeFiles/toolbox_common.dir/src/slam_toolbox_common.cpp.o[0m
[18.610s] [ 80%] [32mBuilding CXX object CMakeFiles/ceres_solver_plugin.dir/solvers/ceres_solver.cpp.o[0m
[18.610s] [ 81%] [32mBuilding CXX object CMakeFiles/toolbox_common.dir/src/laser_utils.cpp.o[0m
[18.610s] [ 82%] [32mBuilding CXX object CMakeFiles/toolbox_common.dir/src/slam_mapper.cpp.o[0m
[22.369s] [ 82%] [32m[1mLinking CXX shared library libSlamToolboxPlugin.so[0m
[23.940s] [ 82%] Built target SlamToolboxPlugin
[32.577s] [ 83%] [32m[1mLinking CXX shared library libceres_solver_plugin.so[0m
[32.935s] [ 83%] Built target ceres_solver_plugin
[43.172s] [ 84%] [32m[1mLinking CXX shared library libtoolbox_common.so[0m
[43.626s] [ 84%] Built target toolbox_common
[43.638s] [ 85%] [32mBuilding CXX object CMakeFiles/async_slam_toolbox.dir/src/slam_toolbox_async.cpp.o[0m
[43.642s] [ 85%] [32mBuilding CXX object CMakeFiles/localization_slam_toolbox.dir/src/slam_toolbox_localization.cpp.o[0m
[43.643s] [ 86%] [32mBuilding CXX object CMakeFiles/sync_slam_toolbox.dir/src/slam_toolbox_sync.cpp.o[0m
[43.644s] [ 87%] [32mBuilding CXX object CMakeFiles/merge_maps_kinematic.dir/src/merge_maps_kinematic.cpp.o[0m
[43.645s] [ 88%] [32mBuilding CXX object CMakeFiles/lifelong_slam_toolbox.dir/src/experimental/slam_toolbox_lifelong.cpp.o[0m
[54.623s] [ 89%] [32m[1mLinking CXX shared library libasync_slam_toolbox.so[0m
[55.160s] [ 89%] Built target async_slam_toolbox
[55.182s] [ 90%] [32mBuilding CXX object CMakeFiles/async_slam_toolbox_node.dir/src/slam_toolbox_async_node.cpp.o[0m
[55.282s] [ 91%] [32m[1mLinking CXX shared library libsync_slam_toolbox.so[0m
[55.821s] [ 91%] Built target sync_slam_toolbox
[55.845s] [ 92%] [32mBuilding CXX object CMakeFiles/sync_slam_toolbox_node.dir/src/slam_toolbox_sync_node.cpp.o[0m
[57.654s] [ 92%] [32m[1mLinking CXX shared library liblifelong_slam_toolbox.so[0m
[58.038s] [ 92%] Built target lifelong_slam_toolbox
[58.057s] [ 93%] [32mBuilding CXX object CMakeFiles/lifelong_slam_toolbox_node.dir/src/experimental/slam_toolbox_lifelong_node.cpp.o[0m
[58.060s] [ 94%] [32m[1mLinking CXX executable merge_maps_kinematic[0m
[58.472s] [ 94%] Built target merge_maps_kinematic
[60.728s] [ 95%] [32m[1mLinking CXX shared library liblocalization_slam_toolbox.so[0m
[61.133s] [ 95%] Built target localization_slam_toolbox
[61.153s] [ 95%] [32mBuilding CXX object CMakeFiles/map_and_localization_slam_toolbox.dir/src/experimental/slam_toolbox_map_and_localization.cpp.o[0m
[61.154s] [ 96%] [32mBuilding CXX object CMakeFiles/localization_slam_toolbox_node.dir/src/slam_toolbox_localization_node.cpp.o[0m
[66.463s] [ 96%] [32m[1mLinking CXX executable sync_slam_toolbox_node[0m
[66.822s] [ 96%] [32m[1mLinking CXX executable async_slam_toolbox_node[0m
[66.949s] [ 96%] Built target sync_slam_toolbox_node
[67.232s] [ 96%] Built target async_slam_toolbox_node
[69.076s] [ 97%] [32m[1mLinking CXX executable lifelong_slam_toolbox_node[0m
[69.356s] [ 97%] Built target lifelong_slam_toolbox_node
[71.877s] [ 98%] [32m[1mLinking CXX executable localization_slam_toolbox_node[0m
[72.139s] [ 98%] Built target localization_slam_toolbox_node
[76.927s] [ 99%] [32m[1mLinking CXX shared library libmap_and_localization_slam_toolbox.so[0m
[77.252s] [ 99%] Built target map_and_localization_slam_toolbox
[77.266s] [100%] [32mBuilding CXX object CMakeFiles/map_and_localization_slam_toolbox_node.dir/src/experimental/slam_toolbox_map_and_localization_node.cpp.o[0m
[85.599s] [100%] [32m[1mLinking CXX executable map_and_localization_slam_toolbox_node[0m
[85.836s] [100%] Built target map_and_localization_slam_toolbox_node
[85.847s] Invoked command in '/home/ojg/sim_ws/build/slam_toolbox' returned '0': CMAKE_PREFIX_PATH=${CMAKE_PREFIX_PATH}:/home/ojg/sim_ws/install/f1tenth_gym_ros:/opt/ros/humble /usr/bin/cmake --build /home/ojg/sim_ws/build/slam_toolbox -- -j18 -l18
[85.848s] Invoking command in '/home/ojg/sim_ws/build/slam_toolbox': CMAKE_PREFIX_PATH=${CMAKE_PREFIX_PATH}:/home/ojg/sim_ws/install/f1tenth_gym_ros:/opt/ros/humble /usr/bin/cmake --install /home/ojg/sim_ws/build/slam_toolbox
[85.854s] -- Install configuration: "Release"
[85.854s] -- Execute custom install script
[85.854s] -- Symlinking: /home/ojg/sim_ws/install/slam_toolbox/include//karto_sdk/Karto.h
[85.861s] -- Symlinking: /home/ojg/sim_ws/install/slam_toolbox/include//karto_sdk/Macros.h
[85.867s] -- Symlinking: /home/ojg/sim_ws/install/slam_toolbox/include//karto_sdk/Mapper.h
[85.872s] -- Symlinking: /home/ojg/sim_ws/install/slam_toolbox/include//karto_sdk/Math.h
[85.876s] -- Symlinking: /home/ojg/sim_ws/install/slam_toolbox/include//karto_sdk/Types.h
[85.883s] -- Symlinking: /home/ojg/sim_ws/install/slam_toolbox/include//karto_sdk/nanoflann.hpp
[85.888s] -- Symlinking: /home/ojg/sim_ws/install/slam_toolbox/include//karto_sdk/nanoflann_adaptors.h
[85.894s] -- Symlinking: /home/ojg/sim_ws/install/slam_toolbox/share/ament_index/resource_index/rosidl_interfaces/slam_toolbox
[85.900s] -- Symlinking: /home/ojg/sim_ws/install/slam_toolbox/include/slam_toolbox/slam_toolbox/msg/rosidl_generator_c__visibility_control.h
[85.905s] -- Symlinking: /home/ojg/sim_ws/install/slam_toolbox/include/slam_toolbox/slam_toolbox/srv/add_submap.h
[85.911s] -- Symlinking: /home/ojg/sim_ws/install/slam_toolbox/include/slam_toolbox/slam_toolbox/srv/clear.h
[85.916s] -- Symlinking: /home/ojg/sim_ws/install/slam_toolbox/include/slam_toolbox/slam_toolbox/srv/clear_queue.h
[85.921s] -- Symlinking: /home/ojg/sim_ws/install/slam_toolbox/include/slam_toolbox/slam_toolbox/srv/deserialize_pose_graph.h
[85.925s] -- Symlinking: /home/ojg/sim_ws/install/slam_toolbox/include/slam_toolbox/slam_toolbox/srv/detail/add_submap__functions.h
[85.930s] -- Symlinking: /home/ojg/sim_ws/install/slam_toolbox/include/slam_toolbox/slam_toolbox/srv/detail/add_submap__struct.h
[85.935s] -- Symlinking: /home/ojg/sim_ws/install/slam_toolbox/include/slam_toolbox/slam_toolbox/srv/detail/add_submap__type_support.h
[85.940s] -- Symlinking: /home/ojg/sim_ws/install/slam_toolbox/include/slam_toolbox/slam_toolbox/srv/detail/clear__functions.h
[85.945s] -- Symlinking: /home/ojg/sim_ws/install/slam_toolbox/include/slam_toolbox/slam_toolbox/srv/detail/clear__struct.h
[85.950s] -- Symlinking: /home/ojg/sim_ws/install/slam_toolbox/include/slam_toolbox/slam_toolbox/srv/detail/clear__type_support.h
[85.955s] -- Symlinking: /home/ojg/sim_ws/install/slam_toolbox/include/slam_toolbox/slam_toolbox/srv/detail/clear_queue__functions.h
[85.960s] -- Symlinking: /home/ojg/sim_ws/install/slam_toolbox/include/slam_toolbox/slam_toolbox/srv/detail/clear_queue__struct.h
[85.965s] -- Symlinking: /home/ojg/sim_ws/install/slam_toolbox/include/slam_toolbox/slam_toolbox/srv/detail/clear_queue__type_support.h
[85.970s] -- Symlinking: /home/ojg/sim_ws/install/slam_toolbox/include/slam_toolbox/slam_toolbox/srv/detail/deserialize_pose_graph__functions.h
[85.975s] -- Symlinking: /home/ojg/sim_ws/install/slam_toolbox/include/slam_toolbox/slam_toolbox/srv/detail/deserialize_pose_graph__struct.h
[85.979s] -- Symlinking: /home/ojg/sim_ws/install/slam_toolbox/include/slam_toolbox/slam_toolbox/srv/detail/deserialize_pose_graph__type_support.h
[85.984s] -- Symlinking: /home/ojg/sim_ws/install/slam_toolbox/include/slam_toolbox/slam_toolbox/srv/detail/loop_closure__functions.h
[85.989s] -- Symlinking: /home/ojg/sim_ws/install/slam_toolbox/include/slam_toolbox/slam_toolbox/srv/detail/loop_closure__struct.h
[85.994s] -- Symlinking: /home/ojg/sim_ws/install/slam_toolbox/include/slam_toolbox/slam_toolbox/srv/detail/loop_closure__type_support.h
[86.000s] -- Symlinking: /home/ojg/sim_ws/install/slam_toolbox/include/slam_toolbox/slam_toolbox/srv/detail/merge_maps__functions.h
[86.005s] -- Symlinking: /home/ojg/sim_ws/install/slam_toolbox/include/slam_toolbox/slam_toolbox/srv/detail/merge_maps__struct.h
[86.011s] -- Symlinking: /home/ojg/sim_ws/install/slam_toolbox/include/slam_toolbox/slam_toolbox/srv/detail/merge_maps__type_support.h
[86.016s] -- Symlinking: /home/ojg/sim_ws/install/slam_toolbox/include/slam_toolbox/slam_toolbox/srv/detail/pause__functions.h
[86.020s] -- Symlinking: /home/ojg/sim_ws/install/slam_toolbox/include/slam_toolbox/slam_toolbox/srv/detail/pause__struct.h
[86.025s] -- Symlinking: /home/ojg/sim_ws/install/slam_toolbox/include/slam_toolbox/slam_toolbox/srv/detail/pause__type_support.h
[86.030s] -- Symlinking: /home/ojg/sim_ws/install/slam_toolbox/include/slam_toolbox/slam_toolbox/srv/detail/save_map__functions.h
[86.034s] -- Symlinking: /home/ojg/sim_ws/install/slam_toolbox/include/slam_toolbox/slam_toolbox/srv/detail/save_map__struct.h
[86.038s] -- Symlinking: /home/ojg/sim_ws/install/slam_toolbox/include/slam_toolbox/slam_toolbox/srv/detail/save_map__type_support.h
[86.043s] -- Symlinking: /home/ojg/sim_ws/install/slam_toolbox/include/slam_toolbox/slam_toolbox/srv/detail/serialize_pose_graph__functions.h
[86.049s] -- Symlinking: /home/ojg/sim_ws/install/slam_toolbox/include/slam_toolbox/slam_toolbox/srv/detail/serialize_pose_graph__struct.h
[86.053s] -- Symlinking: /home/ojg/sim_ws/install/slam_toolbox/include/slam_toolbox/slam_toolbox/srv/detail/serialize_pose_graph__type_support.h
[86.058s] -- Symlinking: /home/ojg/sim_ws/install/slam_toolbox/include/slam_toolbox/slam_toolbox/srv/detail/toggle_interactive__functions.h
[86.063s] -- Symlinking: /home/ojg/sim_ws/install/slam_toolbox/include/slam_toolbox/slam_toolbox/srv/detail/toggle_interactive__struct.h
[86.067s] -- Symlinking: /home/ojg/sim_ws/install/slam_toolbox/include/slam_toolbox/slam_toolbox/srv/detail/toggle_interactive__type_support.h
[86.072s] -- Symlinking: /home/ojg/sim_ws/install/slam_toolbox/include/slam_toolbox/slam_toolbox/srv/loop_closure.h
[86.076s] -- Symlinking: /home/ojg/sim_ws/install/slam_toolbox/include/slam_toolbox/slam_toolbox/srv/merge_maps.h
[86.081s] -- Symlinking: /home/ojg/sim_ws/install/slam_toolbox/include/slam_toolbox/slam_toolbox/srv/pause.h
[86.086s] -- Symlinking: /home/ojg/sim_ws/install/slam_toolbox/include/slam_toolbox/slam_toolbox/srv/save_map.h
[86.091s] -- Symlinking: /home/ojg/sim_ws/install/slam_toolbox/include/slam_toolbox/slam_toolbox/srv/serialize_pose_graph.h
[86.096s] -- Symlinking: /home/ojg/sim_ws/install/slam_toolbox/include/slam_toolbox/slam_toolbox/srv/toggle_interactive.h
[86.101s] -- Symlinking: /home/ojg/sim_ws/install/slam_toolbox/share/slam_toolbox/environment/library_path.sh
[86.107s] -- Symlinking: /home/ojg/sim_ws/install/slam_toolbox/share/slam_toolbox/environment/library_path.dsv
[86.114s] -- Symlinking: /home/ojg/sim_ws/install/slam_toolbox/include/slam_toolbox/slam_toolbox/msg/rosidl_typesupport_fastrtps_c__visibility_control.h
[86.120s] -- Symlinking: /home/ojg/sim_ws/install/slam_toolbox/include/slam_toolbox/slam_toolbox/srv/detail/add_submap__rosidl_typesupport_fastrtps_c.h
[86.124s] -- Symlinking: /home/ojg/sim_ws/install/slam_toolbox/include/slam_toolbox/slam_toolbox/srv/detail/clear__rosidl_typesupport_fastrtps_c.h
[86.130s] -- Symlinking: /home/ojg/sim_ws/install/slam_toolbox/include/slam_toolbox/slam_toolbox/srv/detail/clear_queue__rosidl_typesupport_fastrtps_c.h
[86.134s] -- Symlinking: /home/ojg/sim_ws/install/slam_toolbox/include/slam_toolbox/slam_toolbox/srv/detail/deserialize_pose_graph__rosidl_typesupport_fastrtps_c.h
[86.139s] -- Symlinking: /home/ojg/sim_ws/install/slam_toolbox/include/slam_toolbox/slam_toolbox/srv/detail/loop_closure__rosidl_typesupport_fastrtps_c.h
[86.145s] -- Symlinking: /home/ojg/sim_ws/install/slam_toolbox/include/slam_toolbox/slam_toolbox/srv/detail/merge_maps__rosidl_typesupport_fastrtps_c.h
[86.149s] -- Symlinking: /home/ojg/sim_ws/install/slam_toolbox/include/slam_toolbox/slam_toolbox/srv/detail/pause__rosidl_typesupport_fastrtps_c.h
[86.154s] -- Symlinking: /home/ojg/sim_ws/install/slam_toolbox/include/slam_toolbox/slam_toolbox/srv/detail/save_map__rosidl_typesupport_fastrtps_c.h
[86.158s] -- Symlinking: /home/ojg/sim_ws/install/slam_toolbox/include/slam_toolbox/slam_toolbox/srv/detail/serialize_pose_graph__rosidl_typesupport_fastrtps_c.h
[86.163s] -- Symlinking: /home/ojg/sim_ws/install/slam_toolbox/include/slam_toolbox/slam_toolbox/srv/detail/toggle_interactive__rosidl_typesupport_fastrtps_c.h
[86.168s] -- Symlinking: /home/ojg/sim_ws/install/slam_toolbox/include/slam_toolbox/slam_toolbox/msg/rosidl_generator_cpp__visibility_control.hpp
[86.172s] -- Symlinking: /home/ojg/sim_ws/install/slam_toolbox/include/slam_toolbox/slam_toolbox/srv/add_submap.hpp
[86.178s] -- Symlinking: /home/ojg/sim_ws/install/slam_toolbox/include/slam_toolbox/slam_toolbox/srv/clear.hpp
[86.183s] -- Symlinking: /home/ojg/sim_ws/install/slam_toolbox/include/slam_toolbox/slam_toolbox/srv/clear_queue.hpp
[86.187s] -- Symlinking: /home/ojg/sim_ws/install/slam_toolbox/include/slam_toolbox/slam_toolbox/srv/deserialize_pose_graph.hpp
[86.193s] -- Symlinking: /home/ojg/sim_ws/install/slam_toolbox/include/slam_toolbox/slam_toolbox/srv/detail/add_submap__builder.hpp
[86.198s] -- Symlinking: /home/ojg/sim_ws/install/slam_toolbox/include/slam_toolbox/slam_toolbox/srv/detail/add_submap__struct.hpp
[86.203s] -- Symlinking: /home/ojg/sim_ws/install/slam_toolbox/include/slam_toolbox/slam_toolbox/srv/detail/add_submap__traits.hpp
[86.209s] -- Symlinking: /home/ojg/sim_ws/install/slam_toolbox/include/slam_toolbox/slam_toolbox/srv/detail/add_submap__type_support.hpp
[86.215s] -- Symlinking: /home/ojg/sim_ws/install/slam_toolbox/include/slam_toolbox/slam_toolbox/srv/detail/clear__builder.hpp
[86.220s] -- Symlinking: /home/ojg/sim_ws/install/slam_toolbox/include/slam_toolbox/slam_toolbox/srv/detail/clear__struct.hpp
[86.224s] -- Symlinking: /home/ojg/sim_ws/install/slam_toolbox/include/slam_toolbox/slam_toolbox/srv/detail/clear__traits.hpp
[86.230s] -- Symlinking: /home/ojg/sim_ws/install/slam_toolbox/include/slam_toolbox/slam_toolbox/srv/detail/clear__type_support.hpp
[86.235s] -- Symlinking: /home/ojg/sim_ws/install/slam_toolbox/include/slam_toolbox/slam_toolbox/srv/detail/clear_queue__builder.hpp
[86.240s] -- Symlinking: /home/ojg/sim_ws/install/slam_toolbox/include/slam_toolbox/slam_toolbox/srv/detail/clear_queue__struct.hpp
[86.245s] -- Symlinking: /home/ojg/sim_ws/install/slam_toolbox/include/slam_toolbox/slam_toolbox/srv/detail/clear_queue__traits.hpp
[86.251s] -- Symlinking: /home/ojg/sim_ws/install/slam_toolbox/include/slam_toolbox/slam_toolbox/srv/detail/clear_queue__type_support.hpp
[86.256s] -- Symlinking: /home/ojg/sim_ws/install/slam_toolbox/include/slam_toolbox/slam_toolbox/srv/detail/deserialize_pose_graph__builder.hpp
[86.262s] -- Symlinking: /home/ojg/sim_ws/install/slam_toolbox/include/slam_toolbox/slam_toolbox/srv/detail/deserialize_pose_graph__struct.hpp
[86.267s] -- Symlinking: /home/ojg/sim_ws/install/slam_toolbox/include/slam_toolbox/slam_toolbox/srv/detail/deserialize_pose_graph__traits.hpp
[86.272s] -- Symlinking: /home/ojg/sim_ws/install/slam_toolbox/include/slam_toolbox/slam_toolbox/srv/detail/deserialize_pose_graph__type_support.hpp
[86.277s] -- Symlinking: /home/ojg/sim_ws/install/slam_toolbox/include/slam_toolbox/slam_toolbox/srv/detail/loop_closure__builder.hpp
[86.283s] -- Symlinking: /home/ojg/sim_ws/install/slam_toolbox/include/slam_toolbox/slam_toolbox/srv/detail/loop_closure__struct.hpp
[86.288s] -- Symlinking: /home/ojg/sim_ws/install/slam_toolbox/include/slam_toolbox/slam_toolbox/srv/detail/loop_closure__traits.hpp
[86.292s] -- Symlinking: /home/ojg/sim_ws/install/slam_toolbox/include/slam_toolbox/slam_toolbox/srv/detail/loop_closure__type_support.hpp
[86.297s] -- Symlinking: /home/ojg/sim_ws/install/slam_toolbox/include/slam_toolbox/slam_toolbox/srv/detail/merge_maps__builder.hpp
[86.303s] -- Symlinking: /home/ojg/sim_ws/install/slam_toolbox/include/slam_toolbox/slam_toolbox/srv/detail/merge_maps__struct.hpp
[86.310s] -- Symlinking: /home/ojg/sim_ws/install/slam_toolbox/include/slam_toolbox/slam_toolbox/srv/detail/merge_maps__traits.hpp
[86.314s] -- Symlinking: /home/ojg/sim_ws/install/slam_toolbox/include/slam_toolbox/slam_toolbox/srv/detail/merge_maps__type_support.hpp
[86.320s] -- Symlinking: /home/ojg/sim_ws/install/slam_toolbox/include/slam_toolbox/slam_toolbox/srv/detail/pause__builder.hpp
[86.326s] -- Symlinking: /home/ojg/sim_ws/install/slam_toolbox/include/slam_toolbox/slam_toolbox/srv/detail/pause__struct.hpp
[86.332s] -- Symlinking: /home/ojg/sim_ws/install/slam_toolbox/include/slam_toolbox/slam_toolbox/srv/detail/pause__traits.hpp
[86.337s] -- Symlinking: /home/ojg/sim_ws/install/slam_toolbox/include/slam_toolbox/slam_toolbox/srv/detail/pause__type_support.hpp
[86.341s] -- Symlinking: /home/ojg/sim_ws/install/slam_toolbox/include/slam_toolbox/slam_toolbox/srv/detail/save_map__builder.hpp
[86.347s] -- Symlinking: /home/ojg/sim_ws/install/slam_toolbox/include/slam_toolbox/slam_toolbox/srv/detail/save_map__struct.hpp
[86.353s] -- Symlinking: /home/ojg/sim_ws/install/slam_toolbox/include/slam_toolbox/slam_toolbox/srv/detail/save_map__traits.hpp
[86.357s] -- Symlinking: /home/ojg/sim_ws/install/slam_toolbox/include/slam_toolbox/slam_toolbox/srv/detail/save_map__type_support.hpp
[86.362s] -- Symlinking: /home/ojg/sim_ws/install/slam_toolbox/include/slam_toolbox/slam_toolbox/srv/detail/serialize_pose_graph__builder.hpp
[86.367s] -- Symlinking: /home/ojg/sim_ws/install/slam_toolbox/include/slam_toolbox/slam_toolbox/srv/detail/serialize_pose_graph__struct.hpp
[86.372s] -- Symlinking: /home/ojg/sim_ws/install/slam_toolbox/include/slam_toolbox/slam_toolbox/srv/detail/serialize_pose_graph__traits.hpp
[86.377s] -- Symlinking: /home/ojg/sim_ws/install/slam_toolbox/include/slam_toolbox/slam_toolbox/srv/detail/serialize_pose_graph__type_support.hpp
[86.382s] -- Symlinking: /home/ojg/sim_ws/install/slam_toolbox/include/slam_toolbox/slam_toolbox/srv/detail/toggle_interactive__builder.hpp
[86.387s] -- Symlinking: /home/ojg/sim_ws/install/slam_toolbox/include/slam_toolbox/slam_toolbox/srv/detail/toggle_interactive__struct.hpp
[86.393s] -- Symlinking: /home/ojg/sim_ws/install/slam_toolbox/include/slam_toolbox/slam_toolbox/srv/detail/toggle_interactive__traits.hpp
[86.399s] -- Symlinking: /home/ojg/sim_ws/install/slam_toolbox/include/slam_toolbox/slam_toolbox/srv/detail/toggle_interactive__type_support.hpp
[86.404s] -- Symlinking: /home/ojg/sim_ws/install/slam_toolbox/include/slam_toolbox/slam_toolbox/srv/loop_closure.hpp
[86.411s] -- Symlinking: /home/ojg/sim_ws/install/slam_toolbox/include/slam_toolbox/slam_toolbox/srv/merge_maps.hpp
[86.416s] -- Symlinking: /home/ojg/sim_ws/install/slam_toolbox/include/slam_toolbox/slam_toolbox/srv/pause.hpp
[86.420s] -- Symlinking: /home/ojg/sim_ws/install/slam_toolbox/include/slam_toolbox/slam_toolbox/srv/save_map.hpp
[86.426s] -- Symlinking: /home/ojg/sim_ws/install/slam_toolbox/include/slam_toolbox/slam_toolbox/srv/serialize_pose_graph.hpp
[86.431s] -- Symlinking: /home/ojg/sim_ws/install/slam_toolbox/include/slam_toolbox/slam_toolbox/srv/toggle_interactive.hpp
[86.437s] -- Symlinking: /home/ojg/sim_ws/install/slam_toolbox/include/slam_toolbox/slam_toolbox/msg/rosidl_typesupport_fastrtps_cpp__visibility_control.h
[86.441s] -- Symlinking: /home/ojg/sim_ws/install/slam_toolbox/include/slam_toolbox/slam_toolbox/srv/detail/add_submap__rosidl_typesupport_fastrtps_cpp.hpp
[86.445s] -- Symlinking: /home/ojg/sim_ws/install/slam_toolbox/include/slam_toolbox/slam_toolbox/srv/detail/clear__rosidl_typesupport_fastrtps_cpp.hpp
[86.450s] -- Symlinking: /home/ojg/sim_ws/install/slam_toolbox/include/slam_toolbox/slam_toolbox/srv/detail/clear_queue__rosidl_typesupport_fastrtps_cpp.hpp
[86.455s] -- Symlinking: /home/ojg/sim_ws/install/slam_toolbox/include/slam_toolbox/slam_toolbox/srv/detail/deserialize_pose_graph__rosidl_typesupport_fastrtps_cpp.hpp
[86.459s] -- Symlinking: /home/ojg/sim_ws/install/slam_toolbox/include/slam_toolbox/slam_toolbox/srv/detail/loop_closure__rosidl_typesupport_fastrtps_cpp.hpp
[86.465s] -- Symlinking: /home/ojg/sim_ws/install/slam_toolbox/include/slam_toolbox/slam_toolbox/srv/detail/merge_maps__rosidl_typesupport_fastrtps_cpp.hpp
[86.469s] -- Symlinking: /home/ojg/sim_ws/install/slam_toolbox/include/slam_toolbox/slam_toolbox/srv/detail/pause__rosidl_typesupport_fastrtps_cpp.hpp
[86.474s] -- Symlinking: /home/ojg/sim_ws/install/slam_toolbox/include/slam_toolbox/slam_toolbox/srv/detail/save_map__rosidl_typesupport_fastrtps_cpp.hpp
[86.479s] -- Symlinking: /home/ojg/sim_ws/install/slam_toolbox/include/slam_toolbox/slam_toolbox/srv/detail/serialize_pose_graph__rosidl_typesupport_fastrtps_cpp.hpp
[86.484s] -- Symlinking: /home/ojg/sim_ws/install/slam_toolbox/include/slam_toolbox/slam_toolbox/srv/detail/toggle_interactive__rosidl_typesupport_fastrtps_cpp.hpp
[86.491s] -- Symlinking: /home/ojg/sim_ws/install/slam_toolbox/include/slam_toolbox/slam_toolbox/msg/rosidl_typesupport_introspection_c__visibility_control.h
[86.495s] -- Symlinking: /home/ojg/sim_ws/install/slam_toolbox/include/slam_toolbox/slam_toolbox/srv/detail/add_submap__rosidl_typesupport_introspection_c.h
[86.500s] -- Symlinking: /home/ojg/sim_ws/install/slam_toolbox/include/slam_toolbox/slam_toolbox/srv/detail/clear__rosidl_typesupport_introspection_c.h
[86.505s] -- Symlinking: /home/ojg/sim_ws/install/slam_toolbox/include/slam_toolbox/slam_toolbox/srv/detail/clear_queue__rosidl_typesupport_introspection_c.h
[86.512s] -- Symlinking: /home/ojg/sim_ws/install/slam_toolbox/include/slam_toolbox/slam_toolbox/srv/detail/deserialize_pose_graph__rosidl_typesupport_introspection_c.h
[86.517s] -- Symlinking: /home/ojg/sim_ws/install/slam_toolbox/include/slam_toolbox/slam_toolbox/srv/detail/loop_closure__rosidl_typesupport_introspection_c.h
[86.522s] -- Symlinking: /home/ojg/sim_ws/install/slam_toolbox/include/slam_toolbox/slam_toolbox/srv/detail/merge_maps__rosidl_typesupport_introspection_c.h
[86.527s] -- Symlinking: /home/ojg/sim_ws/install/slam_toolbox/include/slam_toolbox/slam_toolbox/srv/detail/pause__rosidl_typesupport_introspection_c.h
[86.532s] -- Symlinking: /home/ojg/sim_ws/install/slam_toolbox/include/slam_toolbox/slam_toolbox/srv/detail/save_map__rosidl_typesupport_introspection_c.h
[86.538s] -- Symlinking: /home/ojg/sim_ws/install/slam_toolbox/include/slam_toolbox/slam_toolbox/srv/detail/serialize_pose_graph__rosidl_typesupport_introspection_c.h
[86.543s] -- Symlinking: /home/ojg/sim_ws/install/slam_toolbox/include/slam_toolbox/slam_toolbox/srv/detail/toggle_interactive__rosidl_typesupport_introspection_c.h
[86.548s] -- Symlinking: /home/ojg/sim_ws/install/slam_toolbox/include/slam_toolbox/slam_toolbox/srv/detail/add_submap__rosidl_typesupport_introspection_cpp.hpp
[86.553s] -- Symlinking: /home/ojg/sim_ws/install/slam_toolbox/include/slam_toolbox/slam_toolbox/srv/detail/clear__rosidl_typesupport_introspection_cpp.hpp
[86.557s] -- Symlinking: /home/ojg/sim_ws/install/slam_toolbox/include/slam_toolbox/slam_toolbox/srv/detail/clear_queue__rosidl_typesupport_introspection_cpp.hpp
[86.562s] -- Symlinking: /home/ojg/sim_ws/install/slam_toolbox/include/slam_toolbox/slam_toolbox/srv/detail/deserialize_pose_graph__rosidl_typesupport_introspection_cpp.hpp
[86.567s] -- Symlinking: /home/ojg/sim_ws/install/slam_toolbox/include/slam_toolbox/slam_toolbox/srv/detail/loop_closure__rosidl_typesupport_introspection_cpp.hpp
[86.573s] -- Symlinking: /home/ojg/sim_ws/install/slam_toolbox/include/slam_toolbox/slam_toolbox/srv/detail/merge_maps__rosidl_typesupport_introspection_cpp.hpp
[86.578s] -- Symlinking: /home/ojg/sim_ws/install/slam_toolbox/include/slam_toolbox/slam_toolbox/srv/detail/pause__rosidl_typesupport_introspection_cpp.hpp
[86.583s] -- Symlinking: /home/ojg/sim_ws/install/slam_toolbox/include/slam_toolbox/slam_toolbox/srv/detail/save_map__rosidl_typesupport_introspection_cpp.hpp
[86.588s] -- Symlinking: /home/ojg/sim_ws/install/slam_toolbox/include/slam_toolbox/slam_toolbox/srv/detail/serialize_pose_graph__rosidl_typesupport_introspection_cpp.hpp
[86.593s] -- Symlinking: /home/ojg/sim_ws/install/slam_toolbox/include/slam_toolbox/slam_toolbox/srv/detail/toggle_interactive__rosidl_typesupport_introspection_cpp.hpp
[86.598s] -- Symlinking: /home/ojg/sim_ws/install/slam_toolbox/share/slam_toolbox/environment/pythonpath.sh
[86.603s] -- Symlinking: /home/ojg/sim_ws/install/slam_toolbox/share/slam_toolbox/environment/pythonpath.dsv
[86.608s] -- Symlinking: /home/ojg/sim_ws/install/slam_toolbox/local/lib/python3.10/dist-packages/slam_toolbox-2.6.10-py3.10.egg-info/PKG-INFO
[86.614s] -- Symlinking: /home/ojg/sim_ws/install/slam_toolbox/local/lib/python3.10/dist-packages/slam_toolbox-2.6.10-py3.10.egg-info/SOURCES.txt
[86.619s] -- Symlinking: /home/ojg/sim_ws/install/slam_toolbox/local/lib/python3.10/dist-packages/slam_toolbox-2.6.10-py3.10.egg-info/dependency_links.txt
[86.625s] -- Symlinking: /home/ojg/sim_ws/install/slam_toolbox/local/lib/python3.10/dist-packages/slam_toolbox-2.6.10-py3.10.egg-info/top_level.txt
[86.630s] -- Symlinking: /home/ojg/sim_ws/install/slam_toolbox/local/lib/python3.10/dist-packages/slam_toolbox/__init__.py
[86.636s] -- Symlinking: /home/ojg/sim_ws/install/slam_toolbox/local/lib/python3.10/dist-packages/slam_toolbox/_slam_toolbox_s.ep.rosidl_typesupport_c.c
[86.641s] -- Symlinking: /home/ojg/sim_ws/install/slam_toolbox/local/lib/python3.10/dist-packages/slam_toolbox/_slam_toolbox_s.ep.rosidl_typesupport_fastrtps_c.c
[86.646s] -- Symlinking: /home/ojg/sim_ws/install/slam_toolbox/local/lib/python3.10/dist-packages/slam_toolbox/_slam_toolbox_s.ep.rosidl_typesupport_introspection_c.c
[86.650s] -- Symlinking: /home/ojg/sim_ws/install/slam_toolbox/local/lib/python3.10/dist-packages/slam_toolbox/libslam_toolbox__rosidl_generator_py.so
[86.655s] -- Symlinking: /home/ojg/sim_ws/install/slam_toolbox/local/lib/python3.10/dist-packages/slam_toolbox/slam_toolbox_s__rosidl_typesupport_c.cpython-310-x86_64-linux-gnu.so
[86.660s] -- Symlinking: /home/ojg/sim_ws/install/slam_toolbox/local/lib/python3.10/dist-packages/slam_toolbox/slam_toolbox_s__rosidl_typesupport_fastrtps_c.cpython-310-x86_64-linux-gnu.so
[86.665s] -- Symlinking: /home/ojg/sim_ws/install/slam_toolbox/local/lib/python3.10/dist-packages/slam_toolbox/slam_toolbox_s__rosidl_typesupport_introspection_c.cpython-310-x86_64-linux-gnu.so
[86.669s] -- Symlinking: /home/ojg/sim_ws/install/slam_toolbox/local/lib/python3.10/dist-packages/slam_toolbox/srv/__init__.py
[86.675s] -- Symlinking: /home/ojg/sim_ws/install/slam_toolbox/local/lib/python3.10/dist-packages/slam_toolbox/srv/_add_submap.py
[86.680s] -- Symlinking: /home/ojg/sim_ws/install/slam_toolbox/local/lib/python3.10/dist-packages/slam_toolbox/srv/_add_submap_s.c
[86.685s] -- Symlinking: /home/ojg/sim_ws/install/slam_toolbox/local/lib/python3.10/dist-packages/slam_toolbox/srv/_clear.py
[86.691s] -- Symlinking: /home/ojg/sim_ws/install/slam_toolbox/local/lib/python3.10/dist-packages/slam_toolbox/srv/_clear_queue.py
[86.696s] -- Symlinking: /home/ojg/sim_ws/install/slam_toolbox/local/lib/python3.10/dist-packages/slam_toolbox/srv/_clear_queue_s.c
[86.701s] -- Symlinking: /home/ojg/sim_ws/install/slam_toolbox/local/lib/python3.10/dist-packages/slam_toolbox/srv/_clear_s.c
[86.708s] -- Symlinking: /home/ojg/sim_ws/install/slam_toolbox/local/lib/python3.10/dist-packages/slam_toolbox/srv/_deserialize_pose_graph.py
[86.713s] -- Symlinking: /home/ojg/sim_ws/install/slam_toolbox/local/lib/python3.10/dist-packages/slam_toolbox/srv/_deserialize_pose_graph_s.c
[86.718s] -- Symlinking: /home/ojg/sim_ws/install/slam_toolbox/local/lib/python3.10/dist-packages/slam_toolbox/srv/_loop_closure.py
[86.724s] -- Symlinking: /home/ojg/sim_ws/install/slam_toolbox/local/lib/python3.10/dist-packages/slam_toolbox/srv/_loop_closure_s.c
[86.729s] -- Symlinking: /home/ojg/sim_ws/install/slam_toolbox/local/lib/python3.10/dist-packages/slam_toolbox/srv/_merge_maps.py
[86.734s] -- Symlinking: /home/ojg/sim_ws/install/slam_toolbox/local/lib/python3.10/dist-packages/slam_toolbox/srv/_merge_maps_s.c
[86.740s] -- Symlinking: /home/ojg/sim_ws/install/slam_toolbox/local/lib/python3.10/dist-packages/slam_toolbox/srv/_pause.py
[86.745s] -- Symlinking: /home/ojg/sim_ws/install/slam_toolbox/local/lib/python3.10/dist-packages/slam_toolbox/srv/_pause_s.c
[86.749s] -- Symlinking: /home/ojg/sim_ws/install/slam_toolbox/local/lib/python3.10/dist-packages/slam_toolbox/srv/_save_map.py
[86.755s] -- Symlinking: /home/ojg/sim_ws/install/slam_toolbox/local/lib/python3.10/dist-packages/slam_toolbox/srv/_save_map_s.c
[86.761s] -- Symlinking: /home/ojg/sim_ws/install/slam_toolbox/local/lib/python3.10/dist-packages/slam_toolbox/srv/_serialize_pose_graph.py
[86.766s] -- Symlinking: /home/ojg/sim_ws/install/slam_toolbox/local/lib/python3.10/dist-packages/slam_toolbox/srv/_serialize_pose_graph_s.c
[86.772s] -- Symlinking: /home/ojg/sim_ws/install/slam_toolbox/local/lib/python3.10/dist-packages/slam_toolbox/srv/_toggle_interactive.py
[86.777s] -- Symlinking: /home/ojg/sim_ws/install/slam_toolbox/local/lib/python3.10/dist-packages/slam_toolbox/srv/_toggle_interactive_s.c
[86.782s] -- Up-to-date symlink: /home/ojg/sim_ws/install/slam_toolbox/local/lib/python3.10/dist-packages/slam_toolbox/slam_toolbox_s__rosidl_typesupport_fastrtps_c.cpython-310-x86_64-linux-gnu.so
[86.782s] -- Up-to-date symlink: /home/ojg/sim_ws/install/slam_toolbox/local/lib/python3.10/dist-packages/slam_toolbox/slam_toolbox_s__rosidl_typesupport_introspection_c.cpython-310-x86_64-linux-gnu.so
[86.782s] -- Up-to-date symlink: /home/ojg/sim_ws/install/slam_toolbox/local/lib/python3.10/dist-packages/slam_toolbox/slam_toolbox_s__rosidl_typesupport_c.cpython-310-x86_64-linux-gnu.so
[86.782s] -- Symlinking: /home/ojg/sim_ws/install/slam_toolbox/share/slam_toolbox/srv/Pause.idl
[86.787s] -- Symlinking: /home/ojg/sim_ws/install/slam_toolbox/share/slam_toolbox/srv/ClearQueue.idl
[86.792s] -- Symlinking: /home/ojg/sim_ws/install/slam_toolbox/share/slam_toolbox/srv/ToggleInteractive.idl
[86.797s] -- Symlinking: /home/ojg/sim_ws/install/slam_toolbox/share/slam_toolbox/srv/Clear.idl
[86.802s] -- Symlinking: /home/ojg/sim_ws/install/slam_toolbox/share/slam_toolbox/srv/SaveMap.idl
[86.808s] -- Symlinking: /home/ojg/sim_ws/install/slam_toolbox/share/slam_toolbox/srv/LoopClosure.idl
[86.814s] -- Symlinking: /home/ojg/sim_ws/install/slam_toolbox/share/slam_toolbox/srv/MergeMaps.idl
[86.820s] -- Symlinking: /home/ojg/sim_ws/install/slam_toolbox/share/slam_toolbox/srv/AddSubmap.idl
[86.825s] -- Symlinking: /home/ojg/sim_ws/install/slam_toolbox/share/slam_toolbox/srv/DeserializePoseGraph.idl
[86.830s] -- Symlinking: /home/ojg/sim_ws/install/slam_toolbox/share/slam_toolbox/srv/SerializePoseGraph.idl
[86.834s] -- Symlinking: /home/ojg/sim_ws/install/slam_toolbox/share/slam_toolbox/srv/Pause.srv
[86.840s] -- Symlinking: /home/ojg/sim_ws/install/slam_toolbox/share/slam_toolbox/srv/Pause_Request.msg
[86.844s] -- Symlinking: /home/ojg/sim_ws/install/slam_toolbox/share/slam_toolbox/srv/Pause_Response.msg
[86.849s] -- Symlinking: /home/ojg/sim_ws/install/slam_toolbox/share/slam_toolbox/srv/ClearQueue.srv
[86.855s] -- Symlinking: /home/ojg/sim_ws/install/slam_toolbox/share/slam_toolbox/srv/ClearQueue_Request.msg
[86.862s] -- Symlinking: /home/ojg/sim_ws/install/slam_toolbox/share/slam_toolbox/srv/ClearQueue_Response.msg
[86.866s] -- Symlinking: /home/ojg/sim_ws/install/slam_toolbox/share/slam_toolbox/srv/ToggleInteractive.srv
[86.872s] -- Symlinking: /home/ojg/sim_ws/install/slam_toolbox/share/slam_toolbox/srv/ToggleInteractive_Request.msg
[86.877s] -- Symlinking: /home/ojg/sim_ws/install/slam_toolbox/share/slam_toolbox/srv/ToggleInteractive_Response.msg
[86.882s] -- Symlinking: /home/ojg/sim_ws/install/slam_toolbox/share/slam_toolbox/srv/Clear.srv
[86.887s] -- Symlinking: /home/ojg/sim_ws/install/slam_toolbox/share/slam_toolbox/srv/Clear_Request.msg
[86.892s] -- Symlinking: /home/ojg/sim_ws/install/slam_toolbox/share/slam_toolbox/srv/Clear_Response.msg
[86.898s] -- Symlinking: /home/ojg/sim_ws/install/slam_toolbox/share/slam_toolbox/srv/SaveMap.srv
[86.903s] -- Symlinking: /home/ojg/sim_ws/install/slam_toolbox/share/slam_toolbox/srv/SaveMap_Request.msg
[86.910s] -- Symlinking: /home/ojg/sim_ws/install/slam_toolbox/share/slam_toolbox/srv/SaveMap_Response.msg
[86.917s] -- Symlinking: /home/ojg/sim_ws/install/slam_toolbox/share/slam_toolbox/srv/LoopClosure.srv
[86.921s] -- Symlinking: /home/ojg/sim_ws/install/slam_toolbox/share/slam_toolbox/srv/LoopClosure_Request.msg
[86.927s] -- Symlinking: /home/ojg/sim_ws/install/slam_toolbox/share/slam_toolbox/srv/LoopClosure_Response.msg
[86.932s] -- Symlinking: /home/ojg/sim_ws/install/slam_toolbox/share/slam_toolbox/srv/MergeMaps.srv
[86.937s] -- Symlinking: /home/ojg/sim_ws/install/slam_toolbox/share/slam_toolbox/srv/MergeMaps_Request.msg
[86.942s] -- Symlinking: /home/ojg/sim_ws/install/slam_toolbox/share/slam_toolbox/srv/MergeMaps_Response.msg
[86.947s] -- Symlinking: /home/ojg/sim_ws/install/slam_toolbox/share/slam_toolbox/srv/AddSubmap.srv
[86.951s] -- Symlinking: /home/ojg/sim_ws/install/slam_toolbox/share/slam_toolbox/srv/AddSubmap_Request.msg
[86.955s] -- Symlinking: /home/ojg/sim_ws/install/slam_toolbox/share/slam_toolbox/srv/AddSubmap_Response.msg
[86.960s] -- Symlinking: /home/ojg/sim_ws/install/slam_toolbox/share/slam_toolbox/srv/DeserializePoseGraph.srv
[86.964s] -- Symlinking: /home/ojg/sim_ws/install/slam_toolbox/share/slam_toolbox/srv/DeserializePoseGraph_Request.msg
[86.969s] -- Symlinking: /home/ojg/sim_ws/install/slam_toolbox/share/slam_toolbox/srv/DeserializePoseGraph_Response.msg
[86.974s] -- Symlinking: /home/ojg/sim_ws/install/slam_toolbox/share/slam_toolbox/srv/SerializePoseGraph.srv
[86.978s] -- Symlinking: /home/ojg/sim_ws/install/slam_toolbox/share/slam_toolbox/srv/SerializePoseGraph_Request.msg
[86.983s] -- Symlinking: /home/ojg/sim_ws/install/slam_toolbox/share/slam_toolbox/srv/SerializePoseGraph_Response.msg
[86.988s] -- Symlinking: /home/ojg/sim_ws/install/slam_toolbox/share/slam_toolbox//rviz_plugins.xml
[86.994s] -- Symlinking: /home/ojg/sim_ws/install/slam_toolbox/share/slam_toolbox//solver_plugins.xml
[87.000s] -- Symlinking: /home/ojg/sim_ws/install/slam_toolbox/lib/slam_toolbox/async_slam_toolbox_node
[87.004s] -- Symlinking: /home/ojg/sim_ws/install/slam_toolbox/lib/slam_toolbox/sync_slam_toolbox_node
[87.010s] -- Symlinking: /home/ojg/sim_ws/install/slam_toolbox/lib/slam_toolbox/localization_slam_toolbox_node
[87.015s] -- Symlinking: /home/ojg/sim_ws/install/slam_toolbox/lib/slam_toolbox/map_and_localization_slam_toolbox_node
[87.020s] -- Symlinking: /home/ojg/sim_ws/install/slam_toolbox/lib/slam_toolbox/merge_maps_kinematic
[87.025s] -- Symlinking: /home/ojg/sim_ws/install/slam_toolbox/lib/libtoolbox_common.so
[87.030s] -- Symlinking: /home/ojg/sim_ws/install/slam_toolbox/lib/libSlamToolboxPlugin.so
[87.035s] -- Symlinking: /home/ojg/sim_ws/install/slam_toolbox/lib/libceres_solver_plugin.so
[87.040s] -- Symlinking: /home/ojg/sim_ws/install/slam_toolbox/lib/libasync_slam_toolbox.so
[87.045s] -- Symlinking: /home/ojg/sim_ws/install/slam_toolbox/lib/libsync_slam_toolbox.so
[87.049s] -- Symlinking: /home/ojg/sim_ws/install/slam_toolbox/lib/liblocalization_slam_toolbox.so
[87.054s] -- Symlinking: /home/ojg/sim_ws/install/slam_toolbox/lib/liblifelong_slam_toolbox.so
[87.058s] -- Symlinking: /home/ojg/sim_ws/install/slam_toolbox/lib/libmap_and_localization_slam_toolbox.so
[87.063s] -- Symlinking: /home/ojg/sim_ws/install/slam_toolbox/lib/libkartoSlamToolbox.so
[87.068s] -- Symlinking: /home/ojg/sim_ws/install/slam_toolbox/include/slam_toolbox/experimental/slam_toolbox_lifelong.hpp
[87.073s] -- Symlinking: /home/ojg/sim_ws/install/slam_toolbox/include/slam_toolbox/experimental/slam_toolbox_map_and_localization.hpp
[87.078s] -- Symlinking: /home/ojg/sim_ws/install/slam_toolbox/include/slam_toolbox/get_pose_helper.hpp
[87.084s] -- Symlinking: /home/ojg/sim_ws/install/slam_toolbox/include/slam_toolbox/laser_utils.hpp
[87.089s] -- Symlinking: /home/ojg/sim_ws/install/slam_toolbox/include/slam_toolbox/loop_closure_assistant.hpp
[87.094s] -- Symlinking: /home/ojg/sim_ws/install/slam_toolbox/include/slam_toolbox/map_saver.hpp
[87.099s] -- Symlinking: /home/ojg/sim_ws/install/slam_toolbox/include/slam_toolbox/merge_maps_kinematic.hpp
[87.105s] -- Symlinking: /home/ojg/sim_ws/install/slam_toolbox/include/slam_toolbox/serialization.hpp
[87.111s] -- Symlinking: /home/ojg/sim_ws/install/slam_toolbox/include/slam_toolbox/slam_mapper.hpp
[87.117s] -- Symlinking: /home/ojg/sim_ws/install/slam_toolbox/include/slam_toolbox/slam_toolbox_async.hpp
[87.121s] -- Symlinking: /home/ojg/sim_ws/install/slam_toolbox/include/slam_toolbox/slam_toolbox_common.hpp
[87.126s] -- Symlinking: /home/ojg/sim_ws/install/slam_toolbox/include/slam_toolbox/slam_toolbox_localization.hpp
[87.131s] -- Symlinking: /home/ojg/sim_ws/install/slam_toolbox/include/slam_toolbox/slam_toolbox_sync.hpp
[87.136s] -- Symlinking: /home/ojg/sim_ws/install/slam_toolbox/include/slam_toolbox/snap_utils.hpp
[87.141s] -- Symlinking: /home/ojg/sim_ws/install/slam_toolbox/include/slam_toolbox/toolbox_msgs.hpp
[87.147s] -- Symlinking: /home/ojg/sim_ws/install/slam_toolbox/include/slam_toolbox/toolbox_types.hpp
[87.151s] -- Symlinking: /home/ojg/sim_ws/install/slam_toolbox/include/slam_toolbox/visualization_utils.hpp
[87.156s] -- Symlinking: /home/ojg/sim_ws/install/slam_toolbox/share/slam_toolbox/launch/localization_launch.py
[87.161s] -- Symlinking: /home/ojg/sim_ws/install/slam_toolbox/share/slam_toolbox/launch/merge_maps_kinematic_launch.py
[87.166s] -- Symlinking: /home/ojg/sim_ws/install/slam_toolbox/share/slam_toolbox/launch/offline_launch.py
[87.170s] -- Symlinking: /home/ojg/sim_ws/install/slam_toolbox/share/slam_toolbox/launch/online_async_launch.py
[87.176s] -- Symlinking: /home/ojg/sim_ws/install/slam_toolbox/share/slam_toolbox/launch/online_sync_launch.py
[87.181s] -- Symlinking: /home/ojg/sim_ws/install/slam_toolbox/share/slam_toolbox/config/mapper_params_lifelong.yaml
[87.186s] -- Symlinking: /home/ojg/sim_ws/install/slam_toolbox/share/slam_toolbox/config/mapper_params_localization.yaml
[87.190s] -- Symlinking: /home/ojg/sim_ws/install/slam_toolbox/share/slam_toolbox/config/mapper_params_offline.yaml
[87.196s] -- Symlinking: /home/ojg/sim_ws/install/slam_toolbox/share/slam_toolbox/config/mapper_params_online_async.yaml
[87.201s] -- Symlinking: /home/ojg/sim_ws/install/slam_toolbox/share/slam_toolbox/config/mapper_params_online_sync.yaml
[87.206s] -- Symlinking: /home/ojg/sim_ws/install/slam_toolbox/share/slam_toolbox/config/slam_toolbox_default.rviz
[87.211s] -- Symlinking: /home/ojg/sim_ws/install/slam_toolbox/share/solver_plugins.xml
[87.216s] -- Symlinking: /home/ojg/sim_ws/install/slam_toolbox/share/rviz_plugins.xml
[87.221s] -- Symlinking: /home/ojg/sim_ws/install/slam_toolbox/share/ament_index/resource_index/package_run_dependencies/slam_toolbox
[87.226s] -- Symlinking: /home/ojg/sim_ws/install/slam_toolbox/share/ament_index/resource_index/parent_prefix_path/slam_toolbox
[87.231s] -- Symlinking: /home/ojg/sim_ws/install/slam_toolbox/share/slam_toolbox/environment/ament_prefix_path.sh
[87.235s] -- Symlinking: /home/ojg/sim_ws/install/slam_toolbox/share/slam_toolbox/environment/ament_prefix_path.dsv
[87.240s] -- Symlinking: /home/ojg/sim_ws/install/slam_toolbox/share/slam_toolbox/environment/path.sh
[87.245s] -- Symlinking: /home/ojg/sim_ws/install/slam_toolbox/share/slam_toolbox/environment/path.dsv
[87.250s] -- Symlinking: /home/ojg/sim_ws/install/slam_toolbox/share/slam_toolbox/local_setup.bash
[87.255s] -- Symlinking: /home/ojg/sim_ws/install/slam_toolbox/share/slam_toolbox/local_setup.sh
[87.260s] -- Symlinking: /home/ojg/sim_ws/install/slam_toolbox/share/slam_toolbox/local_setup.zsh
[87.266s] -- Symlinking: /home/ojg/sim_ws/install/slam_toolbox/share/slam_toolbox/local_setup.dsv
[87.271s] -- Symlinking: /home/ojg/sim_ws/install/slam_toolbox/share/slam_toolbox/package.dsv
[87.277s] -- Symlinking: /home/ojg/sim_ws/install/slam_toolbox/share/ament_index/resource_index/packages/slam_toolbox
[87.282s] -- Symlinking: /home/ojg/sim_ws/install/slam_toolbox/share/ament_index/resource_index/rviz_common__pluginlib__plugin/slam_toolbox
[87.287s] -- Symlinking: /home/ojg/sim_ws/install/slam_toolbox/share/ament_index/resource_index/slam_toolbox__pluginlib__plugin/slam_toolbox
[87.293s] -- Symlinking: /home/ojg/sim_ws/install/slam_toolbox/share/ament_index/resource_index/rclcpp_components/slam_toolbox
[87.298s] -- Symlinking: /home/ojg/sim_ws/install/slam_toolbox/share/slam_toolbox/cmake/rosidl_cmake-extras.cmake
[87.302s] -- Symlinking: /home/ojg/sim_ws/install/slam_toolbox/share/slam_toolbox/cmake/ament_cmake_export_dependencies-extras.cmake
[87.309s] -- Symlinking: /home/ojg/sim_ws/install/slam_toolbox/share/slam_toolbox/cmake/ament_cmake_export_include_directories-extras.cmake
[87.316s] -- Symlinking: /home/ojg/sim_ws/install/slam_toolbox/share/slam_toolbox/cmake/ament_cmake_export_libraries-extras.cmake
[87.321s] -- Symlinking: /home/ojg/sim_ws/install/slam_toolbox/share/slam_toolbox/cmake/ament_cmake_export_targets-extras.cmake
[87.326s] -- Symlinking: /home/ojg/sim_ws/install/slam_toolbox/share/slam_toolbox/cmake/rosidl_cmake_export_typesupport_targets-extras.cmake
[87.331s] -- Symlinking: /home/ojg/sim_ws/install/slam_toolbox/share/slam_toolbox/cmake/rosidl_cmake_export_typesupport_libraries-extras.cmake
[87.336s] -- Symlinking: /home/ojg/sim_ws/install/slam_toolbox/share/slam_toolbox/cmake/slam_toolboxConfig.cmake
[87.342s] -- Symlinking: /home/ojg/sim_ws/install/slam_toolbox/share/slam_toolbox/cmake/slam_toolboxConfig-version.cmake
[87.346s] -- Symlinking: /home/ojg/sim_ws/install/slam_toolbox/share/slam_toolbox/package.xml
[87.351s] -- Installing: /home/ojg/sim_ws/install/slam_toolbox/lib/libslam_toolbox__rosidl_generator_c.so
[87.351s] -- Set runtime path of "/home/ojg/sim_ws/install/slam_toolbox/lib/libslam_toolbox__rosidl_generator_c.so" to ""
[87.351s] -- Installing: /home/ojg/sim_ws/install/slam_toolbox/lib/libslam_toolbox__rosidl_typesupport_fastrtps_c.so
[87.351s] -- Set runtime path of "/home/ojg/sim_ws/install/slam_toolbox/lib/libslam_toolbox__rosidl_typesupport_fastrtps_c.so" to ""
[87.351s] -- Installing: /home/ojg/sim_ws/install/slam_toolbox/lib/libslam_toolbox__rosidl_typesupport_fastrtps_cpp.so
[87.352s] -- Set runtime path of "/home/ojg/sim_ws/install/slam_toolbox/lib/libslam_toolbox__rosidl_typesupport_fastrtps_cpp.so" to ""
[87.352s] -- Installing: /home/ojg/sim_ws/install/slam_toolbox/lib/libslam_toolbox__rosidl_typesupport_introspection_c.so
[87.352s] -- Set runtime path of "/home/ojg/sim_ws/install/slam_toolbox/lib/libslam_toolbox__rosidl_typesupport_introspection_c.so" to ""
[87.352s] -- Installing: /home/ojg/sim_ws/install/slam_toolbox/lib/libslam_toolbox__rosidl_typesupport_c.so
[87.352s] -- Set runtime path of "/home/ojg/sim_ws/install/slam_toolbox/lib/libslam_toolbox__rosidl_typesupport_c.so" to ""
[87.352s] -- Installing: /home/ojg/sim_ws/install/slam_toolbox/lib/libslam_toolbox__rosidl_typesupport_introspection_cpp.so
[87.352s] -- Set runtime path of "/home/ojg/sim_ws/install/slam_toolbox/lib/libslam_toolbox__rosidl_typesupport_introspection_cpp.so" to ""
[87.352s] -- Installing: /home/ojg/sim_ws/install/slam_toolbox/lib/libslam_toolbox__rosidl_typesupport_cpp.so
[87.352s] -- Set runtime path of "/home/ojg/sim_ws/install/slam_toolbox/lib/libslam_toolbox__rosidl_typesupport_cpp.so" to ""
[87.382s] Listing '/home/ojg/sim_ws/install/slam_toolbox/local/lib/python3.10/dist-packages/slam_toolbox'...
[87.382s] Compiling '/home/ojg/sim_ws/install/slam_toolbox/local/lib/python3.10/dist-packages/slam_toolbox/__init__.py'...
[87.382s] Listing '/home/ojg/sim_ws/install/slam_toolbox/local/lib/python3.10/dist-packages/slam_toolbox/srv'...
[87.382s] Compiling '/home/ojg/sim_ws/install/slam_toolbox/local/lib/python3.10/dist-packages/slam_toolbox/srv/__init__.py'...
[87.382s] Compiling '/home/ojg/sim_ws/install/slam_toolbox/local/lib/python3.10/dist-packages/slam_toolbox/srv/_add_submap.py'...
[87.382s] Compiling '/home/ojg/sim_ws/install/slam_toolbox/local/lib/python3.10/dist-packages/slam_toolbox/srv/_clear.py'...
[87.382s] Compiling '/home/ojg/sim_ws/install/slam_toolbox/local/lib/python3.10/dist-packages/slam_toolbox/srv/_clear_queue.py'...
[87.382s] Compiling '/home/ojg/sim_ws/install/slam_toolbox/local/lib/python3.10/dist-packages/slam_toolbox/srv/_deserialize_pose_graph.py'...
[87.382s] Compiling '/home/ojg/sim_ws/install/slam_toolbox/local/lib/python3.10/dist-packages/slam_toolbox/srv/_loop_closure.py'...
[87.382s] Compiling '/home/ojg/sim_ws/install/slam_toolbox/local/lib/python3.10/dist-packages/slam_toolbox/srv/_merge_maps.py'...
[87.382s] Compiling '/home/ojg/sim_ws/install/slam_toolbox/local/lib/python3.10/dist-packages/slam_toolbox/srv/_pause.py'...
[87.382s] Compiling '/home/ojg/sim_ws/install/slam_toolbox/local/lib/python3.10/dist-packages/slam_toolbox/srv/_save_map.py'...
[87.382s] Compiling '/home/ojg/sim_ws/install/slam_toolbox/local/lib/python3.10/dist-packages/slam_toolbox/srv/_serialize_pose_graph.py'...
[87.382s] Compiling '/home/ojg/sim_ws/install/slam_toolbox/local/lib/python3.10/dist-packages/slam_toolbox/srv/_toggle_interactive.py'...
[87.385s] -- Installing: /home/ojg/sim_ws/install/slam_toolbox/lib/libslam_toolbox__rosidl_generator_py.so
[87.385s] -- Set runtime path of "/home/ojg/sim_ws/install/slam_toolbox/lib/libslam_toolbox__rosidl_generator_py.so" to ""
[87.385s] -- Installing: /home/ojg/sim_ws/install/slam_toolbox/share/slam_toolbox/cmake/export_slam_toolbox__rosidl_generator_cExport.cmake
[87.385s] -- Installing: /home/ojg/sim_ws/install/slam_toolbox/share/slam_toolbox/cmake/export_slam_toolbox__rosidl_generator_cExport-release.cmake
[87.385s] -- Installing: /home/ojg/sim_ws/install/slam_toolbox/share/slam_toolbox/cmake/export_slam_toolbox__rosidl_typesupport_fastrtps_cExport.cmake
[87.385s] -- Installing: /home/ojg/sim_ws/install/slam_toolbox/share/slam_toolbox/cmake/export_slam_toolbox__rosidl_typesupport_fastrtps_cExport-release.cmake
[87.385s] -- Installing: /home/ojg/sim_ws/install/slam_toolbox/share/slam_toolbox/cmake/export_slam_toolbox__rosidl_generator_cppExport.cmake
[87.385s] -- Installing: /home/ojg/sim_ws/install/slam_toolbox/share/slam_toolbox/cmake/export_slam_toolbox__rosidl_typesupport_fastrtps_cppExport.cmake
[87.385s] -- Installing: /home/ojg/sim_ws/install/slam_toolbox/share/slam_toolbox/cmake/export_slam_toolbox__rosidl_typesupport_fastrtps_cppExport-release.cmake
[87.385s] -- Installing: /home/ojg/sim_ws/install/slam_toolbox/share/slam_toolbox/cmake/slam_toolbox__rosidl_typesupport_introspection_cExport.cmake
[87.386s] -- Installing: /home/ojg/sim_ws/install/slam_toolbox/share/slam_toolbox/cmake/slam_toolbox__rosidl_typesupport_introspection_cExport-release.cmake
[87.386s] -- Installing: /home/ojg/sim_ws/install/slam_toolbox/share/slam_toolbox/cmake/slam_toolbox__rosidl_typesupport_cExport.cmake
[87.386s] -- Installing: /home/ojg/sim_ws/install/slam_toolbox/share/slam_toolbox/cmake/slam_toolbox__rosidl_typesupport_cExport-release.cmake
[87.386s] -- Installing: /home/ojg/sim_ws/install/slam_toolbox/share/slam_toolbox/cmake/slam_toolbox__rosidl_typesupport_introspection_cppExport.cmake
[87.386s] -- Installing: /home/ojg/sim_ws/install/slam_toolbox/share/slam_toolbox/cmake/slam_toolbox__rosidl_typesupport_introspection_cppExport-release.cmake
[87.386s] -- Installing: /home/ojg/sim_ws/install/slam_toolbox/share/slam_toolbox/cmake/slam_toolbox__rosidl_typesupport_cppExport.cmake
[87.386s] -- Installing: /home/ojg/sim_ws/install/slam_toolbox/share/slam_toolbox/cmake/slam_toolbox__rosidl_typesupport_cppExport-release.cmake
[87.386s] -- Installing: /home/ojg/sim_ws/install/slam_toolbox/share/slam_toolbox/cmake/export_slam_toolbox__rosidl_generator_pyExport.cmake
[87.386s] -- Installing: /home/ojg/sim_ws/install/slam_toolbox/share/slam_toolbox/cmake/export_slam_toolbox__rosidl_generator_pyExport-release.cmake
[87.386s] -- Installing: /home/ojg/sim_ws/install/slam_toolbox/share/slam_toolbox/cmake/SlamToolboxPluginExport.cmake
[87.386s] -- Installing: /home/ojg/sim_ws/install/slam_toolbox/share/slam_toolbox/cmake/SlamToolboxPluginExport-release.cmake
[87.388s] Invoked command in '/home/ojg/sim_ws/build/slam_toolbox' returned '0': CMAKE_PREFIX_PATH=${CMAKE_PREFIX_PATH}:/home/ojg/sim_ws/install/f1tenth_gym_ros:/opt/ros/humble /usr/bin/cmake --install /home/ojg/sim_ws/build/slam_toolbox
