[2.033s] Invoking command in '/home/f1/f1tenth_ws/build/lidar_processing': CMAKE_PREFIX_PATH=${CMAKE_PREFIX_PATH}:/home/f1/f1tenth_ws/install/f1tenth_stack:/home/f1/f1tenth_ws/install/joy_teleop:/home/f1/f1tenth_ws/install/pygame_key_teleop:/home/f1/f1tenth_ws/install/mouse_teleop:/home/f1/f1tenth_ws/install/key_teleop:/home/f1/install/f1tenth_stack:/home/f1/install/joy_teleop:/home/f1/install/mouse_teleop:/home/f1/install/key_teleop:/opt/ros/foxy /usr/bin/cmake --build /home/f1/f1tenth_ws/build/lidar_processing -- -j6 -l6
[2.571s] [ 33%] Built target lidar_node
[2.622s] [ 66%] Built target wall_follow_node
[2.680s] [100%] Built target gap_follow_node
[2.922s] Invoked command in '/home/f1/f1tenth_ws/build/lidar_processing' returned '0': CMAKE_PREFIX_PATH=${CMAKE_PREFIX_PATH}:/home/f1/f1tenth_ws/install/f1tenth_stack:/home/f1/f1tenth_ws/install/joy_teleop:/home/f1/f1tenth_ws/install/pygame_key_teleop:/home/f1/f1tenth_ws/install/mouse_teleop:/home/f1/f1tenth_ws/install/key_teleop:/home/f1/install/f1tenth_stack:/home/f1/install/joy_teleop:/home/f1/install/mouse_teleop:/home/f1/install/key_teleop:/opt/ros/foxy /usr/bin/cmake --build /home/f1/f1tenth_ws/build/lidar_processing -- -j6 -l6
[2.939s] Invoking command in '/home/f1/f1tenth_ws/build/lidar_processing': CMAKE_PREFIX_PATH=${CMAKE_PREFIX_PATH}:/home/f1/f1tenth_ws/install/f1tenth_stack:/home/f1/f1tenth_ws/install/joy_teleop:/home/f1/f1tenth_ws/install/pygame_key_teleop:/home/f1/f1tenth_ws/install/mouse_teleop:/home/f1/f1tenth_ws/install/key_teleop:/home/f1/install/f1tenth_stack:/home/f1/install/joy_teleop:/home/f1/install/mouse_teleop:/home/f1/install/key_teleop:/opt/ros/foxy /usr/bin/cmake --install /home/f1/f1tenth_ws/build/lidar_processing
[2.976s] -- Install configuration: "Release"
[2.978s] -- Execute custom install script
[2.983s] -- Up-to-date symlink: /home/f1/f1tenth_ws/install/lidar_processing/lib/lidar_processing/lidar_node
[2.986s] -- Up-to-date symlink: /home/f1/f1tenth_ws/install/lidar_processing/lib/lidar_processing/wall_follow_node
[2.989s] -- Up-to-date symlink: /home/f1/f1tenth_ws/install/lidar_processing/lib/lidar_processing/gap_follow_node
[2.992s] -- Up-to-date symlink: /home/f1/f1tenth_ws/install/lidar_processing/share/ament_index/resource_index/package_run_dependencies/lidar_processing
[2.994s] -- Up-to-date symlink: /home/f1/f1tenth_ws/install/lidar_processing/share/ament_index/resource_index/parent_prefix_path/lidar_processing
[2.997s] -- Up-to-date symlink: /home/f1/f1tenth_ws/install/lidar_processing/share/lidar_processing/environment/ament_prefix_path.sh
[3.003s] -- Up-to-date symlink: /home/f1/f1tenth_ws/install/lidar_processing/share/lidar_processing/environment/ament_prefix_path.dsv
[3.005s] -- Up-to-date symlink: /home/f1/f1tenth_ws/install/lidar_processing/share/lidar_processing/environment/path.sh
[3.010s] -- Up-to-date symlink: /home/f1/f1tenth_ws/install/lidar_processing/share/lidar_processing/environment/path.dsv
[3.021s] -- Up-to-date symlink: /home/f1/f1tenth_ws/install/lidar_processing/share/lidar_processing/local_setup.bash
[3.021s] -- Up-to-date symlink: /home/f1/f1tenth_ws/install/lidar_processing/share/lidar_processing/local_setup.sh
[3.022s] -- Up-to-date symlink: /home/f1/f1tenth_ws/install/lidar_processing/share/lidar_processing/local_setup.zsh
[3.032s] -- Up-to-date symlink: /home/f1/f1tenth_ws/install/lidar_processing/share/lidar_processing/local_setup.dsv
[3.032s] -- Symlinking: /home/f1/f1tenth_ws/install/lidar_processing/share/lidar_processing/package.dsv
[3.123s] -- Up-to-date symlink: /home/f1/f1tenth_ws/install/lidar_processing/share/ament_index/resource_index/packages/lidar_processing
[3.126s] -- Up-to-date symlink: /home/f1/f1tenth_ws/install/lidar_processing/share/lidar_processing/cmake/lidar_processingConfig.cmake
[3.128s] -- Up-to-date symlink: /home/f1/f1tenth_ws/install/lidar_processing/share/lidar_processing/cmake/lidar_processingConfig-version.cmake
[3.131s] -- Up-to-date symlink: /home/f1/f1tenth_ws/install/lidar_processing/share/lidar_processing/package.xml
[4.724s] Invoked command in '/home/f1/f1tenth_ws/build/lidar_processing' returned '0': CMAKE_PREFIX_PATH=${CMAKE_PREFIX_PATH}:/home/f1/f1tenth_ws/install/f1tenth_stack:/home/f1/f1tenth_ws/install/joy_teleop:/home/f1/f1tenth_ws/install/pygame_key_teleop:/home/f1/f1tenth_ws/install/mouse_teleop:/home/f1/f1tenth_ws/install/key_teleop:/home/f1/install/f1tenth_stack:/home/f1/install/joy_teleop:/home/f1/install/mouse_teleop:/home/f1/install/key_teleop:/opt/ros/foxy /usr/bin/cmake --install /home/f1/f1tenth_ws/build/lidar_processing
