-- Found ament_cmake: 0.9.12 (/opt/ros/foxy/share/ament_cmake/cmake)
-- Using PYTHON_EXECUTABLE: /usr/bin/python3
-- Override CMake install command with custom implementation using symlinks instead of copying resources
-- Found rclcpp: 2.4.3 (/opt/ros/foxy/share/rclcpp/cmake)
-- Using all available rosidl_typesupport_c: rosidl_typesupport_fastrtps_c;rosidl_typesupport_introspection_c
-- Found rosidl_adapter: 1.3.1 (/opt/ros/foxy/share/rosidl_adapter/cmake)
-- Using all available rosidl_typesupport_cpp: rosidl_typesupport_fastrtps_cpp;rosidl_typesupport_introspection_cpp
-- Found rmw_implementation_cmake: 1.0.4 (/opt/ros/foxy/share/rmw_implementation_cmake/cmake)
-- Using RMW implementation 'rmw_fastrtps_cpp' as default
-- Found geometry_msgs: 2.0.5 (/opt/ros/foxy/share/geometry_msgs/cmake)
-- Found nav_msgs: 2.0.5 (/opt/ros/foxy/share/nav_msgs/cmake)
-- Found tf2_ros: 0.13.14 (/opt/ros/foxy/share/tf2_ros/cmake)
-- Found tf2_geometry_msgs: 0.13.14 (/opt/ros/foxy/share/tf2_geometry_msgs/cmake)
-- Found eigen3_cmake_module: 0.1.1 (/opt/ros/foxy/share/eigen3_cmake_module/cmake)
-- Found ament_lint_auto: 0.9.8 (/opt/ros/foxy/share/ament_lint_auto/cmake)
-- Added test 'copyright' to check source files copyright and LICENSE
-- Added test 'cppcheck' to perform static code analysis on C / C++ code
-- Configured cppcheck include dirs: /home/f1/f1tenth_ws/src/path_planner/include
-- Configured cppcheck exclude dirs and/or files: 
-- Added test 'cpplint' to check C / C++ code against the Google style
-- Configured cpplint exclude dirs and/or files: 
-- Added test 'flake8' to check Python code syntax and style conventions
-- Added test 'lint_cmake' to check CMake code style
-- Added test 'pep257' to check Python code against some of the style conventions in PEP 257
-- Added test 'uncrustify' to check C / C++ code style
-- Configured uncrustify additional arguments: 
-- Added test 'xmllint' to check XML markup files
-- Configuring done
-- Generating done
-- Build files have been written to: /home/f1/f1tenth_ws/build/path_planner
[35m[1mScanning dependencies of target path_planner_centerline_extractor[0m
[ 50%] [32mBuilding CXX object CMakeFiles/path_planner_centerline_extractor.dir/src/centerline.cpp.o[0m
[100%] [32m[1mLinking CXX executable path_planner_centerline_extractor[0m
[100%] Built target path_planner_centerline_extractor
-- Install configuration: "Release"
-- Execute custom install script
-- Symlinking: /home/f1/f1tenth_ws/install/path_planner/lib/path_planner/path_planner_centerline_extractor
-- Up-to-date symlink: /home/f1/f1tenth_ws/install/path_planner/share/path_planner/launch/planner_launch.py
-- Up-to-date symlink: /home/f1/f1tenth_ws/install/path_planner/share/ament_index/resource_index/package_run_dependencies/path_planner
-- Up-to-date symlink: /home/f1/f1tenth_ws/install/path_planner/share/ament_index/resource_index/parent_prefix_path/path_planner
-- Up-to-date symlink: /home/f1/f1tenth_ws/install/path_planner/share/path_planner/environment/ament_prefix_path.sh
-- Up-to-date symlink: /home/f1/f1tenth_ws/install/path_planner/share/path_planner/environment/ament_prefix_path.dsv
-- Up-to-date symlink: /home/f1/f1tenth_ws/install/path_planner/share/path_planner/environment/path.sh
-- Up-to-date symlink: /home/f1/f1tenth_ws/install/path_planner/share/path_planner/environment/path.dsv
-- Up-to-date symlink: /home/f1/f1tenth_ws/install/path_planner/share/path_planner/local_setup.bash
-- Up-to-date symlink: /home/f1/f1tenth_ws/install/path_planner/share/path_planner/local_setup.sh
-- Up-to-date symlink: /home/f1/f1tenth_ws/install/path_planner/share/path_planner/local_setup.zsh
-- Up-to-date symlink: /home/f1/f1tenth_ws/install/path_planner/share/path_planner/local_setup.dsv
-- Symlinking: /home/f1/f1tenth_ws/install/path_planner/share/path_planner/package.dsv
-- Up-to-date symlink: /home/f1/f1tenth_ws/install/path_planner/share/ament_index/resource_index/packages/path_planner
-- Up-to-date symlink: /home/f1/f1tenth_ws/install/path_planner/share/path_planner/cmake/path_plannerConfig.cmake
-- Up-to-date symlink: /home/f1/f1tenth_ws/install/path_planner/share/path_planner/cmake/path_plannerConfig-version.cmake
-- Up-to-date symlink: /home/f1/f1tenth_ws/install/path_planner/share/path_planner/package.xml
