[0.120s] Invoking command in '/home/f1/f1tenth_ws/src/build/vesc_driver': AMENT_PREFIX_PATH=/home/f1/f1tenth_ws/src/install/vesc_msgs:${AMENT_PREFIX_PATH} CMAKE_PREFIX_PATH=/home/f1/f1tenth_ws/src/install/vesc_msgs:/opt/ros/foxy LD_LIBRARY_PATH=/home/f1/f1tenth_ws/src/install/vesc_msgs/lib:${LD_LIBRARY_PATH} PYTHONPATH=/home/f1/f1tenth_ws/src/install/vesc_msgs/lib/python3.8/site-packages:${PYTHONPATH} /usr/bin/cmake /home/f1/f1tenth_ws/src/f1tenth_system/vesc/vesc_driver -DCMAKE_INSTALL_PREFIX=/home/f1/f1tenth_ws/src/install/vesc_driver
[0.514s] -- The C compiler identification is GNU 9.4.0
[0.939s] -- The CXX compiler identification is GNU 9.4.0
[0.984s] -- Check for working C compiler: /usr/bin/cc
[1.472s] -- Check for working C compiler: /usr/bin/cc -- works
[1.479s] -- Detecting C compiler ABI info
[1.957s] -- Detecting C compiler ABI info - done
[2.049s] -- Detecting C compile features
[2.051s] -- Detecting C compile features - done
[2.065s] -- Check for working CXX compiler: /usr/bin/c++
[2.608s] -- Check for working CXX compiler: /usr/bin/c++ -- works
[2.614s] -- Detecting CXX compiler ABI info
[3.161s] -- Detecting CXX compiler ABI info - done
[3.225s] -- Detecting CXX compile features
[3.228s] -- Detecting CXX compile features - done
[3.241s] -- Found ament_cmake_auto: 0.9.12 (/opt/ros/foxy/share/ament_cmake_auto/cmake)
[3.406s] -- Found PythonInterp: /usr/bin/python3 (found suitable version "3.8.10", minimum required is "3") 
[3.407s] -- Using PYTHON_EXECUTABLE: /usr/bin/python3
[5.385s] -- Using all available rosidl_typesupport_c: rosidl_typesupport_fastrtps_c;rosidl_typesupport_introspection_c
[5.439s] -- Found rosidl_adapter: 1.3.1 (/opt/ros/foxy/share/rosidl_adapter/cmake)
[6.052s] -- Found OpenSSL: /usr/lib/aarch64-linux-gnu/libcrypto.so (found version "1.1.1f")  
[6.218s] -- Found FastRTPS: /opt/ros/foxy/include  
[6.703s] -- Using all available rosidl_typesupport_cpp: rosidl_typesupport_fastrtps_cpp;rosidl_typesupport_introspection_cpp
[7.040s] -- Found rmw_implementation_cmake: 1.0.4 (/opt/ros/foxy/share/rmw_implementation_cmake/cmake)
[7.049s] -- Using RMW implementation 'rmw_fastrtps_cpp' as default
[7.055s] -- Looking for pthread.h
[7.554s] -- Looking for pthread.h - found
[7.558s] -- Performing Test CMAKE_HAVE_LIBC_PTHREAD
[8.134s] -- Performing Test CMAKE_HAVE_LIBC_PTHREAD - Failed
[8.135s] -- Looking for pthread_create in pthreads
[8.560s] -- Looking for pthread_create in pthreads - not found
[8.564s] -- Looking for pthread_create in pthread
[9.039s] -- Looking for pthread_create in pthread - found
[9.052s] -- Found Threads: TRUE  
[12.965s] -- Found ament_lint_auto: 0.9.8 (/opt/ros/foxy/share/ament_lint_auto/cmake)
[13.095s] -- Added test 'copyright' to check source files copyright and LICENSE
[13.110s] -- Added test 'cppcheck' to perform static code analysis on C / C++ code
[13.111s] -- Configured cppcheck include dirs: /home/f1/f1tenth_ws/src/f1tenth_system/vesc/vesc_driver/include
[13.112s] -- Configured cppcheck exclude dirs and/or files: 
[13.124s] -- Added test 'cpplint' to check C / C++ code against the Google style
[13.124s] -- Configured cpplint exclude dirs and/or files: 
[13.128s] -- Added test 'flake8' to check Python code syntax and style conventions
[13.134s] -- Added test 'lint_cmake' to check CMake code style
[13.139s] -- Added test 'pep257' to check Python code against some of the style conventions in PEP 257
[13.153s] -- Added test 'uncrustify' to check C / C++ code style
[13.153s] -- Configured uncrustify additional arguments: 
[13.161s] -- Added test 'xmllint' to check XML markup files
[13.211s] -- Configuring done
[13.668s] -- Generating done
[13.798s] -- Build files have been written to: /home/f1/f1tenth_ws/src/build/vesc_driver
[13.861s] Invoked command in '/home/f1/f1tenth_ws/src/build/vesc_driver' returned '0': AMENT_PREFIX_PATH=/home/f1/f1tenth_ws/src/install/vesc_msgs:${AMENT_PREFIX_PATH} CMAKE_PREFIX_PATH=/home/f1/f1tenth_ws/src/install/vesc_msgs:/opt/ros/foxy LD_LIBRARY_PATH=/home/f1/f1tenth_ws/src/install/vesc_msgs/lib:${LD_LIBRARY_PATH} PYTHONPATH=/home/f1/f1tenth_ws/src/install/vesc_msgs/lib/python3.8/site-packages:${PYTHONPATH} /usr/bin/cmake /home/f1/f1tenth_ws/src/f1tenth_system/vesc/vesc_driver -DCMAKE_INSTALL_PREFIX=/home/f1/f1tenth_ws/src/install/vesc_driver
[13.877s] Invoking command in '/home/f1/f1tenth_ws/src/build/vesc_driver': AMENT_PREFIX_PATH=/home/f1/f1tenth_ws/src/install/vesc_msgs:${AMENT_PREFIX_PATH} CMAKE_PREFIX_PATH=/home/f1/f1tenth_ws/src/install/vesc_msgs:/opt/ros/foxy LD_LIBRARY_PATH=/home/f1/f1tenth_ws/src/install/vesc_msgs/lib:${LD_LIBRARY_PATH} PYTHONPATH=/home/f1/f1tenth_ws/src/install/vesc_msgs/lib/python3.8/site-packages:${PYTHONPATH} /usr/bin/cmake --build /home/f1/f1tenth_ws/src/build/vesc_driver -- -j6 -l6
[14.451s] Scanning dependencies of target vesc_driver_node
[14.558s] [ 10%] Building CXX object CMakeFiles/vesc_driver_node.dir/rclcpp_components/node_main_vesc_driver_node.cpp.o
[14.698s] Scanning dependencies of target vesc_driver
[14.859s] [ 20%] Building CXX object CMakeFiles/vesc_driver.dir/src/vesc_driver.cpp.o
[14.871s] [ 30%] Building CXX object CMakeFiles/vesc_driver.dir/src/vesc_interface.cpp.o
[31.074s] [ 40%] Linking CXX executable vesc_driver_node
[31.929s] [ 40%] Built target vesc_driver_node
