[0.086s] Invoking command in '/home/f1/f1tenth_ws/build/path_planner': CMAKE_PREFIX_PATH=${CMAKE_PREFIX_PATH}:/home/f1/f1tenth_ws/install/f1tenth_stack:/home/f1/f1tenth_ws/install/joy_teleop:/home/f1/f1tenth_ws/install/pygame_key_teleop:/home/f1/f1tenth_ws/install/mouse_teleop:/home/f1/f1tenth_ws/install/key_teleop:/home/f1/f1tenth_ws/install/f1tenth_path_planner:/opt/ros/foxy /usr/bin/cmake --build /home/f1/f1tenth_ws/build/path_planner -- -j6 -l6
[0.412s] [35m[1mScanning dependencies of target min_curvature_planner[0m
[0.726s] [ 50%] [32mBuilding CXX object CMakeFiles/min_curvature_planner.dir/src/min_curvature_planner.cpp.o[0m
[43.580s] [100%] [32m[1mLinking CXX executable min_curvature_planner[0m
[44.466s] [100%] Built target min_curvature_planner
[44.538s] Invoked command in '/home/f1/f1tenth_ws/build/path_planner' returned '0': CMAKE_PREFIX_PATH=${CMAKE_PREFIX_PATH}:/home/f1/f1tenth_ws/install/f1tenth_stack:/home/f1/f1tenth_ws/install/joy_teleop:/home/f1/f1tenth_ws/install/pygame_key_teleop:/home/f1/f1tenth_ws/install/mouse_teleop:/home/f1/f1tenth_ws/install/key_teleop:/home/f1/f1tenth_ws/install/f1tenth_path_planner:/opt/ros/foxy /usr/bin/cmake --build /home/f1/f1tenth_ws/build/path_planner -- -j6 -l6
[44.630s] Invoking command in '/home/f1/f1tenth_ws/build/path_planner': CMAKE_PREFIX_PATH=${CMAKE_PREFIX_PATH}:/home/f1/f1tenth_ws/install/f1tenth_stack:/home/f1/f1tenth_ws/install/joy_teleop:/home/f1/f1tenth_ws/install/pygame_key_teleop:/home/f1/f1tenth_ws/install/mouse_teleop:/home/f1/f1tenth_ws/install/key_teleop:/home/f1/f1tenth_ws/install/f1tenth_path_planner:/opt/ros/foxy /usr/bin/cmake --install /home/f1/f1tenth_ws/build/path_planner
[44.686s] -- Install configuration: "Release"
[44.690s] -- Execute custom install script
[44.693s] -- Up-to-date symlink: /home/f1/f1tenth_ws/install/path_planner/lib/path_planner/min_curvature_planner
[44.697s] -- Up-to-date symlink: /home/f1/f1tenth_ws/install/path_planner/share/path_planner/launch/planner_launch.py
[44.699s] -- Up-to-date symlink: /home/f1/f1tenth_ws/install/path_planner/share/ament_index/resource_index/package_run_dependencies/path_planner
[44.701s] -- Up-to-date symlink: /home/f1/f1tenth_ws/install/path_planner/share/ament_index/resource_index/parent_prefix_path/path_planner
[44.703s] -- Up-to-date symlink: /home/f1/f1tenth_ws/install/path_planner/share/path_planner/environment/ament_prefix_path.sh
[44.705s] -- Up-to-date symlink: /home/f1/f1tenth_ws/install/path_planner/share/path_planner/environment/ament_prefix_path.dsv
[44.707s] -- Up-to-date symlink: /home/f1/f1tenth_ws/install/path_planner/share/path_planner/environment/path.sh
[44.709s] -- Up-to-date symlink: /home/f1/f1tenth_ws/install/path_planner/share/path_planner/environment/path.dsv
[44.711s] -- Up-to-date symlink: /home/f1/f1tenth_ws/install/path_planner/share/path_planner/local_setup.bash
[44.713s] -- Up-to-date symlink: /home/f1/f1tenth_ws/install/path_planner/share/path_planner/local_setup.sh
[44.715s] -- Up-to-date symlink: /home/f1/f1tenth_ws/install/path_planner/share/path_planner/local_setup.zsh
[44.717s] -- Up-to-date symlink: /home/f1/f1tenth_ws/install/path_planner/share/path_planner/local_setup.dsv
[44.719s] -- Symlinking: /home/f1/f1tenth_ws/install/path_planner/share/path_planner/package.dsv
[44.789s] -- Up-to-date symlink: /home/f1/f1tenth_ws/install/path_planner/share/ament_index/resource_index/packages/path_planner
[44.791s] -- Up-to-date symlink: /home/f1/f1tenth_ws/install/path_planner/share/path_planner/cmake/path_plannerConfig.cmake
[44.793s] -- Up-to-date symlink: /home/f1/f1tenth_ws/install/path_planner/share/path_planner/cmake/path_plannerConfig-version.cmake
[44.795s] -- Up-to-date symlink: /home/f1/f1tenth_ws/install/path_planner/share/path_planner/package.xml
[44.810s] Invoked command in '/home/f1/f1tenth_ws/build/path_planner' returned '0': CMAKE_PREFIX_PATH=${CMAKE_PREFIX_PATH}:/home/f1/f1tenth_ws/install/f1tenth_stack:/home/f1/f1tenth_ws/install/joy_teleop:/home/f1/f1tenth_ws/install/pygame_key_teleop:/home/f1/f1tenth_ws/install/mouse_teleop:/home/f1/f1tenth_ws/install/key_teleop:/home/f1/f1tenth_ws/install/f1tenth_path_planner:/opt/ros/foxy /usr/bin/cmake --install /home/f1/f1tenth_ws/build/path_planner
