[0.062s] DEBUG:colcon:Command line arguments: ['/usr/bin/colcon', 'build', '--symlink-install', '--cmake-args', '-DCMAKE_BUILD_TYPE=Release']
[0.062s] DEBUG:colcon:Parsed command line arguments: Namespace(log_base=None, log_level=None, verb_name='build', build_base='build', install_base='install', merge_install=False, symlink_install=True, test_result_base=None, continue_on_error=False, executor='parallel', parallel_workers=18, event_handlers=None, ignore_user_meta=False, metas=['./colcon.meta'], base_paths=['.'], packages_ignore=None, packages_ignore_regex=None, paths=None, packages_up_to=None, packages_up_to_regex=None, packages_above=None, packages_above_and_dependencies=None, packages_above_depth=None, packages_select_by_dep=None, packages_skip_by_dep=None, packages_skip_up_to=None, packages_select_build_failed=False, packages_skip_build_finished=False, packages_select_test_failures=False, packages_skip_test_passed=False, packages_select=None, packages_skip=None, packages_select_regex=None, packages_skip_regex=None, packages_start=None, packages_end=None, allow_overriding=[], cmake_args=['-DCMAKE_BUILD_TYPE=Release'], cmake_target=None, cmake_target_skip_unavailable=False, cmake_clean_cache=False, cmake_clean_first=False, cmake_force_configure=False, ament_cmake_args=None, catkin_cmake_args=None, catkin_skip_building_tests=False, mixin_files=None, mixin=None, verb_parser=<colcon_mixin.mixin.mixin_argument.MixinArgumentDecorator object at 0x7f218e3903d0>, verb_extension=<colcon_core.verb.build.BuildVerb object at 0x7f218e499300>, main=<bound method BuildVerb.main of <colcon_core.verb.build.BuildVerb object at 0x7f218e499300>>, mixin_verb=('build',))
[0.163s] Level 1:colcon.colcon_core.package_discovery:discover_packages(colcon_meta) check parameters
[0.163s] Level 1:colcon.colcon_core.package_discovery:discover_packages(recursive) check parameters
[0.163s] Level 1:colcon.colcon_core.package_discovery:discover_packages(ignore) check parameters
[0.163s] Level 1:colcon.colcon_core.package_discovery:discover_packages(path) check parameters
[0.163s] Level 1:colcon.colcon_core.package_discovery:discover_packages(colcon_meta) discover
[0.163s] Level 1:colcon.colcon_core.package_discovery:discover_packages(recursive) discover
[0.163s] INFO:colcon.colcon_core.package_discovery:Crawling recursively for packages in '/home/ojg/sim_ws'
[0.163s] Level 1:colcon.colcon_core.package_identification:_identify(.) by extensions ['ignore', 'ignore_ament_install']
[0.163s] Level 1:colcon.colcon_core.package_identification:_identify(.) by extension 'ignore'
[0.163s] Level 1:colcon.colcon_core.package_identification:_identify(.) by extension 'ignore_ament_install'
[0.163s] Level 1:colcon.colcon_core.package_identification:_identify(.) by extensions ['colcon_pkg']
[0.163s] Level 1:colcon.colcon_core.package_identification:_identify(.) by extension 'colcon_pkg'
[0.163s] Level 1:colcon.colcon_core.package_identification:_identify(.) by extensions ['colcon_meta']
[0.163s] Level 1:colcon.colcon_core.package_identification:_identify(.) by extension 'colcon_meta'
[0.163s] Level 1:colcon.colcon_core.package_identification:_identify(.) by extensions ['ros']
[0.163s] Level 1:colcon.colcon_core.package_identification:_identify(.) by extension 'ros'
[0.175s] Level 1:colcon.colcon_core.package_identification:_identify(.) by extensions ['cmake', 'python']
[0.175s] Level 1:colcon.colcon_core.package_identification:_identify(.) by extension 'cmake'
[0.175s] Level 1:colcon.colcon_core.package_identification:_identify(.) by extension 'python'
[0.175s] Level 1:colcon.colcon_core.package_identification:_identify(.) by extensions ['python_setup_py']
[0.175s] Level 1:colcon.colcon_core.package_identification:_identify(.) by extension 'python_setup_py'
[0.175s] Level 1:colcon.colcon_core.package_identification:_identify(bags) by extensions ['ignore', 'ignore_ament_install']
[0.175s] Level 1:colcon.colcon_core.package_identification:_identify(bags) by extension 'ignore'
[0.175s] Level 1:colcon.colcon_core.package_identification:_identify(bags) by extension 'ignore_ament_install'
[0.175s] Level 1:colcon.colcon_core.package_identification:_identify(bags) by extensions ['colcon_pkg']
[0.175s] Level 1:colcon.colcon_core.package_identification:_identify(bags) by extension 'colcon_pkg'
[0.175s] Level 1:colcon.colcon_core.package_identification:_identify(bags) by extensions ['colcon_meta']
[0.175s] Level 1:colcon.colcon_core.package_identification:_identify(bags) by extension 'colcon_meta'
[0.175s] Level 1:colcon.colcon_core.package_identification:_identify(bags) by extensions ['ros']
[0.175s] Level 1:colcon.colcon_core.package_identification:_identify(bags) by extension 'ros'
[0.175s] Level 1:colcon.colcon_core.package_identification:_identify(bags) by extensions ['cmake', 'python']
[0.175s] Level 1:colcon.colcon_core.package_identification:_identify(bags) by extension 'cmake'
[0.175s] Level 1:colcon.colcon_core.package_identification:_identify(bags) by extension 'python'
[0.175s] Level 1:colcon.colcon_core.package_identification:_identify(bags) by extensions ['python_setup_py']
[0.175s] Level 1:colcon.colcon_core.package_identification:_identify(bags) by extension 'python_setup_py'
[0.175s] Level 1:colcon.colcon_core.package_identification:_identify(bags/slam_250808_142858) by extensions ['ignore', 'ignore_ament_install']
[0.175s] Level 1:colcon.colcon_core.package_identification:_identify(bags/slam_250808_142858) by extension 'ignore'
[0.176s] Level 1:colcon.colcon_core.package_identification:_identify(bags/slam_250808_142858) by extension 'ignore_ament_install'
[0.176s] Level 1:colcon.colcon_core.package_identification:_identify(bags/slam_250808_142858) by extensions ['colcon_pkg']
[0.176s] Level 1:colcon.colcon_core.package_identification:_identify(bags/slam_250808_142858) by extension 'colcon_pkg'
[0.176s] Level 1:colcon.colcon_core.package_identification:_identify(bags/slam_250808_142858) by extensions ['colcon_meta']
[0.176s] Level 1:colcon.colcon_core.package_identification:_identify(bags/slam_250808_142858) by extension 'colcon_meta'
[0.176s] Level 1:colcon.colcon_core.package_identification:_identify(bags/slam_250808_142858) by extensions ['ros']
[0.176s] Level 1:colcon.colcon_core.package_identification:_identify(bags/slam_250808_142858) by extension 'ros'
[0.176s] Level 1:colcon.colcon_core.package_identification:_identify(bags/slam_250808_142858) by extensions ['cmake', 'python']
[0.176s] Level 1:colcon.colcon_core.package_identification:_identify(bags/slam_250808_142858) by extension 'cmake'
[0.176s] Level 1:colcon.colcon_core.package_identification:_identify(bags/slam_250808_142858) by extension 'python'
[0.176s] Level 1:colcon.colcon_core.package_identification:_identify(bags/slam_250808_142858) by extensions ['python_setup_py']
[0.176s] Level 1:colcon.colcon_core.package_identification:_identify(bags/slam_250808_142858) by extension 'python_setup_py'
[0.176s] Level 1:colcon.colcon_core.package_identification:_identify(build) by extensions ['ignore', 'ignore_ament_install']
[0.176s] Level 1:colcon.colcon_core.package_identification:_identify(build) by extension 'ignore'
[0.176s] Level 1:colcon.colcon_core.package_identification:_identify(build) ignored
[0.176s] Level 1:colcon.colcon_core.package_identification:_identify(config) by extensions ['ignore', 'ignore_ament_install']
[0.176s] Level 1:colcon.colcon_core.package_identification:_identify(config) by extension 'ignore'
[0.176s] Level 1:colcon.colcon_core.package_identification:_identify(config) by extension 'ignore_ament_install'
[0.176s] Level 1:colcon.colcon_core.package_identification:_identify(config) by extensions ['colcon_pkg']
[0.176s] Level 1:colcon.colcon_core.package_identification:_identify(config) by extension 'colcon_pkg'
[0.176s] Level 1:colcon.colcon_core.package_identification:_identify(config) by extensions ['colcon_meta']
[0.176s] Level 1:colcon.colcon_core.package_identification:_identify(config) by extension 'colcon_meta'
[0.176s] Level 1:colcon.colcon_core.package_identification:_identify(config) by extensions ['ros']
[0.176s] Level 1:colcon.colcon_core.package_identification:_identify(config) by extension 'ros'
[0.176s] Level 1:colcon.colcon_core.package_identification:_identify(config) by extensions ['cmake', 'python']
[0.176s] Level 1:colcon.colcon_core.package_identification:_identify(config) by extension 'cmake'
[0.176s] Level 1:colcon.colcon_core.package_identification:_identify(config) by extension 'python'
[0.176s] Level 1:colcon.colcon_core.package_identification:_identify(config) by extensions ['python_setup_py']
[0.176s] Level 1:colcon.colcon_core.package_identification:_identify(config) by extension 'python_setup_py'
[0.176s] Level 1:colcon.colcon_core.package_identification:_identify(install) by extensions ['ignore', 'ignore_ament_install']
[0.176s] Level 1:colcon.colcon_core.package_identification:_identify(install) by extension 'ignore'
[0.176s] Level 1:colcon.colcon_core.package_identification:_identify(install) ignored
[0.176s] Level 1:colcon.colcon_core.package_identification:_identify(log) by extensions ['ignore', 'ignore_ament_install']
[0.176s] Level 1:colcon.colcon_core.package_identification:_identify(log) by extension 'ignore'
[0.176s] Level 1:colcon.colcon_core.package_identification:_identify(log) ignored
[0.176s] Level 1:colcon.colcon_core.package_identification:_identify(maps) by extensions ['ignore', 'ignore_ament_install']
[0.176s] Level 1:colcon.colcon_core.package_identification:_identify(maps) by extension 'ignore'
[0.176s] Level 1:colcon.colcon_core.package_identification:_identify(maps) by extension 'ignore_ament_install'
[0.176s] Level 1:colcon.colcon_core.package_identification:_identify(maps) by extensions ['colcon_pkg']
[0.177s] Level 1:colcon.colcon_core.package_identification:_identify(maps) by extension 'colcon_pkg'
[0.177s] Level 1:colcon.colcon_core.package_identification:_identify(maps) by extensions ['colcon_meta']
[0.177s] Level 1:colcon.colcon_core.package_identification:_identify(maps) by extension 'colcon_meta'
[0.177s] Level 1:colcon.colcon_core.package_identification:_identify(maps) by extensions ['ros']
[0.177s] Level 1:colcon.colcon_core.package_identification:_identify(maps) by extension 'ros'
[0.177s] Level 1:colcon.colcon_core.package_identification:_identify(maps) by extensions ['cmake', 'python']
[0.177s] Level 1:colcon.colcon_core.package_identification:_identify(maps) by extension 'cmake'
[0.177s] Level 1:colcon.colcon_core.package_identification:_identify(maps) by extension 'python'
[0.177s] Level 1:colcon.colcon_core.package_identification:_identify(maps) by extensions ['python_setup_py']
[0.177s] Level 1:colcon.colcon_core.package_identification:_identify(maps) by extension 'python_setup_py'
[0.177s] Level 1:colcon.colcon_core.package_identification:_identify(src) by extensions ['ignore', 'ignore_ament_install']
[0.177s] Level 1:colcon.colcon_core.package_identification:_identify(src) by extension 'ignore'
[0.177s] Level 1:colcon.colcon_core.package_identification:_identify(src) by extension 'ignore_ament_install'
[0.177s] Level 1:colcon.colcon_core.package_identification:_identify(src) by extensions ['colcon_pkg']
[0.177s] Level 1:colcon.colcon_core.package_identification:_identify(src) by extension 'colcon_pkg'
[0.177s] Level 1:colcon.colcon_core.package_identification:_identify(src) by extensions ['colcon_meta']
[0.177s] Level 1:colcon.colcon_core.package_identification:_identify(src) by extension 'colcon_meta'
[0.177s] Level 1:colcon.colcon_core.package_identification:_identify(src) by extensions ['ros']
[0.177s] Level 1:colcon.colcon_core.package_identification:_identify(src) by extension 'ros'
[0.177s] Level 1:colcon.colcon_core.package_identification:_identify(src) by extensions ['cmake', 'python']
[0.177s] Level 1:colcon.colcon_core.package_identification:_identify(src) by extension 'cmake'
[0.177s] Level 1:colcon.colcon_core.package_identification:_identify(src) by extension 'python'
[0.177s] Level 1:colcon.colcon_core.package_identification:_identify(src) by extensions ['python_setup_py']
[0.177s] Level 1:colcon.colcon_core.package_identification:_identify(src) by extension 'python_setup_py'
[0.177s] Level 1:colcon.colcon_core.package_identification:_identify(src/build) by extensions ['ignore', 'ignore_ament_install']
[0.177s] Level 1:colcon.colcon_core.package_identification:_identify(src/build) by extension 'ignore'
[0.177s] Level 1:colcon.colcon_core.package_identification:_identify(src/build) ignored
[0.177s] Level 1:colcon.colcon_core.package_identification:_identify(src/center_follow_cpp) by extensions ['ignore', 'ignore_ament_install']
[0.177s] Level 1:colcon.colcon_core.package_identification:_identify(src/center_follow_cpp) by extension 'ignore'
[0.177s] Level 1:colcon.colcon_core.package_identification:_identify(src/center_follow_cpp) by extension 'ignore_ament_install'
[0.177s] Level 1:colcon.colcon_core.package_identification:_identify(src/center_follow_cpp) by extensions ['colcon_pkg']
[0.177s] Level 1:colcon.colcon_core.package_identification:_identify(src/center_follow_cpp) by extension 'colcon_pkg'
[0.177s] Level 1:colcon.colcon_core.package_identification:_identify(src/center_follow_cpp) by extensions ['colcon_meta']
[0.177s] Level 1:colcon.colcon_core.package_identification:_identify(src/center_follow_cpp) by extension 'colcon_meta'
[0.177s] Level 1:colcon.colcon_core.package_identification:_identify(src/center_follow_cpp) by extensions ['ros']
[0.177s] Level 1:colcon.colcon_core.package_identification:_identify(src/center_follow_cpp) by extension 'ros'
[0.179s] DEBUG:colcon.colcon_core.package_identification:Package 'src/center_follow_cpp' with type 'ros.ament_cmake' and name 'center_follow_cpp'
[0.179s] Level 1:colcon.colcon_core.package_identification:_identify(src/f1_keyboard_teleop) by extensions ['ignore', 'ignore_ament_install']
[0.179s] Level 1:colcon.colcon_core.package_identification:_identify(src/f1_keyboard_teleop) by extension 'ignore'
[0.179s] Level 1:colcon.colcon_core.package_identification:_identify(src/f1_keyboard_teleop) by extension 'ignore_ament_install'
[0.179s] Level 1:colcon.colcon_core.package_identification:_identify(src/f1_keyboard_teleop) by extensions ['colcon_pkg']
[0.179s] Level 1:colcon.colcon_core.package_identification:_identify(src/f1_keyboard_teleop) by extension 'colcon_pkg'
[0.179s] Level 1:colcon.colcon_core.package_identification:_identify(src/f1_keyboard_teleop) by extensions ['colcon_meta']
[0.179s] Level 1:colcon.colcon_core.package_identification:_identify(src/f1_keyboard_teleop) by extension 'colcon_meta'
[0.179s] Level 1:colcon.colcon_core.package_identification:_identify(src/f1_keyboard_teleop) by extensions ['ros']
[0.179s] Level 1:colcon.colcon_core.package_identification:_identify(src/f1_keyboard_teleop) by extension 'ros'
[0.180s] DEBUG:colcon.colcon_core.package_identification:Package 'src/f1_keyboard_teleop' with type 'ros.ament_cmake' and name 'f1_keyboard_teleop'
[0.180s] Level 1:colcon.colcon_core.package_identification:_identify(src/f1tenth_gym_ros) by extensions ['ignore', 'ignore_ament_install']
[0.180s] Level 1:colcon.colcon_core.package_identification:_identify(src/f1tenth_gym_ros) by extension 'ignore'
[0.180s] Level 1:colcon.colcon_core.package_identification:_identify(src/f1tenth_gym_ros) by extension 'ignore_ament_install'
[0.180s] Level 1:colcon.colcon_core.package_identification:_identify(src/f1tenth_gym_ros) by extensions ['colcon_pkg']
[0.180s] Level 1:colcon.colcon_core.package_identification:_identify(src/f1tenth_gym_ros) by extension 'colcon_pkg'
[0.180s] Level 1:colcon.colcon_core.package_identification:_identify(src/f1tenth_gym_ros) by extensions ['colcon_meta']
[0.180s] Level 1:colcon.colcon_core.package_identification:_identify(src/f1tenth_gym_ros) by extension 'colcon_meta'
[0.180s] Level 1:colcon.colcon_core.package_identification:_identify(src/f1tenth_gym_ros) by extensions ['ros']
[0.180s] Level 1:colcon.colcon_core.package_identification:_identify(src/f1tenth_gym_ros) by extension 'ros'
[0.180s] DEBUG:colcon.colcon_core.package_identification:Package 'src/f1tenth_gym_ros' with type 'ros.ament_python' and name 'f1tenth_gym_ros'
[0.180s] Level 1:colcon.colcon_core.package_identification:_identify(src/f1tenth_slam_nav) by extensions ['ignore', 'ignore_ament_install']
[0.180s] Level 1:colcon.colcon_core.package_identification:_identify(src/f1tenth_slam_nav) by extension 'ignore'
[0.180s] Level 1:colcon.colcon_core.package_identification:_identify(src/f1tenth_slam_nav) by extension 'ignore_ament_install'
[0.180s] Level 1:colcon.colcon_core.package_identification:_identify(src/f1tenth_slam_nav) by extensions ['colcon_pkg']
[0.180s] Level 1:colcon.colcon_core.package_identification:_identify(src/f1tenth_slam_nav) by extension 'colcon_pkg'
[0.180s] Level 1:colcon.colcon_core.package_identification:_identify(src/f1tenth_slam_nav) by extensions ['colcon_meta']
[0.180s] Level 1:colcon.colcon_core.package_identification:_identify(src/f1tenth_slam_nav) by extension 'colcon_meta'
[0.180s] Level 1:colcon.colcon_core.package_identification:_identify(src/f1tenth_slam_nav) by extensions ['ros']
[0.180s] Level 1:colcon.colcon_core.package_identification:_identify(src/f1tenth_slam_nav) by extension 'ros'
[0.182s] DEBUG:colcon.colcon_core.package_identification:Package 'src/f1tenth_slam_nav' with type 'ros.ament_cmake' and name 'f1tenth_slam_nav'
[0.182s] Level 1:colcon.colcon_core.package_identification:_identify(src/install) by extensions ['ignore', 'ignore_ament_install']
[0.182s] Level 1:colcon.colcon_core.package_identification:_identify(src/install) by extension 'ignore'
[0.182s] Level 1:colcon.colcon_core.package_identification:_identify(src/install) ignored
[0.182s] Level 1:colcon.colcon_core.package_identification:_identify(src/log) by extensions ['ignore', 'ignore_ament_install']
[0.182s] Level 1:colcon.colcon_core.package_identification:_identify(src/log) by extension 'ignore'
[0.182s] Level 1:colcon.colcon_core.package_identification:_identify(src/log) ignored
[0.182s] Level 1:colcon.colcon_core.package_identification:_identify(src/scan_tools) by extensions ['ignore', 'ignore_ament_install']
[0.182s] Level 1:colcon.colcon_core.package_identification:_identify(src/scan_tools) by extension 'ignore'
[0.182s] Level 1:colcon.colcon_core.package_identification:_identify(src/scan_tools) by extension 'ignore_ament_install'
[0.182s] Level 1:colcon.colcon_core.package_identification:_identify(src/scan_tools) by extensions ['colcon_pkg']
[0.182s] Level 1:colcon.colcon_core.package_identification:_identify(src/scan_tools) by extension 'colcon_pkg'
[0.182s] Level 1:colcon.colcon_core.package_identification:_identify(src/scan_tools) by extensions ['colcon_meta']
[0.182s] Level 1:colcon.colcon_core.package_identification:_identify(src/scan_tools) by extension 'colcon_meta'
[0.182s] Level 1:colcon.colcon_core.package_identification:_identify(src/scan_tools) by extensions ['ros']
[0.182s] Level 1:colcon.colcon_core.package_identification:_identify(src/scan_tools) by extension 'ros'
[0.182s] DEBUG:colcon.colcon_core.package_identification:Package 'src/scan_tools' with type 'ros.ament_cmake' and name 'scan_tools'
[0.182s] Level 1:colcon.colcon_core.package_discovery:discover_packages(recursive) using defaults
[0.182s] Level 1:colcon.colcon_core.package_discovery:discover_packages(ignore) discover
[0.182s] Level 1:colcon.colcon_core.package_discovery:discover_packages(ignore) using defaults
[0.182s] Level 1:colcon.colcon_core.package_discovery:discover_packages(path) discover
[0.182s] Level 1:colcon.colcon_core.package_discovery:discover_packages(path) using defaults
[0.194s] Level 1:colcon.colcon_core.package_discovery:discover_packages(prefix_path) check parameters
[0.194s] Level 1:colcon.colcon_core.package_discovery:discover_packages(prefix_path) discover
[0.195s] DEBUG:colcon.colcon_installed_package_information.package_discovery:Found 6 installed packages in /home/ojg/sim_ws/install
[0.196s] DEBUG:colcon.colcon_installed_package_information.package_discovery:Found 337 installed packages in /opt/ros/humble
[0.197s] Level 1:colcon.colcon_core.package_discovery:discover_packages(prefix_path) using defaults
[0.221s] Level 5:colcon.colcon_core.verb:set package 'center_follow_cpp' build argument 'cmake_args' from command line to '['-DCMAKE_BUILD_TYPE=Release']'
[0.222s] Level 5:colcon.colcon_core.verb:set package 'center_follow_cpp' build argument 'cmake_target' from command line to 'None'
[0.222s] Level 5:colcon.colcon_core.verb:set package 'center_follow_cpp' build argument 'cmake_target_skip_unavailable' from command line to 'False'
[0.222s] Level 5:colcon.colcon_core.verb:set package 'center_follow_cpp' build argument 'cmake_clean_cache' from command line to 'False'
[0.222s] Level 5:colcon.colcon_core.verb:set package 'center_follow_cpp' build argument 'cmake_clean_first' from command line to 'False'
[0.222s] Level 5:colcon.colcon_core.verb:set package 'center_follow_cpp' build argument 'cmake_force_configure' from command line to 'False'
[0.222s] Level 5:colcon.colcon_core.verb:set package 'center_follow_cpp' build argument 'ament_cmake_args' from command line to 'None'
[0.222s] Level 5:colcon.colcon_core.verb:set package 'center_follow_cpp' build argument 'catkin_cmake_args' from command line to 'None'
[0.222s] Level 5:colcon.colcon_core.verb:set package 'center_follow_cpp' build argument 'catkin_skip_building_tests' from command line to 'False'
[0.222s] DEBUG:colcon.colcon_core.verb:Building package 'center_follow_cpp' with the following arguments: {'ament_cmake_args': None, 'build_base': '/home/ojg/sim_ws/build/center_follow_cpp', 'catkin_cmake_args': None, 'catkin_skip_building_tests': False, 'cmake_args': ['-DCMAKE_BUILD_TYPE=Release'], 'cmake_clean_cache': False, 'cmake_clean_first': False, 'cmake_force_configure': False, 'cmake_target': None, 'cmake_target_skip_unavailable': False, 'install_base': '/home/ojg/sim_ws/install/center_follow_cpp', 'merge_install': False, 'path': '/home/ojg/sim_ws/src/center_follow_cpp', 'symlink_install': True, 'test_result_base': None}
[0.222s] Level 5:colcon.colcon_core.verb:set package 'f1_keyboard_teleop' build argument 'cmake_args' from command line to '['-DCMAKE_BUILD_TYPE=Release']'
[0.222s] Level 5:colcon.colcon_core.verb:set package 'f1_keyboard_teleop' build argument 'cmake_target' from command line to 'None'
[0.222s] Level 5:colcon.colcon_core.verb:set package 'f1_keyboard_teleop' build argument 'cmake_target_skip_unavailable' from command line to 'False'
[0.222s] Level 5:colcon.colcon_core.verb:set package 'f1_keyboard_teleop' build argument 'cmake_clean_cache' from command line to 'False'
[0.222s] Level 5:colcon.colcon_core.verb:set package 'f1_keyboard_teleop' build argument 'cmake_clean_first' from command line to 'False'
[0.222s] Level 5:colcon.colcon_core.verb:set package 'f1_keyboard_teleop' build argument 'cmake_force_configure' from command line to 'False'
[0.222s] Level 5:colcon.colcon_core.verb:set package 'f1_keyboard_teleop' build argument 'ament_cmake_args' from command line to 'None'
[0.222s] Level 5:colcon.colcon_core.verb:set package 'f1_keyboard_teleop' build argument 'catkin_cmake_args' from command line to 'None'
[0.222s] Level 5:colcon.colcon_core.verb:set package 'f1_keyboard_teleop' build argument 'catkin_skip_building_tests' from command line to 'False'
[0.222s] DEBUG:colcon.colcon_core.verb:Building package 'f1_keyboard_teleop' with the following arguments: {'ament_cmake_args': None, 'build_base': '/home/ojg/sim_ws/build/f1_keyboard_teleop', 'catkin_cmake_args': None, 'catkin_skip_building_tests': False, 'cmake_args': ['-DCMAKE_BUILD_TYPE=Release'], 'cmake_clean_cache': False, 'cmake_clean_first': False, 'cmake_force_configure': False, 'cmake_target': None, 'cmake_target_skip_unavailable': False, 'install_base': '/home/ojg/sim_ws/install/f1_keyboard_teleop', 'merge_install': False, 'path': '/home/ojg/sim_ws/src/f1_keyboard_teleop', 'symlink_install': True, 'test_result_base': None}
[0.222s] Level 5:colcon.colcon_core.verb:set package 'f1tenth_gym_ros' build argument 'cmake_args' from command line to '['-DCMAKE_BUILD_TYPE=Release']'
[0.222s] Level 5:colcon.colcon_core.verb:set package 'f1tenth_gym_ros' build argument 'cmake_target' from command line to 'None'
[0.222s] Level 5:colcon.colcon_core.verb:set package 'f1tenth_gym_ros' build argument 'cmake_target_skip_unavailable' from command line to 'False'
[0.222s] Level 5:colcon.colcon_core.verb:set package 'f1tenth_gym_ros' build argument 'cmake_clean_cache' from command line to 'False'
[0.222s] Level 5:colcon.colcon_core.verb:set package 'f1tenth_gym_ros' build argument 'cmake_clean_first' from command line to 'False'
[0.222s] Level 5:colcon.colcon_core.verb:set package 'f1tenth_gym_ros' build argument 'cmake_force_configure' from command line to 'False'
[0.222s] Level 5:colcon.colcon_core.verb:set package 'f1tenth_gym_ros' build argument 'ament_cmake_args' from command line to 'None'
[0.222s] Level 5:colcon.colcon_core.verb:set package 'f1tenth_gym_ros' build argument 'catkin_cmake_args' from command line to 'None'
[0.222s] Level 5:colcon.colcon_core.verb:set package 'f1tenth_gym_ros' build argument 'catkin_skip_building_tests' from command line to 'False'
[0.222s] DEBUG:colcon.colcon_core.verb:Building package 'f1tenth_gym_ros' with the following arguments: {'ament_cmake_args': None, 'build_base': '/home/ojg/sim_ws/build/f1tenth_gym_ros', 'catkin_cmake_args': None, 'catkin_skip_building_tests': False, 'cmake_args': ['-DCMAKE_BUILD_TYPE=Release'], 'cmake_clean_cache': False, 'cmake_clean_first': False, 'cmake_force_configure': False, 'cmake_target': None, 'cmake_target_skip_unavailable': False, 'install_base': '/home/ojg/sim_ws/install/f1tenth_gym_ros', 'merge_install': False, 'path': '/home/ojg/sim_ws/src/f1tenth_gym_ros', 'symlink_install': True, 'test_result_base': None}
[0.222s] Level 5:colcon.colcon_core.verb:set package 'f1tenth_slam_nav' build argument 'cmake_args' from command line to '['-DCMAKE_BUILD_TYPE=Release']'
[0.222s] Level 5:colcon.colcon_core.verb:set package 'f1tenth_slam_nav' build argument 'cmake_target' from command line to 'None'
[0.222s] Level 5:colcon.colcon_core.verb:set package 'f1tenth_slam_nav' build argument 'cmake_target_skip_unavailable' from command line to 'False'
[0.222s] Level 5:colcon.colcon_core.verb:set package 'f1tenth_slam_nav' build argument 'cmake_clean_cache' from command line to 'False'
[0.222s] Level 5:colcon.colcon_core.verb:set package 'f1tenth_slam_nav' build argument 'cmake_clean_first' from command line to 'False'
[0.222s] Level 5:colcon.colcon_core.verb:set package 'f1tenth_slam_nav' build argument 'cmake_force_configure' from command line to 'False'
[0.222s] Level 5:colcon.colcon_core.verb:set package 'f1tenth_slam_nav' build argument 'ament_cmake_args' from command line to 'None'
[0.223s] Level 5:colcon.colcon_core.verb:set package 'f1tenth_slam_nav' build argument 'catkin_cmake_args' from command line to 'None'
[0.223s] Level 5:colcon.colcon_core.verb:set package 'f1tenth_slam_nav' build argument 'catkin_skip_building_tests' from command line to 'False'
[0.223s] DEBUG:colcon.colcon_core.verb:Building package 'f1tenth_slam_nav' with the following arguments: {'ament_cmake_args': None, 'build_base': '/home/ojg/sim_ws/build/f1tenth_slam_nav', 'catkin_cmake_args': None, 'catkin_skip_building_tests': False, 'cmake_args': ['-DCMAKE_BUILD_TYPE=Release'], 'cmake_clean_cache': False, 'cmake_clean_first': False, 'cmake_force_configure': False, 'cmake_target': None, 'cmake_target_skip_unavailable': False, 'install_base': '/home/ojg/sim_ws/install/f1tenth_slam_nav', 'merge_install': False, 'path': '/home/ojg/sim_ws/src/f1tenth_slam_nav', 'symlink_install': True, 'test_result_base': None}
[0.223s] Level 5:colcon.colcon_core.verb:set package 'scan_tools' build argument 'cmake_args' from command line to '['-DCMAKE_BUILD_TYPE=Release']'
[0.223s] Level 5:colcon.colcon_core.verb:set package 'scan_tools' build argument 'cmake_target' from command line to 'None'
[0.223s] Level 5:colcon.colcon_core.verb:set package 'scan_tools' build argument 'cmake_target_skip_unavailable' from command line to 'False'
[0.223s] Level 5:colcon.colcon_core.verb:set package 'scan_tools' build argument 'cmake_clean_cache' from command line to 'False'
[0.223s] Level 5:colcon.colcon_core.verb:set package 'scan_tools' build argument 'cmake_clean_first' from command line to 'False'
[0.223s] Level 5:colcon.colcon_core.verb:set package 'scan_tools' build argument 'cmake_force_configure' from command line to 'False'
[0.223s] Level 5:colcon.colcon_core.verb:set package 'scan_tools' build argument 'ament_cmake_args' from command line to 'None'
[0.223s] Level 5:colcon.colcon_core.verb:set package 'scan_tools' build argument 'catkin_cmake_args' from command line to 'None'
[0.223s] Level 5:colcon.colcon_core.verb:set package 'scan_tools' build argument 'catkin_skip_building_tests' from command line to 'False'
[0.223s] DEBUG:colcon.colcon_core.verb:Building package 'scan_tools' with the following arguments: {'ament_cmake_args': None, 'build_base': '/home/ojg/sim_ws/build/scan_tools', 'catkin_cmake_args': None, 'catkin_skip_building_tests': False, 'cmake_args': ['-DCMAKE_BUILD_TYPE=Release'], 'cmake_clean_cache': False, 'cmake_clean_first': False, 'cmake_force_configure': False, 'cmake_target': None, 'cmake_target_skip_unavailable': False, 'install_base': '/home/ojg/sim_ws/install/scan_tools', 'merge_install': False, 'path': '/home/ojg/sim_ws/src/scan_tools', 'symlink_install': True, 'test_result_base': None}
[0.223s] INFO:colcon.colcon_core.executor:Executing jobs using 'parallel' executor
[0.224s] DEBUG:colcon.colcon_parallel_executor.executor.parallel:run_until_complete
[0.224s] INFO:colcon.colcon_ros.task.ament_cmake.build:Building ROS package in '/home/ojg/sim_ws/src/center_follow_cpp' with build type 'ament_cmake'
[0.224s] INFO:colcon.colcon_cmake.task.cmake.build:Building CMake package in '/home/ojg/sim_ws/src/center_follow_cpp'
[0.225s] INFO:colcon.colcon_core.plugin_system:Skipping extension 'colcon_core.shell.bat': Not used on non-Windows systems
[0.225s] INFO:colcon.colcon_core.shell:Skip shell extension 'powershell' for command environment: Not usable outside of PowerShell
[0.225s] DEBUG:colcon.colcon_core.shell:Skip shell extension 'dsv' for command environment
[0.227s] INFO:colcon.colcon_ros.task.ament_cmake.build:Building ROS package in '/home/ojg/sim_ws/src/f1_keyboard_teleop' with build type 'ament_cmake'
[0.228s] INFO:colcon.colcon_cmake.task.cmake.build:Building CMake package in '/home/ojg/sim_ws/src/f1_keyboard_teleop'
[0.228s] INFO:colcon.colcon_core.shell:Skip shell extension 'powershell' for command environment: Not usable outside of PowerShell
[0.228s] DEBUG:colcon.colcon_core.shell:Skip shell extension 'dsv' for command environment
[0.230s] INFO:colcon.colcon_ros.task.ament_python.build:Building ROS package in '/home/ojg/sim_ws/src/f1tenth_gym_ros' with build type 'ament_python'
[0.230s] Level 1:colcon.colcon_core.shell:create_environment_hook('f1tenth_gym_ros', 'ament_prefix_path')
[0.230s] INFO:colcon.colcon_core.shell:Creating environment hook '/home/ojg/sim_ws/install/f1tenth_gym_ros/share/f1tenth_gym_ros/hook/ament_prefix_path.ps1'
[0.230s] INFO:colcon.colcon_core.shell:Creating environment descriptor '/home/ojg/sim_ws/install/f1tenth_gym_ros/share/f1tenth_gym_ros/hook/ament_prefix_path.dsv'
[0.230s] INFO:colcon.colcon_core.shell:Creating environment hook '/home/ojg/sim_ws/install/f1tenth_gym_ros/share/f1tenth_gym_ros/hook/ament_prefix_path.sh'
[0.231s] INFO:colcon.colcon_core.shell:Skip shell extension 'powershell' for command environment: Not usable outside of PowerShell
[0.231s] DEBUG:colcon.colcon_core.shell:Skip shell extension 'dsv' for command environment
[0.232s] INFO:colcon.colcon_ros.task.ament_cmake.build:Building ROS package in '/home/ojg/sim_ws/src/f1tenth_slam_nav' with build type 'ament_cmake'
[0.233s] INFO:colcon.colcon_cmake.task.cmake.build:Building CMake package in '/home/ojg/sim_ws/src/f1tenth_slam_nav'
[0.233s] INFO:colcon.colcon_core.shell:Skip shell extension 'powershell' for command environment: Not usable outside of PowerShell
[0.233s] DEBUG:colcon.colcon_core.shell:Skip shell extension 'dsv' for command environment
[0.234s] INFO:colcon.colcon_ros.task.ament_cmake.build:Building ROS package in '/home/ojg/sim_ws/src/scan_tools' with build type 'ament_cmake'
[0.235s] INFO:colcon.colcon_cmake.task.cmake.build:Building CMake package in '/home/ojg/sim_ws/src/scan_tools'
[0.235s] INFO:colcon.colcon_core.shell:Skip shell extension 'powershell' for command environment: Not usable outside of PowerShell
[0.235s] DEBUG:colcon.colcon_core.shell:Skip shell extension 'dsv' for command environment
[0.239s] DEBUG:colcon.colcon_core.event_handler.log_command:Invoking command in '/home/ojg/sim_ws/build/center_follow_cpp': CMAKE_PREFIX_PATH=${CMAKE_PREFIX_PATH}:/home/ojg/sim_ws/install/f1tenth_gym_ros:/opt/ros/humble /usr/bin/cmake /home/ojg/sim_ws/src/center_follow_cpp -DCMAKE_BUILD_TYPE=Release -DAMENT_CMAKE_SYMLINK_INSTALL=1 -DCMAKE_INSTALL_PREFIX=/home/ojg/sim_ws/install/center_follow_cpp
[0.240s] DEBUG:colcon.colcon_core.event_handler.log_command:Invoking command in '/home/ojg/sim_ws/build/f1_keyboard_teleop': CMAKE_PREFIX_PATH=${CMAKE_PREFIX_PATH}:/home/ojg/sim_ws/install/f1tenth_gym_ros:/opt/ros/humble /usr/bin/cmake /home/ojg/sim_ws/src/f1_keyboard_teleop -DCMAKE_BUILD_TYPE=Release -DAMENT_CMAKE_SYMLINK_INSTALL=1 -DCMAKE_INSTALL_PREFIX=/home/ojg/sim_ws/install/f1_keyboard_teleop
[0.403s] INFO:colcon.colcon_core.task.python.build:Building Python package in '/home/ojg/sim_ws/src/f1tenth_gym_ros'
[0.403s] INFO:colcon.colcon_core.shell:Skip shell extension 'powershell' for command environment: Not usable outside of PowerShell
[0.403s] DEBUG:colcon.colcon_core.shell:Skip shell extension 'dsv' for command environment
[0.408s] DEBUG:colcon.colcon_core.event_handler.log_command:Invoking command in '/home/ojg/sim_ws/build/f1tenth_slam_nav': CMAKE_PREFIX_PATH=${CMAKE_PREFIX_PATH}:/home/ojg/sim_ws/install/f1tenth_gym_ros:/opt/ros/humble /usr/bin/cmake /home/ojg/sim_ws/src/f1tenth_slam_nav -DCMAKE_BUILD_TYPE=Release -DAMENT_CMAKE_SYMLINK_INSTALL=1 -DCMAKE_INSTALL_PREFIX=/home/ojg/sim_ws/install/f1tenth_slam_nav
[0.413s] DEBUG:colcon.colcon_core.event_handler.log_command:Invoking command in '/home/ojg/sim_ws/build/scan_tools': CMAKE_PREFIX_PATH=${CMAKE_PREFIX_PATH}:/home/ojg/sim_ws/install/f1tenth_gym_ros:/opt/ros/humble /usr/bin/cmake /home/ojg/sim_ws/src/scan_tools -DCMAKE_BUILD_TYPE=Release -DAMENT_CMAKE_SYMLINK_INSTALL=1 -DCMAKE_INSTALL_PREFIX=/home/ojg/sim_ws/install/scan_tools
[0.583s] DEBUG:colcon.colcon_core.event_handler.log_command:Invoked command in '/home/ojg/sim_ws/build/f1_keyboard_teleop' returned '0': CMAKE_PREFIX_PATH=${CMAKE_PREFIX_PATH}:/home/ojg/sim_ws/install/f1tenth_gym_ros:/opt/ros/humble /usr/bin/cmake /home/ojg/sim_ws/src/f1_keyboard_teleop -DCMAKE_BUILD_TYPE=Release -DAMENT_CMAKE_SYMLINK_INSTALL=1 -DCMAKE_INSTALL_PREFIX=/home/ojg/sim_ws/install/f1_keyboard_teleop
[0.583s] DEBUG:colcon.colcon_core.event_handler.log_command:Invoking command in '/home/ojg/sim_ws/build/f1_keyboard_teleop': CMAKE_PREFIX_PATH=${CMAKE_PREFIX_PATH}:/home/ojg/sim_ws/install/f1tenth_gym_ros:/opt/ros/humble /usr/bin/cmake --build /home/ojg/sim_ws/build/f1_keyboard_teleop -- -j18 -l18
[0.607s] DEBUG:colcon.colcon_core.event_handler.log_command:Invoked command in '/home/ojg/sim_ws/build/center_follow_cpp' returned '0': CMAKE_PREFIX_PATH=${CMAKE_PREFIX_PATH}:/home/ojg/sim_ws/install/f1tenth_gym_ros:/opt/ros/humble /usr/bin/cmake /home/ojg/sim_ws/src/center_follow_cpp -DCMAKE_BUILD_TYPE=Release -DAMENT_CMAKE_SYMLINK_INSTALL=1 -DCMAKE_INSTALL_PREFIX=/home/ojg/sim_ws/install/center_follow_cpp
[0.608s] DEBUG:colcon.colcon_core.event_handler.log_command:Invoking command in '/home/ojg/sim_ws/build/center_follow_cpp': CMAKE_PREFIX_PATH=${CMAKE_PREFIX_PATH}:/home/ojg/sim_ws/install/f1tenth_gym_ros:/opt/ros/humble /usr/bin/cmake --build /home/ojg/sim_ws/build/center_follow_cpp -- -j18 -l18
[0.633s] DEBUG:colcon.colcon_core.task.python.build:While undoing a previous installation files outside the Python library path are being ignored: /home/ojg/sim_ws/install/f1tenth_gym_ros/share/ament_index/resource_index/packages/f1tenth_gym_ros
[0.633s] DEBUG:colcon.colcon_core.task.python.build:While undoing a previous installation files outside the Python library path are being ignored: /home/ojg/sim_ws/install/f1tenth_gym_ros/share/f1tenth_gym_ros/package.xml
[0.633s] DEBUG:colcon.colcon_core.task.python.build:While undoing a previous installation files outside the Python library path are being ignored: /home/ojg/sim_ws/install/f1tenth_gym_ros/share/f1tenth_gym_ros/launch/gym_bridge_launch.py
[0.633s] DEBUG:colcon.colcon_core.task.python.build:While undoing a previous installation files outside the Python library path are being ignored: /home/ojg/sim_ws/install/f1tenth_gym_ros/share/f1tenth_gym_ros/launch/opp_racecar.xacro
[0.633s] DEBUG:colcon.colcon_core.task.python.build:While undoing a previous installation files outside the Python library path are being ignored: /home/ojg/sim_ws/install/f1tenth_gym_ros/share/f1tenth_gym_ros/launch/ego_racecar.xacro
[0.633s] DEBUG:colcon.colcon_core.task.python.build:While undoing a previous installation files outside the Python library path are being ignored: /home/ojg/sim_ws/install/f1tenth_gym_ros/share/f1tenth_gym_ros/launch/gym_bridge.rviz
[0.633s] DEBUG:colcon.colcon_core.task.python.build:While undoing a previous installation files outside the Python library path are being ignored: /home/ojg/sim_ws/install/f1tenth_gym_ros/share/f1tenth_gym_ros/config/sim.yaml
[0.633s] DEBUG:colcon.colcon_core.task.python.build:While undoing a previous installation files outside the Python library path are being ignored: /home/ojg/sim_ws/install/f1tenth_gym_ros/lib/f1tenth_gym_ros/gym_bridge
[0.635s] DEBUG:colcon.colcon_core.event_handler.log_command:Invoking command in '/home/ojg/sim_ws/build/f1tenth_gym_ros': PYTHONPATH=/home/ojg/sim_ws/build/f1tenth_gym_ros/prefix_override:/usr/lib/python3/dist-packages/colcon_core/task/python/colcon_distutils_commands:/home/ojg/sim_ws/install/f1tenth_gym_ros/lib/python3.10/site-packages:${PYTHONPATH} /usr/bin/python3 -W ignore:setup.py install is deprecated -W ignore:easy_install command is deprecated setup.py develop --editable --build-directory /home/ojg/sim_ws/build/f1tenth_gym_ros/build --no-deps symlink_data --force
[0.638s] DEBUG:colcon.colcon_core.event_handler.log_command:Invoked command in '/home/ojg/sim_ws/build/f1tenth_slam_nav' returned '0': CMAKE_PREFIX_PATH=${CMAKE_PREFIX_PATH}:/home/ojg/sim_ws/install/f1tenth_gym_ros:/opt/ros/humble /usr/bin/cmake /home/ojg/sim_ws/src/f1tenth_slam_nav -DCMAKE_BUILD_TYPE=Release -DAMENT_CMAKE_SYMLINK_INSTALL=1 -DCMAKE_INSTALL_PREFIX=/home/ojg/sim_ws/install/f1tenth_slam_nav
[0.639s] DEBUG:colcon.colcon_core.event_handler.log_command:Invoking command in '/home/ojg/sim_ws/build/f1tenth_slam_nav': CMAKE_PREFIX_PATH=${CMAKE_PREFIX_PATH}:/home/ojg/sim_ws/install/f1tenth_gym_ros:/opt/ros/humble /usr/bin/cmake --build /home/ojg/sim_ws/build/f1tenth_slam_nav -- -j18 -l18
[0.642s] DEBUG:colcon.colcon_core.event_handler.log_command:Invoked command in '/home/ojg/sim_ws/build/f1_keyboard_teleop' returned '0': CMAKE_PREFIX_PATH=${CMAKE_PREFIX_PATH}:/home/ojg/sim_ws/install/f1tenth_gym_ros:/opt/ros/humble /usr/bin/cmake --build /home/ojg/sim_ws/build/f1_keyboard_teleop -- -j18 -l18
[0.652s] DEBUG:colcon.colcon_core.event_handler.log_command:Invoking command in '/home/ojg/sim_ws/build/f1_keyboard_teleop': CMAKE_PREFIX_PATH=${CMAKE_PREFIX_PATH}:/home/ojg/sim_ws/install/f1tenth_gym_ros:/opt/ros/humble /usr/bin/cmake --install /home/ojg/sim_ws/build/f1_keyboard_teleop
[0.664s] Level 1:colcon.colcon_core.environment:create_environment_scripts_only(f1_keyboard_teleop)
[0.664s] DEBUG:colcon.colcon_core.event_handler.log_command:Invoked command in '/home/ojg/sim_ws/build/f1_keyboard_teleop' returned '0': CMAKE_PREFIX_PATH=${CMAKE_PREFIX_PATH}:/home/ojg/sim_ws/install/f1tenth_gym_ros:/opt/ros/humble /usr/bin/cmake --install /home/ojg/sim_ws/build/f1_keyboard_teleop
[0.666s] Level 1:colcon.colcon_core.environment:checking '/home/ojg/sim_ws/install/f1_keyboard_teleop' for CMake module files
[0.666s] Level 1:colcon.colcon_core.environment:checking '/home/ojg/sim_ws/install/f1_keyboard_teleop' for CMake config files
[0.666s] Level 1:colcon.colcon_core.shell:create_environment_hook('f1_keyboard_teleop', 'cmake_prefix_path')
[0.666s] INFO:colcon.colcon_core.shell:Creating environment hook '/home/ojg/sim_ws/install/f1_keyboard_teleop/share/f1_keyboard_teleop/hook/cmake_prefix_path.ps1'
[0.667s] INFO:colcon.colcon_core.shell:Creating environment descriptor '/home/ojg/sim_ws/install/f1_keyboard_teleop/share/f1_keyboard_teleop/hook/cmake_prefix_path.dsv'
[0.667s] INFO:colcon.colcon_core.shell:Creating environment hook '/home/ojg/sim_ws/install/f1_keyboard_teleop/share/f1_keyboard_teleop/hook/cmake_prefix_path.sh'
[0.667s] Level 1:colcon.colcon_core.environment:checking '/home/ojg/sim_ws/install/f1_keyboard_teleop/lib'
[0.668s] Level 1:colcon.colcon_core.environment:checking '/home/ojg/sim_ws/install/f1_keyboard_teleop/bin'
[0.668s] Level 1:colcon.colcon_core.environment:checking '/home/ojg/sim_ws/install/f1_keyboard_teleop/lib/pkgconfig/f1_keyboard_teleop.pc'
[0.668s] Level 1:colcon.colcon_core.environment:checking '/home/ojg/sim_ws/install/f1_keyboard_teleop/lib/python3.10/site-packages'
[0.668s] Level 1:colcon.colcon_core.environment:checking '/home/ojg/sim_ws/install/f1_keyboard_teleop/bin'
[0.668s] INFO:colcon.colcon_core.shell:Creating package script '/home/ojg/sim_ws/install/f1_keyboard_teleop/share/f1_keyboard_teleop/package.ps1'
[0.669s] INFO:colcon.colcon_core.shell:Creating package descriptor '/home/ojg/sim_ws/install/f1_keyboard_teleop/share/f1_keyboard_teleop/package.dsv'
[0.669s] INFO:colcon.colcon_core.shell:Creating package script '/home/ojg/sim_ws/install/f1_keyboard_teleop/share/f1_keyboard_teleop/package.sh'
[0.669s] INFO:colcon.colcon_core.shell:Creating package script '/home/ojg/sim_ws/install/f1_keyboard_teleop/share/f1_keyboard_teleop/package.bash'
[0.670s] INFO:colcon.colcon_core.shell:Creating package script '/home/ojg/sim_ws/install/f1_keyboard_teleop/share/f1_keyboard_teleop/package.zsh'
[0.670s] Level 1:colcon.colcon_core.environment:create_file_with_runtime_dependencies(/home/ojg/sim_ws/install/f1_keyboard_teleop/share/colcon-core/packages/f1_keyboard_teleop)
[0.670s] Level 1:colcon.colcon_core.environment:create_environment_scripts_only(f1_keyboard_teleop)
[0.671s] Level 1:colcon.colcon_core.environment:checking '/home/ojg/sim_ws/install/f1_keyboard_teleop' for CMake module files
[0.671s] Level 1:colcon.colcon_core.environment:checking '/home/ojg/sim_ws/install/f1_keyboard_teleop' for CMake config files
[0.671s] Level 1:colcon.colcon_core.shell:create_environment_hook('f1_keyboard_teleop', 'cmake_prefix_path')
[0.671s] INFO:colcon.colcon_core.shell:Creating environment hook '/home/ojg/sim_ws/install/f1_keyboard_teleop/share/f1_keyboard_teleop/hook/cmake_prefix_path.ps1'
[0.671s] INFO:colcon.colcon_core.shell:Creating environment descriptor '/home/ojg/sim_ws/install/f1_keyboard_teleop/share/f1_keyboard_teleop/hook/cmake_prefix_path.dsv'
[0.671s] INFO:colcon.colcon_core.shell:Creating environment hook '/home/ojg/sim_ws/install/f1_keyboard_teleop/share/f1_keyboard_teleop/hook/cmake_prefix_path.sh'
[0.672s] Level 1:colcon.colcon_core.environment:checking '/home/ojg/sim_ws/install/f1_keyboard_teleop/lib'
[0.672s] Level 1:colcon.colcon_core.environment:checking '/home/ojg/sim_ws/install/f1_keyboard_teleop/bin'
[0.672s] Level 1:colcon.colcon_core.environment:checking '/home/ojg/sim_ws/install/f1_keyboard_teleop/lib/pkgconfig/f1_keyboard_teleop.pc'
[0.672s] Level 1:colcon.colcon_core.environment:checking '/home/ojg/sim_ws/install/f1_keyboard_teleop/lib/python3.10/site-packages'
[0.672s] Level 1:colcon.colcon_core.environment:checking '/home/ojg/sim_ws/install/f1_keyboard_teleop/bin'
[0.672s] INFO:colcon.colcon_core.shell:Creating package script '/home/ojg/sim_ws/install/f1_keyboard_teleop/share/f1_keyboard_teleop/package.ps1'
[0.673s] INFO:colcon.colcon_core.shell:Creating package descriptor '/home/ojg/sim_ws/install/f1_keyboard_teleop/share/f1_keyboard_teleop/package.dsv'
[0.673s] INFO:colcon.colcon_core.shell:Creating package script '/home/ojg/sim_ws/install/f1_keyboard_teleop/share/f1_keyboard_teleop/package.sh'
[0.673s] INFO:colcon.colcon_core.shell:Creating package script '/home/ojg/sim_ws/install/f1_keyboard_teleop/share/f1_keyboard_teleop/package.bash'
[0.673s] INFO:colcon.colcon_core.shell:Creating package script '/home/ojg/sim_ws/install/f1_keyboard_teleop/share/f1_keyboard_teleop/package.zsh'
[0.673s] Level 1:colcon.colcon_core.environment:create_file_with_runtime_dependencies(/home/ojg/sim_ws/install/f1_keyboard_teleop/share/colcon-core/packages/f1_keyboard_teleop)
[0.674s] DEBUG:colcon.colcon_core.event_handler.log_command:Invoked command in '/home/ojg/sim_ws/build/center_follow_cpp' returned '0': CMAKE_PREFIX_PATH=${CMAKE_PREFIX_PATH}:/home/ojg/sim_ws/install/f1tenth_gym_ros:/opt/ros/humble /usr/bin/cmake --build /home/ojg/sim_ws/build/center_follow_cpp -- -j18 -l18
[0.675s] DEBUG:colcon.colcon_core.event_handler.log_command:Invoking command in '/home/ojg/sim_ws/build/center_follow_cpp': CMAKE_PREFIX_PATH=${CMAKE_PREFIX_PATH}:/home/ojg/sim_ws/install/f1tenth_gym_ros:/opt/ros/humble /usr/bin/cmake --install /home/ojg/sim_ws/build/center_follow_cpp
[0.696s] Level 1:colcon.colcon_core.environment:create_environment_scripts_only(center_follow_cpp)
[0.697s] Level 1:colcon.colcon_core.environment:checking '/home/ojg/sim_ws/install/center_follow_cpp' for CMake module files
[0.697s] DEBUG:colcon.colcon_core.event_handler.log_command:Invoked command in '/home/ojg/sim_ws/build/center_follow_cpp' returned '0': CMAKE_PREFIX_PATH=${CMAKE_PREFIX_PATH}:/home/ojg/sim_ws/install/f1tenth_gym_ros:/opt/ros/humble /usr/bin/cmake --install /home/ojg/sim_ws/build/center_follow_cpp
[0.698s] Level 1:colcon.colcon_core.environment:checking '/home/ojg/sim_ws/install/center_follow_cpp' for CMake config files
[0.698s] Level 1:colcon.colcon_core.shell:create_environment_hook('center_follow_cpp', 'cmake_prefix_path')
[0.699s] INFO:colcon.colcon_core.shell:Creating environment hook '/home/ojg/sim_ws/install/center_follow_cpp/share/center_follow_cpp/hook/cmake_prefix_path.ps1'
[0.699s] INFO:colcon.colcon_core.shell:Creating environment descriptor '/home/ojg/sim_ws/install/center_follow_cpp/share/center_follow_cpp/hook/cmake_prefix_path.dsv'
[0.699s] INFO:colcon.colcon_core.shell:Creating environment hook '/home/ojg/sim_ws/install/center_follow_cpp/share/center_follow_cpp/hook/cmake_prefix_path.sh'
[0.700s] Level 1:colcon.colcon_core.environment:checking '/home/ojg/sim_ws/install/center_follow_cpp/lib'
[0.700s] Level 1:colcon.colcon_core.environment:checking '/home/ojg/sim_ws/install/center_follow_cpp/bin'
[0.700s] Level 1:colcon.colcon_core.environment:checking '/home/ojg/sim_ws/install/center_follow_cpp/lib/pkgconfig/center_follow_cpp.pc'
[0.700s] Level 1:colcon.colcon_core.environment:checking '/home/ojg/sim_ws/install/center_follow_cpp/lib/python3.10/site-packages'
[0.700s] Level 1:colcon.colcon_core.environment:checking '/home/ojg/sim_ws/install/center_follow_cpp/bin'
[0.700s] INFO:colcon.colcon_core.shell:Creating package script '/home/ojg/sim_ws/install/center_follow_cpp/share/center_follow_cpp/package.ps1'
[0.701s] INFO:colcon.colcon_core.shell:Creating package descriptor '/home/ojg/sim_ws/install/center_follow_cpp/share/center_follow_cpp/package.dsv'
[0.701s] INFO:colcon.colcon_core.shell:Creating package script '/home/ojg/sim_ws/install/center_follow_cpp/share/center_follow_cpp/package.sh'
[0.701s] INFO:colcon.colcon_core.shell:Creating package script '/home/ojg/sim_ws/install/center_follow_cpp/share/center_follow_cpp/package.bash'
[0.701s] INFO:colcon.colcon_core.shell:Creating package script '/home/ojg/sim_ws/install/center_follow_cpp/share/center_follow_cpp/package.zsh'
[0.701s] Level 1:colcon.colcon_core.environment:create_file_with_runtime_dependencies(/home/ojg/sim_ws/install/center_follow_cpp/share/colcon-core/packages/center_follow_cpp)
[0.702s] Level 1:colcon.colcon_core.environment:create_environment_scripts_only(center_follow_cpp)
[0.702s] Level 1:colcon.colcon_core.environment:checking '/home/ojg/sim_ws/install/center_follow_cpp' for CMake module files
[0.702s] Level 1:colcon.colcon_core.environment:checking '/home/ojg/sim_ws/install/center_follow_cpp' for CMake config files
[0.702s] Level 1:colcon.colcon_core.shell:create_environment_hook('center_follow_cpp', 'cmake_prefix_path')
[0.702s] INFO:colcon.colcon_core.shell:Creating environment hook '/home/ojg/sim_ws/install/center_follow_cpp/share/center_follow_cpp/hook/cmake_prefix_path.ps1'
[0.703s] INFO:colcon.colcon_core.shell:Creating environment descriptor '/home/ojg/sim_ws/install/center_follow_cpp/share/center_follow_cpp/hook/cmake_prefix_path.dsv'
[0.703s] INFO:colcon.colcon_core.shell:Creating environment hook '/home/ojg/sim_ws/install/center_follow_cpp/share/center_follow_cpp/hook/cmake_prefix_path.sh'
[0.703s] Level 1:colcon.colcon_core.environment:checking '/home/ojg/sim_ws/install/center_follow_cpp/lib'
[0.703s] Level 1:colcon.colcon_core.environment:checking '/home/ojg/sim_ws/install/center_follow_cpp/bin'
[0.703s] Level 1:colcon.colcon_core.environment:checking '/home/ojg/sim_ws/install/center_follow_cpp/lib/pkgconfig/center_follow_cpp.pc'
[0.703s] Level 1:colcon.colcon_core.environment:checking '/home/ojg/sim_ws/install/center_follow_cpp/lib/python3.10/site-packages'
[0.703s] Level 1:colcon.colcon_core.environment:checking '/home/ojg/sim_ws/install/center_follow_cpp/bin'
[0.704s] INFO:colcon.colcon_core.shell:Creating package script '/home/ojg/sim_ws/install/center_follow_cpp/share/center_follow_cpp/package.ps1'
[0.704s] INFO:colcon.colcon_core.shell:Creating package descriptor '/home/ojg/sim_ws/install/center_follow_cpp/share/center_follow_cpp/package.dsv'
[0.704s] INFO:colcon.colcon_core.shell:Creating package script '/home/ojg/sim_ws/install/center_follow_cpp/share/center_follow_cpp/package.sh'
[0.704s] INFO:colcon.colcon_core.shell:Creating package script '/home/ojg/sim_ws/install/center_follow_cpp/share/center_follow_cpp/package.bash'
[0.705s] INFO:colcon.colcon_core.shell:Creating package script '/home/ojg/sim_ws/install/center_follow_cpp/share/center_follow_cpp/package.zsh'
[0.705s] Level 1:colcon.colcon_core.environment:create_file_with_runtime_dependencies(/home/ojg/sim_ws/install/center_follow_cpp/share/colcon-core/packages/center_follow_cpp)
[0.841s] DEBUG:colcon.colcon_core.event_handler.log_command:Invoked command in '/home/ojg/sim_ws/build/scan_tools' returned '0': CMAKE_PREFIX_PATH=${CMAKE_PREFIX_PATH}:/home/ojg/sim_ws/install/f1tenth_gym_ros:/opt/ros/humble /usr/bin/cmake /home/ojg/sim_ws/src/scan_tools -DCMAKE_BUILD_TYPE=Release -DAMENT_CMAKE_SYMLINK_INSTALL=1 -DCMAKE_INSTALL_PREFIX=/home/ojg/sim_ws/install/scan_tools
[0.841s] DEBUG:colcon.colcon_core.event_handler.log_command:Invoking command in '/home/ojg/sim_ws/build/scan_tools': CMAKE_PREFIX_PATH=${CMAKE_PREFIX_PATH}:/home/ojg/sim_ws/install/f1tenth_gym_ros:/opt/ros/humble /usr/bin/cmake --build /home/ojg/sim_ws/build/scan_tools -- -j18 -l18
[0.869s] DEBUG:colcon.colcon_core.event_handler.log_command:Invoked command in '/home/ojg/sim_ws/build/f1tenth_slam_nav' returned '0': CMAKE_PREFIX_PATH=${CMAKE_PREFIX_PATH}:/home/ojg/sim_ws/install/f1tenth_gym_ros:/opt/ros/humble /usr/bin/cmake --build /home/ojg/sim_ws/build/f1tenth_slam_nav -- -j18 -l18
[0.870s] DEBUG:colcon.colcon_core.event_handler.log_command:Invoking command in '/home/ojg/sim_ws/build/f1tenth_slam_nav': CMAKE_PREFIX_PATH=${CMAKE_PREFIX_PATH}:/home/ojg/sim_ws/install/f1tenth_gym_ros:/opt/ros/humble /usr/bin/cmake --install /home/ojg/sim_ws/build/f1tenth_slam_nav
[0.874s] DEBUG:colcon.colcon_core.event_handler.log_command:Invoked command in '/home/ojg/sim_ws/build/scan_tools' returned '0': CMAKE_PREFIX_PATH=${CMAKE_PREFIX_PATH}:/home/ojg/sim_ws/install/f1tenth_gym_ros:/opt/ros/humble /usr/bin/cmake --build /home/ojg/sim_ws/build/scan_tools -- -j18 -l18
[0.876s] DEBUG:colcon.colcon_core.event_handler.log_command:Invoking command in '/home/ojg/sim_ws/build/scan_tools': CMAKE_PREFIX_PATH=${CMAKE_PREFIX_PATH}:/home/ojg/sim_ws/install/f1tenth_gym_ros:/opt/ros/humble /usr/bin/cmake --install /home/ojg/sim_ws/build/scan_tools
[0.890s] Level 1:colcon.colcon_core.environment:create_environment_scripts_only(scan_tools)
[0.891s] Level 1:colcon.colcon_core.environment:checking '/home/ojg/sim_ws/install/scan_tools' for CMake module files
[0.891s] DEBUG:colcon.colcon_core.event_handler.log_command:Invoked command in '/home/ojg/sim_ws/build/scan_tools' returned '0': CMAKE_PREFIX_PATH=${CMAKE_PREFIX_PATH}:/home/ojg/sim_ws/install/f1tenth_gym_ros:/opt/ros/humble /usr/bin/cmake --install /home/ojg/sim_ws/build/scan_tools
[0.891s] Level 1:colcon.colcon_core.environment:checking '/home/ojg/sim_ws/install/scan_tools' for CMake config files
[0.891s] Level 1:colcon.colcon_core.shell:create_environment_hook('scan_tools', 'cmake_prefix_path')
[0.892s] INFO:colcon.colcon_core.shell:Creating environment hook '/home/ojg/sim_ws/install/scan_tools/share/scan_tools/hook/cmake_prefix_path.ps1'
[0.892s] INFO:colcon.colcon_core.shell:Creating environment descriptor '/home/ojg/sim_ws/install/scan_tools/share/scan_tools/hook/cmake_prefix_path.dsv'
[0.892s] INFO:colcon.colcon_core.shell:Creating environment hook '/home/ojg/sim_ws/install/scan_tools/share/scan_tools/hook/cmake_prefix_path.sh'
[0.892s] Level 1:colcon.colcon_core.environment:checking '/home/ojg/sim_ws/install/scan_tools/bin'
[0.893s] Level 1:colcon.colcon_core.environment:checking '/home/ojg/sim_ws/install/scan_tools/lib/pkgconfig/scan_tools.pc'
[0.893s] Level 1:colcon.colcon_core.environment:checking '/home/ojg/sim_ws/install/scan_tools/lib/python3.10/site-packages'
[0.893s] Level 1:colcon.colcon_core.environment:checking '/home/ojg/sim_ws/install/scan_tools/bin'
[0.893s] INFO:colcon.colcon_core.shell:Creating package script '/home/ojg/sim_ws/install/scan_tools/share/scan_tools/package.ps1'
[0.893s] INFO:colcon.colcon_core.shell:Creating package descriptor '/home/ojg/sim_ws/install/scan_tools/share/scan_tools/package.dsv'
[0.893s] INFO:colcon.colcon_core.shell:Creating package script '/home/ojg/sim_ws/install/scan_tools/share/scan_tools/package.sh'
[0.894s] INFO:colcon.colcon_core.shell:Creating package script '/home/ojg/sim_ws/install/scan_tools/share/scan_tools/package.bash'
[0.894s] INFO:colcon.colcon_core.shell:Creating package script '/home/ojg/sim_ws/install/scan_tools/share/scan_tools/package.zsh'
[0.894s] Level 1:colcon.colcon_core.environment:create_file_with_runtime_dependencies(/home/ojg/sim_ws/install/scan_tools/share/colcon-core/packages/scan_tools)
[0.894s] Level 1:colcon.colcon_core.environment:create_environment_scripts_only(scan_tools)
[0.894s] Level 1:colcon.colcon_core.environment:checking '/home/ojg/sim_ws/install/scan_tools' for CMake module files
[0.895s] Level 1:colcon.colcon_core.environment:checking '/home/ojg/sim_ws/install/scan_tools' for CMake config files
[0.895s] Level 1:colcon.colcon_core.shell:create_environment_hook('scan_tools', 'cmake_prefix_path')
[0.895s] INFO:colcon.colcon_core.shell:Creating environment hook '/home/ojg/sim_ws/install/scan_tools/share/scan_tools/hook/cmake_prefix_path.ps1'
[0.895s] INFO:colcon.colcon_core.shell:Creating environment descriptor '/home/ojg/sim_ws/install/scan_tools/share/scan_tools/hook/cmake_prefix_path.dsv'
[0.895s] INFO:colcon.colcon_core.shell:Creating environment hook '/home/ojg/sim_ws/install/scan_tools/share/scan_tools/hook/cmake_prefix_path.sh'
[0.896s] Level 1:colcon.colcon_core.environment:checking '/home/ojg/sim_ws/install/scan_tools/bin'
[0.896s] Level 1:colcon.colcon_core.environment:checking '/home/ojg/sim_ws/install/scan_tools/lib/pkgconfig/scan_tools.pc'
[0.896s] Level 1:colcon.colcon_core.environment:checking '/home/ojg/sim_ws/install/scan_tools/lib/python3.10/site-packages'
[0.896s] Level 1:colcon.colcon_core.environment:checking '/home/ojg/sim_ws/install/scan_tools/bin'
[0.896s] INFO:colcon.colcon_core.shell:Creating package script '/home/ojg/sim_ws/install/scan_tools/share/scan_tools/package.ps1'
[0.896s] INFO:colcon.colcon_core.shell:Creating package descriptor '/home/ojg/sim_ws/install/scan_tools/share/scan_tools/package.dsv'
[0.897s] INFO:colcon.colcon_core.shell:Creating package script '/home/ojg/sim_ws/install/scan_tools/share/scan_tools/package.sh'
[0.897s] INFO:colcon.colcon_core.shell:Creating package script '/home/ojg/sim_ws/install/scan_tools/share/scan_tools/package.bash'
[0.897s] INFO:colcon.colcon_core.shell:Creating package script '/home/ojg/sim_ws/install/scan_tools/share/scan_tools/package.zsh'
[0.897s] Level 1:colcon.colcon_core.environment:create_file_with_runtime_dependencies(/home/ojg/sim_ws/install/scan_tools/share/colcon-core/packages/scan_tools)
[0.912s] Level 1:colcon.colcon_core.environment:create_environment_scripts_only(f1tenth_slam_nav)
[0.912s] DEBUG:colcon.colcon_core.event_handler.log_command:Invoked command in '/home/ojg/sim_ws/build/f1tenth_slam_nav' returned '0': CMAKE_PREFIX_PATH=${CMAKE_PREFIX_PATH}:/home/ojg/sim_ws/install/f1tenth_gym_ros:/opt/ros/humble /usr/bin/cmake --install /home/ojg/sim_ws/build/f1tenth_slam_nav
[0.912s] Level 1:colcon.colcon_core.environment:checking '/home/ojg/sim_ws/install/f1tenth_slam_nav' for CMake module files
[0.913s] Level 1:colcon.colcon_core.environment:checking '/home/ojg/sim_ws/install/f1tenth_slam_nav' for CMake config files
[0.913s] Level 1:colcon.colcon_core.shell:create_environment_hook('f1tenth_slam_nav', 'cmake_prefix_path')
[0.914s] INFO:colcon.colcon_core.shell:Creating environment hook '/home/ojg/sim_ws/install/f1tenth_slam_nav/share/f1tenth_slam_nav/hook/cmake_prefix_path.ps1'
[0.914s] INFO:colcon.colcon_core.shell:Creating environment descriptor '/home/ojg/sim_ws/install/f1tenth_slam_nav/share/f1tenth_slam_nav/hook/cmake_prefix_path.dsv'
[0.915s] INFO:colcon.colcon_core.shell:Creating environment hook '/home/ojg/sim_ws/install/f1tenth_slam_nav/share/f1tenth_slam_nav/hook/cmake_prefix_path.sh'
[0.915s] Level 1:colcon.colcon_core.environment:checking '/home/ojg/sim_ws/install/f1tenth_slam_nav/lib'
[0.915s] Level 1:colcon.colcon_core.environment:checking '/home/ojg/sim_ws/install/f1tenth_slam_nav/bin'
[0.915s] Level 1:colcon.colcon_core.environment:checking '/home/ojg/sim_ws/install/f1tenth_slam_nav/lib/pkgconfig/f1tenth_slam_nav.pc'
[0.916s] Level 1:colcon.colcon_core.environment:checking '/home/ojg/sim_ws/install/f1tenth_slam_nav/lib/python3.10/site-packages'
[0.916s] Level 1:colcon.colcon_core.environment:checking '/home/ojg/sim_ws/install/f1tenth_slam_nav/bin'
[0.916s] INFO:colcon.colcon_core.shell:Creating package script '/home/ojg/sim_ws/install/f1tenth_slam_nav/share/f1tenth_slam_nav/package.ps1'
[0.917s] INFO:colcon.colcon_core.shell:Creating package descriptor '/home/ojg/sim_ws/install/f1tenth_slam_nav/share/f1tenth_slam_nav/package.dsv'
[0.917s] INFO:colcon.colcon_core.shell:Creating package script '/home/ojg/sim_ws/install/f1tenth_slam_nav/share/f1tenth_slam_nav/package.sh'
[0.918s] INFO:colcon.colcon_core.shell:Creating package script '/home/ojg/sim_ws/install/f1tenth_slam_nav/share/f1tenth_slam_nav/package.bash'
[0.918s] INFO:colcon.colcon_core.shell:Creating package script '/home/ojg/sim_ws/install/f1tenth_slam_nav/share/f1tenth_slam_nav/package.zsh'
[0.919s] Level 1:colcon.colcon_core.environment:create_file_with_runtime_dependencies(/home/ojg/sim_ws/install/f1tenth_slam_nav/share/colcon-core/packages/f1tenth_slam_nav)
[0.919s] Level 1:colcon.colcon_core.environment:create_environment_scripts_only(f1tenth_slam_nav)
[0.919s] Level 1:colcon.colcon_core.environment:checking '/home/ojg/sim_ws/install/f1tenth_slam_nav' for CMake module files
[0.920s] Level 1:colcon.colcon_core.environment:checking '/home/ojg/sim_ws/install/f1tenth_slam_nav' for CMake config files
[0.921s] Level 1:colcon.colcon_core.shell:create_environment_hook('f1tenth_slam_nav', 'cmake_prefix_path')
[0.921s] INFO:colcon.colcon_core.shell:Creating environment hook '/home/ojg/sim_ws/install/f1tenth_slam_nav/share/f1tenth_slam_nav/hook/cmake_prefix_path.ps1'
[0.922s] INFO:colcon.colcon_core.shell:Creating environment descriptor '/home/ojg/sim_ws/install/f1tenth_slam_nav/share/f1tenth_slam_nav/hook/cmake_prefix_path.dsv'
[0.922s] INFO:colcon.colcon_core.shell:Creating environment hook '/home/ojg/sim_ws/install/f1tenth_slam_nav/share/f1tenth_slam_nav/hook/cmake_prefix_path.sh'
[0.922s] Level 1:colcon.colcon_core.environment:checking '/home/ojg/sim_ws/install/f1tenth_slam_nav/lib'
[0.922s] Level 1:colcon.colcon_core.environment:checking '/home/ojg/sim_ws/install/f1tenth_slam_nav/bin'
[0.923s] Level 1:colcon.colcon_core.environment:checking '/home/ojg/sim_ws/install/f1tenth_slam_nav/lib/pkgconfig/f1tenth_slam_nav.pc'
[0.923s] Level 1:colcon.colcon_core.environment:checking '/home/ojg/sim_ws/install/f1tenth_slam_nav/lib/python3.10/site-packages'
[0.923s] Level 1:colcon.colcon_core.environment:checking '/home/ojg/sim_ws/install/f1tenth_slam_nav/bin'
[0.923s] INFO:colcon.colcon_core.shell:Creating package script '/home/ojg/sim_ws/install/f1tenth_slam_nav/share/f1tenth_slam_nav/package.ps1'
[0.924s] INFO:colcon.colcon_core.shell:Creating package descriptor '/home/ojg/sim_ws/install/f1tenth_slam_nav/share/f1tenth_slam_nav/package.dsv'
[0.924s] INFO:colcon.colcon_core.shell:Creating package script '/home/ojg/sim_ws/install/f1tenth_slam_nav/share/f1tenth_slam_nav/package.sh'
[0.925s] INFO:colcon.colcon_core.shell:Creating package script '/home/ojg/sim_ws/install/f1tenth_slam_nav/share/f1tenth_slam_nav/package.bash'
[0.925s] INFO:colcon.colcon_core.shell:Creating package script '/home/ojg/sim_ws/install/f1tenth_slam_nav/share/f1tenth_slam_nav/package.zsh'
[0.926s] Level 1:colcon.colcon_core.environment:create_file_with_runtime_dependencies(/home/ojg/sim_ws/install/f1tenth_slam_nav/share/colcon-core/packages/f1tenth_slam_nav)
[0.940s] Level 1:colcon.colcon_core.shell:create_environment_hook('f1tenth_gym_ros', 'pythonpath_develop')
[0.940s] INFO:colcon.colcon_core.shell:Creating environment hook '/home/ojg/sim_ws/build/f1tenth_gym_ros/share/f1tenth_gym_ros/hook/pythonpath_develop.ps1'
[0.940s] DEBUG:colcon.colcon_core.event_handler.log_command:Invoked command in '/home/ojg/sim_ws/build/f1tenth_gym_ros' returned '0': PYTHONPATH=/home/ojg/sim_ws/build/f1tenth_gym_ros/prefix_override:/usr/lib/python3/dist-packages/colcon_core/task/python/colcon_distutils_commands:/home/ojg/sim_ws/install/f1tenth_gym_ros/lib/python3.10/site-packages:${PYTHONPATH} /usr/bin/python3 -W ignore:setup.py install is deprecated -W ignore:easy_install command is deprecated setup.py develop --editable --build-directory /home/ojg/sim_ws/build/f1tenth_gym_ros/build --no-deps symlink_data --force
[0.941s] INFO:colcon.colcon_core.shell:Creating environment descriptor '/home/ojg/sim_ws/build/f1tenth_gym_ros/share/f1tenth_gym_ros/hook/pythonpath_develop.dsv'
[0.941s] INFO:colcon.colcon_core.shell:Creating environment hook '/home/ojg/sim_ws/build/f1tenth_gym_ros/share/f1tenth_gym_ros/hook/pythonpath_develop.sh'
[0.941s] Level 1:colcon.colcon_core.environment:checking '/home/ojg/sim_ws/install/f1tenth_gym_ros' for CMake module files
[0.941s] Level 1:colcon.colcon_core.environment:checking '/home/ojg/sim_ws/install/f1tenth_gym_ros' for CMake config files
[0.942s] Level 1:colcon.colcon_core.environment:checking '/home/ojg/sim_ws/install/f1tenth_gym_ros/lib'
[0.942s] Level 1:colcon.colcon_core.environment:checking '/home/ojg/sim_ws/install/f1tenth_gym_ros/bin'
[0.942s] Level 1:colcon.colcon_core.environment:checking '/home/ojg/sim_ws/install/f1tenth_gym_ros/lib/pkgconfig/f1tenth_gym_ros.pc'
[0.942s] Level 1:colcon.colcon_core.environment:checking '/home/ojg/sim_ws/install/f1tenth_gym_ros/lib/python3.10/site-packages'
[0.942s] Level 1:colcon.colcon_core.shell:create_environment_hook('f1tenth_gym_ros', 'pythonpath')
[0.942s] INFO:colcon.colcon_core.shell:Creating environment hook '/home/ojg/sim_ws/install/f1tenth_gym_ros/share/f1tenth_gym_ros/hook/pythonpath.ps1'
[0.942s] INFO:colcon.colcon_core.shell:Creating environment descriptor '/home/ojg/sim_ws/install/f1tenth_gym_ros/share/f1tenth_gym_ros/hook/pythonpath.dsv'
[0.942s] INFO:colcon.colcon_core.shell:Creating environment hook '/home/ojg/sim_ws/install/f1tenth_gym_ros/share/f1tenth_gym_ros/hook/pythonpath.sh'
[0.943s] Level 1:colcon.colcon_core.environment:checking '/home/ojg/sim_ws/install/f1tenth_gym_ros/bin'
[0.943s] Level 1:colcon.colcon_core.environment:create_environment_scripts_only(f1tenth_gym_ros)
[0.943s] INFO:colcon.colcon_core.shell:Creating package script '/home/ojg/sim_ws/install/f1tenth_gym_ros/share/f1tenth_gym_ros/package.ps1'
[0.943s] INFO:colcon.colcon_core.shell:Creating package descriptor '/home/ojg/sim_ws/install/f1tenth_gym_ros/share/f1tenth_gym_ros/package.dsv'
[0.943s] INFO:colcon.colcon_core.shell:Creating package script '/home/ojg/sim_ws/install/f1tenth_gym_ros/share/f1tenth_gym_ros/package.sh'
[0.944s] INFO:colcon.colcon_core.shell:Creating package script '/home/ojg/sim_ws/install/f1tenth_gym_ros/share/f1tenth_gym_ros/package.bash'
[0.944s] INFO:colcon.colcon_core.shell:Creating package script '/home/ojg/sim_ws/install/f1tenth_gym_ros/share/f1tenth_gym_ros/package.zsh'
[0.944s] Level 1:colcon.colcon_core.environment:create_file_with_runtime_dependencies(/home/ojg/sim_ws/install/f1tenth_gym_ros/share/colcon-core/packages/f1tenth_gym_ros)
[0.944s] DEBUG:colcon.colcon_parallel_executor.executor.parallel:closing loop
[0.944s] DEBUG:colcon.colcon_parallel_executor.executor.parallel:loop closed
[0.944s] DEBUG:colcon.colcon_parallel_executor.executor.parallel:run_until_complete finished with '0'
[0.944s] DEBUG:colcon.colcon_core.event_reactor:joining thread
[0.948s] INFO:colcon.colcon_core.plugin_system:Skipping extension 'colcon_notification.desktop_notification.terminal_notifier': Not used on non-Darwin systems
[0.948s] INFO:colcon.colcon_core.plugin_system:Skipping extension 'colcon_notification.desktop_notification.win32': Not used on non-Windows systems
[0.948s] INFO:colcon.colcon_notification.desktop_notification:Sending desktop notification using 'notify2'
[0.953s] DEBUG:colcon.colcon_core.event_reactor:joined thread
[0.954s] INFO:colcon.colcon_core.shell:Creating prefix script '/home/ojg/sim_ws/install/local_setup.ps1'
[0.954s] INFO:colcon.colcon_core.shell:Creating prefix util module '/home/ojg/sim_ws/install/_local_setup_util_ps1.py'
[0.955s] INFO:colcon.colcon_core.shell:Creating prefix chain script '/home/ojg/sim_ws/install/setup.ps1'
[0.955s] INFO:colcon.colcon_core.shell:Creating prefix script '/home/ojg/sim_ws/install/local_setup.sh'
[0.956s] INFO:colcon.colcon_core.shell:Creating prefix util module '/home/ojg/sim_ws/install/_local_setup_util_sh.py'
[0.956s] INFO:colcon.colcon_core.shell:Creating prefix chain script '/home/ojg/sim_ws/install/setup.sh'
[0.957s] INFO:colcon.colcon_core.shell:Creating prefix script '/home/ojg/sim_ws/install/local_setup.bash'
[0.957s] INFO:colcon.colcon_core.shell:Creating prefix chain script '/home/ojg/sim_ws/install/setup.bash'
[0.958s] INFO:colcon.colcon_core.shell:Creating prefix script '/home/ojg/sim_ws/install/local_setup.zsh'
[0.958s] INFO:colcon.colcon_core.shell:Creating prefix chain script '/home/ojg/sim_ws/install/setup.zsh'
