Performing C SOURCE FILE Test CMAKE_HAVE_LIBC_PTHREAD failed with the following output:
Change Dir: /home/f1/f1tenth_ws/build/slam_toolbox/CMakeFiles/CMakeTmp

Run Build Command(s):/usr/bin/make cmTC_d8ae5/fast && /usr/bin/make -f CMakeFiles/cmTC_d8ae5.dir/build.make CMakeFiles/cmTC_d8ae5.dir/build
make[1]: Entering directory '/home/f1/f1tenth_ws/build/slam_toolbox/CMakeFiles/CMakeTmp'
Building C object CMakeFiles/cmTC_d8ae5.dir/src.c.o
/usr/bin/cc   -DCMAKE_HAVE_LIBC_PTHREAD   -o CMakeFiles/cmTC_d8ae5.dir/src.c.o   -c /home/f1/f1tenth_ws/build/slam_toolbox/CMakeFiles/CMakeTmp/src.c
Linking C executable cmTC_d8ae5
/usr/bin/cmake -E cmake_link_script CMakeFiles/cmTC_d8ae5.dir/link.txt --verbose=1
/usr/bin/cc  -DCMAKE_HAVE_LIBC_PTHREAD    CMakeFiles/cmTC_d8ae5.dir/src.c.o  -o cmTC_d8ae5 
/usr/bin/ld: CMakeFiles/cmTC_d8ae5.dir/src.c.o: in function `main':
src.c:(.text+0x48): undefined reference to `pthread_create'
/usr/bin/ld: src.c:(.text+0x50): undefined reference to `pthread_detach'
/usr/bin/ld: src.c:(.text+0x5c): undefined reference to `pthread_join'
collect2: error: ld returned 1 exit status
make[1]: *** [CMakeFiles/cmTC_d8ae5.dir/build.make:87: cmTC_d8ae5] Error 1
make[1]: Leaving directory '/home/f1/f1tenth_ws/build/slam_toolbox/CMakeFiles/CMakeTmp'
make: *** [Makefile:121: cmTC_d8ae5/fast] Error 2


Source file was:
#include <pthread.h>

void* test_func(void* data)
{
  return data;
}

int main(void)
{
  pthread_t thread;
  pthread_create(&thread, NULL, test_func, NULL);
  pthread_detach(thread);
  pthread_join(thread, NULL);
  pthread_atfork(NULL, NULL, NULL);
  pthread_exit(NULL);

  return 0;
}

Determining if the function pthread_create exists in the pthreads failed with the following output:
Change Dir: /home/f1/f1tenth_ws/build/slam_toolbox/CMakeFiles/CMakeTmp

Run Build Command(s):/usr/bin/make cmTC_60f70/fast && /usr/bin/make -f CMakeFiles/cmTC_60f70.dir/build.make CMakeFiles/cmTC_60f70.dir/build
make[1]: Entering directory '/home/f1/f1tenth_ws/build/slam_toolbox/CMakeFiles/CMakeTmp'
Building C object CMakeFiles/cmTC_60f70.dir/CheckFunctionExists.c.o
/usr/bin/cc   -DCHECK_FUNCTION_EXISTS=pthread_create   -o CMakeFiles/cmTC_60f70.dir/CheckFunctionExists.c.o   -c /usr/share/cmake-3.16/Modules/CheckFunctionExists.c
Linking C executable cmTC_60f70
/usr/bin/cmake -E cmake_link_script CMakeFiles/cmTC_60f70.dir/link.txt --verbose=1
/usr/bin/cc  -DCHECK_FUNCTION_EXISTS=pthread_create    CMakeFiles/cmTC_60f70.dir/CheckFunctionExists.c.o  -o cmTC_60f70  -lpthreads 
/usr/bin/ld: cannot find -lpthreads
collect2: error: ld returned 1 exit status
make[1]: *** [CMakeFiles/cmTC_60f70.dir/build.make:87: cmTC_60f70] Error 1
make[1]: Leaving directory '/home/f1/f1tenth_ws/build/slam_toolbox/CMakeFiles/CMakeTmp'
make: *** [Makefile:121: cmTC_60f70/fast] Error 2



Determining if the function sgemm_ exists failed with the following output:
Change Dir: /home/f1/f1tenth_ws/build/slam_toolbox/CMakeFiles/CMakeTmp

Run Build Command(s):/usr/bin/make cmTC_46d66/fast && /usr/bin/make -f CMakeFiles/cmTC_46d66.dir/build.make CMakeFiles/cmTC_46d66.dir/build
make[1]: Entering directory '/home/f1/f1tenth_ws/build/slam_toolbox/CMakeFiles/CMakeTmp'
Building C object CMakeFiles/cmTC_46d66.dir/CheckFunctionExists.c.o
/usr/bin/cc   -DCHECK_FUNCTION_EXISTS=sgemm_   -o CMakeFiles/cmTC_46d66.dir/CheckFunctionExists.c.o   -c /usr/share/cmake-3.16/Modules/CheckFunctionExists.c
Linking C executable cmTC_46d66
/usr/bin/cmake -E cmake_link_script CMakeFiles/cmTC_46d66.dir/link.txt --verbose=1
/usr/bin/cc  -DCHECK_FUNCTION_EXISTS=sgemm_    CMakeFiles/cmTC_46d66.dir/CheckFunctionExists.c.o  -o cmTC_46d66 
/usr/bin/ld: CMakeFiles/cmTC_46d66.dir/CheckFunctionExists.c.o: in function `main':
CheckFunctionExists.c:(.text+0x10): undefined reference to `sgemm_'
collect2: error: ld returned 1 exit status
make[1]: *** [CMakeFiles/cmTC_46d66.dir/build.make:87: cmTC_46d66] Error 1
make[1]: Leaving directory '/home/f1/f1tenth_ws/build/slam_toolbox/CMakeFiles/CMakeTmp'
make: *** [Makefile:121: cmTC_46d66/fast] Error 2



Determining if the function cheev_ exists failed with the following output:
Change Dir: /home/f1/f1tenth_ws/build/slam_toolbox/CMakeFiles/CMakeTmp

Run Build Command(s):/usr/bin/make cmTC_83377/fast && /usr/bin/make -f CMakeFiles/cmTC_83377.dir/build.make CMakeFiles/cmTC_83377.dir/build
make[1]: Entering directory '/home/f1/f1tenth_ws/build/slam_toolbox/CMakeFiles/CMakeTmp'
Building C object CMakeFiles/cmTC_83377.dir/CheckFunctionExists.c.o
/usr/bin/cc   -DCHECK_FUNCTION_EXISTS=cheev_   -o CMakeFiles/cmTC_83377.dir/CheckFunctionExists.c.o   -c /usr/share/cmake-3.16/Modules/CheckFunctionExists.c
Linking C executable cmTC_83377
/usr/bin/cmake -E cmake_link_script CMakeFiles/cmTC_83377.dir/link.txt --verbose=1
/usr/bin/cc  -DCHECK_FUNCTION_EXISTS=cheev_    CMakeFiles/cmTC_83377.dir/CheckFunctionExists.c.o  -o cmTC_83377  /usr/lib/aarch64-linux-gnu/libblas.so 
/usr/bin/ld: CMakeFiles/cmTC_83377.dir/CheckFunctionExists.c.o: in function `main':
CheckFunctionExists.c:(.text+0x10): undefined reference to `cheev_'
collect2: error: ld returned 1 exit status
make[1]: *** [CMakeFiles/cmTC_83377.dir/build.make:88: cmTC_83377] Error 1
make[1]: Leaving directory '/home/f1/f1tenth_ws/build/slam_toolbox/CMakeFiles/CMakeTmp'
make: *** [Makefile:121: cmTC_83377/fast] Error 2



