[1.973s] Invoking command in '/home/f1/f1tenth_ws/build/lidar_processing': /usr/bin/cmake /home/f1/f1tenth_ws/src/lidar_processing -DCMAKE_BUILD_TYPE=Release -DCATKIN_INSTALL_INTO_PREFIX_ROOT=0 -DCATKIN_SYMLINK_INSTALL=ON -DCMAKE_INSTALL_PREFIX=/home/f1/f1tenth_ws/install/lidar_processing
[3.362s] -- Found ament_cmake: 0.9.12 (/opt/ros/foxy/share/ament_cmake/cmake)
[3.363s] -- Using PYTHON_EXECUTABLE: /usr/bin/python3
[3.363s] -- Override CMake install command with custom implementation using symlinks instead of copying resources
[3.364s] -- Found rclcpp: 2.4.3 (/opt/ros/foxy/share/rclcpp/cmake)
[3.616s] -- Using all available rosidl_typesupport_c: rosidl_typesupport_fastrtps_c;rosidl_typesupport_introspection_c
[3.669s] -- Found rosidl_adapter: 1.3.1 (/opt/ros/foxy/share/rosidl_adapter/cmake)
[4.488s] -- Using all available rosidl_typesupport_cpp: rosidl_typesupport_fastrtps_cpp;rosidl_typesupport_introspection_cpp
[4.842s] -- Found rmw_implementation_cmake: 1.0.4 (/opt/ros/foxy/share/rmw_implementation_cmake/cmake)
[4.855s] -- Using RMW implementation 'rmw_fastrtps_cpp' as default
[5.673s] -- Found sensor_msgs: 2.0.5 (/opt/ros/foxy/share/sensor_msgs/cmake)
[6.222s] -- Found pcl_conversions: 2.2.1 (/opt/ros/foxy/share/pcl_conversions/cmake)
[7.091s] -- Eigen found (include: /usr/include/eigen3, version: 3.3.7)
[7.712s] -- The imported target "vtkParseOGLExt" references the file
[7.713s]    "/usr/bin/vtkParseOGLExt-7.1"
[7.713s] but this file does not exist.  Possible reasons include:
[7.714s] * The file was deleted, renamed, or moved to another location.
[7.714s] * An install or uninstall procedure did not complete successfully.
[7.715s] * The installation package was faulty and contained
[7.715s]    "/usr/lib/cmake/vtk-7.1/VTKTargets.cmake"
[7.716s] but not all the files it references.
[7.716s] 
[7.721s] -- The imported target "vtkRenderingPythonTkWidgets" references the file
[7.721s]    "/usr/lib/aarch64-linux-gnu/libvtkRenderingPythonTkWidgets.so"
[7.722s] but this file does not exist.  Possible reasons include:
[7.722s] * The file was deleted, renamed, or moved to another location.
[7.723s] * An install or uninstall procedure did not complete successfully.
[7.723s] * The installation package was faulty and contained
[7.723s]    "/usr/lib/cmake/vtk-7.1/VTKTargets.cmake"
[7.724s] but not all the files it references.
[7.725s] 
[7.732s] -- The imported target "vtk" references the file
[7.733s]    "/usr/bin/vtk"
[7.733s] but this file does not exist.  Possible reasons include:
[7.734s] * The file was deleted, renamed, or moved to another location.
[7.734s] * An install or uninstall procedure did not complete successfully.
[7.734s] * The installation package was faulty and contained
[7.735s]    "/usr/lib/cmake/vtk-7.1/VTKTargets.cmake"
[7.735s] but not all the files it references.
[7.736s] 
[7.736s] -- The imported target "pvtk" references the file
[7.736s]    "/usr/bin/pvtk"
[7.737s] but this file does not exist.  Possible reasons include:
[7.737s] * The file was deleted, renamed, or moved to another location.
[7.738s] * An install or uninstall procedure did not complete successfully.
[7.738s] * The installation package was faulty and contained
[7.739s]    "/usr/lib/cmake/vtk-7.1/VTKTargets.cmake"
[7.739s] but not all the files it references.
[7.739s] 
[7.866s] -- OpenNI found (include: /usr/include/ni, lib: /usr/lib/libOpenNI.so)
[7.908s] -- OpenNI2 found (include: /usr/include/openni2, lib: /usr/lib/libOpenNI2.so)
[7.911s] ** WARNING ** io features related to pcap will be disabled
[7.911s] ** WARNING ** io features related to png will be disabled
[7.990s] ** WARNING ** io features related to libusb-1.0 will be disabled
[8.031s] -- OpenNI found (include: /usr/include/ni, lib: /usr/lib/libOpenNI.so)
[8.080s] -- OpenNI2 found (include: /usr/include/openni2, lib: /usr/lib/libOpenNI2.so)
[8.166s] -- QHULL found (include: /usr/include, lib: optimized;/usr/lib/aarch64-linux-gnu/libqhull.so;debug;/usr/lib/aarch64-linux-gnu/libqhull.so)
[8.206s] -- OpenNI found (include: /usr/include/ni, lib: /usr/lib/libOpenNI.so)
[8.281s] -- looking for PCL_COMMON
[8.286s] -- looking for PCL_KDTREE
[8.288s] -- looking for PCL_OCTREE
[8.292s] -- looking for PCL_SEARCH
[8.295s] -- looking for PCL_SAMPLE_CONSENSUS
[8.298s] -- looking for PCL_FILTERS
[8.301s] -- looking for PCL_2D
[8.304s] -- looking for PCL_GEOMETRY
[8.306s] -- looking for PCL_IO
[8.310s] -- looking for PCL_FEATURES
[8.316s] -- looking for PCL_ML
[8.317s] -- looking for PCL_SEGMENTATION
[8.320s] -- looking for PCL_VISUALIZATION
[8.324s] -- looking for PCL_SURFACE
[8.327s] -- looking for PCL_REGISTRATION
[8.331s] -- looking for PCL_KEYPOINTS
[8.335s] -- looking for PCL_TRACKING
[8.340s] -- looking for PCL_RECOGNITION
[8.344s] -- looking for PCL_STEREO
[8.346s] -- looking for PCL_APPS
[8.353s] -- looking for PCL_IN_HAND_SCANNER
[8.356s] -- looking for PCL_POINT_CLOUD_EDITOR
[8.360s] -- looking for PCL_OUTOFCORE
[8.366s] -- looking for PCL_PEOPLE
[8.987s] -- Configuring done
[9.394s] -- Generating done
[9.400s] CMake Warning:
[9.402s]   Manually-specified variables were not used by the project:
[9.402s] 
[9.403s]     CATKIN_INSTALL_INTO_PREFIX_ROOT
[9.403s]     CATKIN_SYMLINK_INSTALL
[9.404s] 
[9.405s] 
[9.541s] -- Build files have been written to: /home/f1/f1tenth_ws/build/lidar_processing
[9.620s] Invoked command in '/home/f1/f1tenth_ws/build/lidar_processing' returned '0': /usr/bin/cmake /home/f1/f1tenth_ws/src/lidar_processing -DCMAKE_BUILD_TYPE=Release -DCATKIN_INSTALL_INTO_PREFIX_ROOT=0 -DCATKIN_SYMLINK_INSTALL=ON -DCMAKE_INSTALL_PREFIX=/home/f1/f1tenth_ws/install/lidar_processing
[9.635s] Invoking command in '/home/f1/f1tenth_ws/build/lidar_processing': /usr/bin/cmake --build /home/f1/f1tenth_ws/build/lidar_processing -- -j6 -l6
[9.903s] [35m[1mScanning dependencies of target lidar_node[0m
[10.367s] [ 33%] [32mBuilding CXX object CMakeFiles/lidar_node.dir/src/lidar_node.cpp.o[0m
[10.378s] [ 66%] [32mBuilding CXX object CMakeFiles/lidar_node.dir/src/lidar_processor.cpp.o[0m
[70.288s] [100%] [32m[1mLinking CXX executable lidar_node[0m
[73.794s] [100%] Built target lidar_node
[73.863s] Invoked command in '/home/f1/f1tenth_ws/build/lidar_processing' returned '0': /usr/bin/cmake --build /home/f1/f1tenth_ws/build/lidar_processing -- -j6 -l6
[73.880s] Invoking command in '/home/f1/f1tenth_ws/build/lidar_processing': /usr/bin/cmake --install /home/f1/f1tenth_ws/build/lidar_processing
[73.930s] -- Install configuration: "Release"
[73.932s] -- Execute custom install script
[73.936s] -- Up-to-date symlink: /home/f1/f1tenth_ws/install/lidar_processing/lib/lidar_processing/lidar_node
[73.938s] -- Up-to-date symlink: /home/f1/f1tenth_ws/install/lidar_processing/share/ament_index/resource_index/package_run_dependencies/lidar_processing
[73.940s] -- Up-to-date symlink: /home/f1/f1tenth_ws/install/lidar_processing/share/ament_index/resource_index/parent_prefix_path/lidar_processing
[73.942s] -- Up-to-date symlink: /home/f1/f1tenth_ws/install/lidar_processing/share/lidar_processing/environment/ament_prefix_path.sh
[73.944s] -- Up-to-date symlink: /home/f1/f1tenth_ws/install/lidar_processing/share/lidar_processing/environment/ament_prefix_path.dsv
[73.946s] -- Up-to-date symlink: /home/f1/f1tenth_ws/install/lidar_processing/share/lidar_processing/environment/path.sh
[73.948s] -- Up-to-date symlink: /home/f1/f1tenth_ws/install/lidar_processing/share/lidar_processing/environment/path.dsv
[73.949s] -- Up-to-date symlink: /home/f1/f1tenth_ws/install/lidar_processing/share/lidar_processing/local_setup.bash
[73.951s] -- Up-to-date symlink: /home/f1/f1tenth_ws/install/lidar_processing/share/lidar_processing/local_setup.sh
[73.953s] -- Up-to-date symlink: /home/f1/f1tenth_ws/install/lidar_processing/share/lidar_processing/local_setup.zsh
[73.955s] -- Up-to-date symlink: /home/f1/f1tenth_ws/install/lidar_processing/share/lidar_processing/local_setup.dsv
[73.956s] -- Symlinking: /home/f1/f1tenth_ws/install/lidar_processing/share/lidar_processing/package.dsv
[74.012s] -- Up-to-date symlink: /home/f1/f1tenth_ws/install/lidar_processing/share/ament_index/resource_index/packages/lidar_processing
[74.013s] -- Up-to-date symlink: /home/f1/f1tenth_ws/install/lidar_processing/share/lidar_processing/cmake/lidar_processingConfig.cmake
[74.015s] -- Up-to-date symlink: /home/f1/f1tenth_ws/install/lidar_processing/share/lidar_processing/cmake/lidar_processingConfig-version.cmake
[74.016s] -- Up-to-date symlink: /home/f1/f1tenth_ws/install/lidar_processing/share/lidar_processing/package.xml
[74.028s] Invoked command in '/home/f1/f1tenth_ws/build/lidar_processing' returned '0': /usr/bin/cmake --install /home/f1/f1tenth_ws/build/lidar_processing
