[0.177s] Invoking command in '/home/f1/f1tenth_ws/build/vesc_driver': CMAKE_PREFIX_PATH=/home/f1/f1tenth_ws/install/vesc_msgs:/home/f1/f1tenth_ws/install/vesc:/home/f1/f1tenth_ws/install/vesc_driver:/home/f1/f1tenth_ws/install/vesc_ackermann:/home/f1/f1tenth_ws/install/teleop_tools:/home/f1/f1tenth_ws/install/teleop_tools_msgs:/home/f1/f1tenth_ws/install/nav2_common:/home/f1/f1tenth_ws/install/lidar_processing:/home/f1/f1tenth_ws/install/center_follow_cpp:/home/f1/f1tenth_ws/install/ackermann_mux:/home/f1/install/vesc:/home/f1/install/vesc_driver:/home/f1/install/vesc_ackermann:/home/f1/install/vesc_msgs:/home/f1/install/teleop_tools:/home/f1/install/teleop_tools_msgs:/home/f1/install/lidar_processing:/home/f1/install/center_follow_cpp:/home/f1/install/ackermann_mux:/home/f1/f1tenth_ws/install/f1tenth_stack:/home/f1/f1tenth_ws/install/joy_teleop:/home/f1/f1tenth_ws/install/pygame_key_teleop:/home/f1/f1tenth_ws/install/mouse_teleop:/home/f1/f1tenth_ws/install/key_teleop:/home/f1/install/f1tenth_stack:/home/f1/install/joy_teleop:/home/f1/install/mouse_teleop:/home/f1/install/key_teleop:/opt/ros/foxy LD_LIBRARY_PATH=/home/f1/f1tenth_ws/install/vesc_msgs/lib:/home/f1/f1tenth_ws/install/vesc_driver/lib:/home/f1/f1tenth_ws/install/vesc_ackermann/lib:/home/f1/f1tenth_ws/install/teleop_tools_msgs/lib:/home/f1/install/vesc_driver/lib:/home/f1/install/vesc_ackermann/lib:/home/f1/install/vesc_msgs/lib:/home/f1/install/teleop_tools_msgs/lib:/opt/ros/foxy/opt/yaml_cpp_vendor/lib:/opt/ros/foxy/opt/rviz_ogre_vendor/lib:/opt/ros/foxy/lib/aarch64-linux-gnu:/opt/ros/foxy/lib PYTHONPATH=/home/f1/f1tenth_ws/install/vesc_msgs/lib/python3.8/site-packages:/home/f1/f1tenth_ws/build/f1tenth_stack:/home/f1/f1tenth_ws/install/f1tenth_stack/lib/python3.8/site-packages:/home/f1/f1tenth_ws/build/joy_teleop:/home/f1/f1tenth_ws/install/joy_teleop/lib/python3.8/site-packages:/home/f1/f1tenth_ws/install/teleop_tools_msgs/lib/python3.8/site-packages:/home/f1/f1tenth_ws/build/pygame_key_teleop:/home/f1/f1tenth_ws/install/pygame_key_teleop/lib/python3.8/site-packages:/home/f1/f1tenth_ws/install/nav2_common/lib/python3.8/site-packages:/home/f1/f1tenth_ws/build/mouse_teleop:/home/f1/f1tenth_ws/install/mouse_teleop/lib/python3.8/site-packages:/home/f1/f1tenth_ws/build/key_teleop:/home/f1/f1tenth_ws/install/key_teleop/lib/python3.8/site-packages:/home/f1/build/f1tenth_stack:/home/f1/install/f1tenth_stack/lib/python3.8/site-packages:/home/f1/install/vesc_msgs/lib/python3.8/site-packages:/home/f1/build/joy_teleop:/home/f1/install/joy_teleop/lib/python3.8/site-packages:/home/f1/install/teleop_tools_msgs/lib/python3.8/site-packages:/home/f1/build/mouse_teleop:/home/f1/install/mouse_teleop/lib/python3.8/site-packages:/home/f1/build/key_teleop:/home/f1/install/key_teleop/lib/python3.8/site-packages:/opt/ros/foxy/lib/python3.8/site-packages /usr/bin/cmake /home/f1/f1tenth_ws/src/f1tenth_system/vesc/vesc_driver -DCMAKE_BUILD_TYPE=Release -DAMENT_CMAKE_SYMLINK_INSTALL=1 -DCMAKE_INSTALL_PREFIX=/home/f1/f1tenth_ws/install/vesc_driver
[0.575s] -- The C compiler identification is GNU 9.4.0
[1.014s] -- The CXX compiler identification is GNU 9.4.0
[1.062s] -- Check for working C compiler: /usr/bin/cc
[1.609s] -- Check for working C compiler: /usr/bin/cc -- works
[1.615s] -- Detecting C compiler ABI info
[2.129s] -- Detecting C compiler ABI info - done
[2.209s] -- Detecting C compile features
[2.211s] -- Detecting C compile features - done
[2.242s] -- Check for working CXX compiler: /usr/bin/c++
[2.882s] -- Check for working CXX compiler: /usr/bin/c++ -- works
[2.890s] -- Detecting CXX compiler ABI info
[3.480s] -- Detecting CXX compiler ABI info - done
[3.574s] -- Detecting CXX compile features
[3.578s] -- Detecting CXX compile features - done
[3.615s] -- Found ament_cmake_auto: 0.9.12 (/opt/ros/foxy/share/ament_cmake_auto/cmake)
[3.952s] -- Found PythonInterp: /usr/bin/python3 (found suitable version "3.8.10", minimum required is "3") 
[3.952s] -- Using PYTHON_EXECUTABLE: /usr/bin/python3
[5.422s] -- Override CMake install command with custom implementation using symlinks instead of copying resources
[6.732s] -- Using all available rosidl_typesupport_c: rosidl_typesupport_fastrtps_c;rosidl_typesupport_introspection_c
[6.824s] -- Found rosidl_adapter: 1.3.1 (/opt/ros/foxy/share/rosidl_adapter/cmake)
[7.528s] -- Found OpenSSL: /usr/lib/aarch64-linux-gnu/libcrypto.so (found version "1.1.1f")  
[7.714s] -- Found FastRTPS: /opt/ros/foxy/include  
[8.265s] -- Using all available rosidl_typesupport_cpp: rosidl_typesupport_fastrtps_cpp;rosidl_typesupport_introspection_cpp
[8.700s] -- Found rmw_implementation_cmake: 1.0.4 (/opt/ros/foxy/share/rmw_implementation_cmake/cmake)
[8.716s] -- Using RMW implementation 'rmw_fastrtps_cpp' as default
[8.722s] -- Looking for pthread.h
[9.242s] -- Looking for pthread.h - found
[9.244s] -- Performing Test CMAKE_HAVE_LIBC_PTHREAD
[9.718s] -- Performing Test CMAKE_HAVE_LIBC_PTHREAD - Failed
[9.719s] -- Looking for pthread_create in pthreads
[10.117s] -- Looking for pthread_create in pthreads - not found
[10.119s] -- Looking for pthread_create in pthread
[10.578s] -- Looking for pthread_create in pthread - found
[10.589s] -- Found Threads: TRUE  
[14.634s] -- Found ament_lint_auto: 0.9.8 (/opt/ros/foxy/share/ament_lint_auto/cmake)
[14.916s] -- Added test 'copyright' to check source files copyright and LICENSE
[14.933s] -- Added test 'cppcheck' to perform static code analysis on C / C++ code
[14.934s] -- Configured cppcheck include dirs: /home/f1/f1tenth_ws/src/f1tenth_system/vesc/vesc_driver/include
[14.935s] -- Configured cppcheck exclude dirs and/or files: 
[14.949s] -- Added test 'cpplint' to check C / C++ code against the Google style
[14.950s] -- Configured cpplint exclude dirs and/or files: 
[14.956s] -- Added test 'flake8' to check Python code syntax and style conventions
[14.964s] -- Added test 'lint_cmake' to check CMake code style
[14.970s] -- Added test 'pep257' to check Python code against some of the style conventions in PEP 257
[14.985s] -- Added test 'uncrustify' to check C / C++ code style
[14.986s] -- Configured uncrustify additional arguments: 
[14.992s] -- Added test 'xmllint' to check XML markup files
[15.051s] -- Configuring done
[15.441s] -- Generating done
[15.541s] -- Build files have been written to: /home/f1/f1tenth_ws/build/vesc_driver
[15.585s] Invoked command in '/home/f1/f1tenth_ws/build/vesc_driver' returned '0': CMAKE_PREFIX_PATH=/home/f1/f1tenth_ws/install/vesc_msgs:/home/f1/f1tenth_ws/install/vesc:/home/f1/f1tenth_ws/install/vesc_driver:/home/f1/f1tenth_ws/install/vesc_ackermann:/home/f1/f1tenth_ws/install/teleop_tools:/home/f1/f1tenth_ws/install/teleop_tools_msgs:/home/f1/f1tenth_ws/install/nav2_common:/home/f1/f1tenth_ws/install/lidar_processing:/home/f1/f1tenth_ws/install/center_follow_cpp:/home/f1/f1tenth_ws/install/ackermann_mux:/home/f1/install/vesc:/home/f1/install/vesc_driver:/home/f1/install/vesc_ackermann:/home/f1/install/vesc_msgs:/home/f1/install/teleop_tools:/home/f1/install/teleop_tools_msgs:/home/f1/install/lidar_processing:/home/f1/install/center_follow_cpp:/home/f1/install/ackermann_mux:/home/f1/f1tenth_ws/install/f1tenth_stack:/home/f1/f1tenth_ws/install/joy_teleop:/home/f1/f1tenth_ws/install/pygame_key_teleop:/home/f1/f1tenth_ws/install/mouse_teleop:/home/f1/f1tenth_ws/install/key_teleop:/home/f1/install/f1tenth_stack:/home/f1/install/joy_teleop:/home/f1/install/mouse_teleop:/home/f1/install/key_teleop:/opt/ros/foxy LD_LIBRARY_PATH=/home/f1/f1tenth_ws/install/vesc_msgs/lib:/home/f1/f1tenth_ws/install/vesc_driver/lib:/home/f1/f1tenth_ws/install/vesc_ackermann/lib:/home/f1/f1tenth_ws/install/teleop_tools_msgs/lib:/home/f1/install/vesc_driver/lib:/home/f1/install/vesc_ackermann/lib:/home/f1/install/vesc_msgs/lib:/home/f1/install/teleop_tools_msgs/lib:/opt/ros/foxy/opt/yaml_cpp_vendor/lib:/opt/ros/foxy/opt/rviz_ogre_vendor/lib:/opt/ros/foxy/lib/aarch64-linux-gnu:/opt/ros/foxy/lib PYTHONPATH=/home/f1/f1tenth_ws/install/vesc_msgs/lib/python3.8/site-packages:/home/f1/f1tenth_ws/build/f1tenth_stack:/home/f1/f1tenth_ws/install/f1tenth_stack/lib/python3.8/site-packages:/home/f1/f1tenth_ws/build/joy_teleop:/home/f1/f1tenth_ws/install/joy_teleop/lib/python3.8/site-packages:/home/f1/f1tenth_ws/install/teleop_tools_msgs/lib/python3.8/site-packages:/home/f1/f1tenth_ws/build/pygame_key_teleop:/home/f1/f1tenth_ws/install/pygame_key_teleop/lib/python3.8/site-packages:/home/f1/f1tenth_ws/install/nav2_common/lib/python3.8/site-packages:/home/f1/f1tenth_ws/build/mouse_teleop:/home/f1/f1tenth_ws/install/mouse_teleop/lib/python3.8/site-packages:/home/f1/f1tenth_ws/build/key_teleop:/home/f1/f1tenth_ws/install/key_teleop/lib/python3.8/site-packages:/home/f1/build/f1tenth_stack:/home/f1/install/f1tenth_stack/lib/python3.8/site-packages:/home/f1/install/vesc_msgs/lib/python3.8/site-packages:/home/f1/build/joy_teleop:/home/f1/install/joy_teleop/lib/python3.8/site-packages:/home/f1/install/teleop_tools_msgs/lib/python3.8/site-packages:/home/f1/build/mouse_teleop:/home/f1/install/mouse_teleop/lib/python3.8/site-packages:/home/f1/build/key_teleop:/home/f1/install/key_teleop/lib/python3.8/site-packages:/opt/ros/foxy/lib/python3.8/site-packages /usr/bin/cmake /home/f1/f1tenth_ws/src/f1tenth_system/vesc/vesc_driver -DCMAKE_BUILD_TYPE=Release -DAMENT_CMAKE_SYMLINK_INSTALL=1 -DCMAKE_INSTALL_PREFIX=/home/f1/f1tenth_ws/install/vesc_driver
[15.606s] Invoking command in '/home/f1/f1tenth_ws/build/vesc_driver': CMAKE_PREFIX_PATH=/home/f1/f1tenth_ws/install/vesc_msgs:/home/f1/f1tenth_ws/install/vesc:/home/f1/f1tenth_ws/install/vesc_driver:/home/f1/f1tenth_ws/install/vesc_ackermann:/home/f1/f1tenth_ws/install/teleop_tools:/home/f1/f1tenth_ws/install/teleop_tools_msgs:/home/f1/f1tenth_ws/install/nav2_common:/home/f1/f1tenth_ws/install/lidar_processing:/home/f1/f1tenth_ws/install/center_follow_cpp:/home/f1/f1tenth_ws/install/ackermann_mux:/home/f1/install/vesc:/home/f1/install/vesc_driver:/home/f1/install/vesc_ackermann:/home/f1/install/vesc_msgs:/home/f1/install/teleop_tools:/home/f1/install/teleop_tools_msgs:/home/f1/install/lidar_processing:/home/f1/install/center_follow_cpp:/home/f1/install/ackermann_mux:/home/f1/f1tenth_ws/install/f1tenth_stack:/home/f1/f1tenth_ws/install/joy_teleop:/home/f1/f1tenth_ws/install/pygame_key_teleop:/home/f1/f1tenth_ws/install/mouse_teleop:/home/f1/f1tenth_ws/install/key_teleop:/home/f1/install/f1tenth_stack:/home/f1/install/joy_teleop:/home/f1/install/mouse_teleop:/home/f1/install/key_teleop:/opt/ros/foxy LD_LIBRARY_PATH=/home/f1/f1tenth_ws/install/vesc_msgs/lib:/home/f1/f1tenth_ws/install/vesc_driver/lib:/home/f1/f1tenth_ws/install/vesc_ackermann/lib:/home/f1/f1tenth_ws/install/teleop_tools_msgs/lib:/home/f1/install/vesc_driver/lib:/home/f1/install/vesc_ackermann/lib:/home/f1/install/vesc_msgs/lib:/home/f1/install/teleop_tools_msgs/lib:/opt/ros/foxy/opt/yaml_cpp_vendor/lib:/opt/ros/foxy/opt/rviz_ogre_vendor/lib:/opt/ros/foxy/lib/aarch64-linux-gnu:/opt/ros/foxy/lib PYTHONPATH=/home/f1/f1tenth_ws/install/vesc_msgs/lib/python3.8/site-packages:/home/f1/f1tenth_ws/build/f1tenth_stack:/home/f1/f1tenth_ws/install/f1tenth_stack/lib/python3.8/site-packages:/home/f1/f1tenth_ws/build/joy_teleop:/home/f1/f1tenth_ws/install/joy_teleop/lib/python3.8/site-packages:/home/f1/f1tenth_ws/install/teleop_tools_msgs/lib/python3.8/site-packages:/home/f1/f1tenth_ws/build/pygame_key_teleop:/home/f1/f1tenth_ws/install/pygame_key_teleop/lib/python3.8/site-packages:/home/f1/f1tenth_ws/install/nav2_common/lib/python3.8/site-packages:/home/f1/f1tenth_ws/build/mouse_teleop:/home/f1/f1tenth_ws/install/mouse_teleop/lib/python3.8/site-packages:/home/f1/f1tenth_ws/build/key_teleop:/home/f1/f1tenth_ws/install/key_teleop/lib/python3.8/site-packages:/home/f1/build/f1tenth_stack:/home/f1/install/f1tenth_stack/lib/python3.8/site-packages:/home/f1/install/vesc_msgs/lib/python3.8/site-packages:/home/f1/build/joy_teleop:/home/f1/install/joy_teleop/lib/python3.8/site-packages:/home/f1/install/teleop_tools_msgs/lib/python3.8/site-packages:/home/f1/build/mouse_teleop:/home/f1/install/mouse_teleop/lib/python3.8/site-packages:/home/f1/build/key_teleop:/home/f1/install/key_teleop/lib/python3.8/site-packages:/opt/ros/foxy/lib/python3.8/site-packages /usr/bin/cmake --build /home/f1/f1tenth_ws/build/vesc_driver -- -j6 -l6
[15.870s] [35m[1mScanning dependencies of target vesc_driver[0m
[16.242s] [ 10%] [32mBuilding CXX object CMakeFiles/vesc_driver.dir/src/vesc_driver.cpp.o[0m
[69.192s] [ 20%] [32mBuilding CXX object CMakeFiles/vesc_driver.dir/src/vesc_packet_factory.cpp.o[0m
[69.193s] [ 30%] [32mBuilding CXX object CMakeFiles/vesc_driver.dir/src/vesc_packet.cpp.o[0m
[69.206s] [ 40%] [32mBuilding CXX object CMakeFiles/vesc_driver.dir/src/vesc_interface.cpp.o[0m
[82.655s] [ 50%] [32m[1mLinking CXX shared library libvesc_driver.so[0m
[83.686s] [ 50%] Built target vesc_driver
[83.756s] [35m[1mScanning dependencies of target vesc_driver_node[0m
[83.757s] [35m[1mScanning dependencies of target vesc_device_namer[0m
[83.841s] [ 60%] [32mBuilding CXX object CMakeFiles/vesc_device_namer.dir/src/vesc_device_uuid_lookup.cpp.o[0m
[83.854s] [ 70%] [32mBuilding CXX object CMakeFiles/vesc_device_namer.dir/src/vesc_device_namer.cpp.o[0m
[84.094s] [ 80%] [32mBuilding CXX object CMakeFiles/vesc_driver_node.dir/rclcpp_components/node_main_vesc_driver_node.cpp.o[0m
[87.934s] [ 90%] [32m[1mLinking CXX executable vesc_device_namer[0m
[88.631s] [ 90%] Built target vesc_device_namer
[96.870s] [100%] [32m[1mLinking CXX executable vesc_driver_node[0m
[97.391s] [100%] Built target vesc_driver_node
[97.462s] Invoked command in '/home/f1/f1tenth_ws/build/vesc_driver' returned '0': CMAKE_PREFIX_PATH=/home/f1/f1tenth_ws/install/vesc_msgs:/home/f1/f1tenth_ws/install/vesc:/home/f1/f1tenth_ws/install/vesc_driver:/home/f1/f1tenth_ws/install/vesc_ackermann:/home/f1/f1tenth_ws/install/teleop_tools:/home/f1/f1tenth_ws/install/teleop_tools_msgs:/home/f1/f1tenth_ws/install/nav2_common:/home/f1/f1tenth_ws/install/lidar_processing:/home/f1/f1tenth_ws/install/center_follow_cpp:/home/f1/f1tenth_ws/install/ackermann_mux:/home/f1/install/vesc:/home/f1/install/vesc_driver:/home/f1/install/vesc_ackermann:/home/f1/install/vesc_msgs:/home/f1/install/teleop_tools:/home/f1/install/teleop_tools_msgs:/home/f1/install/lidar_processing:/home/f1/install/center_follow_cpp:/home/f1/install/ackermann_mux:/home/f1/f1tenth_ws/install/f1tenth_stack:/home/f1/f1tenth_ws/install/joy_teleop:/home/f1/f1tenth_ws/install/pygame_key_teleop:/home/f1/f1tenth_ws/install/mouse_teleop:/home/f1/f1tenth_ws/install/key_teleop:/home/f1/install/f1tenth_stack:/home/f1/install/joy_teleop:/home/f1/install/mouse_teleop:/home/f1/install/key_teleop:/opt/ros/foxy LD_LIBRARY_PATH=/home/f1/f1tenth_ws/install/vesc_msgs/lib:/home/f1/f1tenth_ws/install/vesc_driver/lib:/home/f1/f1tenth_ws/install/vesc_ackermann/lib:/home/f1/f1tenth_ws/install/teleop_tools_msgs/lib:/home/f1/install/vesc_driver/lib:/home/f1/install/vesc_ackermann/lib:/home/f1/install/vesc_msgs/lib:/home/f1/install/teleop_tools_msgs/lib:/opt/ros/foxy/opt/yaml_cpp_vendor/lib:/opt/ros/foxy/opt/rviz_ogre_vendor/lib:/opt/ros/foxy/lib/aarch64-linux-gnu:/opt/ros/foxy/lib PYTHONPATH=/home/f1/f1tenth_ws/install/vesc_msgs/lib/python3.8/site-packages:/home/f1/f1tenth_ws/build/f1tenth_stack:/home/f1/f1tenth_ws/install/f1tenth_stack/lib/python3.8/site-packages:/home/f1/f1tenth_ws/build/joy_teleop:/home/f1/f1tenth_ws/install/joy_teleop/lib/python3.8/site-packages:/home/f1/f1tenth_ws/install/teleop_tools_msgs/lib/python3.8/site-packages:/home/f1/f1tenth_ws/build/pygame_key_teleop:/home/f1/f1tenth_ws/install/pygame_key_teleop/lib/python3.8/site-packages:/home/f1/f1tenth_ws/install/nav2_common/lib/python3.8/site-packages:/home/f1/f1tenth_ws/build/mouse_teleop:/home/f1/f1tenth_ws/install/mouse_teleop/lib/python3.8/site-packages:/home/f1/f1tenth_ws/build/key_teleop:/home/f1/f1tenth_ws/install/key_teleop/lib/python3.8/site-packages:/home/f1/build/f1tenth_stack:/home/f1/install/f1tenth_stack/lib/python3.8/site-packages:/home/f1/install/vesc_msgs/lib/python3.8/site-packages:/home/f1/build/joy_teleop:/home/f1/install/joy_teleop/lib/python3.8/site-packages:/home/f1/install/teleop_tools_msgs/lib/python3.8/site-packages:/home/f1/build/mouse_teleop:/home/f1/install/mouse_teleop/lib/python3.8/site-packages:/home/f1/build/key_teleop:/home/f1/install/key_teleop/lib/python3.8/site-packages:/opt/ros/foxy/lib/python3.8/site-packages /usr/bin/cmake --build /home/f1/f1tenth_ws/build/vesc_driver -- -j6 -l6
[97.484s] Invoking command in '/home/f1/f1tenth_ws/build/vesc_driver': CMAKE_PREFIX_PATH=/home/f1/f1tenth_ws/install/vesc_msgs:/home/f1/f1tenth_ws/install/vesc:/home/f1/f1tenth_ws/install/vesc_driver:/home/f1/f1tenth_ws/install/vesc_ackermann:/home/f1/f1tenth_ws/install/teleop_tools:/home/f1/f1tenth_ws/install/teleop_tools_msgs:/home/f1/f1tenth_ws/install/nav2_common:/home/f1/f1tenth_ws/install/lidar_processing:/home/f1/f1tenth_ws/install/center_follow_cpp:/home/f1/f1tenth_ws/install/ackermann_mux:/home/f1/install/vesc:/home/f1/install/vesc_driver:/home/f1/install/vesc_ackermann:/home/f1/install/vesc_msgs:/home/f1/install/teleop_tools:/home/f1/install/teleop_tools_msgs:/home/f1/install/lidar_processing:/home/f1/install/center_follow_cpp:/home/f1/install/ackermann_mux:/home/f1/f1tenth_ws/install/f1tenth_stack:/home/f1/f1tenth_ws/install/joy_teleop:/home/f1/f1tenth_ws/install/pygame_key_teleop:/home/f1/f1tenth_ws/install/mouse_teleop:/home/f1/f1tenth_ws/install/key_teleop:/home/f1/install/f1tenth_stack:/home/f1/install/joy_teleop:/home/f1/install/mouse_teleop:/home/f1/install/key_teleop:/opt/ros/foxy LD_LIBRARY_PATH=/home/f1/f1tenth_ws/install/vesc_msgs/lib:/home/f1/f1tenth_ws/install/vesc_driver/lib:/home/f1/f1tenth_ws/install/vesc_ackermann/lib:/home/f1/f1tenth_ws/install/teleop_tools_msgs/lib:/home/f1/install/vesc_driver/lib:/home/f1/install/vesc_ackermann/lib:/home/f1/install/vesc_msgs/lib:/home/f1/install/teleop_tools_msgs/lib:/opt/ros/foxy/opt/yaml_cpp_vendor/lib:/opt/ros/foxy/opt/rviz_ogre_vendor/lib:/opt/ros/foxy/lib/aarch64-linux-gnu:/opt/ros/foxy/lib PYTHONPATH=/home/f1/f1tenth_ws/install/vesc_msgs/lib/python3.8/site-packages:/home/f1/f1tenth_ws/build/f1tenth_stack:/home/f1/f1tenth_ws/install/f1tenth_stack/lib/python3.8/site-packages:/home/f1/f1tenth_ws/build/joy_teleop:/home/f1/f1tenth_ws/install/joy_teleop/lib/python3.8/site-packages:/home/f1/f1tenth_ws/install/teleop_tools_msgs/lib/python3.8/site-packages:/home/f1/f1tenth_ws/build/pygame_key_teleop:/home/f1/f1tenth_ws/install/pygame_key_teleop/lib/python3.8/site-packages:/home/f1/f1tenth_ws/install/nav2_common/lib/python3.8/site-packages:/home/f1/f1tenth_ws/build/mouse_teleop:/home/f1/f1tenth_ws/install/mouse_teleop/lib/python3.8/site-packages:/home/f1/f1tenth_ws/build/key_teleop:/home/f1/f1tenth_ws/install/key_teleop/lib/python3.8/site-packages:/home/f1/build/f1tenth_stack:/home/f1/install/f1tenth_stack/lib/python3.8/site-packages:/home/f1/install/vesc_msgs/lib/python3.8/site-packages:/home/f1/build/joy_teleop:/home/f1/install/joy_teleop/lib/python3.8/site-packages:/home/f1/install/teleop_tools_msgs/lib/python3.8/site-packages:/home/f1/build/mouse_teleop:/home/f1/install/mouse_teleop/lib/python3.8/site-packages:/home/f1/build/key_teleop:/home/f1/install/key_teleop/lib/python3.8/site-packages:/opt/ros/foxy/lib/python3.8/site-packages /usr/bin/cmake --install /home/f1/f1tenth_ws/build/vesc_driver
[97.530s] -- Install configuration: "Release"
[97.533s] -- Execute custom install script
[97.537s] -- Symlinking: /home/f1/f1tenth_ws/install/vesc_driver/lib/vesc_driver/vesc_driver_node
[97.595s] -- Symlinking: /home/f1/f1tenth_ws/install/vesc_driver/include/vesc_driver/crc.hpp
[97.650s] -- Symlinking: /home/f1/f1tenth_ws/install/vesc_driver/include/vesc_driver/datatypes.hpp
[97.704s] -- Symlinking: /home/f1/f1tenth_ws/install/vesc_driver/include/vesc_driver/vesc_device_uuid_lookup.hpp
[97.759s] -- Symlinking: /home/f1/f1tenth_ws/install/vesc_driver/include/vesc_driver/vesc_driver.hpp
[97.814s] -- Symlinking: /home/f1/f1tenth_ws/install/vesc_driver/include/vesc_driver/vesc_interface.hpp
[97.871s] -- Symlinking: /home/f1/f1tenth_ws/install/vesc_driver/include/vesc_driver/vesc_packet.hpp
[97.925s] -- Symlinking: /home/f1/f1tenth_ws/install/vesc_driver/include/vesc_driver/vesc_packet_factory.hpp
[97.992s] -- Symlinking: /home/f1/f1tenth_ws/install/vesc_driver/share/vesc_driver/environment/library_path.sh
[98.046s] -- Symlinking: /home/f1/f1tenth_ws/install/vesc_driver/share/vesc_driver/environment/library_path.dsv
[98.105s] -- Symlinking: /home/f1/f1tenth_ws/install/vesc_driver/lib/libvesc_driver.so
[98.165s] -- Symlinking: /home/f1/f1tenth_ws/install/vesc_driver/lib/vesc_driver/vesc_device_namer
[98.221s] -- Symlinking: /home/f1/f1tenth_ws/install/vesc_driver/share/vesc_driver/launch/vesc_driver_node.launch.py
[98.279s] -- Symlinking: /home/f1/f1tenth_ws/install/vesc_driver/share/vesc_driver/params/vesc_config.yaml
[98.337s] -- Symlinking: /home/f1/f1tenth_ws/install/vesc_driver/share/ament_index/resource_index/package_run_dependencies/vesc_driver
[98.392s] -- Symlinking: /home/f1/f1tenth_ws/install/vesc_driver/share/ament_index/resource_index/parent_prefix_path/vesc_driver
[98.448s] -- Symlinking: /home/f1/f1tenth_ws/install/vesc_driver/share/vesc_driver/environment/ament_prefix_path.sh
[98.503s] -- Symlinking: /home/f1/f1tenth_ws/install/vesc_driver/share/vesc_driver/environment/ament_prefix_path.dsv
[98.561s] -- Symlinking: /home/f1/f1tenth_ws/install/vesc_driver/share/vesc_driver/environment/path.sh
[98.617s] -- Symlinking: /home/f1/f1tenth_ws/install/vesc_driver/share/vesc_driver/environment/path.dsv
[98.672s] -- Symlinking: /home/f1/f1tenth_ws/install/vesc_driver/share/vesc_driver/local_setup.bash
[98.729s] -- Symlinking: /home/f1/f1tenth_ws/install/vesc_driver/share/vesc_driver/local_setup.sh
[98.783s] -- Symlinking: /home/f1/f1tenth_ws/install/vesc_driver/share/vesc_driver/local_setup.zsh
[98.838s] -- Symlinking: /home/f1/f1tenth_ws/install/vesc_driver/share/vesc_driver/local_setup.dsv
[98.892s] -- Symlinking: /home/f1/f1tenth_ws/install/vesc_driver/share/vesc_driver/package.dsv
[98.946s] -- Symlinking: /home/f1/f1tenth_ws/install/vesc_driver/share/ament_index/resource_index/packages/vesc_driver
[99.003s] -- Symlinking: /home/f1/f1tenth_ws/install/vesc_driver/share/ament_index/resource_index/rclcpp_components/vesc_driver
[99.062s] -- Symlinking: /home/f1/f1tenth_ws/install/vesc_driver/share/vesc_driver/cmake/ament_cmake_export_dependencies-extras.cmake
[99.129s] -- Symlinking: /home/f1/f1tenth_ws/install/vesc_driver/share/vesc_driver/cmake/ament_cmake_export_include_directories-extras.cmake
[99.191s] -- Symlinking: /home/f1/f1tenth_ws/install/vesc_driver/share/vesc_driver/cmake/ament_cmake_export_libraries-extras.cmake
[99.247s] -- Symlinking: /home/f1/f1tenth_ws/install/vesc_driver/share/vesc_driver/cmake/vesc_driverConfig.cmake
[99.301s] -- Symlinking: /home/f1/f1tenth_ws/install/vesc_driver/share/vesc_driver/cmake/vesc_driverConfig-version.cmake
[99.357s] -- Symlinking: /home/f1/f1tenth_ws/install/vesc_driver/share/vesc_driver/package.xml
[99.429s] Invoked command in '/home/f1/f1tenth_ws/build/vesc_driver' returned '0': CMAKE_PREFIX_PATH=/home/f1/f1tenth_ws/install/vesc_msgs:/home/f1/f1tenth_ws/install/vesc:/home/f1/f1tenth_ws/install/vesc_driver:/home/f1/f1tenth_ws/install/vesc_ackermann:/home/f1/f1tenth_ws/install/teleop_tools:/home/f1/f1tenth_ws/install/teleop_tools_msgs:/home/f1/f1tenth_ws/install/nav2_common:/home/f1/f1tenth_ws/install/lidar_processing:/home/f1/f1tenth_ws/install/center_follow_cpp:/home/f1/f1tenth_ws/install/ackermann_mux:/home/f1/install/vesc:/home/f1/install/vesc_driver:/home/f1/install/vesc_ackermann:/home/f1/install/vesc_msgs:/home/f1/install/teleop_tools:/home/f1/install/teleop_tools_msgs:/home/f1/install/lidar_processing:/home/f1/install/center_follow_cpp:/home/f1/install/ackermann_mux:/home/f1/f1tenth_ws/install/f1tenth_stack:/home/f1/f1tenth_ws/install/joy_teleop:/home/f1/f1tenth_ws/install/pygame_key_teleop:/home/f1/f1tenth_ws/install/mouse_teleop:/home/f1/f1tenth_ws/install/key_teleop:/home/f1/install/f1tenth_stack:/home/f1/install/joy_teleop:/home/f1/install/mouse_teleop:/home/f1/install/key_teleop:/opt/ros/foxy LD_LIBRARY_PATH=/home/f1/f1tenth_ws/install/vesc_msgs/lib:/home/f1/f1tenth_ws/install/vesc_driver/lib:/home/f1/f1tenth_ws/install/vesc_ackermann/lib:/home/f1/f1tenth_ws/install/teleop_tools_msgs/lib:/home/f1/install/vesc_driver/lib:/home/f1/install/vesc_ackermann/lib:/home/f1/install/vesc_msgs/lib:/home/f1/install/teleop_tools_msgs/lib:/opt/ros/foxy/opt/yaml_cpp_vendor/lib:/opt/ros/foxy/opt/rviz_ogre_vendor/lib:/opt/ros/foxy/lib/aarch64-linux-gnu:/opt/ros/foxy/lib PYTHONPATH=/home/f1/f1tenth_ws/install/vesc_msgs/lib/python3.8/site-packages:/home/f1/f1tenth_ws/build/f1tenth_stack:/home/f1/f1tenth_ws/install/f1tenth_stack/lib/python3.8/site-packages:/home/f1/f1tenth_ws/build/joy_teleop:/home/f1/f1tenth_ws/install/joy_teleop/lib/python3.8/site-packages:/home/f1/f1tenth_ws/install/teleop_tools_msgs/lib/python3.8/site-packages:/home/f1/f1tenth_ws/build/pygame_key_teleop:/home/f1/f1tenth_ws/install/pygame_key_teleop/lib/python3.8/site-packages:/home/f1/f1tenth_ws/install/nav2_common/lib/python3.8/site-packages:/home/f1/f1tenth_ws/build/mouse_teleop:/home/f1/f1tenth_ws/install/mouse_teleop/lib/python3.8/site-packages:/home/f1/f1tenth_ws/build/key_teleop:/home/f1/f1tenth_ws/install/key_teleop/lib/python3.8/site-packages:/home/f1/build/f1tenth_stack:/home/f1/install/f1tenth_stack/lib/python3.8/site-packages:/home/f1/install/vesc_msgs/lib/python3.8/site-packages:/home/f1/build/joy_teleop:/home/f1/install/joy_teleop/lib/python3.8/site-packages:/home/f1/install/teleop_tools_msgs/lib/python3.8/site-packages:/home/f1/build/mouse_teleop:/home/f1/install/mouse_teleop/lib/python3.8/site-packages:/home/f1/build/key_teleop:/home/f1/install/key_teleop/lib/python3.8/site-packages:/opt/ros/foxy/lib/python3.8/site-packages /usr/bin/cmake --install /home/f1/f1tenth_ws/build/vesc_driver
