[0.175s] Invoking command in '/home/ojg/sim_ws/build/f1tenth_slam_nav': CMAKE_PREFIX_PATH=${CMAKE_PREFIX_PATH}:/home/ojg/sim_ws/install/f1tenth_gym_ros:/opt/ros/humble /usr/bin/cmake /home/ojg/sim_ws/src/f1tenth_slam_nav -DCMAKE_BUILD_TYPE=Release -DAMENT_CMAKE_SYMLINK_INSTALL=1 -DCMAKE_INSTALL_PREFIX=/home/ojg/sim_ws/install/f1tenth_slam_nav
[0.186s] -- Found ament_cmake: 1.3.11 (/opt/ros/humble/share/ament_cmake/cmake)
[0.290s] -- Override CMake install command with custom implementation using symlinks instead of copying resources
[0.340s] -- Found ament_lint_auto: 0.12.12 (/opt/ros/humble/share/ament_lint_auto/cmake)
[0.397s] -- Added test 'copyright' to check source files copyright and LICENSE
[0.398s] -- Added test 'flake8' to check Python code syntax and style conventions
[0.398s] -- Added test 'lint_cmake' to check CMake code style
[0.399s] -- Added test 'pep257' to check Python code against some of the docstring style conventions in PEP 257
[0.399s] -- Added test 'xmllint' to check XML markup files
[0.400s] -- Configuring done
[0.403s] -- Generating done
[0.403s] -- Build files have been written to: /home/ojg/sim_ws/build/f1tenth_slam_nav
[0.405s] Invoked command in '/home/ojg/sim_ws/build/f1tenth_slam_nav' returned '0': CMAKE_PREFIX_PATH=${CMAKE_PREFIX_PATH}:/home/ojg/sim_ws/install/f1tenth_gym_ros:/opt/ros/humble /usr/bin/cmake /home/ojg/sim_ws/src/f1tenth_slam_nav -DCMAKE_BUILD_TYPE=Release -DAMENT_CMAKE_SYMLINK_INSTALL=1 -DCMAKE_INSTALL_PREFIX=/home/ojg/sim_ws/install/f1tenth_slam_nav
[0.406s] Invoking command in '/home/ojg/sim_ws/build/f1tenth_slam_nav': CMAKE_PREFIX_PATH=${CMAKE_PREFIX_PATH}:/home/ojg/sim_ws/install/f1tenth_gym_ros:/opt/ros/humble /usr/bin/cmake --build /home/ojg/sim_ws/build/f1tenth_slam_nav -- -j18 -l18
[0.447s] Built target ament_cmake_python_symlink_f1tenth_slam_nav
[0.450s] Built target ament_cmake_python_symlink_f1tenth_slam_nav_setup
[0.603s] /usr/lib/python3/dist-packages/setuptools/dist.py:723: UserWarning: Usage of dash-separated 'script-dir' will not be supported in future versions. Please use the underscore name 'script_dir' instead
[0.603s]   warnings.warn(
[0.603s] /usr/lib/python3/dist-packages/setuptools/dist.py:723: UserWarning: Usage of dash-separated 'install-scripts' will not be supported in future versions. Please use the underscore name 'install_scripts' instead
[0.603s]   warnings.warn(
[0.606s] running egg_info
[0.607s] writing f1tenth_slam_nav.egg-info/PKG-INFO
[0.607s] writing dependency_links to f1tenth_slam_nav.egg-info/dependency_links.txt
[0.607s] writing top-level names to f1tenth_slam_nav.egg-info/top_level.txt
[0.609s] reading manifest file 'f1tenth_slam_nav.egg-info/SOURCES.txt'
[0.609s] writing manifest file 'f1tenth_slam_nav.egg-info/SOURCES.txt'
[0.626s] Built target ament_cmake_python_build_f1tenth_slam_nav_egg
[0.636s] Invoked command in '/home/ojg/sim_ws/build/f1tenth_slam_nav' returned '0': CMAKE_PREFIX_PATH=${CMAKE_PREFIX_PATH}:/home/ojg/sim_ws/install/f1tenth_gym_ros:/opt/ros/humble /usr/bin/cmake --build /home/ojg/sim_ws/build/f1tenth_slam_nav -- -j18 -l18
[0.637s] Invoking command in '/home/ojg/sim_ws/build/f1tenth_slam_nav': CMAKE_PREFIX_PATH=${CMAKE_PREFIX_PATH}:/home/ojg/sim_ws/install/f1tenth_gym_ros:/opt/ros/humble /usr/bin/cmake --install /home/ojg/sim_ws/build/f1tenth_slam_nav
[0.643s] -- Install configuration: "Release"
[0.644s] -- Execute custom install script
[0.644s] -- Up-to-date symlink: /home/ojg/sim_ws/install/f1tenth_slam_nav/share/f1tenth_slam_nav/launch//localization_launch.py
[0.644s] -- Up-to-date symlink: /home/ojg/sim_ws/install/f1tenth_slam_nav/share/f1tenth_slam_nav/launch//slam_launch.py
[0.644s] -- Up-to-date symlink: /home/ojg/sim_ws/install/f1tenth_slam_nav/share/f1tenth_slam_nav/launch//slam_nav_launch.py
[0.644s] -- Up-to-date symlink: /home/ojg/sim_ws/install/f1tenth_slam_nav/share/f1tenth_slam_nav/config//amcl_config.yaml
[0.644s] -- Up-to-date symlink: /home/ojg/sim_ws/install/f1tenth_slam_nav/share/f1tenth_slam_nav/config//cartographer_config.lua
[0.645s] -- Up-to-date symlink: /home/ojg/sim_ws/install/f1tenth_slam_nav/share/f1tenth_slam_nav/config//slam_toolbox_async_config.yaml
[0.645s] -- Up-to-date symlink: /home/ojg/sim_ws/install/f1tenth_slam_nav/share/f1tenth_slam_nav/config//slam_toolbox_config.yaml
[0.645s] -- Up-to-date symlink: /home/ojg/sim_ws/install/f1tenth_slam_nav/share/f1tenth_slam_nav/environment/pythonpath.sh
[0.645s] -- Up-to-date symlink: /home/ojg/sim_ws/install/f1tenth_slam_nav/share/f1tenth_slam_nav/environment/pythonpath.dsv
[0.645s] -- Up-to-date symlink: /home/ojg/sim_ws/install/f1tenth_slam_nav/local/lib/python3.10/dist-packages/f1tenth_slam_nav-1.0.0-py3.10.egg-info/PKG-INFO
[0.645s] -- Up-to-date symlink: /home/ojg/sim_ws/install/f1tenth_slam_nav/local/lib/python3.10/dist-packages/f1tenth_slam_nav-1.0.0-py3.10.egg-info/SOURCES.txt
[0.645s] -- Up-to-date symlink: /home/ojg/sim_ws/install/f1tenth_slam_nav/local/lib/python3.10/dist-packages/f1tenth_slam_nav-1.0.0-py3.10.egg-info/dependency_links.txt
[0.645s] -- Up-to-date symlink: /home/ojg/sim_ws/install/f1tenth_slam_nav/local/lib/python3.10/dist-packages/f1tenth_slam_nav-1.0.0-py3.10.egg-info/top_level.txt
[0.646s] -- Up-to-date symlink: /home/ojg/sim_ws/install/f1tenth_slam_nav/local/lib/python3.10/dist-packages/f1tenth_slam_nav/__init__.py
[0.646s] -- Up-to-date symlink: /home/ojg/sim_ws/install/f1tenth_slam_nav/local/lib/python3.10/dist-packages/f1tenth_slam_nav/slam_nav_manager.py
[0.646s] -- Up-to-date symlink: /home/ojg/sim_ws/install/f1tenth_slam_nav/lib/f1tenth_slam_nav/slam_nav_manager.py
[0.646s] -- Up-to-date symlink: /home/ojg/sim_ws/install/f1tenth_slam_nav/lib/python3.8/site-packages/f1tenth_slam_nav//slam_nav_manager.py
[0.646s] -- Up-to-date symlink: /home/ojg/sim_ws/install/f1tenth_slam_nav/share/ament_index/resource_index/package_run_dependencies/f1tenth_slam_nav
[0.646s] -- Up-to-date symlink: /home/ojg/sim_ws/install/f1tenth_slam_nav/share/ament_index/resource_index/parent_prefix_path/f1tenth_slam_nav
[0.647s] -- Up-to-date symlink: /home/ojg/sim_ws/install/f1tenth_slam_nav/share/f1tenth_slam_nav/environment/ament_prefix_path.sh
[0.647s] -- Up-to-date symlink: /home/ojg/sim_ws/install/f1tenth_slam_nav/share/f1tenth_slam_nav/environment/ament_prefix_path.dsv
[0.647s] -- Up-to-date symlink: /home/ojg/sim_ws/install/f1tenth_slam_nav/share/f1tenth_slam_nav/environment/path.sh
[0.647s] -- Up-to-date symlink: /home/ojg/sim_ws/install/f1tenth_slam_nav/share/f1tenth_slam_nav/environment/path.dsv
[0.647s] -- Up-to-date symlink: /home/ojg/sim_ws/install/f1tenth_slam_nav/share/f1tenth_slam_nav/local_setup.bash
[0.647s] -- Up-to-date symlink: /home/ojg/sim_ws/install/f1tenth_slam_nav/share/f1tenth_slam_nav/local_setup.sh
[0.647s] -- Up-to-date symlink: /home/ojg/sim_ws/install/f1tenth_slam_nav/share/f1tenth_slam_nav/local_setup.zsh
[0.647s] -- Up-to-date symlink: /home/ojg/sim_ws/install/f1tenth_slam_nav/share/f1tenth_slam_nav/local_setup.dsv
[0.647s] -- Symlinking: /home/ojg/sim_ws/install/f1tenth_slam_nav/share/f1tenth_slam_nav/package.dsv
[0.654s] -- Up-to-date symlink: /home/ojg/sim_ws/install/f1tenth_slam_nav/share/ament_index/resource_index/packages/f1tenth_slam_nav
[0.654s] -- Up-to-date symlink: /home/ojg/sim_ws/install/f1tenth_slam_nav/share/f1tenth_slam_nav/cmake/f1tenth_slam_navConfig.cmake
[0.655s] -- Up-to-date symlink: /home/ojg/sim_ws/install/f1tenth_slam_nav/share/f1tenth_slam_nav/cmake/f1tenth_slam_navConfig-version.cmake
[0.655s] -- Up-to-date symlink: /home/ojg/sim_ws/install/f1tenth_slam_nav/share/f1tenth_slam_nav/package.xml
[0.675s] Listing '/home/ojg/sim_ws/install/f1tenth_slam_nav/local/lib/python3.10/dist-packages/f1tenth_slam_nav'...
[0.679s] Invoked command in '/home/ojg/sim_ws/build/f1tenth_slam_nav' returned '0': CMAKE_PREFIX_PATH=${CMAKE_PREFIX_PATH}:/home/ojg/sim_ws/install/f1tenth_gym_ros:/opt/ros/humble /usr/bin/cmake --install /home/ojg/sim_ws/build/f1tenth_slam_nav
