[0.010s] Invoking command in '/home/ojg/sim_ws/src/build/center_follow_cpp': CMAKE_PREFIX_PATH=${CMAKE_PREFIX_PATH}:/home/ojg/sim_ws/install/f1tenth_gym_ros:/opt/ros/humble /usr/bin/cmake /home/ojg/sim_ws/src/center_follow_cpp -DCMAKE_BUILD_TYPE=Release -DAMENT_CMAKE_SYMLINK_INSTALL=1 -DCMAKE_INSTALL_PREFIX=/home/ojg/sim_ws/src/install/center_follow_cpp
[0.177s] -- The C compiler identification is GNU 11.4.0
[0.177s] -- The CXX compiler identification is GNU 11.4.0
[0.177s] -- Detecting C compiler ABI info
[0.177s] -- Detecting C compiler ABI info - done
[0.177s] -- Check for working C compiler: /usr/bin/cc - skipped
[0.177s] -- Detecting C compile features
[0.177s] -- Detecting C compile features - done
[0.177s] -- Detecting CXX compiler ABI info
[0.209s] -- Detecting CXX compiler ABI info - done
[0.214s] -- Check for working CXX compiler: /usr/bin/c++ - skipped
[0.214s] -- Detecting CXX compile features
[0.214s] -- Detecting CXX compile features - done
[0.215s] -- Found ament_cmake: 1.3.11 (/opt/ros/humble/share/ament_cmake/cmake)
[0.311s] -- Found Python3: /usr/bin/python3 (found version "3.10.12") found components: Interpreter 
[0.366s] -- Override CMake install command with custom implementation using symlinks instead of copying resources
[0.381s] -- Found rclcpp: 16.0.12 (/opt/ros/humble/share/rclcpp/cmake)
[0.404s] -- Found rosidl_generator_c: 3.1.6 (/opt/ros/humble/share/rosidl_generator_c/cmake)
[0.407s] -- Found rosidl_adapter: 3.1.6 (/opt/ros/humble/share/rosidl_adapter/cmake)
[0.411s] -- Found rosidl_generator_cpp: 3.1.6 (/opt/ros/humble/share/rosidl_generator_cpp/cmake)
[0.418s] -- Using all available rosidl_typesupport_c: rosidl_typesupport_fastrtps_c;rosidl_typesupport_introspection_c
[0.427s] -- Using all available rosidl_typesupport_cpp: rosidl_typesupport_fastrtps_cpp;rosidl_typesupport_introspection_cpp
[0.451s] -- Found rmw_implementation_cmake: 6.1.2 (/opt/ros/humble/share/rmw_implementation_cmake/cmake)
[0.452s] -- Found rmw_fastrtps_cpp: 6.2.7 (/opt/ros/humble/share/rmw_fastrtps_cpp/cmake)
[0.507s] -- Found OpenSSL: /usr/lib/x86_64-linux-gnu/libcrypto.so (found version "3.0.2")  
[0.531s] -- Found FastRTPS: /opt/ros/humble/include  
[0.557s] -- Using RMW implementation 'rmw_fastrtps_cpp' as default
[0.562s] -- Looking for pthread.h
[0.618s] -- Looking for pthread.h - found
[0.618s] -- Performing Test CMAKE_HAVE_LIBC_PTHREAD
[0.670s] -- Performing Test CMAKE_HAVE_LIBC_PTHREAD - Success
[0.671s] -- Found Threads: TRUE  
[0.703s] -- Found sensor_msgs: 4.9.0 (/opt/ros/humble/share/sensor_msgs/cmake)
[0.724s] -- Found ackermann_msgs: 2.0.2 (/opt/ros/humble/share/ackermann_msgs/cmake)
[0.733s] -- Found nav_msgs: 4.9.0 (/opt/ros/humble/share/nav_msgs/cmake)
[0.745s] -- Found visualization_msgs: 4.9.0 (/opt/ros/humble/share/visualization_msgs/cmake)
[0.760s] -- Found ament_lint_auto: 0.12.12 (/opt/ros/humble/share/ament_lint_auto/cmake)
[0.810s] -- Added test 'cppcheck' to perform static code analysis on C / C++ code
[0.810s] -- Configured cppcheck include dirs: 
[0.810s] -- Configured cppcheck exclude dirs and/or files: 
[0.810s] -- Added test 'lint_cmake' to check CMake code style
[0.810s] -- Added test 'uncrustify' to check C / C++ code style
[0.810s] -- Configured uncrustify additional arguments: 
[0.811s] -- Added test 'xmllint' to check XML markup files
[0.811s] -- Configuring done
[0.817s] -- Generating done
[0.819s] -- Build files have been written to: /home/ojg/sim_ws/src/build/center_follow_cpp
[0.826s] Invoked command in '/home/ojg/sim_ws/src/build/center_follow_cpp' returned '0': CMAKE_PREFIX_PATH=${CMAKE_PREFIX_PATH}:/home/ojg/sim_ws/install/f1tenth_gym_ros:/opt/ros/humble /usr/bin/cmake /home/ojg/sim_ws/src/center_follow_cpp -DCMAKE_BUILD_TYPE=Release -DAMENT_CMAKE_SYMLINK_INSTALL=1 -DCMAKE_INSTALL_PREFIX=/home/ojg/sim_ws/src/install/center_follow_cpp
[0.828s] Invoking command in '/home/ojg/sim_ws/src/build/center_follow_cpp': CMAKE_PREFIX_PATH=${CMAKE_PREFIX_PATH}:/home/ojg/sim_ws/install/f1tenth_gym_ros:/opt/ros/humble /usr/bin/cmake --build /home/ojg/sim_ws/src/build/center_follow_cpp -- -j18 -l18
[0.864s] [ 50%] [32mBuilding CXX object CMakeFiles/center_follower.dir/src/center_follow_node.cpp.o[0m
[13.174s] [100%] [32m[1mLinking CXX executable center_follower[0m
[13.308s] [100%] Built target center_follower
[13.320s] Invoked command in '/home/ojg/sim_ws/src/build/center_follow_cpp' returned '0': CMAKE_PREFIX_PATH=${CMAKE_PREFIX_PATH}:/home/ojg/sim_ws/install/f1tenth_gym_ros:/opt/ros/humble /usr/bin/cmake --build /home/ojg/sim_ws/src/build/center_follow_cpp -- -j18 -l18
[13.327s] Invoking command in '/home/ojg/sim_ws/src/build/center_follow_cpp': CMAKE_PREFIX_PATH=${CMAKE_PREFIX_PATH}:/home/ojg/sim_ws/install/f1tenth_gym_ros:/opt/ros/humble /usr/bin/cmake --install /home/ojg/sim_ws/src/build/center_follow_cpp
[13.333s] -- Install configuration: "Release"
[13.333s] -- Execute custom install script
[13.333s] -- Symlinking: /home/ojg/sim_ws/src/install/center_follow_cpp/lib/center_follow_cpp/center_follower
[13.340s] -- Symlinking: /home/ojg/sim_ws/src/install/center_follow_cpp/share/ament_index/resource_index/package_run_dependencies/center_follow_cpp
[13.348s] -- Symlinking: /home/ojg/sim_ws/src/install/center_follow_cpp/share/ament_index/resource_index/parent_prefix_path/center_follow_cpp
[13.355s] -- Symlinking: /home/ojg/sim_ws/src/install/center_follow_cpp/share/center_follow_cpp/environment/ament_prefix_path.sh
[13.361s] -- Symlinking: /home/ojg/sim_ws/src/install/center_follow_cpp/share/center_follow_cpp/environment/ament_prefix_path.dsv
[13.367s] -- Symlinking: /home/ojg/sim_ws/src/install/center_follow_cpp/share/center_follow_cpp/environment/path.sh
[13.373s] -- Symlinking: /home/ojg/sim_ws/src/install/center_follow_cpp/share/center_follow_cpp/environment/path.dsv
[13.380s] -- Symlinking: /home/ojg/sim_ws/src/install/center_follow_cpp/share/center_follow_cpp/local_setup.bash
[13.387s] -- Symlinking: /home/ojg/sim_ws/src/install/center_follow_cpp/share/center_follow_cpp/local_setup.sh
[13.394s] -- Symlinking: /home/ojg/sim_ws/src/install/center_follow_cpp/share/center_follow_cpp/local_setup.zsh
[13.401s] -- Symlinking: /home/ojg/sim_ws/src/install/center_follow_cpp/share/center_follow_cpp/local_setup.dsv
[13.406s] -- Symlinking: /home/ojg/sim_ws/src/install/center_follow_cpp/share/center_follow_cpp/package.dsv
[13.412s] -- Symlinking: /home/ojg/sim_ws/src/install/center_follow_cpp/share/ament_index/resource_index/packages/center_follow_cpp
[13.419s] -- Symlinking: /home/ojg/sim_ws/src/install/center_follow_cpp/share/center_follow_cpp/cmake/center_follow_cppConfig.cmake
[13.424s] -- Symlinking: /home/ojg/sim_ws/src/install/center_follow_cpp/share/center_follow_cpp/cmake/center_follow_cppConfig-version.cmake
[13.430s] -- Symlinking: /home/ojg/sim_ws/src/install/center_follow_cpp/share/center_follow_cpp/package.xml
[13.438s] Invoked command in '/home/ojg/sim_ws/src/build/center_follow_cpp' returned '0': CMAKE_PREFIX_PATH=${CMAKE_PREFIX_PATH}:/home/ojg/sim_ws/install/f1tenth_gym_ros:/opt/ros/humble /usr/bin/cmake --install /home/ojg/sim_ws/src/build/center_follow_cpp
