[0.147s] Invoking command in '/home/f1/f1tenth_ws/build/vesc': AMENT_PREFIX_PATH=/home/f1/f1tenth_ws/install/vesc_driver:/home/f1/f1tenth_ws/install/vesc_ackermann:/home/f1/f1tenth_ws/install/vesc_msgs:${AMENT_PREFIX_PATH} CMAKE_PREFIX_PATH=/home/f1/f1tenth_ws/install/vesc_driver:/home/f1/f1tenth_ws/install/vesc_ackermann:/home/f1/f1tenth_ws/install/vesc_msgs:/opt/ros/foxy LD_LIBRARY_PATH=/home/f1/f1tenth_ws/install/vesc_driver/lib:/home/f1/f1tenth_ws/install/vesc_ackermann/lib:/home/f1/f1tenth_ws/install/vesc_msgs/lib:${LD_LIBRARY_PATH} PYTHONPATH=/home/f1/f1tenth_ws/install/vesc_msgs/lib/python3.8/site-packages:${PYTHONPATH} /usr/bin/cmake --build /home/f1/f1tenth_ws/build/vesc -- -j6 -l6
[0.469s] Invoked command in '/home/f1/f1tenth_ws/build/vesc' returned '0': AMENT_PREFIX_PATH=/home/f1/f1tenth_ws/install/vesc_driver:/home/f1/f1tenth_ws/install/vesc_ackermann:/home/f1/f1tenth_ws/install/vesc_msgs:${AMENT_PREFIX_PATH} CMAKE_PREFIX_PATH=/home/f1/f1tenth_ws/install/vesc_driver:/home/f1/f1tenth_ws/install/vesc_ackermann:/home/f1/f1tenth_ws/install/vesc_msgs:/opt/ros/foxy LD_LIBRARY_PATH=/home/f1/f1tenth_ws/install/vesc_driver/lib:/home/f1/f1tenth_ws/install/vesc_ackermann/lib:/home/f1/f1tenth_ws/install/vesc_msgs/lib:${LD_LIBRARY_PATH} PYTHONPATH=/home/f1/f1tenth_ws/install/vesc_msgs/lib/python3.8/site-packages:${PYTHONPATH} /usr/bin/cmake --build /home/f1/f1tenth_ws/build/vesc -- -j6 -l6
[0.492s] Invoking command in '/home/f1/f1tenth_ws/build/vesc': AMENT_PREFIX_PATH=/home/f1/f1tenth_ws/install/vesc_driver:/home/f1/f1tenth_ws/install/vesc_ackermann:/home/f1/f1tenth_ws/install/vesc_msgs:${AMENT_PREFIX_PATH} CMAKE_PREFIX_PATH=/home/f1/f1tenth_ws/install/vesc_driver:/home/f1/f1tenth_ws/install/vesc_ackermann:/home/f1/f1tenth_ws/install/vesc_msgs:/opt/ros/foxy LD_LIBRARY_PATH=/home/f1/f1tenth_ws/install/vesc_driver/lib:/home/f1/f1tenth_ws/install/vesc_ackermann/lib:/home/f1/f1tenth_ws/install/vesc_msgs/lib:${LD_LIBRARY_PATH} PYTHONPATH=/home/f1/f1tenth_ws/install/vesc_msgs/lib/python3.8/site-packages:${PYTHONPATH} /usr/bin/cmake --install /home/f1/f1tenth_ws/build/vesc
[0.559s] -- Install configuration: "Release"
[0.567s] -- Execute custom install script
[0.574s] -- Up-to-date symlink: /home/f1/f1tenth_ws/install/vesc/share/ament_index/resource_index/package_run_dependencies/vesc
[0.576s] -- Up-to-date symlink: /home/f1/f1tenth_ws/install/vesc/share/ament_index/resource_index/parent_prefix_path/vesc
[0.580s] -- Up-to-date symlink: /home/f1/f1tenth_ws/install/vesc/share/vesc/environment/ament_prefix_path.sh
[0.586s] -- Up-to-date symlink: /home/f1/f1tenth_ws/install/vesc/share/vesc/environment/ament_prefix_path.dsv
[0.588s] -- Up-to-date symlink: /home/f1/f1tenth_ws/install/vesc/share/vesc/environment/path.sh
[0.591s] -- Up-to-date symlink: /home/f1/f1tenth_ws/install/vesc/share/vesc/environment/path.dsv
[0.591s] -- Up-to-date symlink: /home/f1/f1tenth_ws/install/vesc/share/vesc/local_setup.bash
[0.594s] -- Up-to-date symlink: /home/f1/f1tenth_ws/install/vesc/share/vesc/local_setup.sh
[0.600s] -- Up-to-date symlink: /home/f1/f1tenth_ws/install/vesc/share/vesc/local_setup.zsh
[0.603s] -- Up-to-date symlink: /home/f1/f1tenth_ws/install/vesc/share/vesc/local_setup.dsv
[0.603s] -- Symlinking: /home/f1/f1tenth_ws/install/vesc/share/vesc/package.dsv
[0.681s] -- Up-to-date symlink: /home/f1/f1tenth_ws/install/vesc/share/ament_index/resource_index/packages/vesc
[0.684s] -- Up-to-date symlink: /home/f1/f1tenth_ws/install/vesc/share/vesc/cmake/vescConfig.cmake
[0.687s] -- Up-to-date symlink: /home/f1/f1tenth_ws/install/vesc/share/vesc/cmake/vescConfig-version.cmake
[0.688s] -- Up-to-date symlink: /home/f1/f1tenth_ws/install/vesc/share/vesc/package.xml
[0.706s] Invoked command in '/home/f1/f1tenth_ws/build/vesc' returned '0': AMENT_PREFIX_PATH=/home/f1/f1tenth_ws/install/vesc_driver:/home/f1/f1tenth_ws/install/vesc_ackermann:/home/f1/f1tenth_ws/install/vesc_msgs:${AMENT_PREFIX_PATH} CMAKE_PREFIX_PATH=/home/f1/f1tenth_ws/install/vesc_driver:/home/f1/f1tenth_ws/install/vesc_ackermann:/home/f1/f1tenth_ws/install/vesc_msgs:/opt/ros/foxy LD_LIBRARY_PATH=/home/f1/f1tenth_ws/install/vesc_driver/lib:/home/f1/f1tenth_ws/install/vesc_ackermann/lib:/home/f1/f1tenth_ws/install/vesc_msgs/lib:${LD_LIBRARY_PATH} PYTHONPATH=/home/f1/f1tenth_ws/install/vesc_msgs/lib/python3.8/site-packages:${PYTHONPATH} /usr/bin/cmake --install /home/f1/f1tenth_ws/build/vesc
