[2.672s] Invoking command in '/home/f1/f1tenth_ws/build/center_follow_cpp': CMAKE_PREFIX_PATH=${CMAKE_PREFIX_PATH}:/home/f1/install/f1tenth_stack:/home/f1/install/joy_teleop:/home/f1/install/mouse_teleop:/home/f1/install/key_teleop:/home/f1/f1tenth_ws/install/f1tenth_stack:/home/f1/f1tenth_ws/install/joy_teleop:/home/f1/f1tenth_ws/install/pygame_key_teleop:/home/f1/f1tenth_ws/install/mouse_teleop:/home/f1/f1tenth_ws/install/key_teleop:/opt/ros/foxy /usr/bin/cmake --build /home/f1/f1tenth_ws/build/center_follow_cpp -- -j6 -l6
[3.208s] [100%] Built target center_follower
[3.296s] Invoked command in '/home/f1/f1tenth_ws/build/center_follow_cpp' returned '0': CMAKE_PREFIX_PATH=${CMAKE_PREFIX_PATH}:/home/f1/install/f1tenth_stack:/home/f1/install/joy_teleop:/home/f1/install/mouse_teleop:/home/f1/install/key_teleop:/home/f1/f1tenth_ws/install/f1tenth_stack:/home/f1/f1tenth_ws/install/joy_teleop:/home/f1/f1tenth_ws/install/pygame_key_teleop:/home/f1/f1tenth_ws/install/mouse_teleop:/home/f1/f1tenth_ws/install/key_teleop:/opt/ros/foxy /usr/bin/cmake --build /home/f1/f1tenth_ws/build/center_follow_cpp -- -j6 -l6
[3.343s] Invoking command in '/home/f1/f1tenth_ws/build/center_follow_cpp': CMAKE_PREFIX_PATH=${CMAKE_PREFIX_PATH}:/home/f1/install/f1tenth_stack:/home/f1/install/joy_teleop:/home/f1/install/mouse_teleop:/home/f1/install/key_teleop:/home/f1/f1tenth_ws/install/f1tenth_stack:/home/f1/f1tenth_ws/install/joy_teleop:/home/f1/f1tenth_ws/install/pygame_key_teleop:/home/f1/f1tenth_ws/install/mouse_teleop:/home/f1/f1tenth_ws/install/key_teleop:/opt/ros/foxy /usr/bin/cmake --install /home/f1/f1tenth_ws/build/center_follow_cpp
[3.425s] -- Install configuration: "Release"
[3.429s] -- Execute custom install script
[3.433s] -- Up-to-date symlink: /home/f1/f1tenth_ws/install/center_follow_cpp/lib/center_follow_cpp/center_follower
[3.438s] -- Up-to-date symlink: /home/f1/f1tenth_ws/install/center_follow_cpp/share/ament_index/resource_index/package_run_dependencies/center_follow_cpp
[3.440s] -- Up-to-date symlink: /home/f1/f1tenth_ws/install/center_follow_cpp/share/ament_index/resource_index/parent_prefix_path/center_follow_cpp
[3.442s] -- Up-to-date symlink: /home/f1/f1tenth_ws/install/center_follow_cpp/share/center_follow_cpp/environment/ament_prefix_path.sh
[3.445s] -- Up-to-date symlink: /home/f1/f1tenth_ws/install/center_follow_cpp/share/center_follow_cpp/environment/ament_prefix_path.dsv
[3.447s] -- Up-to-date symlink: /home/f1/f1tenth_ws/install/center_follow_cpp/share/center_follow_cpp/environment/path.sh
[3.448s] -- Up-to-date symlink: /home/f1/f1tenth_ws/install/center_follow_cpp/share/center_follow_cpp/environment/path.dsv
[3.460s] -- Up-to-date symlink: /home/f1/f1tenth_ws/install/center_follow_cpp/share/center_follow_cpp/local_setup.bash
[3.461s] -- Up-to-date symlink: /home/f1/f1tenth_ws/install/center_follow_cpp/share/center_follow_cpp/local_setup.sh
[3.461s] -- Up-to-date symlink: /home/f1/f1tenth_ws/install/center_follow_cpp/share/center_follow_cpp/local_setup.zsh
[3.462s] -- Up-to-date symlink: /home/f1/f1tenth_ws/install/center_follow_cpp/share/center_follow_cpp/local_setup.dsv
[3.463s] -- Symlinking: /home/f1/f1tenth_ws/install/center_follow_cpp/share/center_follow_cpp/package.dsv
[3.565s] -- Up-to-date symlink: /home/f1/f1tenth_ws/install/center_follow_cpp/share/ament_index/resource_index/packages/center_follow_cpp
[3.574s] -- Up-to-date symlink: /home/f1/f1tenth_ws/install/center_follow_cpp/share/center_follow_cpp/cmake/center_follow_cppConfig.cmake
[3.577s] -- Up-to-date symlink: /home/f1/f1tenth_ws/install/center_follow_cpp/share/center_follow_cpp/cmake/center_follow_cppConfig-version.cmake
[3.580s] -- Up-to-date symlink: /home/f1/f1tenth_ws/install/center_follow_cpp/share/center_follow_cpp/package.xml
[3.689s] Invoked command in '/home/f1/f1tenth_ws/build/center_follow_cpp' returned '0': CMAKE_PREFIX_PATH=${CMAKE_PREFIX_PATH}:/home/f1/install/f1tenth_stack:/home/f1/install/joy_teleop:/home/f1/install/mouse_teleop:/home/f1/install/key_teleop:/home/f1/f1tenth_ws/install/f1tenth_stack:/home/f1/f1tenth_ws/install/joy_teleop:/home/f1/f1tenth_ws/install/pygame_key_teleop:/home/f1/f1tenth_ws/install/mouse_teleop:/home/f1/f1tenth_ws/install/key_teleop:/opt/ros/foxy /usr/bin/cmake --install /home/f1/f1tenth_ws/build/center_follow_cpp
