[0.332s] Invoking command in '/home/f1/f1tenth_ws/build/teleop_tools_msgs': CMAKE_PREFIX_PATH=/home/f1/f1tenth_ws/install/f1tenth_stack:/home/f1/f1tenth_ws/install/joy_teleop:/home/f1/f1tenth_ws/install/mouse_teleop:/home/f1/f1tenth_ws/install/key_teleop:/opt/ros/foxy:${CMAKE_PREFIX_PATH} /usr/bin/cmake --build /home/f1/f1tenth_ws/build/teleop_tools_msgs -- -j6 -l6
[3.418s] [  3%] Built target teleop_tools_msgs__cpp
[3.419s] [ 12%] Built target teleop_tools_msgs__rosidl_generator_c
[3.419s] [ 22%] Built target teleop_tools_msgs__rosidl_typesupport_introspection_cpp
[3.420s] [ 32%] Built target teleop_tools_msgs__rosidl_typesupport_introspection_c
[3.420s] [ 41%] Built target teleop_tools_msgs__rosidl_typesupport_cpp
[3.421s] [ 51%] Built target teleop_tools_msgs__rosidl_typesupport_c
[3.421s] [ 61%] Built target teleop_tools_msgs__rosidl_typesupport_fastrtps_cpp
[3.422s] [ 70%] Built target teleop_tools_msgs__rosidl_typesupport_fastrtps_c
[3.422s] [ 70%] Built target teleop_tools_msgs
[3.422s] [ 74%] Built target teleop_tools_msgs__py
[3.423s] [ 80%] Built target teleop_tools_msgs__python
[3.423s] [ 87%] Built target teleop_tools_msgs__rosidl_typesupport_introspection_c__pyext
[3.424s] [ 93%] Built target teleop_tools_msgs__rosidl_typesupport_c__pyext
[3.424s] [100%] Built target teleop_tools_msgs__rosidl_typesupport_fastrtps_c__pyext
[3.502s] Invoked command in '/home/f1/f1tenth_ws/build/teleop_tools_msgs' returned '0': CMAKE_PREFIX_PATH=/home/f1/f1tenth_ws/install/f1tenth_stack:/home/f1/f1tenth_ws/install/joy_teleop:/home/f1/f1tenth_ws/install/mouse_teleop:/home/f1/f1tenth_ws/install/key_teleop:/opt/ros/foxy:${CMAKE_PREFIX_PATH} /usr/bin/cmake --build /home/f1/f1tenth_ws/build/teleop_tools_msgs -- -j6 -l6
[3.551s] Invoking command in '/home/f1/f1tenth_ws/build/teleop_tools_msgs': CMAKE_PREFIX_PATH=/home/f1/f1tenth_ws/install/f1tenth_stack:/home/f1/f1tenth_ws/install/joy_teleop:/home/f1/f1tenth_ws/install/mouse_teleop:/home/f1/f1tenth_ws/install/key_teleop:/opt/ros/foxy:${CMAKE_PREFIX_PATH} /usr/bin/cmake --install /home/f1/f1tenth_ws/build/teleop_tools_msgs
[3.589s] -- Install configuration: "Release"
[3.590s] -- Execute custom install script
[3.604s] -- Up-to-date symlink: /home/f1/f1tenth_ws/install/teleop_tools_msgs/share/ament_index/resource_index/rosidl_interfaces/teleop_tools_msgs
[3.604s] -- Up-to-date symlink: /home/f1/f1tenth_ws/install/teleop_tools_msgs/include/teleop_tools_msgs/action/detail/increment__functions.h
[3.605s] -- Up-to-date symlink: /home/f1/f1tenth_ws/install/teleop_tools_msgs/include/teleop_tools_msgs/action/detail/increment__struct.h
[3.605s] -- Up-to-date symlink: /home/f1/f1tenth_ws/install/teleop_tools_msgs/include/teleop_tools_msgs/action/detail/increment__type_support.h
[3.606s] -- Up-to-date symlink: /home/f1/f1tenth_ws/install/teleop_tools_msgs/include/teleop_tools_msgs/action/increment.h
[3.606s] -- Up-to-date symlink: /home/f1/f1tenth_ws/install/teleop_tools_msgs/include/teleop_tools_msgs/msg/rosidl_generator_c__visibility_control.h
[3.613s] -- Up-to-date symlink: /home/f1/f1tenth_ws/install/teleop_tools_msgs/share/teleop_tools_msgs/environment/library_path.sh
[3.619s] -- Up-to-date symlink: /home/f1/f1tenth_ws/install/teleop_tools_msgs/share/teleop_tools_msgs/environment/library_path.dsv
[3.645s] -- Up-to-date symlink: /home/f1/f1tenth_ws/install/teleop_tools_msgs/include/teleop_tools_msgs/action/detail/increment__rosidl_typesupport_fastrtps_c.h
[3.646s] -- Up-to-date symlink: /home/f1/f1tenth_ws/install/teleop_tools_msgs/include/teleop_tools_msgs/msg/rosidl_typesupport_fastrtps_c__visibility_control.h
[3.660s] -- Up-to-date symlink: /home/f1/f1tenth_ws/install/teleop_tools_msgs/lib/libteleop_tools_msgs__rosidl_typesupport_fastrtps_c.so
[3.661s] -- Up-to-date symlink: /home/f1/f1tenth_ws/install/teleop_tools_msgs/include/teleop_tools_msgs/action/detail/increment__rosidl_typesupport_fastrtps_cpp.hpp
[3.671s] -- Up-to-date symlink: /home/f1/f1tenth_ws/install/teleop_tools_msgs/include/teleop_tools_msgs/msg/rosidl_typesupport_fastrtps_cpp__visibility_control.h
[3.676s] -- Up-to-date symlink: /home/f1/f1tenth_ws/install/teleop_tools_msgs/lib/libteleop_tools_msgs__rosidl_typesupport_fastrtps_cpp.so
[3.678s] -- Up-to-date symlink: /home/f1/f1tenth_ws/install/teleop_tools_msgs/include/teleop_tools_msgs/action/detail/increment__rosidl_typesupport_introspection_c.h
[3.686s] -- Up-to-date symlink: /home/f1/f1tenth_ws/install/teleop_tools_msgs/include/teleop_tools_msgs/msg/rosidl_typesupport_introspection_c__visibility_control.h
[3.691s] -- Up-to-date symlink: /home/f1/f1tenth_ws/install/teleop_tools_msgs/include/teleop_tools_msgs/action/detail/increment__builder.hpp
[3.708s] -- Up-to-date symlink: /home/f1/f1tenth_ws/install/teleop_tools_msgs/include/teleop_tools_msgs/action/detail/increment__struct.hpp
[3.712s] -- Up-to-date symlink: /home/f1/f1tenth_ws/install/teleop_tools_msgs/include/teleop_tools_msgs/action/detail/increment__traits.hpp
[3.712s] -- Up-to-date symlink: /home/f1/f1tenth_ws/install/teleop_tools_msgs/include/teleop_tools_msgs/action/detail/increment__type_support.hpp
[3.713s] -- Up-to-date symlink: /home/f1/f1tenth_ws/install/teleop_tools_msgs/include/teleop_tools_msgs/action/increment.hpp
[3.713s] -- Up-to-date symlink: /home/f1/f1tenth_ws/install/teleop_tools_msgs/include/teleop_tools_msgs/msg/rosidl_generator_cpp__visibility_control.hpp
[3.728s] -- Up-to-date symlink: /home/f1/f1tenth_ws/install/teleop_tools_msgs/include/teleop_tools_msgs/action/detail/increment__rosidl_typesupport_introspection_cpp.hpp
[3.729s] -- Up-to-date symlink: /home/f1/f1tenth_ws/install/teleop_tools_msgs/share/teleop_tools_msgs/environment/pythonpath.sh
[3.729s] -- Up-to-date symlink: /home/f1/f1tenth_ws/install/teleop_tools_msgs/share/teleop_tools_msgs/environment/pythonpath.dsv
[3.731s] -- Up-to-date symlink: /home/f1/f1tenth_ws/install/teleop_tools_msgs/lib/python3.8/site-packages/teleop_tools_msgs/__init__.py
[3.732s] -- Up-to-date symlink: /home/f1/f1tenth_ws/install/teleop_tools_msgs/lib/python3.8/site-packages/teleop_tools_msgs/action/__init__.py
[3.733s] -- Up-to-date symlink: /home/f1/f1tenth_ws/install/teleop_tools_msgs/lib/python3.8/site-packages/teleop_tools_msgs/action/_increment.py
[3.733s] -- Up-to-date symlink: /home/f1/f1tenth_ws/install/teleop_tools_msgs/lib/python3.8/site-packages/teleop_tools_msgs/teleop_tools_msgs_s__rosidl_typesupport_fastrtps_c.cpython-38-aarch64-linux-gnu.so
[3.746s] -- Up-to-date symlink: /home/f1/f1tenth_ws/install/teleop_tools_msgs/lib/python3.8/site-packages/teleop_tools_msgs/teleop_tools_msgs_s__rosidl_typesupport_introspection_c.cpython-38-aarch64-linux-gnu.so
[3.753s] -- Up-to-date symlink: /home/f1/f1tenth_ws/install/teleop_tools_msgs/lib/python3.8/site-packages/teleop_tools_msgs/teleop_tools_msgs_s__rosidl_typesupport_c.cpython-38-aarch64-linux-gnu.so
[3.756s] -- Up-to-date symlink: /home/f1/f1tenth_ws/install/teleop_tools_msgs/lib/libteleop_tools_msgs__python.so
[3.757s] -- Up-to-date symlink: /home/f1/f1tenth_ws/install/teleop_tools_msgs/share/teleop_tools_msgs/action/Increment.idl
[3.759s] -- Up-to-date symlink: /home/f1/f1tenth_ws/install/teleop_tools_msgs/share/teleop_tools_msgs/action/Increment.action
[3.765s] -- Up-to-date symlink: /home/f1/f1tenth_ws/install/teleop_tools_msgs/share/ament_index/resource_index/package_run_dependencies/teleop_tools_msgs
[3.765s] -- Up-to-date symlink: /home/f1/f1tenth_ws/install/teleop_tools_msgs/share/ament_index/resource_index/parent_prefix_path/teleop_tools_msgs
[3.766s] -- Up-to-date symlink: /home/f1/f1tenth_ws/install/teleop_tools_msgs/share/teleop_tools_msgs/environment/ament_prefix_path.sh
[3.767s] -- Up-to-date symlink: /home/f1/f1tenth_ws/install/teleop_tools_msgs/share/teleop_tools_msgs/environment/ament_prefix_path.dsv
[3.767s] -- Up-to-date symlink: /home/f1/f1tenth_ws/install/teleop_tools_msgs/share/teleop_tools_msgs/environment/path.sh
[3.769s] -- Up-to-date symlink: /home/f1/f1tenth_ws/install/teleop_tools_msgs/share/teleop_tools_msgs/environment/path.dsv
[3.776s] -- Up-to-date symlink: /home/f1/f1tenth_ws/install/teleop_tools_msgs/share/teleop_tools_msgs/local_setup.bash
[3.776s] -- Up-to-date symlink: /home/f1/f1tenth_ws/install/teleop_tools_msgs/share/teleop_tools_msgs/local_setup.sh
[3.777s] -- Up-to-date symlink: /home/f1/f1tenth_ws/install/teleop_tools_msgs/share/teleop_tools_msgs/local_setup.zsh
[3.777s] -- Up-to-date symlink: /home/f1/f1tenth_ws/install/teleop_tools_msgs/share/teleop_tools_msgs/local_setup.dsv
[3.778s] -- Symlinking: /home/f1/f1tenth_ws/install/teleop_tools_msgs/share/teleop_tools_msgs/package.dsv
[3.826s] -- Up-to-date symlink: /home/f1/f1tenth_ws/install/teleop_tools_msgs/share/ament_index/resource_index/packages/teleop_tools_msgs
[3.827s] -- Up-to-date symlink: /home/f1/f1tenth_ws/install/teleop_tools_msgs/share/teleop_tools_msgs/cmake/rosidl_cmake-extras.cmake
[3.828s] -- Up-to-date symlink: /home/f1/f1tenth_ws/install/teleop_tools_msgs/share/teleop_tools_msgs/cmake/ament_cmake_export_dependencies-extras.cmake
[3.836s] -- Up-to-date symlink: /home/f1/f1tenth_ws/install/teleop_tools_msgs/share/teleop_tools_msgs/cmake/ament_cmake_export_libraries-extras.cmake
[3.841s] -- Up-to-date symlink: /home/f1/f1tenth_ws/install/teleop_tools_msgs/share/teleop_tools_msgs/cmake/ament_cmake_export_targets-extras.cmake
[3.844s] -- Up-to-date symlink: /home/f1/f1tenth_ws/install/teleop_tools_msgs/share/teleop_tools_msgs/cmake/ament_cmake_export_include_directories-extras.cmake
[3.848s] -- Up-to-date symlink: /home/f1/f1tenth_ws/install/teleop_tools_msgs/share/teleop_tools_msgs/cmake/rosidl_cmake_export_typesupport_libraries-extras.cmake
[3.851s] -- Up-to-date symlink: /home/f1/f1tenth_ws/install/teleop_tools_msgs/share/teleop_tools_msgs/cmake/rosidl_cmake_export_typesupport_targets-extras.cmake
[3.852s] -- Up-to-date symlink: /home/f1/f1tenth_ws/install/teleop_tools_msgs/share/teleop_tools_msgs/cmake/teleop_tools_msgsConfig.cmake
[3.853s] -- Up-to-date symlink: /home/f1/f1tenth_ws/install/teleop_tools_msgs/share/teleop_tools_msgs/cmake/teleop_tools_msgsConfig-version.cmake
[3.854s] -- Up-to-date symlink: /home/f1/f1tenth_ws/install/teleop_tools_msgs/share/teleop_tools_msgs/package.xml
[3.863s] -- Up-to-date: /home/f1/f1tenth_ws/install/teleop_tools_msgs/lib/libteleop_tools_msgs__rosidl_generator_c.so
[3.868s] -- Up-to-date: /home/f1/f1tenth_ws/install/teleop_tools_msgs/lib/libteleop_tools_msgs__rosidl_typesupport_introspection_c.so
[3.872s] -- Up-to-date: /home/f1/f1tenth_ws/install/teleop_tools_msgs/lib/libteleop_tools_msgs__rosidl_typesupport_c.so
[3.876s] -- Up-to-date: /home/f1/f1tenth_ws/install/teleop_tools_msgs/lib/libteleop_tools_msgs__rosidl_typesupport_introspection_cpp.so
[3.885s] -- Up-to-date: /home/f1/f1tenth_ws/install/teleop_tools_msgs/lib/libteleop_tools_msgs__rosidl_typesupport_cpp.so
[4.179s] -- Up-to-date: /home/f1/f1tenth_ws/install/teleop_tools_msgs/share/teleop_tools_msgs/cmake/teleop_tools_msgs__rosidl_generator_cExport.cmake
[4.184s] -- Up-to-date: /home/f1/f1tenth_ws/install/teleop_tools_msgs/share/teleop_tools_msgs/cmake/teleop_tools_msgs__rosidl_generator_cExport-release.cmake
[4.186s] -- Up-to-date: /home/f1/f1tenth_ws/install/teleop_tools_msgs/share/teleop_tools_msgs/cmake/teleop_tools_msgs__rosidl_typesupport_introspection_cExport.cmake
[4.189s] -- Up-to-date: /home/f1/f1tenth_ws/install/teleop_tools_msgs/share/teleop_tools_msgs/cmake/teleop_tools_msgs__rosidl_typesupport_introspection_cExport-release.cmake
[4.190s] -- Up-to-date: /home/f1/f1tenth_ws/install/teleop_tools_msgs/share/teleop_tools_msgs/cmake/teleop_tools_msgs__rosidl_typesupport_cExport.cmake
[4.190s] -- Up-to-date: /home/f1/f1tenth_ws/install/teleop_tools_msgs/share/teleop_tools_msgs/cmake/teleop_tools_msgs__rosidl_typesupport_cExport-release.cmake
[4.191s] -- Up-to-date: /home/f1/f1tenth_ws/install/teleop_tools_msgs/share/teleop_tools_msgs/cmake/teleop_tools_msgs__rosidl_generator_cppExport.cmake
[4.192s] -- Up-to-date: /home/f1/f1tenth_ws/install/teleop_tools_msgs/share/teleop_tools_msgs/cmake/teleop_tools_msgs__rosidl_typesupport_introspection_cppExport.cmake
[4.192s] -- Up-to-date: /home/f1/f1tenth_ws/install/teleop_tools_msgs/share/teleop_tools_msgs/cmake/teleop_tools_msgs__rosidl_typesupport_introspection_cppExport-release.cmake
[4.202s] -- Up-to-date: /home/f1/f1tenth_ws/install/teleop_tools_msgs/share/teleop_tools_msgs/cmake/teleop_tools_msgs__rosidl_typesupport_cppExport.cmake
[4.204s] -- Up-to-date: /home/f1/f1tenth_ws/install/teleop_tools_msgs/share/teleop_tools_msgs/cmake/teleop_tools_msgs__rosidl_typesupport_cppExport-release.cmake
[4.213s] Invoked command in '/home/f1/f1tenth_ws/build/teleop_tools_msgs' returned '0': CMAKE_PREFIX_PATH=/home/f1/f1tenth_ws/install/f1tenth_stack:/home/f1/f1tenth_ws/install/joy_teleop:/home/f1/f1tenth_ws/install/mouse_teleop:/home/f1/f1tenth_ws/install/key_teleop:/opt/ros/foxy:${CMAKE_PREFIX_PATH} /usr/bin/cmake --install /home/f1/f1tenth_ws/build/teleop_tools_msgs
