[0.168s] Invoking command in '/home/f1/f1tenth_ws/build/f1tenth_slam_nav': AMENT_PREFIX_PATH=/home/f1/f1tenth_ws/install/f1tenth_stack:/home/f1/f1tenth_ws/install/vesc:/home/f1/f1tenth_ws/install/vesc_driver:/home/f1/f1tenth_ws/install/vesc_ackermann:/home/f1/f1tenth_ws/install/joy_teleop:/home/f1/f1tenth_ws/install/vesc_msgs:/home/f1/f1tenth_ws/install/teleop_tools_msgs:/home/f1/f1tenth_ws/install/ackermann_mux:${AMENT_PREFIX_PATH} CMAKE_PREFIX_PATH=/home/f1/f1tenth_ws/install/vesc:/home/f1/f1tenth_ws/install/vesc_driver:/home/f1/f1tenth_ws/install/vesc_ackermann:/home/f1/f1tenth_ws/install/vesc_msgs:/home/f1/f1tenth_ws/install/teleop_tools_msgs:/home/f1/f1tenth_ws/install/ackermann_mux:/opt/ros/foxy LD_LIBRARY_PATH=/home/f1/f1tenth_ws/install/vesc_driver/lib:/home/f1/f1tenth_ws/install/vesc_ackermann/lib:/home/f1/f1tenth_ws/install/vesc_msgs/lib:/home/f1/f1tenth_ws/install/teleop_tools_msgs/lib:${LD_LIBRARY_PATH} PYTHONPATH=/home/f1/f1tenth_ws/build/f1tenth_stack:/home/f1/f1tenth_ws/install/f1tenth_stack/lib/python3.8/site-packages:/home/f1/f1tenth_ws/build/joy_teleop:/home/f1/f1tenth_ws/install/joy_teleop/lib/python3.8/site-packages:/home/f1/f1tenth_ws/install/vesc_msgs/lib/python3.8/site-packages:/home/f1/f1tenth_ws/install/teleop_tools_msgs/lib/python3.8/site-packages:${PYTHONPATH} /usr/bin/cmake /home/f1/f1tenth_ws/src/f1tenth_slam_nav -DCMAKE_INSTALL_PREFIX=/home/f1/f1tenth_ws/install/f1tenth_slam_nav
[0.310s] -- Found ament_cmake: 0.9.12 (/opt/ros/foxy/share/ament_cmake/cmake)
[0.507s] -- Using PYTHON_EXECUTABLE: /usr/bin/python3
[1.669s] -- Override CMake install command with custom implementation using symlinks instead of copying resources
[1.774s] -- Found ament_lint_auto: 0.9.8 (/opt/ros/foxy/share/ament_lint_auto/cmake)
[2.310s] -- Added test 'copyright' to check source files copyright and LICENSE
[2.337s] -- Added test 'flake8' to check Python code syntax and style conventions
[2.342s] -- Added test 'lint_cmake' to check CMake code style
[2.345s] -- Added test 'pep257' to check Python code against some of the style conventions in PEP 257
[2.363s] -- Added test 'xmllint' to check XML markup files
[2.384s] -- Configuring done
[2.412s] -- Generating done
[2.422s] -- Build files have been written to: /home/f1/f1tenth_ws/build/f1tenth_slam_nav
[2.438s] Invoked command in '/home/f1/f1tenth_ws/build/f1tenth_slam_nav' returned '0': AMENT_PREFIX_PATH=/home/f1/f1tenth_ws/install/f1tenth_stack:/home/f1/f1tenth_ws/install/vesc:/home/f1/f1tenth_ws/install/vesc_driver:/home/f1/f1tenth_ws/install/vesc_ackermann:/home/f1/f1tenth_ws/install/joy_teleop:/home/f1/f1tenth_ws/install/vesc_msgs:/home/f1/f1tenth_ws/install/teleop_tools_msgs:/home/f1/f1tenth_ws/install/ackermann_mux:${AMENT_PREFIX_PATH} CMAKE_PREFIX_PATH=/home/f1/f1tenth_ws/install/vesc:/home/f1/f1tenth_ws/install/vesc_driver:/home/f1/f1tenth_ws/install/vesc_ackermann:/home/f1/f1tenth_ws/install/vesc_msgs:/home/f1/f1tenth_ws/install/teleop_tools_msgs:/home/f1/f1tenth_ws/install/ackermann_mux:/opt/ros/foxy LD_LIBRARY_PATH=/home/f1/f1tenth_ws/install/vesc_driver/lib:/home/f1/f1tenth_ws/install/vesc_ackermann/lib:/home/f1/f1tenth_ws/install/vesc_msgs/lib:/home/f1/f1tenth_ws/install/teleop_tools_msgs/lib:${LD_LIBRARY_PATH} PYTHONPATH=/home/f1/f1tenth_ws/build/f1tenth_stack:/home/f1/f1tenth_ws/install/f1tenth_stack/lib/python3.8/site-packages:/home/f1/f1tenth_ws/build/joy_teleop:/home/f1/f1tenth_ws/install/joy_teleop/lib/python3.8/site-packages:/home/f1/f1tenth_ws/install/vesc_msgs/lib/python3.8/site-packages:/home/f1/f1tenth_ws/install/teleop_tools_msgs/lib/python3.8/site-packages:${PYTHONPATH} /usr/bin/cmake /home/f1/f1tenth_ws/src/f1tenth_slam_nav -DCMAKE_INSTALL_PREFIX=/home/f1/f1tenth_ws/install/f1tenth_slam_nav
[2.451s] Invoking command in '/home/f1/f1tenth_ws/build/f1tenth_slam_nav': AMENT_PREFIX_PATH=/home/f1/f1tenth_ws/install/f1tenth_stack:/home/f1/f1tenth_ws/install/vesc:/home/f1/f1tenth_ws/install/vesc_driver:/home/f1/f1tenth_ws/install/vesc_ackermann:/home/f1/f1tenth_ws/install/joy_teleop:/home/f1/f1tenth_ws/install/vesc_msgs:/home/f1/f1tenth_ws/install/teleop_tools_msgs:/home/f1/f1tenth_ws/install/ackermann_mux:${AMENT_PREFIX_PATH} CMAKE_PREFIX_PATH=/home/f1/f1tenth_ws/install/vesc:/home/f1/f1tenth_ws/install/vesc_driver:/home/f1/f1tenth_ws/install/vesc_ackermann:/home/f1/f1tenth_ws/install/vesc_msgs:/home/f1/f1tenth_ws/install/teleop_tools_msgs:/home/f1/f1tenth_ws/install/ackermann_mux:/opt/ros/foxy LD_LIBRARY_PATH=/home/f1/f1tenth_ws/install/vesc_driver/lib:/home/f1/f1tenth_ws/install/vesc_ackermann/lib:/home/f1/f1tenth_ws/install/vesc_msgs/lib:/home/f1/f1tenth_ws/install/teleop_tools_msgs/lib:${LD_LIBRARY_PATH} PYTHONPATH=/home/f1/f1tenth_ws/build/f1tenth_stack:/home/f1/f1tenth_ws/install/f1tenth_stack/lib/python3.8/site-packages:/home/f1/f1tenth_ws/build/joy_teleop:/home/f1/f1tenth_ws/install/joy_teleop/lib/python3.8/site-packages:/home/f1/f1tenth_ws/install/vesc_msgs/lib/python3.8/site-packages:/home/f1/f1tenth_ws/install/teleop_tools_msgs/lib/python3.8/site-packages:${PYTHONPATH} /usr/bin/cmake --build /home/f1/f1tenth_ws/build/f1tenth_slam_nav -- -j6 -l6
[2.727s] Invoked command in '/home/f1/f1tenth_ws/build/f1tenth_slam_nav' returned '0': AMENT_PREFIX_PATH=/home/f1/f1tenth_ws/install/f1tenth_stack:/home/f1/f1tenth_ws/install/vesc:/home/f1/f1tenth_ws/install/vesc_driver:/home/f1/f1tenth_ws/install/vesc_ackermann:/home/f1/f1tenth_ws/install/joy_teleop:/home/f1/f1tenth_ws/install/vesc_msgs:/home/f1/f1tenth_ws/install/teleop_tools_msgs:/home/f1/f1tenth_ws/install/ackermann_mux:${AMENT_PREFIX_PATH} CMAKE_PREFIX_PATH=/home/f1/f1tenth_ws/install/vesc:/home/f1/f1tenth_ws/install/vesc_driver:/home/f1/f1tenth_ws/install/vesc_ackermann:/home/f1/f1tenth_ws/install/vesc_msgs:/home/f1/f1tenth_ws/install/teleop_tools_msgs:/home/f1/f1tenth_ws/install/ackermann_mux:/opt/ros/foxy LD_LIBRARY_PATH=/home/f1/f1tenth_ws/install/vesc_driver/lib:/home/f1/f1tenth_ws/install/vesc_ackermann/lib:/home/f1/f1tenth_ws/install/vesc_msgs/lib:/home/f1/f1tenth_ws/install/teleop_tools_msgs/lib:${LD_LIBRARY_PATH} PYTHONPATH=/home/f1/f1tenth_ws/build/f1tenth_stack:/home/f1/f1tenth_ws/install/f1tenth_stack/lib/python3.8/site-packages:/home/f1/f1tenth_ws/build/joy_teleop:/home/f1/f1tenth_ws/install/joy_teleop/lib/python3.8/site-packages:/home/f1/f1tenth_ws/install/vesc_msgs/lib/python3.8/site-packages:/home/f1/f1tenth_ws/install/teleop_tools_msgs/lib/python3.8/site-packages:${PYTHONPATH} /usr/bin/cmake --build /home/f1/f1tenth_ws/build/f1tenth_slam_nav -- -j6 -l6
[2.811s] Invoking command in '/home/f1/f1tenth_ws/build/f1tenth_slam_nav': AMENT_PREFIX_PATH=/home/f1/f1tenth_ws/install/f1tenth_stack:/home/f1/f1tenth_ws/install/vesc:/home/f1/f1tenth_ws/install/vesc_driver:/home/f1/f1tenth_ws/install/vesc_ackermann:/home/f1/f1tenth_ws/install/joy_teleop:/home/f1/f1tenth_ws/install/vesc_msgs:/home/f1/f1tenth_ws/install/teleop_tools_msgs:/home/f1/f1tenth_ws/install/ackermann_mux:${AMENT_PREFIX_PATH} CMAKE_PREFIX_PATH=/home/f1/f1tenth_ws/install/vesc:/home/f1/f1tenth_ws/install/vesc_driver:/home/f1/f1tenth_ws/install/vesc_ackermann:/home/f1/f1tenth_ws/install/vesc_msgs:/home/f1/f1tenth_ws/install/teleop_tools_msgs:/home/f1/f1tenth_ws/install/ackermann_mux:/opt/ros/foxy LD_LIBRARY_PATH=/home/f1/f1tenth_ws/install/vesc_driver/lib:/home/f1/f1tenth_ws/install/vesc_ackermann/lib:/home/f1/f1tenth_ws/install/vesc_msgs/lib:/home/f1/f1tenth_ws/install/teleop_tools_msgs/lib:${LD_LIBRARY_PATH} PYTHONPATH=/home/f1/f1tenth_ws/build/f1tenth_stack:/home/f1/f1tenth_ws/install/f1tenth_stack/lib/python3.8/site-packages:/home/f1/f1tenth_ws/build/joy_teleop:/home/f1/f1tenth_ws/install/joy_teleop/lib/python3.8/site-packages:/home/f1/f1tenth_ws/install/vesc_msgs/lib/python3.8/site-packages:/home/f1/f1tenth_ws/install/teleop_tools_msgs/lib/python3.8/site-packages:${PYTHONPATH} /usr/bin/cmake --install /home/f1/f1tenth_ws/build/f1tenth_slam_nav
[2.878s] -- Install configuration: "Release"
[2.881s] -- Execute custom install script
[2.886s] -- Up-to-date symlink: /home/f1/f1tenth_ws/install/f1tenth_slam_nav/share/f1tenth_slam_nav/launch//localization_launch.py
[2.887s] -- Up-to-date symlink: /home/f1/f1tenth_ws/install/f1tenth_slam_nav/share/f1tenth_slam_nav/launch//slam_launch.py
[2.889s] -- Up-to-date symlink: /home/f1/f1tenth_ws/install/f1tenth_slam_nav/share/f1tenth_slam_nav/launch//slam_nav_launch.py
[2.892s] -- Up-to-date symlink: /home/f1/f1tenth_ws/install/f1tenth_slam_nav/share/f1tenth_slam_nav/config//amcl_config.yaml
[2.894s] -- Up-to-date symlink: /home/f1/f1tenth_ws/install/f1tenth_slam_nav/share/f1tenth_slam_nav/config//cartographer_config.lua
[2.895s] -- Up-to-date symlink: /home/f1/f1tenth_ws/install/f1tenth_slam_nav/share/f1tenth_slam_nav/config//slam_toolbox_async_config.yaml
[2.896s] -- Up-to-date symlink: /home/f1/f1tenth_ws/install/f1tenth_slam_nav/share/f1tenth_slam_nav/config//slam_toolbox_config.yaml
[2.899s] -- Up-to-date symlink: /home/f1/f1tenth_ws/install/f1tenth_slam_nav/share/f1tenth_slam_nav/environment/pythonpath.sh
[2.907s] -- Up-to-date symlink: /home/f1/f1tenth_ws/install/f1tenth_slam_nav/share/f1tenth_slam_nav/environment/pythonpath.dsv
[2.910s] -- Up-to-date symlink: /home/f1/f1tenth_ws/install/f1tenth_slam_nav/lib/python3.8/site-packages/f1tenth_slam_nav/__init__.py
[2.911s] -- Symlinking: /home/f1/f1tenth_ws/install/f1tenth_slam_nav/lib/python3.8/site-packages/f1tenth_slam_nav/slam_nav_manager.py
[2.973s] -- Up-to-date symlink: /home/f1/f1tenth_ws/install/f1tenth_slam_nav/lib/f1tenth_slam_nav/slam_nav_manager.py
[2.976s] -- Symlinking: /home/f1/f1tenth_ws/install/f1tenth_slam_nav/lib/python3.8/site-packages/f1tenth_slam_nav//slam_nav_manager.py
[3.032s] -- Up-to-date symlink: /home/f1/f1tenth_ws/install/f1tenth_slam_nav/share/ament_index/resource_index/package_run_dependencies/f1tenth_slam_nav
[3.034s] -- Up-to-date symlink: /home/f1/f1tenth_ws/install/f1tenth_slam_nav/share/ament_index/resource_index/parent_prefix_path/f1tenth_slam_nav
[3.036s] -- Up-to-date symlink: /home/f1/f1tenth_ws/install/f1tenth_slam_nav/share/f1tenth_slam_nav/environment/ament_prefix_path.sh
[3.038s] -- Up-to-date symlink: /home/f1/f1tenth_ws/install/f1tenth_slam_nav/share/f1tenth_slam_nav/environment/ament_prefix_path.dsv
[3.040s] -- Up-to-date symlink: /home/f1/f1tenth_ws/install/f1tenth_slam_nav/share/f1tenth_slam_nav/environment/path.sh
[3.042s] -- Up-to-date symlink: /home/f1/f1tenth_ws/install/f1tenth_slam_nav/share/f1tenth_slam_nav/environment/path.dsv
[3.044s] -- Up-to-date symlink: /home/f1/f1tenth_ws/install/f1tenth_slam_nav/share/f1tenth_slam_nav/local_setup.bash
[3.046s] -- Up-to-date symlink: /home/f1/f1tenth_ws/install/f1tenth_slam_nav/share/f1tenth_slam_nav/local_setup.sh
[3.048s] -- Up-to-date symlink: /home/f1/f1tenth_ws/install/f1tenth_slam_nav/share/f1tenth_slam_nav/local_setup.zsh
[3.050s] -- Up-to-date symlink: /home/f1/f1tenth_ws/install/f1tenth_slam_nav/share/f1tenth_slam_nav/local_setup.dsv
[3.051s] -- Symlinking: /home/f1/f1tenth_ws/install/f1tenth_slam_nav/share/f1tenth_slam_nav/package.dsv
[3.108s] -- Up-to-date symlink: /home/f1/f1tenth_ws/install/f1tenth_slam_nav/share/ament_index/resource_index/packages/f1tenth_slam_nav
[3.113s] -- Up-to-date symlink: /home/f1/f1tenth_ws/install/f1tenth_slam_nav/share/f1tenth_slam_nav/cmake/f1tenth_slam_navConfig.cmake
[3.114s] -- Up-to-date symlink: /home/f1/f1tenth_ws/install/f1tenth_slam_nav/share/f1tenth_slam_nav/cmake/f1tenth_slam_navConfig-version.cmake
[3.116s] -- Up-to-date symlink: /home/f1/f1tenth_ws/install/f1tenth_slam_nav/share/f1tenth_slam_nav/package.xml
[3.320s] Listing '/home/f1/f1tenth_ws/install/f1tenth_slam_nav/lib/python3.8/site-packages/f1tenth_slam_nav'...
[3.355s] Invoked command in '/home/f1/f1tenth_ws/build/f1tenth_slam_nav' returned '0': AMENT_PREFIX_PATH=/home/f1/f1tenth_ws/install/f1tenth_stack:/home/f1/f1tenth_ws/install/vesc:/home/f1/f1tenth_ws/install/vesc_driver:/home/f1/f1tenth_ws/install/vesc_ackermann:/home/f1/f1tenth_ws/install/joy_teleop:/home/f1/f1tenth_ws/install/vesc_msgs:/home/f1/f1tenth_ws/install/teleop_tools_msgs:/home/f1/f1tenth_ws/install/ackermann_mux:${AMENT_PREFIX_PATH} CMAKE_PREFIX_PATH=/home/f1/f1tenth_ws/install/vesc:/home/f1/f1tenth_ws/install/vesc_driver:/home/f1/f1tenth_ws/install/vesc_ackermann:/home/f1/f1tenth_ws/install/vesc_msgs:/home/f1/f1tenth_ws/install/teleop_tools_msgs:/home/f1/f1tenth_ws/install/ackermann_mux:/opt/ros/foxy LD_LIBRARY_PATH=/home/f1/f1tenth_ws/install/vesc_driver/lib:/home/f1/f1tenth_ws/install/vesc_ackermann/lib:/home/f1/f1tenth_ws/install/vesc_msgs/lib:/home/f1/f1tenth_ws/install/teleop_tools_msgs/lib:${LD_LIBRARY_PATH} PYTHONPATH=/home/f1/f1tenth_ws/build/f1tenth_stack:/home/f1/f1tenth_ws/install/f1tenth_stack/lib/python3.8/site-packages:/home/f1/f1tenth_ws/build/joy_teleop:/home/f1/f1tenth_ws/install/joy_teleop/lib/python3.8/site-packages:/home/f1/f1tenth_ws/install/vesc_msgs/lib/python3.8/site-packages:/home/f1/f1tenth_ws/install/teleop_tools_msgs/lib/python3.8/site-packages:${PYTHONPATH} /usr/bin/cmake --install /home/f1/f1tenth_ws/build/f1tenth_slam_nav
