[0.344s] Invoking command in '/home/f1/f1tenth_ws/build/ackermann_mux': CMAKE_PREFIX_PATH=/opt/ros/foxy /usr/bin/cmake --build /home/f1/f1tenth_ws/build/ackermann_mux -- -j6 -l6
[3.871s] [100%] Built target ackermann_mux
[4.068s] Invoked command in '/home/f1/f1tenth_ws/build/ackermann_mux' returned '0': CMAKE_PREFIX_PATH=/opt/ros/foxy /usr/bin/cmake --build /home/f1/f1tenth_ws/build/ackermann_mux -- -j6 -l6
[4.087s] Invoking command in '/home/f1/f1tenth_ws/build/ackermann_mux': CMAKE_PREFIX_PATH=/opt/ros/foxy /usr/bin/cmake --install /home/f1/f1tenth_ws/build/ackermann_mux
[4.281s] -- Install configuration: "Release"
[4.281s] -- Execute custom install script
[4.282s] -- Up-to-date symlink: /home/f1/f1tenth_ws/install/ackermann_mux/lib/ackermann_mux/ackermann_mux
[4.282s] -- Up-to-date symlink: /home/f1/f1tenth_ws/install/ackermann_mux/share/ackermann_mux/launch/ackermann_mux_launch.py
[4.282s] -- Up-to-date symlink: /home/f1/f1tenth_ws/install/ackermann_mux/share/ackermann_mux/config/ackermann_mux_locks.yaml
[4.283s] -- Up-to-date symlink: /home/f1/f1tenth_ws/install/ackermann_mux/share/ackermann_mux/config/ackermann_mux_topics.yaml
[4.285s] -- Up-to-date symlink: /home/f1/f1tenth_ws/install/ackermann_mux/share/ackermann_mux/config/joystick.yaml
[4.285s] -- Up-to-date symlink: /home/f1/f1tenth_ws/install/ackermann_mux/include/ackermann_mux/ackermann_mux.hpp
[4.287s] -- Up-to-date symlink: /home/f1/f1tenth_ws/install/ackermann_mux/include/ackermann_mux/ackermann_mux_diagnostics.hpp
[4.287s] -- Up-to-date symlink: /home/f1/f1tenth_ws/install/ackermann_mux/include/ackermann_mux/ackermann_mux_diagnostics_status.hpp
[4.288s] -- Up-to-date symlink: /home/f1/f1tenth_ws/install/ackermann_mux/include/ackermann_mux/params_helpers.hpp
[4.289s] -- Up-to-date symlink: /home/f1/f1tenth_ws/install/ackermann_mux/include/ackermann_mux/topic_handle.hpp
[4.289s] -- Up-to-date symlink: /home/f1/f1tenth_ws/install/ackermann_mux/include/ackermann_mux/utils.hpp
[4.289s] -- Up-to-date symlink: /home/f1/f1tenth_ws/install/ackermann_mux/share/ament_index/resource_index/package_run_dependencies/ackermann_mux
[4.290s] -- Up-to-date symlink: /home/f1/f1tenth_ws/install/ackermann_mux/share/ament_index/resource_index/parent_prefix_path/ackermann_mux
[4.290s] -- Up-to-date symlink: /home/f1/f1tenth_ws/install/ackermann_mux/share/ackermann_mux/environment/ament_prefix_path.sh
[4.291s] -- Up-to-date symlink: /home/f1/f1tenth_ws/install/ackermann_mux/share/ackermann_mux/environment/ament_prefix_path.dsv
[4.303s] -- Up-to-date symlink: /home/f1/f1tenth_ws/install/ackermann_mux/share/ackermann_mux/environment/path.sh
[4.303s] -- Up-to-date symlink: /home/f1/f1tenth_ws/install/ackermann_mux/share/ackermann_mux/environment/path.dsv
[4.304s] -- Up-to-date symlink: /home/f1/f1tenth_ws/install/ackermann_mux/share/ackermann_mux/local_setup.bash
[4.304s] -- Up-to-date symlink: /home/f1/f1tenth_ws/install/ackermann_mux/share/ackermann_mux/local_setup.sh
[4.304s] -- Up-to-date symlink: /home/f1/f1tenth_ws/install/ackermann_mux/share/ackermann_mux/local_setup.zsh
[4.305s] -- Up-to-date symlink: /home/f1/f1tenth_ws/install/ackermann_mux/share/ackermann_mux/local_setup.dsv
[4.306s] -- Symlinking: /home/f1/f1tenth_ws/install/ackermann_mux/share/ackermann_mux/package.dsv
[4.389s] -- Up-to-date symlink: /home/f1/f1tenth_ws/install/ackermann_mux/share/ament_index/resource_index/packages/ackermann_mux
[4.397s] -- Up-to-date symlink: /home/f1/f1tenth_ws/install/ackermann_mux/share/ackermann_mux/cmake/ament_cmake_export_include_directories-extras.cmake
[4.407s] -- Up-to-date symlink: /home/f1/f1tenth_ws/install/ackermann_mux/share/ackermann_mux/cmake/ament_cmake_export_dependencies-extras.cmake
[4.415s] -- Up-to-date symlink: /home/f1/f1tenth_ws/install/ackermann_mux/share/ackermann_mux/cmake/ackermann_muxConfig.cmake
[4.420s] -- Up-to-date symlink: /home/f1/f1tenth_ws/install/ackermann_mux/share/ackermann_mux/cmake/ackermann_muxConfig-version.cmake
[4.437s] -- Up-to-date symlink: /home/f1/f1tenth_ws/install/ackermann_mux/share/ackermann_mux/package.xml
[4.453s] Invoked command in '/home/f1/f1tenth_ws/build/ackermann_mux' returned '0': CMAKE_PREFIX_PATH=/opt/ros/foxy /usr/bin/cmake --install /home/f1/f1tenth_ws/build/ackermann_mux
