[0.275s] Invoking command in '/home/f1/f1tenth_ws/build/teleop_tools_msgs': CMAKE_PREFIX_PATH=${CMAKE_PREFIX_PATH}:/home/f1/f1tenth_ws/install/f1tenth_stack:/home/f1/f1tenth_ws/install/joy_teleop:/home/f1/f1tenth_ws/install/mouse_teleop:/home/f1/f1tenth_ws/install/key_teleop:/opt/ros/foxy /usr/bin/cmake /home/f1/f1tenth_ws/src/f1tenth_system/teleop_tools/teleop_tools_msgs -DCMAKE_BUILD_TYPE=Release -DAMENT_CMAKE_SYMLINK_INSTALL=1 -DCMAKE_INSTALL_PREFIX=/home/f1/f1tenth_ws/install/teleop_tools_msgs
[3.100s] -- The C compiler identification is GNU 9.4.0
[3.108s] -- The CXX compiler identification is GNU 9.4.0
[3.118s] -- Check for working C compiler: /usr/bin/cc
[3.119s] -- Check for working C compiler: /usr/bin/cc -- works
[3.119s] -- Detecting C compiler ABI info
[3.120s] -- Detecting C compiler ABI info - done
[3.120s] -- Detecting C compile features
[3.121s] -- Detecting C compile features - done
[3.121s] -- Check for working CXX compiler: /usr/bin/c++
[3.122s] -- Check for working CXX compiler: /usr/bin/c++ -- works
[3.122s] -- Detecting CXX compiler ABI info
[3.511s] -- Detecting CXX compiler ABI info - done
[3.639s] -- Detecting CXX compile features
[3.643s] -- Detecting CXX compile features - done
[3.661s] -- Found ament_cmake: 0.9.12 (/opt/ros/foxy/share/ament_cmake/cmake)
[3.851s] -- Found PythonInterp: /usr/bin/python3 (found suitable version "3.8.10", minimum required is "3") 
[3.851s] -- Using PYTHON_EXECUTABLE: /usr/bin/python3
[5.009s] -- Override CMake install command with custom implementation using symlinks instead of copying resources
[5.196s] -- Found rosidl_default_generators: 1.0.1 (/opt/ros/foxy/share/rosidl_default_generators/cmake)
[5.229s] -- Using all available rosidl_typesupport_c: rosidl_typesupport_fastrtps_c;rosidl_typesupport_introspection_c
[5.276s] -- Found rosidl_adapter: 1.3.1 (/opt/ros/foxy/share/rosidl_adapter/cmake)
[6.110s] -- Found OpenSSL: /usr/lib/aarch64-linux-gnu/libcrypto.so (found version "1.1.1f")  
[6.305s] -- Found FastRTPS: /opt/ros/foxy/include  
[6.820s] -- Using all available rosidl_typesupport_cpp: rosidl_typesupport_fastrtps_cpp;rosidl_typesupport_introspection_cpp
[7.008s] -- Found ament_lint_auto: 0.9.8 (/opt/ros/foxy/share/ament_lint_auto/cmake)
[7.660s] -- Found PythonInterp: /usr/bin/python3 (found version "3.8.10") 
[8.557s] -- Found ament_cmake_ros: 0.9.2 (/opt/ros/foxy/share/ament_cmake_ros/cmake)
[9.357s] -- Using all available rosidl_typesupport_c: rosidl_typesupport_fastrtps_c;rosidl_typesupport_introspection_c
[9.539s] -- Using all available rosidl_typesupport_cpp: rosidl_typesupport_fastrtps_cpp;rosidl_typesupport_introspection_cpp
[9.740s] -- Found PythonInterp: /usr/bin/python3 (found suitable version "3.8.10", minimum required is "3.5") 
[9.750s] -- Found python_cmake_module: 0.8.1 (/opt/ros/foxy/share/python_cmake_module/cmake)
[9.958s] -- Found PythonLibs: /usr/lib/aarch64-linux-gnu/libpython3.8.so (found suitable version "3.8.10", minimum required is "3.5") 
[9.959s] -- Using PYTHON_EXECUTABLE: /usr/bin/python3
[9.959s] -- Using PYTHON_INCLUDE_DIRS: /usr/include/python3.8
[9.960s] -- Using PYTHON_LIBRARIES: /usr/lib/aarch64-linux-gnu/libpython3.8.so
[10.130s] -- Found PythonExtra: .so  
[10.556s] -- Added test 'copyright' to check source files copyright and LICENSE
[10.568s] -- Added test 'lint_cmake' to check CMake code style
[10.576s] -- Added test 'xmllint' to check XML markup files
[10.643s] -- Configuring done
[11.035s] -- Generating done
[11.156s] -- Build files have been written to: /home/f1/f1tenth_ws/build/teleop_tools_msgs
[11.203s] Invoked command in '/home/f1/f1tenth_ws/build/teleop_tools_msgs' returned '0': CMAKE_PREFIX_PATH=${CMAKE_PREFIX_PATH}:/home/f1/f1tenth_ws/install/f1tenth_stack:/home/f1/f1tenth_ws/install/joy_teleop:/home/f1/f1tenth_ws/install/mouse_teleop:/home/f1/f1tenth_ws/install/key_teleop:/opt/ros/foxy /usr/bin/cmake /home/f1/f1tenth_ws/src/f1tenth_system/teleop_tools/teleop_tools_msgs -DCMAKE_BUILD_TYPE=Release -DAMENT_CMAKE_SYMLINK_INSTALL=1 -DCMAKE_INSTALL_PREFIX=/home/f1/f1tenth_ws/install/teleop_tools_msgs
[11.220s] Invoking command in '/home/f1/f1tenth_ws/build/teleop_tools_msgs': CMAKE_PREFIX_PATH=${CMAKE_PREFIX_PATH}:/home/f1/f1tenth_ws/install/f1tenth_stack:/home/f1/f1tenth_ws/install/joy_teleop:/home/f1/f1tenth_ws/install/mouse_teleop:/home/f1/f1tenth_ws/install/key_teleop:/opt/ros/foxy /usr/bin/cmake --build /home/f1/f1tenth_ws/build/teleop_tools_msgs -- -j6 -l6
[11.472s] [35m[1mScanning dependencies of target teleop_tools_msgs__cpp[0m
[11.473s] [  3%] [34m[1mGenerating C code for ROS interfaces[0m
[11.540s] [  6%] [34m[1mGenerating C++ code for ROS interfaces[0m
[13.602s] [35m[1mScanning dependencies of target teleop_tools_msgs__rosidl_generator_c[0m
[13.647s] [  6%] Built target teleop_tools_msgs__cpp
[13.733s] [  9%] [32mBuilding C object CMakeFiles/teleop_tools_msgs__rosidl_generator_c.dir/rosidl_generator_c/teleop_tools_msgs/action/detail/increment__functions.c.o[0m
[13.735s] [ 12%] [34m[1mGenerating C++ type support for eProsima Fast-RTPS[0m
[13.763s] [ 16%] [34m[1mGenerating C++ introspection for ROS interfaces[0m
[13.767s] [ 19%] [34m[1mGenerating C++ type support dispatch for ROS interfaces[0m
[15.695s] [35m[1mScanning dependencies of target teleop_tools_msgs__rosidl_typesupport_cpp[0m
[15.946s] [ 22%] [32mBuilding CXX object CMakeFiles/teleop_tools_msgs__rosidl_typesupport_cpp.dir/rosidl_typesupport_cpp/teleop_tools_msgs/action/increment__type_support.cpp.o[0m
[16.382s] [35m[1mScanning dependencies of target teleop_tools_msgs__rosidl_typesupport_fastrtps_cpp[0m
[16.449s] [35m[1mScanning dependencies of target teleop_tools_msgs__rosidl_typesupport_introspection_cpp[0m
[16.708s] [ 25%] [32mBuilding CXX object CMakeFiles/teleop_tools_msgs__rosidl_typesupport_fastrtps_cpp.dir/rosidl_typesupport_fastrtps_cpp/teleop_tools_msgs/action/detail/dds_fastrtps/increment__type_support.cpp.o[0m
[16.743s] [ 29%] [32mBuilding CXX object CMakeFiles/teleop_tools_msgs__rosidl_typesupport_introspection_cpp.dir/rosidl_typesupport_introspection_cpp/teleop_tools_msgs/action/detail/increment__type_support.cpp.o[0m
[18.077s] [ 32%] [32m[1mLinking C shared library libteleop_tools_msgs__rosidl_generator_c.so[0m
[18.679s] [ 32%] Built target teleop_tools_msgs__rosidl_generator_c
[18.856s] [ 35%] [34m[1mGenerating C introspection for ROS interfaces[0m
[18.895s] [ 38%] [34m[1mGenerating C type support dispatch for ROS interfaces[0m
[19.948s] [ 41%] [32m[1mLinking CXX shared library libteleop_tools_msgs__rosidl_typesupport_cpp.so[0m
[20.634s] [ 41%] Built target teleop_tools_msgs__rosidl_typesupport_cpp
[21.617s] [35m[1mScanning dependencies of target teleop_tools_msgs__rosidl_typesupport_c[0m
[21.849s] [ 45%] [32mBuilding CXX object CMakeFiles/teleop_tools_msgs__rosidl_typesupport_c.dir/rosidl_typesupport_c/teleop_tools_msgs/action/increment__type_support.cpp.o[0m
[22.369s] [ 48%] [32m[1mLinking CXX shared library libteleop_tools_msgs__rosidl_typesupport_introspection_cpp.so[0m
[22.591s] [35m[1mScanning dependencies of target teleop_tools_msgs__rosidl_typesupport_introspection_c[0m
[22.636s] [ 51%] [32m[1mLinking CXX shared library libteleop_tools_msgs__rosidl_typesupport_c.so[0m
[22.814s] [ 54%] [32mBuilding C object CMakeFiles/teleop_tools_msgs__rosidl_typesupport_introspection_c.dir/rosidl_typesupport_introspection_c/teleop_tools_msgs/action/detail/increment__type_support.c.o[0m
[23.147s] [ 54%] Built target teleop_tools_msgs__rosidl_typesupport_c
[23.325s] [ 54%] Built target teleop_tools_msgs__rosidl_typesupport_introspection_cpp
[23.874s] [ 58%] [32m[1mLinking C shared library libteleop_tools_msgs__rosidl_typesupport_introspection_c.so[0m
[24.356s] [ 58%] Built target teleop_tools_msgs__rosidl_typesupport_introspection_c
[24.570s] [ 61%] [32m[1mLinking CXX shared library libteleop_tools_msgs__rosidl_typesupport_fastrtps_cpp.so[0m
[25.622s] [ 61%] Built target teleop_tools_msgs__rosidl_typesupport_fastrtps_cpp
[25.794s] [ 64%] [34m[1mGenerating C type support for eProsima Fast-RTPS[0m
[28.724s] [35m[1mScanning dependencies of target teleop_tools_msgs__rosidl_typesupport_fastrtps_c[0m
[29.052s] [ 67%] [32mBuilding CXX object CMakeFiles/teleop_tools_msgs__rosidl_typesupport_fastrtps_c.dir/rosidl_typesupport_fastrtps_c/teleop_tools_msgs/action/detail/increment__type_support_c.cpp.o[0m
[34.048s] [ 70%] [32m[1mLinking CXX shared library libteleop_tools_msgs__rosidl_typesupport_fastrtps_c.so[0m
[34.560s] [ 70%] Built target teleop_tools_msgs__rosidl_typesupport_fastrtps_c
[34.625s] [35m[1mScanning dependencies of target teleop_tools_msgs[0m
[34.687s] [ 70%] Built target teleop_tools_msgs
[34.748s] [35m[1mScanning dependencies of target teleop_tools_msgs__py[0m
[34.818s] [ 74%] [34m[1mGenerating Python code for ROS interfaces[0m
[38.525s] [ 74%] Built target teleop_tools_msgs__py
[38.667s] [35m[1mScanning dependencies of target teleop_tools_msgs__python[0m
[38.968s] [ 77%] [32mBuilding C object CMakeFiles/teleop_tools_msgs__python.dir/rosidl_generator_py/teleop_tools_msgs/action/_increment_s.c.o[0m
[40.975s] [ 80%] [32m[1mLinking C shared library rosidl_generator_py/teleop_tools_msgs/libteleop_tools_msgs__python.so[0m
[41.252s] [ 80%] Built target teleop_tools_msgs__python
[41.315s] [35m[1mScanning dependencies of target teleop_tools_msgs__rosidl_typesupport_c__pyext[0m
[41.317s] [35m[1mScanning dependencies of target teleop_tools_msgs__rosidl_typesupport_introspection_c__pyext[0m
[41.325s] [35m[1mScanning dependencies of target teleop_tools_msgs__rosidl_typesupport_fastrtps_c__pyext[0m
[41.473s] [ 83%] [32mBuilding C object CMakeFiles/teleop_tools_msgs__rosidl_typesupport_c__pyext.dir/rosidl_generator_py/teleop_tools_msgs/_teleop_tools_msgs_s.ep.rosidl_typesupport_c.c.o[0m
[41.526s] [ 87%] [32mBuilding C object CMakeFiles/teleop_tools_msgs__rosidl_typesupport_introspection_c__pyext.dir/rosidl_generator_py/teleop_tools_msgs/_teleop_tools_msgs_s.ep.rosidl_typesupport_introspection_c.c.o[0m
[41.537s] [ 90%] [32mBuilding C object CMakeFiles/teleop_tools_msgs__rosidl_typesupport_fastrtps_c__pyext.dir/rosidl_generator_py/teleop_tools_msgs/_teleop_tools_msgs_s.ep.rosidl_typesupport_fastrtps_c.c.o[0m
[42.894s] [ 93%] [32m[1mLinking C shared library rosidl_generator_py/teleop_tools_msgs/teleop_tools_msgs_s__rosidl_typesupport_c.cpython-38-aarch64-linux-gnu.so[0m
[42.959s] [ 96%] [32m[1mLinking CXX shared library rosidl_generator_py/teleop_tools_msgs/teleop_tools_msgs_s__rosidl_typesupport_fastrtps_c.cpython-38-aarch64-linux-gnu.so[0m
[42.960s] [100%] [32m[1mLinking C shared library rosidl_generator_py/teleop_tools_msgs/teleop_tools_msgs_s__rosidl_typesupport_introspection_c.cpython-38-aarch64-linux-gnu.so[0m
[43.167s] [100%] Built target teleop_tools_msgs__rosidl_typesupport_c__pyext
[43.236s] [100%] Built target teleop_tools_msgs__rosidl_typesupport_introspection_c__pyext
[43.409s] [100%] Built target teleop_tools_msgs__rosidl_typesupport_fastrtps_c__pyext
