[0.142s] Invoking command in '/home/f1/f1tenth_ws/build/vesc_ackermann': CMAKE_PREFIX_PATH=${CMAKE_PREFIX_PATH}:/home/f1/f1tenth_ws/install/joy_teleop:/home/f1/f1tenth_ws/install/mouse_teleop:/home/f1/f1tenth_ws/install/key_teleop:/opt/ros/foxy /usr/bin/cmake /home/f1/f1tenth_ws/src/f1tenth_system/vesc/vesc_ackermann -DAMENT_CMAKE_SYMLINK_INSTALL=1 -DCMAKE_INSTALL_PREFIX=/home/f1/f1tenth_ws/install/vesc_ackermann
[0.224s] -- Found ament_cmake_auto: 0.9.12 (/opt/ros/foxy/share/ament_cmake_auto/cmake)
[0.429s] -- Using PYTHON_EXECUTABLE: /usr/bin/python3
[1.635s] -- Override CMake install command with custom implementation using symlinks instead of copying resources
[2.248s] -- Using all available rosidl_typesupport_c: rosidl_typesupport_fastrtps_c;rosidl_typesupport_introspection_c
[2.273s] -- Found rosidl_adapter: 1.3.1 (/opt/ros/foxy/share/rosidl_adapter/cmake)
[3.100s] -- Using all available rosidl_typesupport_cpp: rosidl_typesupport_fastrtps_cpp;rosidl_typesupport_introspection_cpp
[4.558s] -- Found rmw_implementation_cmake: 1.0.4 (/opt/ros/foxy/share/rmw_implementation_cmake/cmake)
[4.570s] -- Using RMW implementation 'rmw_fastrtps_cpp' as default
[8.004s] -- Found ament_lint_auto: 0.9.8 (/opt/ros/foxy/share/ament_lint_auto/cmake)
[8.079s] -- Added test 'copyright' to check source files copyright and LICENSE
[8.087s] -- Added test 'cppcheck' to perform static code analysis on C / C++ code
[8.088s] -- Configured cppcheck include dirs: /home/f1/f1tenth_ws/src/f1tenth_system/vesc/vesc_ackermann/include
[8.089s] -- Configured cppcheck exclude dirs and/or files: 
[8.102s] -- Added test 'cpplint' to check C / C++ code against the Google style
[8.103s] -- Configured cpplint exclude dirs and/or files: 
[8.107s] -- Added test 'lint_cmake' to check CMake code style
[8.117s] -- Added test 'uncrustify' to check C / C++ code style
[8.117s] -- Configured uncrustify additional arguments: 
[8.119s] -- Added test 'xmllint' to check XML markup files
[8.159s] -- Configuring done
[8.347s] -- Generating done
[8.380s] -- Build files have been written to: /home/f1/f1tenth_ws/build/vesc_ackermann
[8.429s] Invoked command in '/home/f1/f1tenth_ws/build/vesc_ackermann' returned '0': CMAKE_PREFIX_PATH=${CMAKE_PREFIX_PATH}:/home/f1/f1tenth_ws/install/joy_teleop:/home/f1/f1tenth_ws/install/mouse_teleop:/home/f1/f1tenth_ws/install/key_teleop:/opt/ros/foxy /usr/bin/cmake /home/f1/f1tenth_ws/src/f1tenth_system/vesc/vesc_ackermann -DAMENT_CMAKE_SYMLINK_INSTALL=1 -DCMAKE_INSTALL_PREFIX=/home/f1/f1tenth_ws/install/vesc_ackermann
[8.437s] Invoking command in '/home/f1/f1tenth_ws/build/vesc_ackermann': CMAKE_PREFIX_PATH=${CMAKE_PREFIX_PATH}:/home/f1/f1tenth_ws/install/joy_teleop:/home/f1/f1tenth_ws/install/mouse_teleop:/home/f1/f1tenth_ws/install/key_teleop:/opt/ros/foxy /usr/bin/cmake --build /home/f1/f1tenth_ws/build/vesc_ackermann -- -j6 -l6
[8.928s] [ 28%] Built target vesc_to_odom_node
[8.940s] [ 57%] Built target ackermann_to_vesc_node
[8.958s] [100%] Built target vesc_ackermann
[9.022s] Invoked command in '/home/f1/f1tenth_ws/build/vesc_ackermann' returned '0': CMAKE_PREFIX_PATH=${CMAKE_PREFIX_PATH}:/home/f1/f1tenth_ws/install/joy_teleop:/home/f1/f1tenth_ws/install/mouse_teleop:/home/f1/f1tenth_ws/install/key_teleop:/opt/ros/foxy /usr/bin/cmake --build /home/f1/f1tenth_ws/build/vesc_ackermann -- -j6 -l6
[9.031s] Invoking command in '/home/f1/f1tenth_ws/build/vesc_ackermann': CMAKE_PREFIX_PATH=${CMAKE_PREFIX_PATH}:/home/f1/f1tenth_ws/install/joy_teleop:/home/f1/f1tenth_ws/install/mouse_teleop:/home/f1/f1tenth_ws/install/key_teleop:/opt/ros/foxy /usr/bin/cmake --install /home/f1/f1tenth_ws/build/vesc_ackermann
[9.093s] -- Install configuration: "Release"
[9.095s] -- Execute custom install script
[9.098s] -- Up-to-date symlink: /home/f1/f1tenth_ws/install/vesc_ackermann/lib/vesc_ackermann/ackermann_to_vesc_node
[9.101s] -- Up-to-date symlink: /home/f1/f1tenth_ws/install/vesc_ackermann/lib/vesc_ackermann/vesc_to_odom_node
[9.106s] -- Up-to-date symlink: /home/f1/f1tenth_ws/install/vesc_ackermann/include/vesc_ackermann/ackermann_to_vesc.hpp
[9.107s] -- Up-to-date symlink: /home/f1/f1tenth_ws/install/vesc_ackermann/include/vesc_ackermann/vesc_to_odom.hpp
[9.109s] -- Up-to-date symlink: /home/f1/f1tenth_ws/install/vesc_ackermann/share/vesc_ackermann/environment/library_path.sh
[9.112s] -- Up-to-date symlink: /home/f1/f1tenth_ws/install/vesc_ackermann/share/vesc_ackermann/environment/library_path.dsv
[9.115s] -- Up-to-date symlink: /home/f1/f1tenth_ws/install/vesc_ackermann/lib/libvesc_ackermann.so
[9.121s] -- Up-to-date symlink: /home/f1/f1tenth_ws/install/vesc_ackermann/share/vesc_ackermann/launch/ackermann_to_vesc_node.launch.xml
[9.123s] -- Up-to-date symlink: /home/f1/f1tenth_ws/install/vesc_ackermann/share/vesc_ackermann/launch/vesc_to_odom_node.launch.xml
[9.125s] -- Up-to-date symlink: /home/f1/f1tenth_ws/install/vesc_ackermann/share/ament_index/resource_index/package_run_dependencies/vesc_ackermann
[9.128s] -- Up-to-date symlink: /home/f1/f1tenth_ws/install/vesc_ackermann/share/ament_index/resource_index/parent_prefix_path/vesc_ackermann
[9.130s] -- Up-to-date symlink: /home/f1/f1tenth_ws/install/vesc_ackermann/share/vesc_ackermann/environment/ament_prefix_path.sh
[9.132s] -- Up-to-date symlink: /home/f1/f1tenth_ws/install/vesc_ackermann/share/vesc_ackermann/environment/ament_prefix_path.dsv
[9.134s] -- Up-to-date symlink: /home/f1/f1tenth_ws/install/vesc_ackermann/share/vesc_ackermann/environment/path.sh
[9.141s] -- Up-to-date symlink: /home/f1/f1tenth_ws/install/vesc_ackermann/share/vesc_ackermann/environment/path.dsv
[9.144s] -- Up-to-date symlink: /home/f1/f1tenth_ws/install/vesc_ackermann/share/vesc_ackermann/local_setup.bash
[9.145s] -- Up-to-date symlink: /home/f1/f1tenth_ws/install/vesc_ackermann/share/vesc_ackermann/local_setup.sh
[9.145s] -- Up-to-date symlink: /home/f1/f1tenth_ws/install/vesc_ackermann/share/vesc_ackermann/local_setup.zsh
[9.147s] -- Up-to-date symlink: /home/f1/f1tenth_ws/install/vesc_ackermann/share/vesc_ackermann/local_setup.dsv
[9.148s] -- Symlinking: /home/f1/f1tenth_ws/install/vesc_ackermann/share/vesc_ackermann/package.dsv
[9.213s] -- Up-to-date symlink: /home/f1/f1tenth_ws/install/vesc_ackermann/share/ament_index/resource_index/packages/vesc_ackermann
[9.220s] -- Up-to-date symlink: /home/f1/f1tenth_ws/install/vesc_ackermann/share/ament_index/resource_index/rclcpp_components/vesc_ackermann
[9.222s] -- Up-to-date symlink: /home/f1/f1tenth_ws/install/vesc_ackermann/share/vesc_ackermann/cmake/ament_cmake_export_dependencies-extras.cmake
[9.225s] -- Up-to-date symlink: /home/f1/f1tenth_ws/install/vesc_ackermann/share/vesc_ackermann/cmake/ament_cmake_export_include_directories-extras.cmake
[9.227s] -- Up-to-date symlink: /home/f1/f1tenth_ws/install/vesc_ackermann/share/vesc_ackermann/cmake/ament_cmake_export_libraries-extras.cmake
[9.229s] -- Up-to-date symlink: /home/f1/f1tenth_ws/install/vesc_ackermann/share/vesc_ackermann/cmake/vesc_ackermannConfig.cmake
[9.233s] -- Up-to-date symlink: /home/f1/f1tenth_ws/install/vesc_ackermann/share/vesc_ackermann/cmake/vesc_ackermannConfig-version.cmake
[9.234s] -- Up-to-date symlink: /home/f1/f1tenth_ws/install/vesc_ackermann/share/vesc_ackermann/package.xml
[9.256s] Invoked command in '/home/f1/f1tenth_ws/build/vesc_ackermann' returned '0': CMAKE_PREFIX_PATH=${CMAKE_PREFIX_PATH}:/home/f1/f1tenth_ws/install/joy_teleop:/home/f1/f1tenth_ws/install/mouse_teleop:/home/f1/f1tenth_ws/install/key_teleop:/opt/ros/foxy /usr/bin/cmake --install /home/f1/f1tenth_ws/build/vesc_ackermann
