[0.170s] Invoking command in '/home/f1/f1tenth_ws/src/build/ackermann_mux': CMAKE_PREFIX_PATH=/opt/ros/foxy /usr/bin/cmake /home/f1/f1tenth_ws/src/f1tenth_system/ackermann_mux -DCMAKE_INSTALL_PREFIX=/home/f1/f1tenth_ws/src/install/ackermann_mux
[0.716s] -- The C compiler identification is GNU 9.4.0
[1.187s] -- The CXX compiler identification is GNU 9.4.0
[1.224s] -- Check for working C compiler: /usr/bin/cc
[1.874s] -- Check for working C compiler: /usr/bin/cc -- works
[1.882s] -- Detecting C compiler ABI info
[2.481s] -- Detecting C compiler ABI info - done
[2.593s] -- Detecting C compile features
[2.595s] -- Detecting C compile features - done
[2.617s] -- Check for working CXX compiler: /usr/bin/c++
[3.306s] -- Check for working CXX compiler: /usr/bin/c++ -- works
[3.339s] -- Detecting CXX compiler ABI info
[4.052s] -- Detecting CXX compiler ABI info - done
[4.159s] -- Detecting CXX compile features
[4.162s] -- Detecting CXX compile features - done
[4.179s] -- Found ament_cmake: 0.9.12 (/opt/ros/foxy/share/ament_cmake/cmake)
[4.361s] -- Found PythonInterp: /usr/bin/python3 (found suitable version "3.8.10", minimum required is "3") 
[4.364s] -- Using PYTHON_EXECUTABLE: /usr/bin/python3
[5.971s] -- Found rclcpp: 2.4.3 (/opt/ros/foxy/share/rclcpp/cmake)
[6.308s] -- Using all available rosidl_typesupport_c: rosidl_typesupport_fastrtps_c;rosidl_typesupport_introspection_c
[6.368s] -- Found rosidl_adapter: 1.3.1 (/opt/ros/foxy/share/rosidl_adapter/cmake)
[7.207s] -- Found OpenSSL: /usr/lib/aarch64-linux-gnu/libcrypto.so (found version "1.1.1f")  
[7.417s] -- Found FastRTPS: /opt/ros/foxy/include  
[8.080s] -- Using all available rosidl_typesupport_cpp: rosidl_typesupport_fastrtps_cpp;rosidl_typesupport_introspection_cpp
[8.446s] -- Found rmw_implementation_cmake: 1.0.4 (/opt/ros/foxy/share/rmw_implementation_cmake/cmake)
[8.458s] -- Using RMW implementation 'rmw_fastrtps_cpp' as default
[8.503s] -- Looking for pthread.h
[9.159s] -- Looking for pthread.h - found
[9.161s] -- Performing Test CMAKE_HAVE_LIBC_PTHREAD
[9.892s] -- Performing Test CMAKE_HAVE_LIBC_PTHREAD - Failed
[9.898s] -- Looking for pthread_create in pthreads
[10.505s] -- Looking for pthread_create in pthreads - not found
[10.507s] -- Looking for pthread_create in pthread
[11.266s] -- Looking for pthread_create in pthread - found
[11.280s] -- Found Threads: TRUE  
[12.353s] -- Found ackermann_msgs: 2.0.2 (/opt/ros/foxy/share/ackermann_msgs/cmake)
[12.604s] -- Found diagnostic_updater: 3.1.2 (/opt/ros/foxy/share/diagnostic_updater/cmake)
[13.035s] -- Found ament_lint_auto: 0.9.8 (/opt/ros/foxy/share/ament_lint_auto/cmake)
[13.649s] -- Found python_cmake_module: 0.8.1 (/opt/ros/foxy/share/python_cmake_module/cmake)
[13.837s] -- Found PythonInterp: /usr/bin/python3 (found suitable version "3.8.10", minimum required is "3.5") 
[13.874s] -- Found PythonLibs: /usr/lib/aarch64-linux-gnu/libpython3.8.so (found suitable version "3.8.10", minimum required is "3.5") 
[13.875s] -- Using PYTHON_EXECUTABLE: /usr/bin/python3
[13.876s] -- Using PYTHON_INCLUDE_DIRS: /usr/include/python3.8
[13.876s] -- Using PYTHON_LIBRARIES: /usr/lib/aarch64-linux-gnu/libpython3.8.so
[14.030s] -- Found PythonExtra: .so  
[14.145s] -- Added test 'xmllint' to check XML markup files
[14.145s] -- Added test 'copyright' to check source files copyright and LICENSE
[14.167s] -- Added test 'cppcheck' to perform static code analysis on C / C++ code
[14.168s] -- Configured cppcheck include dirs: /home/f1/f1tenth_ws/src/f1tenth_system/ackermann_mux/include
[14.168s] -- Configured cppcheck exclude dirs and/or files: 
[14.196s] -- Added test 'cpplint' to check C / C++ code against the Google style
[14.197s] -- Configured cpplint exclude dirs and/or files: 
[14.200s] -- Added test 'flake8' to check Python code syntax and style conventions
[14.222s] -- Added test 'lint_cmake' to check CMake code style
[14.237s] -- Added test 'pep257' to check Python code against some of the style conventions in PEP 257
[14.255s] -- Added test 'uncrustify' to check C / C++ code style
[14.255s] -- Configured uncrustify additional arguments: 
[14.295s] -- Configuring done
[14.359s] -- Generating done
[14.386s] -- Build files have been written to: /home/f1/f1tenth_ws/src/build/ackermann_mux
[14.478s] Invoked command in '/home/f1/f1tenth_ws/src/build/ackermann_mux' returned '0': CMAKE_PREFIX_PATH=/opt/ros/foxy /usr/bin/cmake /home/f1/f1tenth_ws/src/f1tenth_system/ackermann_mux -DCMAKE_INSTALL_PREFIX=/home/f1/f1tenth_ws/src/install/ackermann_mux
[14.485s] Invoking command in '/home/f1/f1tenth_ws/src/build/ackermann_mux': CMAKE_PREFIX_PATH=/opt/ros/foxy /usr/bin/cmake --build /home/f1/f1tenth_ws/src/build/ackermann_mux -- -j6 -l6
[15.403s] Scanning dependencies of target ackermann_mux
[15.577s] [ 25%] Building CXX object CMakeFiles/ackermann_mux.dir/src/ackermann_mux.cpp.o
[15.594s] [ 50%] Building CXX object CMakeFiles/ackermann_mux.dir/src/ackermann_mux_node.cpp.o
[15.622s] [ 75%] Building CXX object CMakeFiles/ackermann_mux.dir/src/ackermann_mux_diagnostics.cpp.o
[73.438s] [100%] Linking CXX executable ackermann_mux
[75.702s] [100%] Built target ackermann_mux
[75.774s] Invoked command in '/home/f1/f1tenth_ws/src/build/ackermann_mux' returned '0': CMAKE_PREFIX_PATH=/opt/ros/foxy /usr/bin/cmake --build /home/f1/f1tenth_ws/src/build/ackermann_mux -- -j6 -l6
[75.798s] Invoking command in '/home/f1/f1tenth_ws/src/build/ackermann_mux': CMAKE_PREFIX_PATH=/opt/ros/foxy /usr/bin/cmake --install /home/f1/f1tenth_ws/src/build/ackermann_mux
[75.841s] -- Install configuration: ""
[75.843s] -- Installing: /home/f1/f1tenth_ws/src/install/ackermann_mux/lib/ackermann_mux/ackermann_mux
[75.886s] -- Set runtime path of "/home/f1/f1tenth_ws/src/install/ackermann_mux/lib/ackermann_mux/ackermann_mux" to ""
[75.887s] -- Installing: /home/f1/f1tenth_ws/src/install/ackermann_mux/share/ackermann_mux/launch
[75.888s] -- Installing: /home/f1/f1tenth_ws/src/install/ackermann_mux/share/ackermann_mux/launch/ackermann_mux_launch.py
[75.891s] -- Installing: /home/f1/f1tenth_ws/src/install/ackermann_mux/share/ackermann_mux/config
[75.892s] -- Installing: /home/f1/f1tenth_ws/src/install/ackermann_mux/share/ackermann_mux/config/joystick.yaml
[75.898s] -- Installing: /home/f1/f1tenth_ws/src/install/ackermann_mux/share/ackermann_mux/config/ackermann_mux_topics.yaml
[75.900s] -- Installing: /home/f1/f1tenth_ws/src/install/ackermann_mux/share/ackermann_mux/config/ackermann_mux_locks.yaml
[75.906s] -- Installing: /home/f1/f1tenth_ws/src/install/ackermann_mux/include
[75.908s] -- Installing: /home/f1/f1tenth_ws/src/install/ackermann_mux/include/ackermann_mux
[75.912s] -- Installing: /home/f1/f1tenth_ws/src/install/ackermann_mux/include/ackermann_mux/ackermann_mux_diagnostics_status.hpp
[75.919s] -- Installing: /home/f1/f1tenth_ws/src/install/ackermann_mux/include/ackermann_mux/params_helpers.hpp
[75.923s] -- Installing: /home/f1/f1tenth_ws/src/install/ackermann_mux/include/ackermann_mux/topic_handle.hpp
[75.924s] -- Installing: /home/f1/f1tenth_ws/src/install/ackermann_mux/include/ackermann_mux/ackermann_mux_diagnostics.hpp
[75.925s] -- Installing: /home/f1/f1tenth_ws/src/install/ackermann_mux/include/ackermann_mux/ackermann_mux.hpp
[75.926s] -- Installing: /home/f1/f1tenth_ws/src/install/ackermann_mux/include/ackermann_mux/utils.hpp
[75.926s] -- Installing: /home/f1/f1tenth_ws/src/install/ackermann_mux/share/ament_index/resource_index/package_run_dependencies/ackermann_mux
[75.932s] -- Installing: /home/f1/f1tenth_ws/src/install/ackermann_mux/share/ament_index/resource_index/parent_prefix_path/ackermann_mux
[75.932s] -- Installing: /home/f1/f1tenth_ws/src/install/ackermann_mux/share/ackermann_mux/environment/ament_prefix_path.sh
[75.938s] -- Installing: /home/f1/f1tenth_ws/src/install/ackermann_mux/share/ackermann_mux/environment/ament_prefix_path.dsv
[75.939s] -- Installing: /home/f1/f1tenth_ws/src/install/ackermann_mux/share/ackermann_mux/environment/path.sh
[75.940s] -- Installing: /home/f1/f1tenth_ws/src/install/ackermann_mux/share/ackermann_mux/environment/path.dsv
[75.940s] -- Installing: /home/f1/f1tenth_ws/src/install/ackermann_mux/share/ackermann_mux/local_setup.bash
[75.941s] -- Installing: /home/f1/f1tenth_ws/src/install/ackermann_mux/share/ackermann_mux/local_setup.sh
[75.944s] -- Installing: /home/f1/f1tenth_ws/src/install/ackermann_mux/share/ackermann_mux/local_setup.zsh
[75.946s] -- Installing: /home/f1/f1tenth_ws/src/install/ackermann_mux/share/ackermann_mux/local_setup.dsv
[75.956s] -- Installing: /home/f1/f1tenth_ws/src/install/ackermann_mux/share/ackermann_mux/package.dsv
[75.958s] -- Installing: /home/f1/f1tenth_ws/src/install/ackermann_mux/share/ament_index/resource_index/packages/ackermann_mux
[75.967s] -- Installing: /home/f1/f1tenth_ws/src/install/ackermann_mux/share/ackermann_mux/cmake/ament_cmake_export_include_directories-extras.cmake
[75.978s] -- Installing: /home/f1/f1tenth_ws/src/install/ackermann_mux/share/ackermann_mux/cmake/ament_cmake_export_dependencies-extras.cmake
[75.981s] -- Installing: /home/f1/f1tenth_ws/src/install/ackermann_mux/share/ackermann_mux/cmake/ackermann_muxConfig.cmake
[75.984s] -- Installing: /home/f1/f1tenth_ws/src/install/ackermann_mux/share/ackermann_mux/cmake/ackermann_muxConfig-version.cmake
[75.986s] -- Installing: /home/f1/f1tenth_ws/src/install/ackermann_mux/share/ackermann_mux/package.xml
[75.988s] Invoked command in '/home/f1/f1tenth_ws/src/build/ackermann_mux' returned '0': CMAKE_PREFIX_PATH=/opt/ros/foxy /usr/bin/cmake --install /home/f1/f1tenth_ws/src/build/ackermann_mux
