[0.011s] Invoking command in '/home/ojg/sim_ws/build/center_follow_cpp': CMAKE_PREFIX_PATH=${CMAKE_PREFIX_PATH}:/home/ojg/sim_ws/install/f1tenth_gym_ros:/opt/ros/humble /usr/bin/cmake /home/ojg/sim_ws/src/center_follow_cpp -DAMENT_CMAKE_SYMLINK_INSTALL=1 -DCMAKE_INSTALL_PREFIX=/home/ojg/sim_ws/install/center_follow_cpp
[0.166s] -- The C compiler identification is GNU 11.4.0
[0.166s] -- The CXX compiler identification is GNU 11.4.0
[0.166s] -- Detecting C compiler ABI info
[0.166s] -- Detecting C compiler ABI info - done
[0.166s] -- Check for working C compiler: /usr/bin/cc - skipped
[0.166s] -- Detecting C compile features
[0.166s] -- Detecting C compile features - done
[0.166s] -- Detecting CXX compiler ABI info
[0.209s] -- Detecting CXX compiler ABI info - done
[0.214s] -- Check for working CXX compiler: /usr/bin/c++ - skipped
[0.214s] -- Detecting CXX compile features
[0.215s] -- Detecting CXX compile features - done
[0.216s] -- Found ament_cmake: 1.3.11 (/opt/ros/humble/share/ament_cmake/cmake)
[0.318s] -- Found Python3: /usr/bin/python3 (found version "3.10.12") found components: Interpreter 
[0.361s] -- Override CMake install command with custom implementation using symlinks instead of copying resources
[0.377s] -- Found rclcpp: 16.0.12 (/opt/ros/humble/share/rclcpp/cmake)
[0.407s] -- Found rosidl_generator_c: 3.1.6 (/opt/ros/humble/share/rosidl_generator_c/cmake)
[0.409s] -- Found rosidl_adapter: 3.1.6 (/opt/ros/humble/share/rosidl_adapter/cmake)
[0.414s] -- Found rosidl_generator_cpp: 3.1.6 (/opt/ros/humble/share/rosidl_generator_cpp/cmake)
[0.420s] -- Using all available rosidl_typesupport_c: rosidl_typesupport_fastrtps_c;rosidl_typesupport_introspection_c
[0.429s] -- Using all available rosidl_typesupport_cpp: rosidl_typesupport_fastrtps_cpp;rosidl_typesupport_introspection_cpp
[0.452s] -- Found rmw_implementation_cmake: 6.1.2 (/opt/ros/humble/share/rmw_implementation_cmake/cmake)
[0.454s] -- Found rmw_fastrtps_cpp: 6.2.7 (/opt/ros/humble/share/rmw_fastrtps_cpp/cmake)
[0.511s] -- Found OpenSSL: /usr/lib/x86_64-linux-gnu/libcrypto.so (found version "3.0.2")  
[0.528s] -- Found FastRTPS: /opt/ros/humble/include  
[0.555s] -- Using RMW implementation 'rmw_fastrtps_cpp' as default
[0.560s] -- Looking for pthread.h
[0.618s] -- Looking for pthread.h - found
[0.618s] -- Performing Test CMAKE_HAVE_LIBC_PTHREAD
[0.679s] -- Performing Test CMAKE_HAVE_LIBC_PTHREAD - Success
[0.680s] -- Found Threads: TRUE  
[0.711s] -- Found sensor_msgs: 4.9.0 (/opt/ros/humble/share/sensor_msgs/cmake)
[0.729s] -- Found ackermann_msgs: 2.0.2 (/opt/ros/humble/share/ackermann_msgs/cmake)
[0.737s] -- Found nav_msgs: 4.9.0 (/opt/ros/humble/share/nav_msgs/cmake)
[0.747s] -- Found visualization_msgs: 4.9.0 (/opt/ros/humble/share/visualization_msgs/cmake)
[0.761s] -- Found ament_lint_auto: 0.12.12 (/opt/ros/humble/share/ament_lint_auto/cmake)
[0.806s] -- Added test 'cppcheck' to perform static code analysis on C / C++ code
[0.806s] -- Configured cppcheck include dirs: 
[0.806s] -- Configured cppcheck exclude dirs and/or files: 
[0.807s] -- Added test 'lint_cmake' to check CMake code style
[0.807s] -- Added test 'uncrustify' to check C / C++ code style
[0.807s] -- Configured uncrustify additional arguments: 
[0.807s] -- Added test 'xmllint' to check XML markup files
[0.808s] -- Configuring done
[0.814s] -- Generating done
[0.816s] -- Build files have been written to: /home/ojg/sim_ws/build/center_follow_cpp
[0.822s] Invoked command in '/home/ojg/sim_ws/build/center_follow_cpp' returned '0': CMAKE_PREFIX_PATH=${CMAKE_PREFIX_PATH}:/home/ojg/sim_ws/install/f1tenth_gym_ros:/opt/ros/humble /usr/bin/cmake /home/ojg/sim_ws/src/center_follow_cpp -DAMENT_CMAKE_SYMLINK_INSTALL=1 -DCMAKE_INSTALL_PREFIX=/home/ojg/sim_ws/install/center_follow_cpp
[0.825s] Invoking command in '/home/ojg/sim_ws/build/center_follow_cpp': CMAKE_PREFIX_PATH=${CMAKE_PREFIX_PATH}:/home/ojg/sim_ws/install/f1tenth_gym_ros:/opt/ros/humble /usr/bin/cmake --build /home/ojg/sim_ws/build/center_follow_cpp -- -j18 -l18
[0.857s] [ 50%] [32mBuilding CXX object CMakeFiles/center_follower.dir/src/center_follow_node.cpp.o[0m
[10.340s] [100%] [32m[1mLinking CXX executable center_follower[0m
[10.927s] [100%] Built target center_follower
[10.938s] Invoked command in '/home/ojg/sim_ws/build/center_follow_cpp' returned '0': CMAKE_PREFIX_PATH=${CMAKE_PREFIX_PATH}:/home/ojg/sim_ws/install/f1tenth_gym_ros:/opt/ros/humble /usr/bin/cmake --build /home/ojg/sim_ws/build/center_follow_cpp -- -j18 -l18
[10.948s] Invoking command in '/home/ojg/sim_ws/build/center_follow_cpp': CMAKE_PREFIX_PATH=${CMAKE_PREFIX_PATH}:/home/ojg/sim_ws/install/f1tenth_gym_ros:/opt/ros/humble /usr/bin/cmake --install /home/ojg/sim_ws/build/center_follow_cpp
[10.954s] -- Install configuration: ""
[10.955s] -- Execute custom install script
[10.955s] -- Symlinking: /home/ojg/sim_ws/install/center_follow_cpp/lib/center_follow_cpp/center_follower
[10.963s] -- Symlinking: /home/ojg/sim_ws/install/center_follow_cpp/share/ament_index/resource_index/package_run_dependencies/center_follow_cpp
[10.973s] -- Symlinking: /home/ojg/sim_ws/install/center_follow_cpp/share/ament_index/resource_index/parent_prefix_path/center_follow_cpp
[10.981s] -- Symlinking: /home/ojg/sim_ws/install/center_follow_cpp/share/center_follow_cpp/environment/ament_prefix_path.sh
[10.988s] -- Symlinking: /home/ojg/sim_ws/install/center_follow_cpp/share/center_follow_cpp/environment/ament_prefix_path.dsv
[10.997s] -- Symlinking: /home/ojg/sim_ws/install/center_follow_cpp/share/center_follow_cpp/environment/path.sh
[11.004s] -- Symlinking: /home/ojg/sim_ws/install/center_follow_cpp/share/center_follow_cpp/environment/path.dsv
[11.012s] -- Symlinking: /home/ojg/sim_ws/install/center_follow_cpp/share/center_follow_cpp/local_setup.bash
[11.019s] -- Symlinking: /home/ojg/sim_ws/install/center_follow_cpp/share/center_follow_cpp/local_setup.sh
[11.027s] -- Symlinking: /home/ojg/sim_ws/install/center_follow_cpp/share/center_follow_cpp/local_setup.zsh
[11.035s] -- Symlinking: /home/ojg/sim_ws/install/center_follow_cpp/share/center_follow_cpp/local_setup.dsv
[11.043s] -- Symlinking: /home/ojg/sim_ws/install/center_follow_cpp/share/center_follow_cpp/package.dsv
[11.050s] -- Symlinking: /home/ojg/sim_ws/install/center_follow_cpp/share/ament_index/resource_index/packages/center_follow_cpp
[11.059s] -- Symlinking: /home/ojg/sim_ws/install/center_follow_cpp/share/center_follow_cpp/cmake/center_follow_cppConfig.cmake
[11.066s] -- Symlinking: /home/ojg/sim_ws/install/center_follow_cpp/share/center_follow_cpp/cmake/center_follow_cppConfig-version.cmake
[11.075s] -- Symlinking: /home/ojg/sim_ws/install/center_follow_cpp/share/center_follow_cpp/package.xml
[11.086s] Invoked command in '/home/ojg/sim_ws/build/center_follow_cpp' returned '0': CMAKE_PREFIX_PATH=${CMAKE_PREFIX_PATH}:/home/ojg/sim_ws/install/f1tenth_gym_ros:/opt/ros/humble /usr/bin/cmake --install /home/ojg/sim_ws/build/center_follow_cpp
