[35m[1mScanning dependencies of target min_curvature_planner[0m
[ 50%] [32mBuilding CXX object CMakeFiles/min_curvature_planner.dir/src/min_curvature_planner.cpp.o[0m
[01m[K/home/f1/f1tenth_ws/src/path_planner/src/min_curvature_planner.cpp:[m[K In member function ‘[01m[Kvoid MinCurvaturePlanner::analyzeMapData()[m[K’:
[01m[K/home/f1/f1tenth_ws/src/path_planner/src/min_curvature_planner.cpp:102:26:[m[K [01;35m[Kwarning: [m[Kstructured bindings only available with ‘[01m[K-std=c++17[m[K’ or ‘[01m[K-std=gnu++17[m[K’
  102 |         for (const auto& [01;35m[K[[m[Kvalue, count] : value_counts) {
      |                          [01;35m[K^[m[K
[100%] [32m[1mLinking CXX executable min_curvature_planner[0m
[100%] Built target min_curvature_planner
-- Install configuration: ""
-- Installing: /home/f1/f1tenth_ws/install/path_planner/lib/path_planner/min_curvature_planner
-- Set runtime path of "/home/f1/f1tenth_ws/install/path_planner/lib/path_planner/min_curvature_planner" to ""
-- Up-to-date: /home/f1/f1tenth_ws/install/path_planner/share/path_planner/launch
-- Up-to-date: /home/f1/f1tenth_ws/install/path_planner/share/path_planner/launch/planner_launch.py
-- Up-to-date: /home/f1/f1tenth_ws/install/path_planner/share/ament_index/resource_index/package_run_dependencies/path_planner
-- Up-to-date: /home/f1/f1tenth_ws/install/path_planner/share/ament_index/resource_index/parent_prefix_path/path_planner
-- Up-to-date: /home/f1/f1tenth_ws/install/path_planner/share/path_planner/environment/ament_prefix_path.sh
-- Up-to-date: /home/f1/f1tenth_ws/install/path_planner/share/path_planner/environment/ament_prefix_path.dsv
-- Up-to-date: /home/f1/f1tenth_ws/install/path_planner/share/path_planner/environment/path.sh
-- Up-to-date: /home/f1/f1tenth_ws/install/path_planner/share/path_planner/environment/path.dsv
-- Up-to-date: /home/f1/f1tenth_ws/install/path_planner/share/path_planner/local_setup.bash
-- Up-to-date: /home/f1/f1tenth_ws/install/path_planner/share/path_planner/local_setup.sh
-- Up-to-date: /home/f1/f1tenth_ws/install/path_planner/share/path_planner/local_setup.zsh
-- Up-to-date: /home/f1/f1tenth_ws/install/path_planner/share/path_planner/local_setup.dsv
-- Installing: /home/f1/f1tenth_ws/install/path_planner/share/path_planner/package.dsv
-- Up-to-date: /home/f1/f1tenth_ws/install/path_planner/share/ament_index/resource_index/packages/path_planner
-- Up-to-date: /home/f1/f1tenth_ws/install/path_planner/share/path_planner/cmake/path_plannerConfig.cmake
-- Up-to-date: /home/f1/f1tenth_ws/install/path_planner/share/path_planner/cmake/path_plannerConfig-version.cmake
-- Up-to-date: /home/f1/f1tenth_ws/install/path_planner/share/path_planner/package.xml
