[0.102s] Invoking command in '/home/f1/f1tenth_ws/build/path_planner': CMAKE_PREFIX_PATH=${CMAKE_PREFIX_PATH}:/home/f1/f1tenth_ws/install/f1tenth_path_planner:/home/f1/f1tenth_ws/install/f1tenth_stack:/home/f1/f1tenth_ws/install/joy_teleop:/home/f1/f1tenth_ws/install/pygame_key_teleop:/home/f1/f1tenth_ws/install/mouse_teleop:/home/f1/f1tenth_ws/install/key_teleop:/opt/ros/foxy /usr/bin/cmake --build /home/f1/f1tenth_ws/build/path_planner -- -j6 -l6
[0.427s] [35m[1mScanning dependencies of target min_curvature_planner[0m
[0.690s] [ 50%] [32mBuilding CXX object CMakeFiles/min_curvature_planner.dir/src/min_curvature_planner.cpp.o[0m
[7.859s] [01m[K/home/f1/f1tenth_ws/src/path_planner/src/min_curvature_planner.cpp:[m[K In member function ‘[01m[Kvoid MinCurvaturePlanner::analyzeMapData()[m[K’:
[7.860s] [01m[K/home/f1/f1tenth_ws/src/path_planner/src/min_curvature_planner.cpp:102:26:[m[K [01;35m[Kwarning: [m[Kstructured bindings only available with ‘[01m[K-std=c++17[m[K’ or ‘[01m[K-std=gnu++17[m[K’
[7.860s]   102 |         for (const auto& [01;35m[K[[m[Kvalue, count] : value_counts) {
[7.861s]       |                          [01;35m[K^[m[K
[34.027s] [100%] [32m[1mLinking CXX executable min_curvature_planner[0m
[35.856s] [100%] Built target min_curvature_planner
[35.926s] Invoked command in '/home/f1/f1tenth_ws/build/path_planner' returned '0': CMAKE_PREFIX_PATH=${CMAKE_PREFIX_PATH}:/home/f1/f1tenth_ws/install/f1tenth_path_planner:/home/f1/f1tenth_ws/install/f1tenth_stack:/home/f1/f1tenth_ws/install/joy_teleop:/home/f1/f1tenth_ws/install/pygame_key_teleop:/home/f1/f1tenth_ws/install/mouse_teleop:/home/f1/f1tenth_ws/install/key_teleop:/opt/ros/foxy /usr/bin/cmake --build /home/f1/f1tenth_ws/build/path_planner -- -j6 -l6
[36.024s] Invoking command in '/home/f1/f1tenth_ws/build/path_planner': CMAKE_PREFIX_PATH=${CMAKE_PREFIX_PATH}:/home/f1/f1tenth_ws/install/f1tenth_path_planner:/home/f1/f1tenth_ws/install/f1tenth_stack:/home/f1/f1tenth_ws/install/joy_teleop:/home/f1/f1tenth_ws/install/pygame_key_teleop:/home/f1/f1tenth_ws/install/mouse_teleop:/home/f1/f1tenth_ws/install/key_teleop:/opt/ros/foxy /usr/bin/cmake --install /home/f1/f1tenth_ws/build/path_planner
[36.088s] -- Install configuration: ""
[36.091s] -- Installing: /home/f1/f1tenth_ws/install/path_planner/lib/path_planner/min_curvature_planner
[36.143s] -- Set runtime path of "/home/f1/f1tenth_ws/install/path_planner/lib/path_planner/min_curvature_planner" to ""
[36.146s] -- Up-to-date: /home/f1/f1tenth_ws/install/path_planner/share/path_planner/launch
[36.146s] -- Up-to-date: /home/f1/f1tenth_ws/install/path_planner/share/path_planner/launch/planner_launch.py
[36.147s] -- Up-to-date: /home/f1/f1tenth_ws/install/path_planner/share/ament_index/resource_index/package_run_dependencies/path_planner
[36.152s] -- Up-to-date: /home/f1/f1tenth_ws/install/path_planner/share/ament_index/resource_index/parent_prefix_path/path_planner
[36.156s] -- Up-to-date: /home/f1/f1tenth_ws/install/path_planner/share/path_planner/environment/ament_prefix_path.sh
[36.157s] -- Up-to-date: /home/f1/f1tenth_ws/install/path_planner/share/path_planner/environment/ament_prefix_path.dsv
[36.158s] -- Up-to-date: /home/f1/f1tenth_ws/install/path_planner/share/path_planner/environment/path.sh
[36.162s] -- Up-to-date: /home/f1/f1tenth_ws/install/path_planner/share/path_planner/environment/path.dsv
[36.163s] -- Up-to-date: /home/f1/f1tenth_ws/install/path_planner/share/path_planner/local_setup.bash
[36.164s] -- Up-to-date: /home/f1/f1tenth_ws/install/path_planner/share/path_planner/local_setup.sh
[36.166s] -- Up-to-date: /home/f1/f1tenth_ws/install/path_planner/share/path_planner/local_setup.zsh
[36.166s] -- Up-to-date: /home/f1/f1tenth_ws/install/path_planner/share/path_planner/local_setup.dsv
[36.167s] -- Installing: /home/f1/f1tenth_ws/install/path_planner/share/path_planner/package.dsv
[36.167s] -- Up-to-date: /home/f1/f1tenth_ws/install/path_planner/share/ament_index/resource_index/packages/path_planner
[36.168s] -- Up-to-date: /home/f1/f1tenth_ws/install/path_planner/share/path_planner/cmake/path_plannerConfig.cmake
[36.168s] -- Up-to-date: /home/f1/f1tenth_ws/install/path_planner/share/path_planner/cmake/path_plannerConfig-version.cmake
[36.169s] -- Up-to-date: /home/f1/f1tenth_ws/install/path_planner/share/path_planner/package.xml
[36.179s] Invoked command in '/home/f1/f1tenth_ws/build/path_planner' returned '0': CMAKE_PREFIX_PATH=${CMAKE_PREFIX_PATH}:/home/f1/f1tenth_ws/install/f1tenth_path_planner:/home/f1/f1tenth_ws/install/f1tenth_stack:/home/f1/f1tenth_ws/install/joy_teleop:/home/f1/f1tenth_ws/install/pygame_key_teleop:/home/f1/f1tenth_ws/install/mouse_teleop:/home/f1/f1tenth_ws/install/key_teleop:/opt/ros/foxy /usr/bin/cmake --install /home/f1/f1tenth_ws/build/path_planner
