[0.014s] Invoking command in '/home/ojg/sim_ws/build/center_follow_cpp': CMAKE_PREFIX_PATH=${CMAKE_PREFIX_PATH}:/home/ojg/sim_ws/install/f1tenth_gym_ros:/opt/ros/humble /usr/bin/cmake /home/ojg/sim_ws/src/center_follow_cpp -DCMAKE_INSTALL_PREFIX=/home/ojg/sim_ws/install/center_follow_cpp
[0.179s] -- Found ament_cmake: 1.3.11 (/opt/ros/humble/share/ament_cmake/cmake)
[0.179s] -- Override CMake install command with custom implementation using symlinks instead of copying resources
[0.179s] -- Found rclcpp: 16.0.12 (/opt/ros/humble/share/rclcpp/cmake)
[0.179s] -- Found rosidl_generator_c: 3.1.6 (/opt/ros/humble/share/rosidl_generator_c/cmake)
[0.179s] -- Found rosidl_adapter: 3.1.6 (/opt/ros/humble/share/rosidl_adapter/cmake)
[0.179s] -- Found rosidl_generator_cpp: 3.1.6 (/opt/ros/humble/share/rosidl_generator_cpp/cmake)
[0.179s] -- Using all available rosidl_typesupport_c: rosidl_typesupport_fastrtps_c;rosidl_typesupport_introspection_c
[0.179s] -- Using all available rosidl_typesupport_cpp: rosidl_typesupport_fastrtps_cpp;rosidl_typesupport_introspection_cpp
[0.183s] -- Found rmw_implementation_cmake: 6.1.2 (/opt/ros/humble/share/rmw_implementation_cmake/cmake)
[0.184s] -- Found rmw_fastrtps_cpp: 6.2.7 (/opt/ros/humble/share/rmw_fastrtps_cpp/cmake)
[0.276s] -- Using RMW implementation 'rmw_fastrtps_cpp' as default
[0.316s] -- Found sensor_msgs: 4.9.0 (/opt/ros/humble/share/sensor_msgs/cmake)
[0.340s] -- Found ackermann_msgs: 2.0.2 (/opt/ros/humble/share/ackermann_msgs/cmake)
[0.353s] -- Found nav_msgs: 4.9.0 (/opt/ros/humble/share/nav_msgs/cmake)
[0.373s] -- Found visualization_msgs: 4.9.0 (/opt/ros/humble/share/visualization_msgs/cmake)
[0.397s] -- Found ament_lint_auto: 0.12.12 (/opt/ros/humble/share/ament_lint_auto/cmake)
[0.450s] -- Added test 'cppcheck' to perform static code analysis on C / C++ code
[0.451s] -- Configured cppcheck include dirs: 
[0.451s] -- Configured cppcheck exclude dirs and/or files: 
[0.451s] -- Added test 'lint_cmake' to check CMake code style
[0.452s] -- Added test 'uncrustify' to check C / C++ code style
[0.452s] -- Configured uncrustify additional arguments: 
[0.452s] -- Added test 'xmllint' to check XML markup files
[0.453s] -- Configuring done
[0.466s] -- Generating done
[0.470s] -- Build files have been written to: /home/ojg/sim_ws/build/center_follow_cpp
[0.494s] Invoked command in '/home/ojg/sim_ws/build/center_follow_cpp' returned '0': CMAKE_PREFIX_PATH=${CMAKE_PREFIX_PATH}:/home/ojg/sim_ws/install/f1tenth_gym_ros:/opt/ros/humble /usr/bin/cmake /home/ojg/sim_ws/src/center_follow_cpp -DCMAKE_INSTALL_PREFIX=/home/ojg/sim_ws/install/center_follow_cpp
[0.495s] Invoking command in '/home/ojg/sim_ws/build/center_follow_cpp': CMAKE_PREFIX_PATH=${CMAKE_PREFIX_PATH}:/home/ojg/sim_ws/install/f1tenth_gym_ros:/opt/ros/humble /usr/bin/cmake --build /home/ojg/sim_ws/build/center_follow_cpp -- -j18 -l18
[0.539s] [35m[1mConsolidate compiler generated dependencies of target center_follower[0m
[0.552s] [100%] Built target center_follower
[0.561s] Invoked command in '/home/ojg/sim_ws/build/center_follow_cpp' returned '0': CMAKE_PREFIX_PATH=${CMAKE_PREFIX_PATH}:/home/ojg/sim_ws/install/f1tenth_gym_ros:/opt/ros/humble /usr/bin/cmake --build /home/ojg/sim_ws/build/center_follow_cpp -- -j18 -l18
[0.562s] Invoking command in '/home/ojg/sim_ws/build/center_follow_cpp': CMAKE_PREFIX_PATH=${CMAKE_PREFIX_PATH}:/home/ojg/sim_ws/install/f1tenth_gym_ros:/opt/ros/humble /usr/bin/cmake --install /home/ojg/sim_ws/build/center_follow_cpp
[0.567s] -- Install configuration: "Release"
[0.567s] -- Execute custom install script
[0.567s] -- Up-to-date symlink: /home/ojg/sim_ws/install/center_follow_cpp/lib/center_follow_cpp/center_follower
[0.567s] -- Up-to-date symlink: /home/ojg/sim_ws/install/center_follow_cpp/share/ament_index/resource_index/package_run_dependencies/center_follow_cpp
[0.567s] -- Up-to-date symlink: /home/ojg/sim_ws/install/center_follow_cpp/share/ament_index/resource_index/parent_prefix_path/center_follow_cpp
[0.567s] -- Up-to-date symlink: /home/ojg/sim_ws/install/center_follow_cpp/share/center_follow_cpp/environment/ament_prefix_path.sh
[0.567s] -- Up-to-date symlink: /home/ojg/sim_ws/install/center_follow_cpp/share/center_follow_cpp/environment/ament_prefix_path.dsv
[0.567s] -- Up-to-date symlink: /home/ojg/sim_ws/install/center_follow_cpp/share/center_follow_cpp/environment/path.sh
[0.567s] -- Up-to-date symlink: /home/ojg/sim_ws/install/center_follow_cpp/share/center_follow_cpp/environment/path.dsv
[0.567s] -- Up-to-date symlink: /home/ojg/sim_ws/install/center_follow_cpp/share/center_follow_cpp/local_setup.bash
[0.567s] -- Up-to-date symlink: /home/ojg/sim_ws/install/center_follow_cpp/share/center_follow_cpp/local_setup.sh
[0.568s] -- Up-to-date symlink: /home/ojg/sim_ws/install/center_follow_cpp/share/center_follow_cpp/local_setup.zsh
[0.568s] -- Up-to-date symlink: /home/ojg/sim_ws/install/center_follow_cpp/share/center_follow_cpp/local_setup.dsv
[0.568s] -- Symlinking: /home/ojg/sim_ws/install/center_follow_cpp/share/center_follow_cpp/package.dsv
[0.574s] -- Up-to-date symlink: /home/ojg/sim_ws/install/center_follow_cpp/share/ament_index/resource_index/packages/center_follow_cpp
[0.574s] -- Up-to-date symlink: /home/ojg/sim_ws/install/center_follow_cpp/share/center_follow_cpp/cmake/center_follow_cppConfig.cmake
[0.574s] -- Up-to-date symlink: /home/ojg/sim_ws/install/center_follow_cpp/share/center_follow_cpp/cmake/center_follow_cppConfig-version.cmake
[0.574s] -- Up-to-date symlink: /home/ojg/sim_ws/install/center_follow_cpp/share/center_follow_cpp/package.xml
[0.576s] Invoked command in '/home/ojg/sim_ws/build/center_follow_cpp' returned '0': CMAKE_PREFIX_PATH=${CMAKE_PREFIX_PATH}:/home/ojg/sim_ws/install/f1tenth_gym_ros:/opt/ros/humble /usr/bin/cmake --install /home/ojg/sim_ws/build/center_follow_cpp
