[3.524s] Invoking command in '/home/f1/f1tenth_ws/build/f1tenth_stack': AMENT_PREFIX_PATH=/home/f1/f1tenth_ws/install/vesc:/home/f1/f1tenth_ws/install/vesc_driver:/home/f1/f1tenth_ws/install/vesc_ackermann:/home/f1/f1tenth_ws/install/joy_teleop:/home/f1/f1tenth_ws/install/vesc_msgs:/home/f1/f1tenth_ws/install/teleop_tools:/home/f1/f1tenth_ws/install/teleop_tools_msgs:/home/f1/f1tenth_ws/install/ackermann_mux:/home/f1/f1tenth_ws/install/mouse_teleop:/home/f1/f1tenth_ws/install/key_teleop:/opt/ros/foxy CMAKE_PREFIX_PATH=/home/f1/f1tenth_ws/install/vesc:/home/f1/f1tenth_ws/install/vesc_driver:/home/f1/f1tenth_ws/install/vesc_ackermann:/home/f1/f1tenth_ws/install/vesc_msgs:/home/f1/f1tenth_ws/install/teleop_tools_msgs:/home/f1/f1tenth_ws/install/ackermann_mux:/home/f1/f1tenth_ws/install/teleop_tools LD_LIBRARY_PATH=/home/f1/f1tenth_ws/install/vesc_driver/lib:/home/f1/f1tenth_ws/install/vesc_ackermann/lib:${LD_LIBRARY_PATH} PYTHONPATH=/home/f1/f1tenth_ws/build/f1tenth_stack/prefix_override:/usr/lib/python3/dist-packages/colcon_core/task/python/colcon_distutils_commands:/home/f1/f1tenth_ws/install/f1tenth_stack/lib/python3.8/site-packages:/home/f1/f1tenth_ws/build/joy_teleop:/home/f1/f1tenth_ws/install/joy_teleop/lib/python3.8/site-packages:/home/f1/f1tenth_ws/install/vesc_msgs/lib/python3.8/site-packages:/home/f1/f1tenth_ws/install/teleop_tools_msgs/lib/python3.8/site-packages:/home/f1/f1tenth_ws/build/mouse_teleop:/home/f1/f1tenth_ws/install/mouse_teleop/lib/python3.8/site-packages:/home/f1/f1tenth_ws/build/key_teleop:/home/f1/f1tenth_ws/install/key_teleop/lib/python3.8/site-packages:/opt/ros/foxy/lib/python3.8/site-packages /usr/bin/python3 -W ignore:setup.py install is deprecated -W ignore:easy_install command is deprecated setup.py develop --editable --build-directory /home/f1/f1tenth_ws/build/f1tenth_stack/build --no-deps symlink_data
[4.776s] running develop
[5.509s] running egg_info
[5.510s] creating f1tenth_stack.egg-info
[5.510s] writing f1tenth_stack.egg-info/PKG-INFO
[5.511s] writing dependency_links to f1tenth_stack.egg-info/dependency_links.txt
[5.512s] writing entry points to f1tenth_stack.egg-info/entry_points.txt
[5.512s] writing requirements to f1tenth_stack.egg-info/requires.txt
[5.513s] writing top-level names to f1tenth_stack.egg-info/top_level.txt
[5.519s] writing manifest file 'f1tenth_stack.egg-info/SOURCES.txt'
[5.683s] reading manifest file 'f1tenth_stack.egg-info/SOURCES.txt'
[5.686s] writing manifest file 'f1tenth_stack.egg-info/SOURCES.txt'
[5.873s] running build_ext
[5.874s] Creating /home/f1/f1tenth_ws/install/f1tenth_stack/lib/python3.8/site-packages/site.py
[5.885s] Creating /home/f1/f1tenth_ws/install/f1tenth_stack/lib/python3.8/site-packages/f1tenth-stack.egg-link (link to .)
[5.889s] Installing tf_publisher script to /home/f1/f1tenth_ws/install/f1tenth_stack/lib/f1tenth_stack
[5.889s] Installing throttle_interpolator script to /home/f1/f1tenth_ws/install/f1tenth_stack/lib/f1tenth_stack
[5.891s] 
[5.891s] Installed /home/f1/f1tenth_ws/build/f1tenth_stack
[5.892s] running symlink_data
[5.892s] creating /home/f1/f1tenth_ws/install/f1tenth_stack/share/ament_index
[5.893s] creating /home/f1/f1tenth_ws/install/f1tenth_stack/share/ament_index/resource_index
[5.893s] creating /home/f1/f1tenth_ws/install/f1tenth_stack/share/ament_index/resource_index/packages
[5.894s] symbolically linking /home/f1/f1tenth_ws/build/f1tenth_stack/resource/f1tenth_stack -> /home/f1/f1tenth_ws/install/f1tenth_stack/share/ament_index/resource_index/packages
[5.895s] symbolically linking /home/f1/f1tenth_ws/build/f1tenth_stack/package.xml -> /home/f1/f1tenth_ws/install/f1tenth_stack/share/f1tenth_stack
[5.895s] creating /home/f1/f1tenth_ws/install/f1tenth_stack/share/f1tenth_stack/launch
[5.896s] symbolically linking /home/f1/f1tenth_ws/build/f1tenth_stack/launch/bringup_launch.py -> /home/f1/f1tenth_ws/install/f1tenth_stack/share/f1tenth_stack/launch
[5.896s] creating /home/f1/f1tenth_ws/install/f1tenth_stack/share/f1tenth_stack/config
[5.897s] symbolically linking /home/f1/f1tenth_ws/build/f1tenth_stack/config/mux.yaml -> /home/f1/f1tenth_ws/install/f1tenth_stack/share/f1tenth_stack/config
[5.898s] symbolically linking /home/f1/f1tenth_ws/build/f1tenth_stack/config/joy_teleop.yaml -> /home/f1/f1tenth_ws/install/f1tenth_stack/share/f1tenth_stack/config
[5.899s] symbolically linking /home/f1/f1tenth_ws/build/f1tenth_stack/config/f1tenth_online_async.yaml -> /home/f1/f1tenth_ws/install/f1tenth_stack/share/f1tenth_stack/config
[5.899s] symbolically linking /home/f1/f1tenth_ws/build/f1tenth_stack/config/sensors.yaml -> /home/f1/f1tenth_ws/install/f1tenth_stack/share/f1tenth_stack/config
[5.899s] symbolically linking /home/f1/f1tenth_ws/build/f1tenth_stack/config/vesc.yaml -> /home/f1/f1tenth_ws/install/f1tenth_stack/share/f1tenth_stack/config
[6.020s] Invoked command in '/home/f1/f1tenth_ws/build/f1tenth_stack' returned '0': AMENT_PREFIX_PATH=/home/f1/f1tenth_ws/install/vesc:/home/f1/f1tenth_ws/install/vesc_driver:/home/f1/f1tenth_ws/install/vesc_ackermann:/home/f1/f1tenth_ws/install/joy_teleop:/home/f1/f1tenth_ws/install/vesc_msgs:/home/f1/f1tenth_ws/install/teleop_tools:/home/f1/f1tenth_ws/install/teleop_tools_msgs:/home/f1/f1tenth_ws/install/ackermann_mux:/home/f1/f1tenth_ws/install/mouse_teleop:/home/f1/f1tenth_ws/install/key_teleop:/opt/ros/foxy CMAKE_PREFIX_PATH=/home/f1/f1tenth_ws/install/vesc:/home/f1/f1tenth_ws/install/vesc_driver:/home/f1/f1tenth_ws/install/vesc_ackermann:/home/f1/f1tenth_ws/install/vesc_msgs:/home/f1/f1tenth_ws/install/teleop_tools_msgs:/home/f1/f1tenth_ws/install/ackermann_mux:/home/f1/f1tenth_ws/install/teleop_tools LD_LIBRARY_PATH=/home/f1/f1tenth_ws/install/vesc_driver/lib:/home/f1/f1tenth_ws/install/vesc_ackermann/lib:${LD_LIBRARY_PATH} PYTHONPATH=/home/f1/f1tenth_ws/build/f1tenth_stack/prefix_override:/usr/lib/python3/dist-packages/colcon_core/task/python/colcon_distutils_commands:/home/f1/f1tenth_ws/install/f1tenth_stack/lib/python3.8/site-packages:/home/f1/f1tenth_ws/build/joy_teleop:/home/f1/f1tenth_ws/install/joy_teleop/lib/python3.8/site-packages:/home/f1/f1tenth_ws/install/vesc_msgs/lib/python3.8/site-packages:/home/f1/f1tenth_ws/install/teleop_tools_msgs/lib/python3.8/site-packages:/home/f1/f1tenth_ws/build/mouse_teleop:/home/f1/f1tenth_ws/install/mouse_teleop/lib/python3.8/site-packages:/home/f1/f1tenth_ws/build/key_teleop:/home/f1/f1tenth_ws/install/key_teleop/lib/python3.8/site-packages:/opt/ros/foxy/lib/python3.8/site-packages /usr/bin/python3 -W ignore:setup.py install is deprecated -W ignore:easy_install command is deprecated setup.py develop --editable --build-directory /home/f1/f1tenth_ws/build/f1tenth_stack/build --no-deps symlink_data
