[0.298s] Invoking command in '/home/f1/f1tenth_ws/build/vesc_msgs': CMAKE_PREFIX_PATH=${CMAKE_PREFIX_PATH}:/home/f1/install/f1tenth_stack:/home/f1/install/joy_teleop:/home/f1/install/mouse_teleop:/home/f1/install/key_teleop:/home/f1/f1tenth_ws/install/f1tenth_stack:/home/f1/f1tenth_ws/install/joy_teleop:/home/f1/f1tenth_ws/install/mouse_teleop:/home/f1/f1tenth_ws/install/key_teleop:/opt/ros/foxy /usr/bin/cmake --build /home/f1/f1tenth_ws/build/vesc_msgs -- -j6 -l6
[2.063s] [  1%] Built target vesc_msgs__cpp
[2.064s] [ 12%] Built target vesc_msgs__rosidl_generator_c
[2.064s] [ 23%] Built target vesc_msgs__rosidl_typesupport_cpp
[2.065s] [ 34%] Built target vesc_msgs__rosidl_typesupport_introspection_c
[2.065s] [ 45%] Built target vesc_msgs__rosidl_typesupport_fastrtps_cpp
[2.065s] [ 67%] Built target vesc_msgs__rosidl_typesupport_introspection_cpp
[2.066s] [ 67%] Built target vesc_msgs__rosidl_typesupport_c
[2.066s] [ 78%] Built target vesc_msgs__rosidl_typesupport_fastrtps_c
[2.067s] [ 78%] Built target vesc_msgs
[2.067s] [ 80%] Built target vesc_msgs__py
[2.068s] [ 89%] Built target vesc_msgs__python
[2.068s] [ 92%] Built target vesc_msgs__rosidl_typesupport_introspection_c__pyext
[2.068s] [ 96%] Built target vesc_msgs__rosidl_typesupport_c__pyext
[2.069s] [100%] Built target vesc_msgs__rosidl_typesupport_fastrtps_c__pyext
[3.404s] Invoked command in '/home/f1/f1tenth_ws/build/vesc_msgs' returned '0': CMAKE_PREFIX_PATH=${CMAKE_PREFIX_PATH}:/home/f1/install/f1tenth_stack:/home/f1/install/joy_teleop:/home/f1/install/mouse_teleop:/home/f1/install/key_teleop:/home/f1/f1tenth_ws/install/f1tenth_stack:/home/f1/f1tenth_ws/install/joy_teleop:/home/f1/f1tenth_ws/install/mouse_teleop:/home/f1/f1tenth_ws/install/key_teleop:/opt/ros/foxy /usr/bin/cmake --build /home/f1/f1tenth_ws/build/vesc_msgs -- -j6 -l6
[3.482s] Invoking command in '/home/f1/f1tenth_ws/build/vesc_msgs': CMAKE_PREFIX_PATH=${CMAKE_PREFIX_PATH}:/home/f1/install/f1tenth_stack:/home/f1/install/joy_teleop:/home/f1/install/mouse_teleop:/home/f1/install/key_teleop:/home/f1/f1tenth_ws/install/f1tenth_stack:/home/f1/f1tenth_ws/install/joy_teleop:/home/f1/f1tenth_ws/install/mouse_teleop:/home/f1/f1tenth_ws/install/key_teleop:/opt/ros/foxy /usr/bin/cmake --install /home/f1/f1tenth_ws/build/vesc_msgs
[3.550s] -- Install configuration: "Release"
[3.554s] -- Execute custom install script
[3.555s] -- Up-to-date symlink: /home/f1/f1tenth_ws/install/vesc_msgs/share/ament_index/resource_index/rosidl_interfaces/vesc_msgs
[3.555s] -- Up-to-date symlink: /home/f1/f1tenth_ws/install/vesc_msgs/include/vesc_msgs/msg/detail/vesc_imu__functions.h
[3.556s] -- Up-to-date symlink: /home/f1/f1tenth_ws/install/vesc_msgs/include/vesc_msgs/msg/detail/vesc_imu__struct.h
[3.556s] -- Up-to-date symlink: /home/f1/f1tenth_ws/install/vesc_msgs/include/vesc_msgs/msg/detail/vesc_imu__type_support.h
[3.557s] -- Up-to-date symlink: /home/f1/f1tenth_ws/install/vesc_msgs/include/vesc_msgs/msg/detail/vesc_imu_stamped__functions.h
[3.560s] -- Up-to-date symlink: /home/f1/f1tenth_ws/install/vesc_msgs/include/vesc_msgs/msg/detail/vesc_imu_stamped__struct.h
[3.560s] -- Up-to-date symlink: /home/f1/f1tenth_ws/install/vesc_msgs/include/vesc_msgs/msg/detail/vesc_imu_stamped__type_support.h
[3.565s] -- Up-to-date symlink: /home/f1/f1tenth_ws/install/vesc_msgs/include/vesc_msgs/msg/detail/vesc_state__functions.h
[3.566s] -- Up-to-date symlink: /home/f1/f1tenth_ws/install/vesc_msgs/include/vesc_msgs/msg/detail/vesc_state__struct.h
[3.567s] -- Up-to-date symlink: /home/f1/f1tenth_ws/install/vesc_msgs/include/vesc_msgs/msg/detail/vesc_state__type_support.h
[3.567s] -- Up-to-date symlink: /home/f1/f1tenth_ws/install/vesc_msgs/include/vesc_msgs/msg/detail/vesc_state_stamped__functions.h
[3.568s] -- Up-to-date symlink: /home/f1/f1tenth_ws/install/vesc_msgs/include/vesc_msgs/msg/detail/vesc_state_stamped__struct.h
[3.572s] -- Up-to-date symlink: /home/f1/f1tenth_ws/install/vesc_msgs/include/vesc_msgs/msg/detail/vesc_state_stamped__type_support.h
[3.574s] -- Up-to-date symlink: /home/f1/f1tenth_ws/install/vesc_msgs/include/vesc_msgs/msg/rosidl_generator_c__visibility_control.h
[3.589s] -- Up-to-date symlink: /home/f1/f1tenth_ws/install/vesc_msgs/include/vesc_msgs/msg/vesc_imu.h
[3.596s] -- Up-to-date symlink: /home/f1/f1tenth_ws/install/vesc_msgs/include/vesc_msgs/msg/vesc_imu_stamped.h
[3.603s] -- Up-to-date symlink: /home/f1/f1tenth_ws/install/vesc_msgs/include/vesc_msgs/msg/vesc_state.h
[3.611s] -- Up-to-date symlink: /home/f1/f1tenth_ws/install/vesc_msgs/include/vesc_msgs/msg/vesc_state_stamped.h
[3.617s] -- Up-to-date symlink: /home/f1/f1tenth_ws/install/vesc_msgs/share/vesc_msgs/environment/library_path.sh
[3.636s] -- Up-to-date symlink: /home/f1/f1tenth_ws/install/vesc_msgs/share/vesc_msgs/environment/library_path.dsv
[3.640s] -- Up-to-date symlink: /home/f1/f1tenth_ws/install/vesc_msgs/include/vesc_msgs/msg/detail/vesc_imu__rosidl_typesupport_fastrtps_c.h
[3.640s] -- Up-to-date symlink: /home/f1/f1tenth_ws/install/vesc_msgs/include/vesc_msgs/msg/detail/vesc_imu_stamped__rosidl_typesupport_fastrtps_c.h
[3.641s] -- Up-to-date symlink: /home/f1/f1tenth_ws/install/vesc_msgs/include/vesc_msgs/msg/detail/vesc_state__rosidl_typesupport_fastrtps_c.h
[3.642s] -- Up-to-date symlink: /home/f1/f1tenth_ws/install/vesc_msgs/include/vesc_msgs/msg/detail/vesc_state_stamped__rosidl_typesupport_fastrtps_c.h
[3.642s] -- Up-to-date symlink: /home/f1/f1tenth_ws/install/vesc_msgs/include/vesc_msgs/msg/rosidl_typesupport_fastrtps_c__visibility_control.h
[3.650s] -- Up-to-date symlink: /home/f1/f1tenth_ws/install/vesc_msgs/lib/libvesc_msgs__rosidl_typesupport_fastrtps_c.so
[3.650s] -- Up-to-date symlink: /home/f1/f1tenth_ws/install/vesc_msgs/include/vesc_msgs/msg/detail/vesc_imu__rosidl_typesupport_fastrtps_cpp.hpp
[3.669s] -- Up-to-date symlink: /home/f1/f1tenth_ws/install/vesc_msgs/include/vesc_msgs/msg/detail/vesc_imu_stamped__rosidl_typesupport_fastrtps_cpp.hpp
[3.670s] -- Up-to-date symlink: /home/f1/f1tenth_ws/install/vesc_msgs/include/vesc_msgs/msg/detail/vesc_state__rosidl_typesupport_fastrtps_cpp.hpp
[3.674s] -- Up-to-date symlink: /home/f1/f1tenth_ws/install/vesc_msgs/include/vesc_msgs/msg/detail/vesc_state_stamped__rosidl_typesupport_fastrtps_cpp.hpp
[3.675s] -- Up-to-date symlink: /home/f1/f1tenth_ws/install/vesc_msgs/include/vesc_msgs/msg/rosidl_typesupport_fastrtps_cpp__visibility_control.h
[3.677s] -- Up-to-date symlink: /home/f1/f1tenth_ws/install/vesc_msgs/lib/libvesc_msgs__rosidl_typesupport_fastrtps_cpp.so
[3.679s] -- Up-to-date symlink: /home/f1/f1tenth_ws/install/vesc_msgs/include/vesc_msgs/msg/detail/vesc_imu__rosidl_typesupport_introspection_c.h
[3.680s] -- Up-to-date symlink: /home/f1/f1tenth_ws/install/vesc_msgs/include/vesc_msgs/msg/detail/vesc_imu_stamped__rosidl_typesupport_introspection_c.h
[3.686s] -- Up-to-date symlink: /home/f1/f1tenth_ws/install/vesc_msgs/include/vesc_msgs/msg/detail/vesc_state__rosidl_typesupport_introspection_c.h
[3.687s] -- Up-to-date symlink: /home/f1/f1tenth_ws/install/vesc_msgs/include/vesc_msgs/msg/detail/vesc_state_stamped__rosidl_typesupport_introspection_c.h
[3.688s] -- Up-to-date symlink: /home/f1/f1tenth_ws/install/vesc_msgs/include/vesc_msgs/msg/rosidl_typesupport_introspection_c__visibility_control.h
[3.692s] -- Up-to-date symlink: /home/f1/f1tenth_ws/install/vesc_msgs/include/vesc_msgs/msg/detail/vesc_imu__builder.hpp
[3.693s] -- Up-to-date symlink: /home/f1/f1tenth_ws/install/vesc_msgs/include/vesc_msgs/msg/detail/vesc_imu__struct.hpp
[3.693s] -- Up-to-date symlink: /home/f1/f1tenth_ws/install/vesc_msgs/include/vesc_msgs/msg/detail/vesc_imu__traits.hpp
[3.694s] -- Up-to-date symlink: /home/f1/f1tenth_ws/install/vesc_msgs/include/vesc_msgs/msg/detail/vesc_imu__type_support.hpp
[3.700s] -- Up-to-date symlink: /home/f1/f1tenth_ws/install/vesc_msgs/include/vesc_msgs/msg/detail/vesc_imu_stamped__builder.hpp
[3.703s] -- Up-to-date symlink: /home/f1/f1tenth_ws/install/vesc_msgs/include/vesc_msgs/msg/detail/vesc_imu_stamped__struct.hpp
[3.704s] -- Up-to-date symlink: /home/f1/f1tenth_ws/install/vesc_msgs/include/vesc_msgs/msg/detail/vesc_imu_stamped__traits.hpp
[3.707s] -- Up-to-date symlink: /home/f1/f1tenth_ws/install/vesc_msgs/include/vesc_msgs/msg/detail/vesc_imu_stamped__type_support.hpp
[3.708s] -- Up-to-date symlink: /home/f1/f1tenth_ws/install/vesc_msgs/include/vesc_msgs/msg/detail/vesc_state__builder.hpp
[3.708s] -- Up-to-date symlink: /home/f1/f1tenth_ws/install/vesc_msgs/include/vesc_msgs/msg/detail/vesc_state__struct.hpp
[3.710s] -- Up-to-date symlink: /home/f1/f1tenth_ws/install/vesc_msgs/include/vesc_msgs/msg/detail/vesc_state__traits.hpp
[3.711s] -- Up-to-date symlink: /home/f1/f1tenth_ws/install/vesc_msgs/include/vesc_msgs/msg/detail/vesc_state__type_support.hpp
[3.714s] -- Up-to-date symlink: /home/f1/f1tenth_ws/install/vesc_msgs/include/vesc_msgs/msg/detail/vesc_state_stamped__builder.hpp
[3.714s] -- Up-to-date symlink: /home/f1/f1tenth_ws/install/vesc_msgs/include/vesc_msgs/msg/detail/vesc_state_stamped__struct.hpp
[3.715s] -- Up-to-date symlink: /home/f1/f1tenth_ws/install/vesc_msgs/include/vesc_msgs/msg/detail/vesc_state_stamped__traits.hpp
[3.715s] -- Up-to-date symlink: /home/f1/f1tenth_ws/install/vesc_msgs/include/vesc_msgs/msg/detail/vesc_state_stamped__type_support.hpp
[3.716s] -- Up-to-date symlink: /home/f1/f1tenth_ws/install/vesc_msgs/include/vesc_msgs/msg/rosidl_generator_cpp__visibility_control.hpp
[3.716s] -- Up-to-date symlink: /home/f1/f1tenth_ws/install/vesc_msgs/include/vesc_msgs/msg/vesc_imu.hpp
[3.722s] -- Up-to-date symlink: /home/f1/f1tenth_ws/install/vesc_msgs/include/vesc_msgs/msg/vesc_imu_stamped.hpp
[3.722s] -- Up-to-date symlink: /home/f1/f1tenth_ws/install/vesc_msgs/include/vesc_msgs/msg/vesc_state.hpp
[3.739s] -- Up-to-date symlink: /home/f1/f1tenth_ws/install/vesc_msgs/include/vesc_msgs/msg/vesc_state_stamped.hpp
[3.739s] -- Up-to-date symlink: /home/f1/f1tenth_ws/install/vesc_msgs/include/vesc_msgs/msg/detail/vesc_imu__rosidl_typesupport_introspection_cpp.hpp
[3.743s] -- Up-to-date symlink: /home/f1/f1tenth_ws/install/vesc_msgs/include/vesc_msgs/msg/detail/vesc_imu_stamped__rosidl_typesupport_introspection_cpp.hpp
[3.743s] -- Up-to-date symlink: /home/f1/f1tenth_ws/install/vesc_msgs/include/vesc_msgs/msg/detail/vesc_state__rosidl_typesupport_introspection_cpp.hpp
[3.744s] -- Up-to-date symlink: /home/f1/f1tenth_ws/install/vesc_msgs/include/vesc_msgs/msg/detail/vesc_state_stamped__rosidl_typesupport_introspection_cpp.hpp
[3.745s] -- Up-to-date symlink: /home/f1/f1tenth_ws/install/vesc_msgs/share/vesc_msgs/environment/pythonpath.sh
[3.746s] -- Up-to-date symlink: /home/f1/f1tenth_ws/install/vesc_msgs/share/vesc_msgs/environment/pythonpath.dsv
[3.746s] -- Up-to-date symlink: /home/f1/f1tenth_ws/install/vesc_msgs/lib/python3.8/site-packages/vesc_msgs/__init__.py
[3.747s] -- Up-to-date symlink: /home/f1/f1tenth_ws/install/vesc_msgs/lib/python3.8/site-packages/vesc_msgs/msg/__init__.py
[3.748s] -- Up-to-date symlink: /home/f1/f1tenth_ws/install/vesc_msgs/lib/python3.8/site-packages/vesc_msgs/msg/_vesc_imu.py
[3.753s] -- Up-to-date symlink: /home/f1/f1tenth_ws/install/vesc_msgs/lib/python3.8/site-packages/vesc_msgs/msg/_vesc_imu_stamped.py
[3.757s] -- Up-to-date symlink: /home/f1/f1tenth_ws/install/vesc_msgs/lib/python3.8/site-packages/vesc_msgs/msg/_vesc_state.py
[3.758s] -- Up-to-date symlink: /home/f1/f1tenth_ws/install/vesc_msgs/lib/python3.8/site-packages/vesc_msgs/msg/_vesc_state_stamped.py
[3.758s] -- Up-to-date symlink: /home/f1/f1tenth_ws/install/vesc_msgs/lib/python3.8/site-packages/vesc_msgs/vesc_msgs_s__rosidl_typesupport_fastrtps_c.cpython-38-aarch64-linux-gnu.so
[3.766s] -- Up-to-date symlink: /home/f1/f1tenth_ws/install/vesc_msgs/lib/python3.8/site-packages/vesc_msgs/vesc_msgs_s__rosidl_typesupport_introspection_c.cpython-38-aarch64-linux-gnu.so
[3.767s] -- Up-to-date symlink: /home/f1/f1tenth_ws/install/vesc_msgs/lib/python3.8/site-packages/vesc_msgs/vesc_msgs_s__rosidl_typesupport_c.cpython-38-aarch64-linux-gnu.so
[3.768s] -- Up-to-date symlink: /home/f1/f1tenth_ws/install/vesc_msgs/lib/libvesc_msgs__python.so
[3.768s] -- Up-to-date symlink: /home/f1/f1tenth_ws/install/vesc_msgs/share/vesc_msgs/msg/VescState.idl
[3.774s] -- Up-to-date symlink: /home/f1/f1tenth_ws/install/vesc_msgs/share/vesc_msgs/msg/VescStateStamped.idl
[3.775s] -- Up-to-date symlink: /home/f1/f1tenth_ws/install/vesc_msgs/share/vesc_msgs/msg/VescImu.idl
[3.776s] -- Up-to-date symlink: /home/f1/f1tenth_ws/install/vesc_msgs/share/vesc_msgs/msg/VescImuStamped.idl
[3.777s] -- Up-to-date symlink: /home/f1/f1tenth_ws/install/vesc_msgs/share/vesc_msgs/msg/VescState.msg
[3.780s] -- Up-to-date symlink: /home/f1/f1tenth_ws/install/vesc_msgs/share/vesc_msgs/msg/VescStateStamped.msg
[3.780s] -- Up-to-date symlink: /home/f1/f1tenth_ws/install/vesc_msgs/share/vesc_msgs/msg/VescImu.msg
[3.781s] -- Up-to-date symlink: /home/f1/f1tenth_ws/install/vesc_msgs/share/vesc_msgs/msg/VescImuStamped.msg
[3.791s] -- Up-to-date symlink: /home/f1/f1tenth_ws/install/vesc_msgs/share/ament_index/resource_index/package_run_dependencies/vesc_msgs
[3.794s] -- Up-to-date symlink: /home/f1/f1tenth_ws/install/vesc_msgs/share/ament_index/resource_index/parent_prefix_path/vesc_msgs
[3.796s] -- Up-to-date symlink: /home/f1/f1tenth_ws/install/vesc_msgs/share/vesc_msgs/environment/ament_prefix_path.sh
[3.798s] -- Up-to-date symlink: /home/f1/f1tenth_ws/install/vesc_msgs/share/vesc_msgs/environment/ament_prefix_path.dsv
[3.799s] -- Up-to-date symlink: /home/f1/f1tenth_ws/install/vesc_msgs/share/vesc_msgs/environment/path.sh
[3.802s] -- Up-to-date symlink: /home/f1/f1tenth_ws/install/vesc_msgs/share/vesc_msgs/environment/path.dsv
[3.804s] -- Up-to-date symlink: /home/f1/f1tenth_ws/install/vesc_msgs/share/vesc_msgs/local_setup.bash
[3.811s] -- Up-to-date symlink: /home/f1/f1tenth_ws/install/vesc_msgs/share/vesc_msgs/local_setup.sh
[3.815s] -- Up-to-date symlink: /home/f1/f1tenth_ws/install/vesc_msgs/share/vesc_msgs/local_setup.zsh
[3.816s] -- Up-to-date symlink: /home/f1/f1tenth_ws/install/vesc_msgs/share/vesc_msgs/local_setup.dsv
[3.817s] -- Symlinking: /home/f1/f1tenth_ws/install/vesc_msgs/share/vesc_msgs/package.dsv
[3.835s] -- Up-to-date symlink: /home/f1/f1tenth_ws/install/vesc_msgs/share/ament_index/resource_index/packages/vesc_msgs
[3.841s] -- Up-to-date symlink: /home/f1/f1tenth_ws/install/vesc_msgs/share/vesc_msgs/cmake/rosidl_cmake-extras.cmake
[3.842s] -- Up-to-date symlink: /home/f1/f1tenth_ws/install/vesc_msgs/share/vesc_msgs/cmake/ament_cmake_export_dependencies-extras.cmake
[3.843s] -- Up-to-date symlink: /home/f1/f1tenth_ws/install/vesc_msgs/share/vesc_msgs/cmake/ament_cmake_export_libraries-extras.cmake
[3.846s] -- Up-to-date symlink: /home/f1/f1tenth_ws/install/vesc_msgs/share/vesc_msgs/cmake/ament_cmake_export_targets-extras.cmake
[3.847s] -- Up-to-date symlink: /home/f1/f1tenth_ws/install/vesc_msgs/share/vesc_msgs/cmake/ament_cmake_export_include_directories-extras.cmake
[3.849s] -- Up-to-date symlink: /home/f1/f1tenth_ws/install/vesc_msgs/share/vesc_msgs/cmake/rosidl_cmake_export_typesupport_libraries-extras.cmake
[3.853s] -- Up-to-date symlink: /home/f1/f1tenth_ws/install/vesc_msgs/share/vesc_msgs/cmake/rosidl_cmake_export_typesupport_targets-extras.cmake
[3.856s] -- Up-to-date symlink: /home/f1/f1tenth_ws/install/vesc_msgs/share/vesc_msgs/cmake/vesc_msgsConfig.cmake
[3.858s] -- Up-to-date symlink: /home/f1/f1tenth_ws/install/vesc_msgs/share/vesc_msgs/cmake/vesc_msgsConfig-version.cmake
[3.862s] -- Up-to-date symlink: /home/f1/f1tenth_ws/install/vesc_msgs/share/vesc_msgs/package.xml
[3.863s] -- Up-to-date: /home/f1/f1tenth_ws/install/vesc_msgs/lib/libvesc_msgs__rosidl_generator_c.so
[3.868s] -- Up-to-date: /home/f1/f1tenth_ws/install/vesc_msgs/lib/libvesc_msgs__rosidl_typesupport_introspection_c.so
[3.870s] -- Up-to-date: /home/f1/f1tenth_ws/install/vesc_msgs/lib/libvesc_msgs__rosidl_typesupport_c.so
[3.872s] -- Up-to-date: /home/f1/f1tenth_ws/install/vesc_msgs/lib/libvesc_msgs__rosidl_typesupport_introspection_cpp.so
[3.873s] -- Up-to-date: /home/f1/f1tenth_ws/install/vesc_msgs/lib/libvesc_msgs__rosidl_typesupport_cpp.so
[4.155s] -- Up-to-date: /home/f1/f1tenth_ws/install/vesc_msgs/share/vesc_msgs/cmake/vesc_msgs__rosidl_generator_cExport.cmake
[4.160s] -- Up-to-date: /home/f1/f1tenth_ws/install/vesc_msgs/share/vesc_msgs/cmake/vesc_msgs__rosidl_generator_cExport-release.cmake
[4.161s] -- Up-to-date: /home/f1/f1tenth_ws/install/vesc_msgs/share/vesc_msgs/cmake/vesc_msgs__rosidl_typesupport_introspection_cExport.cmake
[4.162s] -- Up-to-date: /home/f1/f1tenth_ws/install/vesc_msgs/share/vesc_msgs/cmake/vesc_msgs__rosidl_typesupport_introspection_cExport-release.cmake
[4.163s] -- Up-to-date: /home/f1/f1tenth_ws/install/vesc_msgs/share/vesc_msgs/cmake/vesc_msgs__rosidl_typesupport_cExport.cmake
[4.165s] -- Up-to-date: /home/f1/f1tenth_ws/install/vesc_msgs/share/vesc_msgs/cmake/vesc_msgs__rosidl_typesupport_cExport-release.cmake
[4.166s] -- Up-to-date: /home/f1/f1tenth_ws/install/vesc_msgs/share/vesc_msgs/cmake/vesc_msgs__rosidl_generator_cppExport.cmake
[4.168s] -- Up-to-date: /home/f1/f1tenth_ws/install/vesc_msgs/share/vesc_msgs/cmake/vesc_msgs__rosidl_typesupport_introspection_cppExport.cmake
[4.168s] -- Up-to-date: /home/f1/f1tenth_ws/install/vesc_msgs/share/vesc_msgs/cmake/vesc_msgs__rosidl_typesupport_introspection_cppExport-release.cmake
[4.169s] -- Up-to-date: /home/f1/f1tenth_ws/install/vesc_msgs/share/vesc_msgs/cmake/vesc_msgs__rosidl_typesupport_cppExport.cmake
[4.170s] -- Up-to-date: /home/f1/f1tenth_ws/install/vesc_msgs/share/vesc_msgs/cmake/vesc_msgs__rosidl_typesupport_cppExport-release.cmake
[4.291s] Invoked command in '/home/f1/f1tenth_ws/build/vesc_msgs' returned '0': CMAKE_PREFIX_PATH=${CMAKE_PREFIX_PATH}:/home/f1/install/f1tenth_stack:/home/f1/install/joy_teleop:/home/f1/install/mouse_teleop:/home/f1/install/key_teleop:/home/f1/f1tenth_ws/install/f1tenth_stack:/home/f1/f1tenth_ws/install/joy_teleop:/home/f1/f1tenth_ws/install/mouse_teleop:/home/f1/f1tenth_ws/install/key_teleop:/opt/ros/foxy /usr/bin/cmake --install /home/f1/f1tenth_ws/build/vesc_msgs
