[0.061s] DEBUG:colcon:Command line arguments: ['/usr/bin/colcon', 'build']
[0.061s] DEBUG:colcon:Parsed command line arguments: Namespace(log_base=None, log_level=None, verb_name='build', build_base='build', install_base='install', merge_install=False, symlink_install=False, test_result_base=None, continue_on_error=False, executor='parallel', parallel_workers=18, event_handlers=None, ignore_user_meta=False, metas=['./colcon.meta'], base_paths=['.'], packages_ignore=None, packages_ignore_regex=None, paths=None, packages_up_to=None, packages_up_to_regex=None, packages_above=None, packages_above_and_dependencies=None, packages_above_depth=None, packages_select_by_dep=None, packages_skip_by_dep=None, packages_skip_up_to=None, packages_select_build_failed=False, packages_skip_build_finished=False, packages_select_test_failures=False, packages_skip_test_passed=False, packages_select=None, packages_skip=None, packages_select_regex=None, packages_skip_regex=None, packages_start=None, packages_end=None, allow_overriding=[], cmake_args=None, cmake_target=None, cmake_target_skip_unavailable=False, cmake_clean_cache=False, cmake_clean_first=False, cmake_force_configure=False, ament_cmake_args=None, catkin_cmake_args=None, catkin_skip_building_tests=False, mixin_files=None, mixin=None, verb_parser=<colcon_mixin.mixin.mixin_argument.MixinArgumentDecorator object at 0x74f448390370>, verb_extension=<colcon_core.verb.build.BuildVerb object at 0x74f4484992a0>, main=<bound method BuildVerb.main of <colcon_core.verb.build.BuildVerb object at 0x74f4484992a0>>, mixin_verb=('build',))
[0.160s] Level 1:colcon.colcon_core.package_discovery:discover_packages(colcon_meta) check parameters
[0.160s] Level 1:colcon.colcon_core.package_discovery:discover_packages(recursive) check parameters
[0.160s] Level 1:colcon.colcon_core.package_discovery:discover_packages(ignore) check parameters
[0.160s] Level 1:colcon.colcon_core.package_discovery:discover_packages(path) check parameters
[0.160s] Level 1:colcon.colcon_core.package_discovery:discover_packages(colcon_meta) discover
[0.161s] Level 1:colcon.colcon_core.package_discovery:discover_packages(recursive) discover
[0.161s] INFO:colcon.colcon_core.package_discovery:Crawling recursively for packages in '/home/ojg/sim_ws'
[0.161s] Level 1:colcon.colcon_core.package_identification:_identify(.) by extensions ['ignore', 'ignore_ament_install']
[0.161s] Level 1:colcon.colcon_core.package_identification:_identify(.) by extension 'ignore'
[0.161s] Level 1:colcon.colcon_core.package_identification:_identify(.) by extension 'ignore_ament_install'
[0.161s] Level 1:colcon.colcon_core.package_identification:_identify(.) by extensions ['colcon_pkg']
[0.161s] Level 1:colcon.colcon_core.package_identification:_identify(.) by extension 'colcon_pkg'
[0.161s] Level 1:colcon.colcon_core.package_identification:_identify(.) by extensions ['colcon_meta']
[0.161s] Level 1:colcon.colcon_core.package_identification:_identify(.) by extension 'colcon_meta'
[0.161s] Level 1:colcon.colcon_core.package_identification:_identify(.) by extensions ['ros']
[0.161s] Level 1:colcon.colcon_core.package_identification:_identify(.) by extension 'ros'
[0.173s] Level 1:colcon.colcon_core.package_identification:_identify(.) by extensions ['cmake', 'python']
[0.173s] Level 1:colcon.colcon_core.package_identification:_identify(.) by extension 'cmake'
[0.173s] Level 1:colcon.colcon_core.package_identification:_identify(.) by extension 'python'
[0.173s] Level 1:colcon.colcon_core.package_identification:_identify(.) by extensions ['python_setup_py']
[0.173s] Level 1:colcon.colcon_core.package_identification:_identify(.) by extension 'python_setup_py'
[0.173s] Level 1:colcon.colcon_core.package_identification:_identify(bags) by extensions ['ignore', 'ignore_ament_install']
[0.173s] Level 1:colcon.colcon_core.package_identification:_identify(bags) by extension 'ignore'
[0.173s] Level 1:colcon.colcon_core.package_identification:_identify(bags) by extension 'ignore_ament_install'
[0.173s] Level 1:colcon.colcon_core.package_identification:_identify(bags) by extensions ['colcon_pkg']
[0.173s] Level 1:colcon.colcon_core.package_identification:_identify(bags) by extension 'colcon_pkg'
[0.173s] Level 1:colcon.colcon_core.package_identification:_identify(bags) by extensions ['colcon_meta']
[0.173s] Level 1:colcon.colcon_core.package_identification:_identify(bags) by extension 'colcon_meta'
[0.173s] Level 1:colcon.colcon_core.package_identification:_identify(bags) by extensions ['ros']
[0.173s] Level 1:colcon.colcon_core.package_identification:_identify(bags) by extension 'ros'
[0.173s] Level 1:colcon.colcon_core.package_identification:_identify(bags) by extensions ['cmake', 'python']
[0.173s] Level 1:colcon.colcon_core.package_identification:_identify(bags) by extension 'cmake'
[0.173s] Level 1:colcon.colcon_core.package_identification:_identify(bags) by extension 'python'
[0.173s] Level 1:colcon.colcon_core.package_identification:_identify(bags) by extensions ['python_setup_py']
[0.173s] Level 1:colcon.colcon_core.package_identification:_identify(bags) by extension 'python_setup_py'
[0.173s] Level 1:colcon.colcon_core.package_identification:_identify(bags/slam_250808_142858) by extensions ['ignore', 'ignore_ament_install']
[0.173s] Level 1:colcon.colcon_core.package_identification:_identify(bags/slam_250808_142858) by extension 'ignore'
[0.173s] Level 1:colcon.colcon_core.package_identification:_identify(bags/slam_250808_142858) by extension 'ignore_ament_install'
[0.174s] Level 1:colcon.colcon_core.package_identification:_identify(bags/slam_250808_142858) by extensions ['colcon_pkg']
[0.174s] Level 1:colcon.colcon_core.package_identification:_identify(bags/slam_250808_142858) by extension 'colcon_pkg'
[0.174s] Level 1:colcon.colcon_core.package_identification:_identify(bags/slam_250808_142858) by extensions ['colcon_meta']
[0.174s] Level 1:colcon.colcon_core.package_identification:_identify(bags/slam_250808_142858) by extension 'colcon_meta'
[0.174s] Level 1:colcon.colcon_core.package_identification:_identify(bags/slam_250808_142858) by extensions ['ros']
[0.174s] Level 1:colcon.colcon_core.package_identification:_identify(bags/slam_250808_142858) by extension 'ros'
[0.174s] Level 1:colcon.colcon_core.package_identification:_identify(bags/slam_250808_142858) by extensions ['cmake', 'python']
[0.174s] Level 1:colcon.colcon_core.package_identification:_identify(bags/slam_250808_142858) by extension 'cmake'
[0.174s] Level 1:colcon.colcon_core.package_identification:_identify(bags/slam_250808_142858) by extension 'python'
[0.174s] Level 1:colcon.colcon_core.package_identification:_identify(bags/slam_250808_142858) by extensions ['python_setup_py']
[0.174s] Level 1:colcon.colcon_core.package_identification:_identify(bags/slam_250808_142858) by extension 'python_setup_py'
[0.174s] Level 1:colcon.colcon_core.package_identification:_identify(build) by extensions ['ignore', 'ignore_ament_install']
[0.174s] Level 1:colcon.colcon_core.package_identification:_identify(build) by extension 'ignore'
[0.174s] Level 1:colcon.colcon_core.package_identification:_identify(build) ignored
[0.174s] Level 1:colcon.colcon_core.package_identification:_identify(config) by extensions ['ignore', 'ignore_ament_install']
[0.174s] Level 1:colcon.colcon_core.package_identification:_identify(config) by extension 'ignore'
[0.174s] Level 1:colcon.colcon_core.package_identification:_identify(config) by extension 'ignore_ament_install'
[0.174s] Level 1:colcon.colcon_core.package_identification:_identify(config) by extensions ['colcon_pkg']
[0.174s] Level 1:colcon.colcon_core.package_identification:_identify(config) by extension 'colcon_pkg'
[0.174s] Level 1:colcon.colcon_core.package_identification:_identify(config) by extensions ['colcon_meta']
[0.174s] Level 1:colcon.colcon_core.package_identification:_identify(config) by extension 'colcon_meta'
[0.174s] Level 1:colcon.colcon_core.package_identification:_identify(config) by extensions ['ros']
[0.174s] Level 1:colcon.colcon_core.package_identification:_identify(config) by extension 'ros'
[0.174s] Level 1:colcon.colcon_core.package_identification:_identify(config) by extensions ['cmake', 'python']
[0.174s] Level 1:colcon.colcon_core.package_identification:_identify(config) by extension 'cmake'
[0.174s] Level 1:colcon.colcon_core.package_identification:_identify(config) by extension 'python'
[0.174s] Level 1:colcon.colcon_core.package_identification:_identify(config) by extensions ['python_setup_py']
[0.174s] Level 1:colcon.colcon_core.package_identification:_identify(config) by extension 'python_setup_py'
[0.174s] Level 1:colcon.colcon_core.package_identification:_identify(install) by extensions ['ignore', 'ignore_ament_install']
[0.174s] Level 1:colcon.colcon_core.package_identification:_identify(install) by extension 'ignore'
[0.174s] Level 1:colcon.colcon_core.package_identification:_identify(install) ignored
[0.174s] Level 1:colcon.colcon_core.package_identification:_identify(log) by extensions ['ignore', 'ignore_ament_install']
[0.174s] Level 1:colcon.colcon_core.package_identification:_identify(log) by extension 'ignore'
[0.174s] Level 1:colcon.colcon_core.package_identification:_identify(log) ignored
[0.174s] Level 1:colcon.colcon_core.package_identification:_identify(maps) by extensions ['ignore', 'ignore_ament_install']
[0.174s] Level 1:colcon.colcon_core.package_identification:_identify(maps) by extension 'ignore'
[0.174s] Level 1:colcon.colcon_core.package_identification:_identify(maps) by extension 'ignore_ament_install'
[0.174s] Level 1:colcon.colcon_core.package_identification:_identify(maps) by extensions ['colcon_pkg']
[0.174s] Level 1:colcon.colcon_core.package_identification:_identify(maps) by extension 'colcon_pkg'
[0.174s] Level 1:colcon.colcon_core.package_identification:_identify(maps) by extensions ['colcon_meta']
[0.174s] Level 1:colcon.colcon_core.package_identification:_identify(maps) by extension 'colcon_meta'
[0.174s] Level 1:colcon.colcon_core.package_identification:_identify(maps) by extensions ['ros']
[0.174s] Level 1:colcon.colcon_core.package_identification:_identify(maps) by extension 'ros'
[0.175s] Level 1:colcon.colcon_core.package_identification:_identify(maps) by extensions ['cmake', 'python']
[0.175s] Level 1:colcon.colcon_core.package_identification:_identify(maps) by extension 'cmake'
[0.175s] Level 1:colcon.colcon_core.package_identification:_identify(maps) by extension 'python'
[0.175s] Level 1:colcon.colcon_core.package_identification:_identify(maps) by extensions ['python_setup_py']
[0.175s] Level 1:colcon.colcon_core.package_identification:_identify(maps) by extension 'python_setup_py'
[0.175s] Level 1:colcon.colcon_core.package_identification:_identify(src) by extensions ['ignore', 'ignore_ament_install']
[0.175s] Level 1:colcon.colcon_core.package_identification:_identify(src) by extension 'ignore'
[0.175s] Level 1:colcon.colcon_core.package_identification:_identify(src) by extension 'ignore_ament_install'
[0.175s] Level 1:colcon.colcon_core.package_identification:_identify(src) by extensions ['colcon_pkg']
[0.175s] Level 1:colcon.colcon_core.package_identification:_identify(src) by extension 'colcon_pkg'
[0.175s] Level 1:colcon.colcon_core.package_identification:_identify(src) by extensions ['colcon_meta']
[0.175s] Level 1:colcon.colcon_core.package_identification:_identify(src) by extension 'colcon_meta'
[0.175s] Level 1:colcon.colcon_core.package_identification:_identify(src) by extensions ['ros']
[0.175s] Level 1:colcon.colcon_core.package_identification:_identify(src) by extension 'ros'
[0.175s] Level 1:colcon.colcon_core.package_identification:_identify(src) by extensions ['cmake', 'python']
[0.175s] Level 1:colcon.colcon_core.package_identification:_identify(src) by extension 'cmake'
[0.175s] Level 1:colcon.colcon_core.package_identification:_identify(src) by extension 'python'
[0.175s] Level 1:colcon.colcon_core.package_identification:_identify(src) by extensions ['python_setup_py']
[0.175s] Level 1:colcon.colcon_core.package_identification:_identify(src) by extension 'python_setup_py'
[0.175s] Level 1:colcon.colcon_core.package_identification:_identify(src/build) by extensions ['ignore', 'ignore_ament_install']
[0.175s] Level 1:colcon.colcon_core.package_identification:_identify(src/build) by extension 'ignore'
[0.175s] Level 1:colcon.colcon_core.package_identification:_identify(src/build) ignored
[0.175s] Level 1:colcon.colcon_core.package_identification:_identify(src/center_follow_cpp) by extensions ['ignore', 'ignore_ament_install']
[0.175s] Level 1:colcon.colcon_core.package_identification:_identify(src/center_follow_cpp) by extension 'ignore'
[0.175s] Level 1:colcon.colcon_core.package_identification:_identify(src/center_follow_cpp) by extension 'ignore_ament_install'
[0.175s] Level 1:colcon.colcon_core.package_identification:_identify(src/center_follow_cpp) by extensions ['colcon_pkg']
[0.175s] Level 1:colcon.colcon_core.package_identification:_identify(src/center_follow_cpp) by extension 'colcon_pkg'
[0.175s] Level 1:colcon.colcon_core.package_identification:_identify(src/center_follow_cpp) by extensions ['colcon_meta']
[0.175s] Level 1:colcon.colcon_core.package_identification:_identify(src/center_follow_cpp) by extension 'colcon_meta'
[0.175s] Level 1:colcon.colcon_core.package_identification:_identify(src/center_follow_cpp) by extensions ['ros']
[0.175s] Level 1:colcon.colcon_core.package_identification:_identify(src/center_follow_cpp) by extension 'ros'
[0.177s] DEBUG:colcon.colcon_core.package_identification:Package 'src/center_follow_cpp' with type 'ros.ament_cmake' and name 'center_follow_cpp'
[0.177s] Level 1:colcon.colcon_core.package_identification:_identify(src/f1_keyboard_teleop) by extensions ['ignore', 'ignore_ament_install']
[0.177s] Level 1:colcon.colcon_core.package_identification:_identify(src/f1_keyboard_teleop) by extension 'ignore'
[0.177s] Level 1:colcon.colcon_core.package_identification:_identify(src/f1_keyboard_teleop) by extension 'ignore_ament_install'
[0.177s] Level 1:colcon.colcon_core.package_identification:_identify(src/f1_keyboard_teleop) by extensions ['colcon_pkg']
[0.177s] Level 1:colcon.colcon_core.package_identification:_identify(src/f1_keyboard_teleop) by extension 'colcon_pkg'
[0.177s] Level 1:colcon.colcon_core.package_identification:_identify(src/f1_keyboard_teleop) by extensions ['colcon_meta']
[0.177s] Level 1:colcon.colcon_core.package_identification:_identify(src/f1_keyboard_teleop) by extension 'colcon_meta'
[0.177s] Level 1:colcon.colcon_core.package_identification:_identify(src/f1_keyboard_teleop) by extensions ['ros']
[0.177s] Level 1:colcon.colcon_core.package_identification:_identify(src/f1_keyboard_teleop) by extension 'ros'
[0.177s] DEBUG:colcon.colcon_core.package_identification:Package 'src/f1_keyboard_teleop' with type 'ros.ament_cmake' and name 'f1_keyboard_teleop'
[0.177s] Level 1:colcon.colcon_core.package_identification:_identify(src/f1tenth_gym_ros) by extensions ['ignore', 'ignore_ament_install']
[0.178s] Level 1:colcon.colcon_core.package_identification:_identify(src/f1tenth_gym_ros) by extension 'ignore'
[0.178s] Level 1:colcon.colcon_core.package_identification:_identify(src/f1tenth_gym_ros) by extension 'ignore_ament_install'
[0.178s] Level 1:colcon.colcon_core.package_identification:_identify(src/f1tenth_gym_ros) by extensions ['colcon_pkg']
[0.178s] Level 1:colcon.colcon_core.package_identification:_identify(src/f1tenth_gym_ros) by extension 'colcon_pkg'
[0.178s] Level 1:colcon.colcon_core.package_identification:_identify(src/f1tenth_gym_ros) by extensions ['colcon_meta']
[0.178s] Level 1:colcon.colcon_core.package_identification:_identify(src/f1tenth_gym_ros) by extension 'colcon_meta'
[0.178s] Level 1:colcon.colcon_core.package_identification:_identify(src/f1tenth_gym_ros) by extensions ['ros']
[0.178s] Level 1:colcon.colcon_core.package_identification:_identify(src/f1tenth_gym_ros) by extension 'ros'
[0.178s] DEBUG:colcon.colcon_core.package_identification:Package 'src/f1tenth_gym_ros' with type 'ros.ament_python' and name 'f1tenth_gym_ros'
[0.178s] Level 1:colcon.colcon_core.package_identification:_identify(src/f1tenth_slam_nav) by extensions ['ignore', 'ignore_ament_install']
[0.178s] Level 1:colcon.colcon_core.package_identification:_identify(src/f1tenth_slam_nav) by extension 'ignore'
[0.178s] Level 1:colcon.colcon_core.package_identification:_identify(src/f1tenth_slam_nav) by extension 'ignore_ament_install'
[0.178s] Level 1:colcon.colcon_core.package_identification:_identify(src/f1tenth_slam_nav) by extensions ['colcon_pkg']
[0.178s] Level 1:colcon.colcon_core.package_identification:_identify(src/f1tenth_slam_nav) by extension 'colcon_pkg'
[0.178s] Level 1:colcon.colcon_core.package_identification:_identify(src/f1tenth_slam_nav) by extensions ['colcon_meta']
[0.178s] Level 1:colcon.colcon_core.package_identification:_identify(src/f1tenth_slam_nav) by extension 'colcon_meta'
[0.178s] Level 1:colcon.colcon_core.package_identification:_identify(src/f1tenth_slam_nav) by extensions ['ros']
[0.178s] Level 1:colcon.colcon_core.package_identification:_identify(src/f1tenth_slam_nav) by extension 'ros'
[0.179s] DEBUG:colcon.colcon_core.package_identification:Package 'src/f1tenth_slam_nav' with type 'ros.ament_cmake' and name 'f1tenth_slam_nav'
[0.179s] Level 1:colcon.colcon_core.package_identification:_identify(src/install) by extensions ['ignore', 'ignore_ament_install']
[0.180s] Level 1:colcon.colcon_core.package_identification:_identify(src/install) by extension 'ignore'
[0.180s] Level 1:colcon.colcon_core.package_identification:_identify(src/install) ignored
[0.180s] Level 1:colcon.colcon_core.package_identification:_identify(src/log) by extensions ['ignore', 'ignore_ament_install']
[0.180s] Level 1:colcon.colcon_core.package_identification:_identify(src/log) by extension 'ignore'
[0.180s] Level 1:colcon.colcon_core.package_identification:_identify(src/log) ignored
[0.180s] Level 1:colcon.colcon_core.package_identification:_identify(src/scan_tools) by extensions ['ignore', 'ignore_ament_install']
[0.180s] Level 1:colcon.colcon_core.package_identification:_identify(src/scan_tools) by extension 'ignore'
[0.180s] Level 1:colcon.colcon_core.package_identification:_identify(src/scan_tools) by extension 'ignore_ament_install'
[0.180s] Level 1:colcon.colcon_core.package_identification:_identify(src/scan_tools) by extensions ['colcon_pkg']
[0.180s] Level 1:colcon.colcon_core.package_identification:_identify(src/scan_tools) by extension 'colcon_pkg'
[0.180s] Level 1:colcon.colcon_core.package_identification:_identify(src/scan_tools) by extensions ['colcon_meta']
[0.180s] Level 1:colcon.colcon_core.package_identification:_identify(src/scan_tools) by extension 'colcon_meta'
[0.180s] Level 1:colcon.colcon_core.package_identification:_identify(src/scan_tools) by extensions ['ros']
[0.180s] Level 1:colcon.colcon_core.package_identification:_identify(src/scan_tools) by extension 'ros'
[0.180s] DEBUG:colcon.colcon_core.package_identification:Package 'src/scan_tools' with type 'ros.ament_cmake' and name 'scan_tools'
[0.180s] Level 1:colcon.colcon_core.package_discovery:discover_packages(recursive) using defaults
[0.180s] Level 1:colcon.colcon_core.package_discovery:discover_packages(ignore) discover
[0.180s] Level 1:colcon.colcon_core.package_discovery:discover_packages(ignore) using defaults
[0.180s] Level 1:colcon.colcon_core.package_discovery:discover_packages(path) discover
[0.180s] Level 1:colcon.colcon_core.package_discovery:discover_packages(path) using defaults
[0.192s] Level 1:colcon.colcon_core.package_discovery:discover_packages(prefix_path) check parameters
[0.193s] Level 1:colcon.colcon_core.package_discovery:discover_packages(prefix_path) discover
[0.194s] DEBUG:colcon.colcon_installed_package_information.package_discovery:Found 6 installed packages in /home/ojg/sim_ws/install
[0.194s] DEBUG:colcon.colcon_installed_package_information.package_discovery:Found 337 installed packages in /opt/ros/humble
[0.196s] Level 1:colcon.colcon_core.package_discovery:discover_packages(prefix_path) using defaults
[0.219s] Level 5:colcon.colcon_core.verb:set package 'center_follow_cpp' build argument 'cmake_args' from command line to 'None'
[0.219s] Level 5:colcon.colcon_core.verb:set package 'center_follow_cpp' build argument 'cmake_target' from command line to 'None'
[0.219s] Level 5:colcon.colcon_core.verb:set package 'center_follow_cpp' build argument 'cmake_target_skip_unavailable' from command line to 'False'
[0.219s] Level 5:colcon.colcon_core.verb:set package 'center_follow_cpp' build argument 'cmake_clean_cache' from command line to 'False'
[0.219s] Level 5:colcon.colcon_core.verb:set package 'center_follow_cpp' build argument 'cmake_clean_first' from command line to 'False'
[0.219s] Level 5:colcon.colcon_core.verb:set package 'center_follow_cpp' build argument 'cmake_force_configure' from command line to 'False'
[0.219s] Level 5:colcon.colcon_core.verb:set package 'center_follow_cpp' build argument 'ament_cmake_args' from command line to 'None'
[0.219s] Level 5:colcon.colcon_core.verb:set package 'center_follow_cpp' build argument 'catkin_cmake_args' from command line to 'None'
[0.219s] Level 5:colcon.colcon_core.verb:set package 'center_follow_cpp' build argument 'catkin_skip_building_tests' from command line to 'False'
[0.219s] DEBUG:colcon.colcon_core.verb:Building package 'center_follow_cpp' with the following arguments: {'ament_cmake_args': None, 'build_base': '/home/ojg/sim_ws/build/center_follow_cpp', 'catkin_cmake_args': None, 'catkin_skip_building_tests': False, 'cmake_args': None, 'cmake_clean_cache': False, 'cmake_clean_first': False, 'cmake_force_configure': False, 'cmake_target': None, 'cmake_target_skip_unavailable': False, 'install_base': '/home/ojg/sim_ws/install/center_follow_cpp', 'merge_install': False, 'path': '/home/ojg/sim_ws/src/center_follow_cpp', 'symlink_install': False, 'test_result_base': None}
[0.219s] Level 5:colcon.colcon_core.verb:set package 'f1_keyboard_teleop' build argument 'cmake_args' from command line to 'None'
[0.219s] Level 5:colcon.colcon_core.verb:set package 'f1_keyboard_teleop' build argument 'cmake_target' from command line to 'None'
[0.219s] Level 5:colcon.colcon_core.verb:set package 'f1_keyboard_teleop' build argument 'cmake_target_skip_unavailable' from command line to 'False'
[0.219s] Level 5:colcon.colcon_core.verb:set package 'f1_keyboard_teleop' build argument 'cmake_clean_cache' from command line to 'False'
[0.219s] Level 5:colcon.colcon_core.verb:set package 'f1_keyboard_teleop' build argument 'cmake_clean_first' from command line to 'False'
[0.219s] Level 5:colcon.colcon_core.verb:set package 'f1_keyboard_teleop' build argument 'cmake_force_configure' from command line to 'False'
[0.219s] Level 5:colcon.colcon_core.verb:set package 'f1_keyboard_teleop' build argument 'ament_cmake_args' from command line to 'None'
[0.219s] Level 5:colcon.colcon_core.verb:set package 'f1_keyboard_teleop' build argument 'catkin_cmake_args' from command line to 'None'
[0.219s] Level 5:colcon.colcon_core.verb:set package 'f1_keyboard_teleop' build argument 'catkin_skip_building_tests' from command line to 'False'
[0.219s] DEBUG:colcon.colcon_core.verb:Building package 'f1_keyboard_teleop' with the following arguments: {'ament_cmake_args': None, 'build_base': '/home/ojg/sim_ws/build/f1_keyboard_teleop', 'catkin_cmake_args': None, 'catkin_skip_building_tests': False, 'cmake_args': None, 'cmake_clean_cache': False, 'cmake_clean_first': False, 'cmake_force_configure': False, 'cmake_target': None, 'cmake_target_skip_unavailable': False, 'install_base': '/home/ojg/sim_ws/install/f1_keyboard_teleop', 'merge_install': False, 'path': '/home/ojg/sim_ws/src/f1_keyboard_teleop', 'symlink_install': False, 'test_result_base': None}
[0.219s] Level 5:colcon.colcon_core.verb:set package 'f1tenth_gym_ros' build argument 'cmake_args' from command line to 'None'
[0.219s] Level 5:colcon.colcon_core.verb:set package 'f1tenth_gym_ros' build argument 'cmake_target' from command line to 'None'
[0.219s] Level 5:colcon.colcon_core.verb:set package 'f1tenth_gym_ros' build argument 'cmake_target_skip_unavailable' from command line to 'False'
[0.219s] Level 5:colcon.colcon_core.verb:set package 'f1tenth_gym_ros' build argument 'cmake_clean_cache' from command line to 'False'
[0.219s] Level 5:colcon.colcon_core.verb:set package 'f1tenth_gym_ros' build argument 'cmake_clean_first' from command line to 'False'
[0.219s] Level 5:colcon.colcon_core.verb:set package 'f1tenth_gym_ros' build argument 'cmake_force_configure' from command line to 'False'
[0.219s] Level 5:colcon.colcon_core.verb:set package 'f1tenth_gym_ros' build argument 'ament_cmake_args' from command line to 'None'
[0.219s] Level 5:colcon.colcon_core.verb:set package 'f1tenth_gym_ros' build argument 'catkin_cmake_args' from command line to 'None'
[0.219s] Level 5:colcon.colcon_core.verb:set package 'f1tenth_gym_ros' build argument 'catkin_skip_building_tests' from command line to 'False'
[0.219s] DEBUG:colcon.colcon_core.verb:Building package 'f1tenth_gym_ros' with the following arguments: {'ament_cmake_args': None, 'build_base': '/home/ojg/sim_ws/build/f1tenth_gym_ros', 'catkin_cmake_args': None, 'catkin_skip_building_tests': False, 'cmake_args': None, 'cmake_clean_cache': False, 'cmake_clean_first': False, 'cmake_force_configure': False, 'cmake_target': None, 'cmake_target_skip_unavailable': False, 'install_base': '/home/ojg/sim_ws/install/f1tenth_gym_ros', 'merge_install': False, 'path': '/home/ojg/sim_ws/src/f1tenth_gym_ros', 'symlink_install': False, 'test_result_base': None}
[0.220s] Level 5:colcon.colcon_core.verb:set package 'f1tenth_slam_nav' build argument 'cmake_args' from command line to 'None'
[0.220s] Level 5:colcon.colcon_core.verb:set package 'f1tenth_slam_nav' build argument 'cmake_target' from command line to 'None'
[0.220s] Level 5:colcon.colcon_core.verb:set package 'f1tenth_slam_nav' build argument 'cmake_target_skip_unavailable' from command line to 'False'
[0.220s] Level 5:colcon.colcon_core.verb:set package 'f1tenth_slam_nav' build argument 'cmake_clean_cache' from command line to 'False'
[0.220s] Level 5:colcon.colcon_core.verb:set package 'f1tenth_slam_nav' build argument 'cmake_clean_first' from command line to 'False'
[0.220s] Level 5:colcon.colcon_core.verb:set package 'f1tenth_slam_nav' build argument 'cmake_force_configure' from command line to 'False'
[0.220s] Level 5:colcon.colcon_core.verb:set package 'f1tenth_slam_nav' build argument 'ament_cmake_args' from command line to 'None'
[0.220s] Level 5:colcon.colcon_core.verb:set package 'f1tenth_slam_nav' build argument 'catkin_cmake_args' from command line to 'None'
[0.220s] Level 5:colcon.colcon_core.verb:set package 'f1tenth_slam_nav' build argument 'catkin_skip_building_tests' from command line to 'False'
[0.220s] DEBUG:colcon.colcon_core.verb:Building package 'f1tenth_slam_nav' with the following arguments: {'ament_cmake_args': None, 'build_base': '/home/ojg/sim_ws/build/f1tenth_slam_nav', 'catkin_cmake_args': None, 'catkin_skip_building_tests': False, 'cmake_args': None, 'cmake_clean_cache': False, 'cmake_clean_first': False, 'cmake_force_configure': False, 'cmake_target': None, 'cmake_target_skip_unavailable': False, 'install_base': '/home/ojg/sim_ws/install/f1tenth_slam_nav', 'merge_install': False, 'path': '/home/ojg/sim_ws/src/f1tenth_slam_nav', 'symlink_install': False, 'test_result_base': None}
[0.220s] Level 5:colcon.colcon_core.verb:set package 'scan_tools' build argument 'cmake_args' from command line to 'None'
[0.220s] Level 5:colcon.colcon_core.verb:set package 'scan_tools' build argument 'cmake_target' from command line to 'None'
[0.220s] Level 5:colcon.colcon_core.verb:set package 'scan_tools' build argument 'cmake_target_skip_unavailable' from command line to 'False'
[0.220s] Level 5:colcon.colcon_core.verb:set package 'scan_tools' build argument 'cmake_clean_cache' from command line to 'False'
[0.220s] Level 5:colcon.colcon_core.verb:set package 'scan_tools' build argument 'cmake_clean_first' from command line to 'False'
[0.220s] Level 5:colcon.colcon_core.verb:set package 'scan_tools' build argument 'cmake_force_configure' from command line to 'False'
[0.220s] Level 5:colcon.colcon_core.verb:set package 'scan_tools' build argument 'ament_cmake_args' from command line to 'None'
[0.220s] Level 5:colcon.colcon_core.verb:set package 'scan_tools' build argument 'catkin_cmake_args' from command line to 'None'
[0.220s] Level 5:colcon.colcon_core.verb:set package 'scan_tools' build argument 'catkin_skip_building_tests' from command line to 'False'
[0.220s] DEBUG:colcon.colcon_core.verb:Building package 'scan_tools' with the following arguments: {'ament_cmake_args': None, 'build_base': '/home/ojg/sim_ws/build/scan_tools', 'catkin_cmake_args': None, 'catkin_skip_building_tests': False, 'cmake_args': None, 'cmake_clean_cache': False, 'cmake_clean_first': False, 'cmake_force_configure': False, 'cmake_target': None, 'cmake_target_skip_unavailable': False, 'install_base': '/home/ojg/sim_ws/install/scan_tools', 'merge_install': False, 'path': '/home/ojg/sim_ws/src/scan_tools', 'symlink_install': False, 'test_result_base': None}
[0.220s] INFO:colcon.colcon_core.executor:Executing jobs using 'parallel' executor
[0.221s] DEBUG:colcon.colcon_parallel_executor.executor.parallel:run_until_complete
[0.221s] INFO:colcon.colcon_ros.task.ament_cmake.build:Building ROS package in '/home/ojg/sim_ws/src/center_follow_cpp' with build type 'ament_cmake'
[0.221s] INFO:colcon.colcon_cmake.task.cmake.build:Building CMake package in '/home/ojg/sim_ws/src/center_follow_cpp'
[0.223s] INFO:colcon.colcon_core.plugin_system:Skipping extension 'colcon_core.shell.bat': Not used on non-Windows systems
[0.223s] INFO:colcon.colcon_core.shell:Skip shell extension 'powershell' for command environment: Not usable outside of PowerShell
[0.223s] DEBUG:colcon.colcon_core.shell:Skip shell extension 'dsv' for command environment
[0.225s] INFO:colcon.colcon_ros.task.ament_cmake.build:Building ROS package in '/home/ojg/sim_ws/src/f1_keyboard_teleop' with build type 'ament_cmake'
[0.225s] INFO:colcon.colcon_cmake.task.cmake.build:Building CMake package in '/home/ojg/sim_ws/src/f1_keyboard_teleop'
[0.225s] INFO:colcon.colcon_core.shell:Skip shell extension 'powershell' for command environment: Not usable outside of PowerShell
[0.225s] DEBUG:colcon.colcon_core.shell:Skip shell extension 'dsv' for command environment
[0.227s] INFO:colcon.colcon_ros.task.ament_python.build:Building ROS package in '/home/ojg/sim_ws/src/f1tenth_gym_ros' with build type 'ament_python'
[0.227s] Level 1:colcon.colcon_core.shell:create_environment_hook('f1tenth_gym_ros', 'ament_prefix_path')
[0.227s] INFO:colcon.colcon_core.shell:Creating environment hook '/home/ojg/sim_ws/install/f1tenth_gym_ros/share/f1tenth_gym_ros/hook/ament_prefix_path.ps1'
[0.227s] INFO:colcon.colcon_core.shell:Creating environment descriptor '/home/ojg/sim_ws/install/f1tenth_gym_ros/share/f1tenth_gym_ros/hook/ament_prefix_path.dsv'
[0.228s] INFO:colcon.colcon_core.shell:Creating environment hook '/home/ojg/sim_ws/install/f1tenth_gym_ros/share/f1tenth_gym_ros/hook/ament_prefix_path.sh'
[0.228s] INFO:colcon.colcon_core.shell:Skip shell extension 'powershell' for command environment: Not usable outside of PowerShell
[0.228s] DEBUG:colcon.colcon_core.shell:Skip shell extension 'dsv' for command environment
[0.230s] INFO:colcon.colcon_ros.task.ament_cmake.build:Building ROS package in '/home/ojg/sim_ws/src/f1tenth_slam_nav' with build type 'ament_cmake'
[0.230s] INFO:colcon.colcon_cmake.task.cmake.build:Building CMake package in '/home/ojg/sim_ws/src/f1tenth_slam_nav'
[0.230s] INFO:colcon.colcon_core.shell:Skip shell extension 'powershell' for command environment: Not usable outside of PowerShell
[0.230s] DEBUG:colcon.colcon_core.shell:Skip shell extension 'dsv' for command environment
[0.232s] INFO:colcon.colcon_ros.task.ament_cmake.build:Building ROS package in '/home/ojg/sim_ws/src/scan_tools' with build type 'ament_cmake'
[0.232s] INFO:colcon.colcon_cmake.task.cmake.build:Building CMake package in '/home/ojg/sim_ws/src/scan_tools'
[0.232s] INFO:colcon.colcon_core.shell:Skip shell extension 'powershell' for command environment: Not usable outside of PowerShell
[0.232s] DEBUG:colcon.colcon_core.shell:Skip shell extension 'dsv' for command environment
[0.236s] DEBUG:colcon.colcon_core.event_handler.log_command:Invoking command in '/home/ojg/sim_ws/build/center_follow_cpp': CMAKE_PREFIX_PATH=${CMAKE_PREFIX_PATH}:/home/ojg/sim_ws/install/f1tenth_gym_ros:/opt/ros/humble /usr/bin/cmake /home/ojg/sim_ws/src/center_follow_cpp -DCMAKE_INSTALL_PREFIX=/home/ojg/sim_ws/install/center_follow_cpp
[0.238s] DEBUG:colcon.colcon_core.event_handler.log_command:Invoking command in '/home/ojg/sim_ws/build/f1_keyboard_teleop': CMAKE_PREFIX_PATH=${CMAKE_PREFIX_PATH}:/home/ojg/sim_ws/install/f1tenth_gym_ros:/opt/ros/humble /usr/bin/cmake /home/ojg/sim_ws/src/f1_keyboard_teleop -DCMAKE_INSTALL_PREFIX=/home/ojg/sim_ws/install/f1_keyboard_teleop
[0.395s] INFO:colcon.colcon_core.task.python.build:Building Python package in '/home/ojg/sim_ws/src/f1tenth_gym_ros'
[0.396s] INFO:colcon.colcon_core.shell:Skip shell extension 'powershell' for command environment: Not usable outside of PowerShell
[0.396s] DEBUG:colcon.colcon_core.shell:Skip shell extension 'dsv' for command environment
[0.400s] DEBUG:colcon.colcon_core.event_handler.log_command:Invoking command in '/home/ojg/sim_ws/build/f1tenth_slam_nav': CMAKE_PREFIX_PATH=${CMAKE_PREFIX_PATH}:/home/ojg/sim_ws/install/f1tenth_gym_ros:/opt/ros/humble /usr/bin/cmake /home/ojg/sim_ws/src/f1tenth_slam_nav -DCMAKE_INSTALL_PREFIX=/home/ojg/sim_ws/install/f1tenth_slam_nav
[0.404s] DEBUG:colcon.colcon_core.event_handler.log_command:Invoking command in '/home/ojg/sim_ws/build/scan_tools': CMAKE_PREFIX_PATH=${CMAKE_PREFIX_PATH}:/home/ojg/sim_ws/install/f1tenth_gym_ros:/opt/ros/humble /usr/bin/cmake /home/ojg/sim_ws/src/scan_tools -DCMAKE_INSTALL_PREFIX=/home/ojg/sim_ws/install/scan_tools
[0.622s] DEBUG:colcon.colcon_core.event_handler.log_command:Invoked command in '/home/ojg/sim_ws/build/f1_keyboard_teleop' returned '0': CMAKE_PREFIX_PATH=${CMAKE_PREFIX_PATH}:/home/ojg/sim_ws/install/f1tenth_gym_ros:/opt/ros/humble /usr/bin/cmake /home/ojg/sim_ws/src/f1_keyboard_teleop -DCMAKE_INSTALL_PREFIX=/home/ojg/sim_ws/install/f1_keyboard_teleop
[0.624s] DEBUG:colcon.colcon_core.event_handler.log_command:Invoking command in '/home/ojg/sim_ws/build/f1_keyboard_teleop': CMAKE_PREFIX_PATH=${CMAKE_PREFIX_PATH}:/home/ojg/sim_ws/install/f1tenth_gym_ros:/opt/ros/humble /usr/bin/cmake --build /home/ojg/sim_ws/build/f1_keyboard_teleop -- -j18 -l18
[0.627s] DEBUG:colcon.colcon_core.event_handler.log_command:Invoked command in '/home/ojg/sim_ws/build/f1tenth_slam_nav' returned '0': CMAKE_PREFIX_PATH=${CMAKE_PREFIX_PATH}:/home/ojg/sim_ws/install/f1tenth_gym_ros:/opt/ros/humble /usr/bin/cmake /home/ojg/sim_ws/src/f1tenth_slam_nav -DCMAKE_INSTALL_PREFIX=/home/ojg/sim_ws/install/f1tenth_slam_nav
[0.628s] DEBUG:colcon.colcon_core.event_handler.log_command:Invoking command in '/home/ojg/sim_ws/build/f1tenth_slam_nav': CMAKE_PREFIX_PATH=${CMAKE_PREFIX_PATH}:/home/ojg/sim_ws/install/f1tenth_gym_ros:/opt/ros/humble /usr/bin/cmake --build /home/ojg/sim_ws/build/f1tenth_slam_nav -- -j18 -l18
[0.630s] DEBUG:colcon.colcon_core.event_handler.log_command:Invoking command in '/home/ojg/sim_ws/build/f1tenth_gym_ros': PYTHONPATH=/home/ojg/sim_ws/build/f1tenth_gym_ros/prefix_override:/usr/lib/python3/dist-packages/colcon_core/task/python/colcon_distutils_commands:/home/ojg/sim_ws/install/f1tenth_gym_ros/lib/python3.10/site-packages:${PYTHONPATH} /usr/bin/python3 -W ignore:setup.py install is deprecated -W ignore:easy_install command is deprecated setup.py develop --uninstall --editable --build-directory /home/ojg/sim_ws/build/f1tenth_gym_ros/build
[0.680s] DEBUG:colcon.colcon_core.event_handler.log_command:Invoked command in '/home/ojg/sim_ws/build/f1_keyboard_teleop' returned '0': CMAKE_PREFIX_PATH=${CMAKE_PREFIX_PATH}:/home/ojg/sim_ws/install/f1tenth_gym_ros:/opt/ros/humble /usr/bin/cmake --build /home/ojg/sim_ws/build/f1_keyboard_teleop -- -j18 -l18
[0.688s] DEBUG:colcon.colcon_core.event_handler.log_command:Invoking command in '/home/ojg/sim_ws/build/f1_keyboard_teleop': CMAKE_PREFIX_PATH=${CMAKE_PREFIX_PATH}:/home/ojg/sim_ws/install/f1tenth_gym_ros:/opt/ros/humble /usr/bin/cmake --install /home/ojg/sim_ws/build/f1_keyboard_teleop
[0.702s] Level 1:colcon.colcon_core.environment:create_environment_scripts_only(f1_keyboard_teleop)
[0.703s] DEBUG:colcon.colcon_core.event_handler.log_command:Invoked command in '/home/ojg/sim_ws/build/f1_keyboard_teleop' returned '0': CMAKE_PREFIX_PATH=${CMAKE_PREFIX_PATH}:/home/ojg/sim_ws/install/f1tenth_gym_ros:/opt/ros/humble /usr/bin/cmake --install /home/ojg/sim_ws/build/f1_keyboard_teleop
[0.705s] Level 1:colcon.colcon_core.environment:checking '/home/ojg/sim_ws/install/f1_keyboard_teleop' for CMake module files
[0.706s] Level 1:colcon.colcon_core.environment:checking '/home/ojg/sim_ws/install/f1_keyboard_teleop' for CMake config files
[0.706s] Level 1:colcon.colcon_core.shell:create_environment_hook('f1_keyboard_teleop', 'cmake_prefix_path')
[0.706s] INFO:colcon.colcon_core.shell:Creating environment hook '/home/ojg/sim_ws/install/f1_keyboard_teleop/share/f1_keyboard_teleop/hook/cmake_prefix_path.ps1'
[0.707s] INFO:colcon.colcon_core.shell:Creating environment descriptor '/home/ojg/sim_ws/install/f1_keyboard_teleop/share/f1_keyboard_teleop/hook/cmake_prefix_path.dsv'
[0.707s] INFO:colcon.colcon_core.shell:Creating environment hook '/home/ojg/sim_ws/install/f1_keyboard_teleop/share/f1_keyboard_teleop/hook/cmake_prefix_path.sh'
[0.708s] Level 1:colcon.colcon_core.environment:checking '/home/ojg/sim_ws/install/f1_keyboard_teleop/lib'
[0.708s] Level 1:colcon.colcon_core.environment:checking '/home/ojg/sim_ws/install/f1_keyboard_teleop/bin'
[0.708s] Level 1:colcon.colcon_core.environment:checking '/home/ojg/sim_ws/install/f1_keyboard_teleop/lib/pkgconfig/f1_keyboard_teleop.pc'
[0.708s] Level 1:colcon.colcon_core.environment:checking '/home/ojg/sim_ws/install/f1_keyboard_teleop/lib/python3.10/site-packages'
[0.708s] Level 1:colcon.colcon_core.environment:checking '/home/ojg/sim_ws/install/f1_keyboard_teleop/bin'
[0.709s] INFO:colcon.colcon_core.shell:Creating package script '/home/ojg/sim_ws/install/f1_keyboard_teleop/share/f1_keyboard_teleop/package.ps1'
[0.709s] INFO:colcon.colcon_core.shell:Creating package descriptor '/home/ojg/sim_ws/install/f1_keyboard_teleop/share/f1_keyboard_teleop/package.dsv'
[0.710s] INFO:colcon.colcon_core.shell:Creating package script '/home/ojg/sim_ws/install/f1_keyboard_teleop/share/f1_keyboard_teleop/package.sh'
[0.710s] INFO:colcon.colcon_core.shell:Creating package script '/home/ojg/sim_ws/install/f1_keyboard_teleop/share/f1_keyboard_teleop/package.bash'
[0.711s] INFO:colcon.colcon_core.shell:Creating package script '/home/ojg/sim_ws/install/f1_keyboard_teleop/share/f1_keyboard_teleop/package.zsh'
[0.711s] Level 1:colcon.colcon_core.environment:create_file_with_runtime_dependencies(/home/ojg/sim_ws/install/f1_keyboard_teleop/share/colcon-core/packages/f1_keyboard_teleop)
[0.711s] Level 1:colcon.colcon_core.environment:create_environment_scripts_only(f1_keyboard_teleop)
[0.712s] Level 1:colcon.colcon_core.environment:checking '/home/ojg/sim_ws/install/f1_keyboard_teleop' for CMake module files
[0.712s] Level 1:colcon.colcon_core.environment:checking '/home/ojg/sim_ws/install/f1_keyboard_teleop' for CMake config files
[0.712s] Level 1:colcon.colcon_core.shell:create_environment_hook('f1_keyboard_teleop', 'cmake_prefix_path')
[0.712s] INFO:colcon.colcon_core.shell:Creating environment hook '/home/ojg/sim_ws/install/f1_keyboard_teleop/share/f1_keyboard_teleop/hook/cmake_prefix_path.ps1'
[0.712s] INFO:colcon.colcon_core.shell:Creating environment descriptor '/home/ojg/sim_ws/install/f1_keyboard_teleop/share/f1_keyboard_teleop/hook/cmake_prefix_path.dsv'
[0.713s] INFO:colcon.colcon_core.shell:Creating environment hook '/home/ojg/sim_ws/install/f1_keyboard_teleop/share/f1_keyboard_teleop/hook/cmake_prefix_path.sh'
[0.713s] Level 1:colcon.colcon_core.environment:checking '/home/ojg/sim_ws/install/f1_keyboard_teleop/lib'
[0.713s] Level 1:colcon.colcon_core.environment:checking '/home/ojg/sim_ws/install/f1_keyboard_teleop/bin'
[0.713s] Level 1:colcon.colcon_core.environment:checking '/home/ojg/sim_ws/install/f1_keyboard_teleop/lib/pkgconfig/f1_keyboard_teleop.pc'
[0.713s] Level 1:colcon.colcon_core.environment:checking '/home/ojg/sim_ws/install/f1_keyboard_teleop/lib/python3.10/site-packages'
[0.713s] Level 1:colcon.colcon_core.environment:checking '/home/ojg/sim_ws/install/f1_keyboard_teleop/bin'
[0.713s] INFO:colcon.colcon_core.shell:Creating package script '/home/ojg/sim_ws/install/f1_keyboard_teleop/share/f1_keyboard_teleop/package.ps1'
[0.714s] INFO:colcon.colcon_core.shell:Creating package descriptor '/home/ojg/sim_ws/install/f1_keyboard_teleop/share/f1_keyboard_teleop/package.dsv'
[0.714s] INFO:colcon.colcon_core.shell:Creating package script '/home/ojg/sim_ws/install/f1_keyboard_teleop/share/f1_keyboard_teleop/package.sh'
[0.714s] INFO:colcon.colcon_core.shell:Creating package script '/home/ojg/sim_ws/install/f1_keyboard_teleop/share/f1_keyboard_teleop/package.bash'
[0.714s] INFO:colcon.colcon_core.shell:Creating package script '/home/ojg/sim_ws/install/f1_keyboard_teleop/share/f1_keyboard_teleop/package.zsh'
[0.714s] Level 1:colcon.colcon_core.environment:create_file_with_runtime_dependencies(/home/ojg/sim_ws/install/f1_keyboard_teleop/share/colcon-core/packages/f1_keyboard_teleop)
[0.716s] DEBUG:colcon.colcon_core.event_handler.log_command:Invoked command in '/home/ojg/sim_ws/build/center_follow_cpp' returned '0': CMAKE_PREFIX_PATH=${CMAKE_PREFIX_PATH}:/home/ojg/sim_ws/install/f1tenth_gym_ros:/opt/ros/humble /usr/bin/cmake /home/ojg/sim_ws/src/center_follow_cpp -DCMAKE_INSTALL_PREFIX=/home/ojg/sim_ws/install/center_follow_cpp
[0.717s] DEBUG:colcon.colcon_core.event_handler.log_command:Invoking command in '/home/ojg/sim_ws/build/center_follow_cpp': CMAKE_PREFIX_PATH=${CMAKE_PREFIX_PATH}:/home/ojg/sim_ws/install/f1tenth_gym_ros:/opt/ros/humble /usr/bin/cmake --build /home/ojg/sim_ws/build/center_follow_cpp -- -j18 -l18
[0.768s] DEBUG:colcon.colcon_core.event_handler.log_command:Invoked command in '/home/ojg/sim_ws/build/scan_tools' returned '0': CMAKE_PREFIX_PATH=${CMAKE_PREFIX_PATH}:/home/ojg/sim_ws/install/f1tenth_gym_ros:/opt/ros/humble /usr/bin/cmake /home/ojg/sim_ws/src/scan_tools -DCMAKE_INSTALL_PREFIX=/home/ojg/sim_ws/install/scan_tools
[0.769s] DEBUG:colcon.colcon_core.event_handler.log_command:Invoking command in '/home/ojg/sim_ws/build/scan_tools': CMAKE_PREFIX_PATH=${CMAKE_PREFIX_PATH}:/home/ojg/sim_ws/install/f1tenth_gym_ros:/opt/ros/humble /usr/bin/cmake --build /home/ojg/sim_ws/build/scan_tools -- -j18 -l18
[0.783s] DEBUG:colcon.colcon_core.event_handler.log_command:Invoked command in '/home/ojg/sim_ws/build/center_follow_cpp' returned '0': CMAKE_PREFIX_PATH=${CMAKE_PREFIX_PATH}:/home/ojg/sim_ws/install/f1tenth_gym_ros:/opt/ros/humble /usr/bin/cmake --build /home/ojg/sim_ws/build/center_follow_cpp -- -j18 -l18
[0.784s] DEBUG:colcon.colcon_core.event_handler.log_command:Invoking command in '/home/ojg/sim_ws/build/center_follow_cpp': CMAKE_PREFIX_PATH=${CMAKE_PREFIX_PATH}:/home/ojg/sim_ws/install/f1tenth_gym_ros:/opt/ros/humble /usr/bin/cmake --install /home/ojg/sim_ws/build/center_follow_cpp
[0.797s] Level 1:colcon.colcon_core.environment:create_environment_scripts_only(center_follow_cpp)
[0.798s] Level 1:colcon.colcon_core.environment:checking '/home/ojg/sim_ws/install/center_follow_cpp' for CMake module files
[0.798s] DEBUG:colcon.colcon_core.event_handler.log_command:Invoked command in '/home/ojg/sim_ws/build/center_follow_cpp' returned '0': CMAKE_PREFIX_PATH=${CMAKE_PREFIX_PATH}:/home/ojg/sim_ws/install/f1tenth_gym_ros:/opt/ros/humble /usr/bin/cmake --install /home/ojg/sim_ws/build/center_follow_cpp
[0.799s] Level 1:colcon.colcon_core.environment:checking '/home/ojg/sim_ws/install/center_follow_cpp' for CMake config files
[0.799s] Level 1:colcon.colcon_core.shell:create_environment_hook('center_follow_cpp', 'cmake_prefix_path')
[0.799s] INFO:colcon.colcon_core.shell:Creating environment hook '/home/ojg/sim_ws/install/center_follow_cpp/share/center_follow_cpp/hook/cmake_prefix_path.ps1'
[0.800s] INFO:colcon.colcon_core.shell:Creating environment descriptor '/home/ojg/sim_ws/install/center_follow_cpp/share/center_follow_cpp/hook/cmake_prefix_path.dsv'
[0.800s] INFO:colcon.colcon_core.shell:Creating environment hook '/home/ojg/sim_ws/install/center_follow_cpp/share/center_follow_cpp/hook/cmake_prefix_path.sh'
[0.801s] Level 1:colcon.colcon_core.environment:checking '/home/ojg/sim_ws/install/center_follow_cpp/lib'
[0.801s] Level 1:colcon.colcon_core.environment:checking '/home/ojg/sim_ws/install/center_follow_cpp/bin'
[0.801s] Level 1:colcon.colcon_core.environment:checking '/home/ojg/sim_ws/install/center_follow_cpp/lib/pkgconfig/center_follow_cpp.pc'
[0.801s] Level 1:colcon.colcon_core.environment:checking '/home/ojg/sim_ws/install/center_follow_cpp/lib/python3.10/site-packages'
[0.801s] Level 1:colcon.colcon_core.environment:checking '/home/ojg/sim_ws/install/center_follow_cpp/bin'
[0.802s] INFO:colcon.colcon_core.shell:Creating package script '/home/ojg/sim_ws/install/center_follow_cpp/share/center_follow_cpp/package.ps1'
[0.802s] INFO:colcon.colcon_core.shell:Creating package descriptor '/home/ojg/sim_ws/install/center_follow_cpp/share/center_follow_cpp/package.dsv'
[0.802s] INFO:colcon.colcon_core.shell:Creating package script '/home/ojg/sim_ws/install/center_follow_cpp/share/center_follow_cpp/package.sh'
[0.803s] INFO:colcon.colcon_core.shell:Creating package script '/home/ojg/sim_ws/install/center_follow_cpp/share/center_follow_cpp/package.bash'
[0.803s] INFO:colcon.colcon_core.shell:Creating package script '/home/ojg/sim_ws/install/center_follow_cpp/share/center_follow_cpp/package.zsh'
[0.803s] Level 1:colcon.colcon_core.environment:create_file_with_runtime_dependencies(/home/ojg/sim_ws/install/center_follow_cpp/share/colcon-core/packages/center_follow_cpp)
[0.803s] Level 1:colcon.colcon_core.environment:create_environment_scripts_only(center_follow_cpp)
[0.803s] Level 1:colcon.colcon_core.environment:checking '/home/ojg/sim_ws/install/center_follow_cpp' for CMake module files
[0.804s] Level 1:colcon.colcon_core.environment:checking '/home/ojg/sim_ws/install/center_follow_cpp' for CMake config files
[0.804s] Level 1:colcon.colcon_core.shell:create_environment_hook('center_follow_cpp', 'cmake_prefix_path')
[0.804s] INFO:colcon.colcon_core.shell:Creating environment hook '/home/ojg/sim_ws/install/center_follow_cpp/share/center_follow_cpp/hook/cmake_prefix_path.ps1'
[0.804s] INFO:colcon.colcon_core.shell:Creating environment descriptor '/home/ojg/sim_ws/install/center_follow_cpp/share/center_follow_cpp/hook/cmake_prefix_path.dsv'
[0.804s] INFO:colcon.colcon_core.shell:Creating environment hook '/home/ojg/sim_ws/install/center_follow_cpp/share/center_follow_cpp/hook/cmake_prefix_path.sh'
[0.805s] Level 1:colcon.colcon_core.environment:checking '/home/ojg/sim_ws/install/center_follow_cpp/lib'
[0.805s] Level 1:colcon.colcon_core.environment:checking '/home/ojg/sim_ws/install/center_follow_cpp/bin'
[0.805s] Level 1:colcon.colcon_core.environment:checking '/home/ojg/sim_ws/install/center_follow_cpp/lib/pkgconfig/center_follow_cpp.pc'
[0.805s] Level 1:colcon.colcon_core.environment:checking '/home/ojg/sim_ws/install/center_follow_cpp/lib/python3.10/site-packages'
[0.805s] Level 1:colcon.colcon_core.environment:checking '/home/ojg/sim_ws/install/center_follow_cpp/bin'
[0.805s] INFO:colcon.colcon_core.shell:Creating package script '/home/ojg/sim_ws/install/center_follow_cpp/share/center_follow_cpp/package.ps1'
[0.805s] INFO:colcon.colcon_core.shell:Creating package descriptor '/home/ojg/sim_ws/install/center_follow_cpp/share/center_follow_cpp/package.dsv'
[0.806s] INFO:colcon.colcon_core.shell:Creating package script '/home/ojg/sim_ws/install/center_follow_cpp/share/center_follow_cpp/package.sh'
[0.806s] INFO:colcon.colcon_core.shell:Creating package script '/home/ojg/sim_ws/install/center_follow_cpp/share/center_follow_cpp/package.bash'
[0.806s] INFO:colcon.colcon_core.shell:Creating package script '/home/ojg/sim_ws/install/center_follow_cpp/share/center_follow_cpp/package.zsh'
[0.806s] Level 1:colcon.colcon_core.environment:create_file_with_runtime_dependencies(/home/ojg/sim_ws/install/center_follow_cpp/share/colcon-core/packages/center_follow_cpp)
[0.807s] DEBUG:colcon.colcon_core.event_handler.log_command:Invoked command in '/home/ojg/sim_ws/build/scan_tools' returned '0': CMAKE_PREFIX_PATH=${CMAKE_PREFIX_PATH}:/home/ojg/sim_ws/install/f1tenth_gym_ros:/opt/ros/humble /usr/bin/cmake --build /home/ojg/sim_ws/build/scan_tools -- -j18 -l18
[0.807s] DEBUG:colcon.colcon_core.event_handler.log_command:Invoking command in '/home/ojg/sim_ws/build/scan_tools': CMAKE_PREFIX_PATH=${CMAKE_PREFIX_PATH}:/home/ojg/sim_ws/install/f1tenth_gym_ros:/opt/ros/humble /usr/bin/cmake --install /home/ojg/sim_ws/build/scan_tools
[0.820s] Level 1:colcon.colcon_core.environment:create_environment_scripts_only(scan_tools)
[0.821s] Level 1:colcon.colcon_core.environment:checking '/home/ojg/sim_ws/install/scan_tools' for CMake module files
[0.821s] DEBUG:colcon.colcon_core.event_handler.log_command:Invoked command in '/home/ojg/sim_ws/build/scan_tools' returned '0': CMAKE_PREFIX_PATH=${CMAKE_PREFIX_PATH}:/home/ojg/sim_ws/install/f1tenth_gym_ros:/opt/ros/humble /usr/bin/cmake --install /home/ojg/sim_ws/build/scan_tools
[0.821s] Level 1:colcon.colcon_core.environment:checking '/home/ojg/sim_ws/install/scan_tools' for CMake config files
[0.821s] Level 1:colcon.colcon_core.shell:create_environment_hook('scan_tools', 'cmake_prefix_path')
[0.822s] INFO:colcon.colcon_core.shell:Creating environment hook '/home/ojg/sim_ws/install/scan_tools/share/scan_tools/hook/cmake_prefix_path.ps1'
[0.822s] INFO:colcon.colcon_core.shell:Creating environment descriptor '/home/ojg/sim_ws/install/scan_tools/share/scan_tools/hook/cmake_prefix_path.dsv'
[0.822s] INFO:colcon.colcon_core.shell:Creating environment hook '/home/ojg/sim_ws/install/scan_tools/share/scan_tools/hook/cmake_prefix_path.sh'
[0.822s] Level 1:colcon.colcon_core.environment:checking '/home/ojg/sim_ws/install/scan_tools/bin'
[0.822s] Level 1:colcon.colcon_core.environment:checking '/home/ojg/sim_ws/install/scan_tools/lib/pkgconfig/scan_tools.pc'
[0.823s] Level 1:colcon.colcon_core.environment:checking '/home/ojg/sim_ws/install/scan_tools/lib/python3.10/site-packages'
[0.823s] Level 1:colcon.colcon_core.environment:checking '/home/ojg/sim_ws/install/scan_tools/bin'
[0.823s] INFO:colcon.colcon_core.shell:Creating package script '/home/ojg/sim_ws/install/scan_tools/share/scan_tools/package.ps1'
[0.823s] INFO:colcon.colcon_core.shell:Creating package descriptor '/home/ojg/sim_ws/install/scan_tools/share/scan_tools/package.dsv'
[0.823s] INFO:colcon.colcon_core.shell:Creating package script '/home/ojg/sim_ws/install/scan_tools/share/scan_tools/package.sh'
[0.824s] INFO:colcon.colcon_core.shell:Creating package script '/home/ojg/sim_ws/install/scan_tools/share/scan_tools/package.bash'
[0.824s] INFO:colcon.colcon_core.shell:Creating package script '/home/ojg/sim_ws/install/scan_tools/share/scan_tools/package.zsh'
[0.824s] Level 1:colcon.colcon_core.environment:create_file_with_runtime_dependencies(/home/ojg/sim_ws/install/scan_tools/share/colcon-core/packages/scan_tools)
[0.824s] Level 1:colcon.colcon_core.environment:create_environment_scripts_only(scan_tools)
[0.824s] Level 1:colcon.colcon_core.environment:checking '/home/ojg/sim_ws/install/scan_tools' for CMake module files
[0.825s] Level 1:colcon.colcon_core.environment:checking '/home/ojg/sim_ws/install/scan_tools' for CMake config files
[0.825s] Level 1:colcon.colcon_core.shell:create_environment_hook('scan_tools', 'cmake_prefix_path')
[0.825s] INFO:colcon.colcon_core.shell:Creating environment hook '/home/ojg/sim_ws/install/scan_tools/share/scan_tools/hook/cmake_prefix_path.ps1'
[0.825s] INFO:colcon.colcon_core.shell:Creating environment descriptor '/home/ojg/sim_ws/install/scan_tools/share/scan_tools/hook/cmake_prefix_path.dsv'
[0.825s] INFO:colcon.colcon_core.shell:Creating environment hook '/home/ojg/sim_ws/install/scan_tools/share/scan_tools/hook/cmake_prefix_path.sh'
[0.825s] Level 1:colcon.colcon_core.environment:checking '/home/ojg/sim_ws/install/scan_tools/bin'
[0.825s] Level 1:colcon.colcon_core.environment:checking '/home/ojg/sim_ws/install/scan_tools/lib/pkgconfig/scan_tools.pc'
[0.826s] Level 1:colcon.colcon_core.environment:checking '/home/ojg/sim_ws/install/scan_tools/lib/python3.10/site-packages'
[0.826s] Level 1:colcon.colcon_core.environment:checking '/home/ojg/sim_ws/install/scan_tools/bin'
[0.826s] INFO:colcon.colcon_core.shell:Creating package script '/home/ojg/sim_ws/install/scan_tools/share/scan_tools/package.ps1'
[0.826s] INFO:colcon.colcon_core.shell:Creating package descriptor '/home/ojg/sim_ws/install/scan_tools/share/scan_tools/package.dsv'
[0.826s] INFO:colcon.colcon_core.shell:Creating package script '/home/ojg/sim_ws/install/scan_tools/share/scan_tools/package.sh'
[0.827s] INFO:colcon.colcon_core.shell:Creating package script '/home/ojg/sim_ws/install/scan_tools/share/scan_tools/package.bash'
[0.827s] INFO:colcon.colcon_core.shell:Creating package script '/home/ojg/sim_ws/install/scan_tools/share/scan_tools/package.zsh'
[0.827s] Level 1:colcon.colcon_core.environment:create_file_with_runtime_dependencies(/home/ojg/sim_ws/install/scan_tools/share/colcon-core/packages/scan_tools)
[0.872s] DEBUG:colcon.colcon_core.event_handler.log_command:Invoked command in '/home/ojg/sim_ws/build/f1tenth_slam_nav' returned '0': CMAKE_PREFIX_PATH=${CMAKE_PREFIX_PATH}:/home/ojg/sim_ws/install/f1tenth_gym_ros:/opt/ros/humble /usr/bin/cmake --build /home/ojg/sim_ws/build/f1tenth_slam_nav -- -j18 -l18
[0.873s] DEBUG:colcon.colcon_core.event_handler.log_command:Invoking command in '/home/ojg/sim_ws/build/f1tenth_slam_nav': CMAKE_PREFIX_PATH=${CMAKE_PREFIX_PATH}:/home/ojg/sim_ws/install/f1tenth_gym_ros:/opt/ros/humble /usr/bin/cmake --install /home/ojg/sim_ws/build/f1tenth_slam_nav
[0.911s] Level 1:colcon.colcon_core.environment:create_environment_scripts_only(f1tenth_slam_nav)
[0.912s] DEBUG:colcon.colcon_core.event_handler.log_command:Invoked command in '/home/ojg/sim_ws/build/f1tenth_slam_nav' returned '0': CMAKE_PREFIX_PATH=${CMAKE_PREFIX_PATH}:/home/ojg/sim_ws/install/f1tenth_gym_ros:/opt/ros/humble /usr/bin/cmake --install /home/ojg/sim_ws/build/f1tenth_slam_nav
[0.912s] Level 1:colcon.colcon_core.environment:checking '/home/ojg/sim_ws/install/f1tenth_slam_nav' for CMake module files
[0.913s] Level 1:colcon.colcon_core.environment:checking '/home/ojg/sim_ws/install/f1tenth_slam_nav' for CMake config files
[0.913s] Level 1:colcon.colcon_core.shell:create_environment_hook('f1tenth_slam_nav', 'cmake_prefix_path')
[0.914s] INFO:colcon.colcon_core.shell:Creating environment hook '/home/ojg/sim_ws/install/f1tenth_slam_nav/share/f1tenth_slam_nav/hook/cmake_prefix_path.ps1'
[0.914s] INFO:colcon.colcon_core.shell:Creating environment descriptor '/home/ojg/sim_ws/install/f1tenth_slam_nav/share/f1tenth_slam_nav/hook/cmake_prefix_path.dsv'
[0.915s] INFO:colcon.colcon_core.shell:Creating environment hook '/home/ojg/sim_ws/install/f1tenth_slam_nav/share/f1tenth_slam_nav/hook/cmake_prefix_path.sh'
[0.915s] Level 1:colcon.colcon_core.environment:checking '/home/ojg/sim_ws/install/f1tenth_slam_nav/lib'
[0.915s] Level 1:colcon.colcon_core.environment:checking '/home/ojg/sim_ws/install/f1tenth_slam_nav/bin'
[0.915s] Level 1:colcon.colcon_core.environment:checking '/home/ojg/sim_ws/install/f1tenth_slam_nav/lib/pkgconfig/f1tenth_slam_nav.pc'
[0.916s] Level 1:colcon.colcon_core.environment:checking '/home/ojg/sim_ws/install/f1tenth_slam_nav/lib/python3.10/site-packages'
[0.916s] Level 1:colcon.colcon_core.environment:checking '/home/ojg/sim_ws/install/f1tenth_slam_nav/bin'
[0.916s] INFO:colcon.colcon_core.shell:Creating package script '/home/ojg/sim_ws/install/f1tenth_slam_nav/share/f1tenth_slam_nav/package.ps1'
[0.917s] INFO:colcon.colcon_core.shell:Creating package descriptor '/home/ojg/sim_ws/install/f1tenth_slam_nav/share/f1tenth_slam_nav/package.dsv'
[0.917s] INFO:colcon.colcon_core.shell:Creating package script '/home/ojg/sim_ws/install/f1tenth_slam_nav/share/f1tenth_slam_nav/package.sh'
[0.917s] INFO:colcon.colcon_core.shell:Creating package script '/home/ojg/sim_ws/install/f1tenth_slam_nav/share/f1tenth_slam_nav/package.bash'
[0.918s] INFO:colcon.colcon_core.shell:Creating package script '/home/ojg/sim_ws/install/f1tenth_slam_nav/share/f1tenth_slam_nav/package.zsh'
[0.918s] Level 1:colcon.colcon_core.environment:create_file_with_runtime_dependencies(/home/ojg/sim_ws/install/f1tenth_slam_nav/share/colcon-core/packages/f1tenth_slam_nav)
[0.918s] Level 1:colcon.colcon_core.environment:create_environment_scripts_only(f1tenth_slam_nav)
[0.919s] Level 1:colcon.colcon_core.environment:checking '/home/ojg/sim_ws/install/f1tenth_slam_nav' for CMake module files
[0.919s] Level 1:colcon.colcon_core.environment:checking '/home/ojg/sim_ws/install/f1tenth_slam_nav' for CMake config files
[0.920s] Level 1:colcon.colcon_core.shell:create_environment_hook('f1tenth_slam_nav', 'cmake_prefix_path')
[0.920s] INFO:colcon.colcon_core.shell:Creating environment hook '/home/ojg/sim_ws/install/f1tenth_slam_nav/share/f1tenth_slam_nav/hook/cmake_prefix_path.ps1'
[0.920s] INFO:colcon.colcon_core.shell:Creating environment descriptor '/home/ojg/sim_ws/install/f1tenth_slam_nav/share/f1tenth_slam_nav/hook/cmake_prefix_path.dsv'
[0.921s] INFO:colcon.colcon_core.shell:Creating environment hook '/home/ojg/sim_ws/install/f1tenth_slam_nav/share/f1tenth_slam_nav/hook/cmake_prefix_path.sh'
[0.921s] Level 1:colcon.colcon_core.environment:checking '/home/ojg/sim_ws/install/f1tenth_slam_nav/lib'
[0.921s] Level 1:colcon.colcon_core.environment:checking '/home/ojg/sim_ws/install/f1tenth_slam_nav/bin'
[0.921s] Level 1:colcon.colcon_core.environment:checking '/home/ojg/sim_ws/install/f1tenth_slam_nav/lib/pkgconfig/f1tenth_slam_nav.pc'
[0.922s] Level 1:colcon.colcon_core.environment:checking '/home/ojg/sim_ws/install/f1tenth_slam_nav/lib/python3.10/site-packages'
[0.922s] Level 1:colcon.colcon_core.environment:checking '/home/ojg/sim_ws/install/f1tenth_slam_nav/bin'
[0.922s] INFO:colcon.colcon_core.shell:Creating package script '/home/ojg/sim_ws/install/f1tenth_slam_nav/share/f1tenth_slam_nav/package.ps1'
[0.923s] INFO:colcon.colcon_core.shell:Creating package descriptor '/home/ojg/sim_ws/install/f1tenth_slam_nav/share/f1tenth_slam_nav/package.dsv'
[0.923s] INFO:colcon.colcon_core.shell:Creating package script '/home/ojg/sim_ws/install/f1tenth_slam_nav/share/f1tenth_slam_nav/package.sh'
[0.923s] INFO:colcon.colcon_core.shell:Creating package script '/home/ojg/sim_ws/install/f1tenth_slam_nav/share/f1tenth_slam_nav/package.bash'
[0.924s] INFO:colcon.colcon_core.shell:Creating package script '/home/ojg/sim_ws/install/f1tenth_slam_nav/share/f1tenth_slam_nav/package.zsh'
[0.924s] Level 1:colcon.colcon_core.environment:create_file_with_runtime_dependencies(/home/ojg/sim_ws/install/f1tenth_slam_nav/share/colcon-core/packages/f1tenth_slam_nav)
[0.982s] DEBUG:colcon.colcon_core.event_handler.log_command:Invoked command in '/home/ojg/sim_ws/build/f1tenth_gym_ros' returned '0': PYTHONPATH=/home/ojg/sim_ws/build/f1tenth_gym_ros/prefix_override:/usr/lib/python3/dist-packages/colcon_core/task/python/colcon_distutils_commands:/home/ojg/sim_ws/install/f1tenth_gym_ros/lib/python3.10/site-packages:${PYTHONPATH} /usr/bin/python3 -W ignore:setup.py install is deprecated -W ignore:easy_install command is deprecated setup.py develop --uninstall --editable --build-directory /home/ojg/sim_ws/build/f1tenth_gym_ros/build
[0.983s] DEBUG:colcon.colcon_core.event_handler.log_command:Invoking command in '/home/ojg/sim_ws/src/f1tenth_gym_ros': PYTHONPATH=/home/ojg/sim_ws/build/f1tenth_gym_ros/prefix_override:/usr/lib/python3/dist-packages/colcon_core/task/python/colcon_distutils_commands:/home/ojg/sim_ws/install/f1tenth_gym_ros/lib/python3.10/site-packages:${PYTHONPATH} /usr/bin/python3 -W ignore:setup.py install is deprecated -W ignore:easy_install command is deprecated setup.py egg_info --egg-base ../../build/f1tenth_gym_ros build --build-base /home/ojg/sim_ws/build/f1tenth_gym_ros/build install --record /home/ojg/sim_ws/build/f1tenth_gym_ros/install.log --single-version-externally-managed install_data --force
[1.169s] Level 1:colcon.colcon_core.environment:checking '/home/ojg/sim_ws/install/f1tenth_gym_ros' for CMake module files
[1.170s] DEBUG:colcon.colcon_core.event_handler.log_command:Invoked command in '/home/ojg/sim_ws/src/f1tenth_gym_ros' returned '0': PYTHONPATH=/home/ojg/sim_ws/build/f1tenth_gym_ros/prefix_override:/usr/lib/python3/dist-packages/colcon_core/task/python/colcon_distutils_commands:/home/ojg/sim_ws/install/f1tenth_gym_ros/lib/python3.10/site-packages:${PYTHONPATH} /usr/bin/python3 -W ignore:setup.py install is deprecated -W ignore:easy_install command is deprecated setup.py egg_info --egg-base ../../build/f1tenth_gym_ros build --build-base /home/ojg/sim_ws/build/f1tenth_gym_ros/build install --record /home/ojg/sim_ws/build/f1tenth_gym_ros/install.log --single-version-externally-managed install_data --force
[1.170s] Level 1:colcon.colcon_core.environment:checking '/home/ojg/sim_ws/install/f1tenth_gym_ros' for CMake config files
[1.170s] Level 1:colcon.colcon_core.environment:checking '/home/ojg/sim_ws/install/f1tenth_gym_ros/lib'
[1.170s] Level 1:colcon.colcon_core.environment:checking '/home/ojg/sim_ws/install/f1tenth_gym_ros/bin'
[1.170s] Level 1:colcon.colcon_core.environment:checking '/home/ojg/sim_ws/install/f1tenth_gym_ros/lib/pkgconfig/f1tenth_gym_ros.pc'
[1.170s] Level 1:colcon.colcon_core.environment:checking '/home/ojg/sim_ws/install/f1tenth_gym_ros/lib/python3.10/site-packages'
[1.170s] Level 1:colcon.colcon_core.shell:create_environment_hook('f1tenth_gym_ros', 'pythonpath')
[1.170s] INFO:colcon.colcon_core.shell:Creating environment hook '/home/ojg/sim_ws/install/f1tenth_gym_ros/share/f1tenth_gym_ros/hook/pythonpath.ps1'
[1.171s] INFO:colcon.colcon_core.shell:Creating environment descriptor '/home/ojg/sim_ws/install/f1tenth_gym_ros/share/f1tenth_gym_ros/hook/pythonpath.dsv'
[1.171s] INFO:colcon.colcon_core.shell:Creating environment hook '/home/ojg/sim_ws/install/f1tenth_gym_ros/share/f1tenth_gym_ros/hook/pythonpath.sh'
[1.171s] Level 1:colcon.colcon_core.environment:checking '/home/ojg/sim_ws/install/f1tenth_gym_ros/bin'
[1.171s] Level 1:colcon.colcon_core.environment:create_environment_scripts_only(f1tenth_gym_ros)
[1.171s] INFO:colcon.colcon_core.shell:Creating package script '/home/ojg/sim_ws/install/f1tenth_gym_ros/share/f1tenth_gym_ros/package.ps1'
[1.172s] INFO:colcon.colcon_core.shell:Creating package descriptor '/home/ojg/sim_ws/install/f1tenth_gym_ros/share/f1tenth_gym_ros/package.dsv'
[1.172s] INFO:colcon.colcon_core.shell:Creating package script '/home/ojg/sim_ws/install/f1tenth_gym_ros/share/f1tenth_gym_ros/package.sh'
[1.172s] INFO:colcon.colcon_core.shell:Creating package script '/home/ojg/sim_ws/install/f1tenth_gym_ros/share/f1tenth_gym_ros/package.bash'
[1.172s] INFO:colcon.colcon_core.shell:Creating package script '/home/ojg/sim_ws/install/f1tenth_gym_ros/share/f1tenth_gym_ros/package.zsh'
[1.172s] Level 1:colcon.colcon_core.environment:create_file_with_runtime_dependencies(/home/ojg/sim_ws/install/f1tenth_gym_ros/share/colcon-core/packages/f1tenth_gym_ros)
[1.173s] DEBUG:colcon.colcon_parallel_executor.executor.parallel:closing loop
[1.173s] DEBUG:colcon.colcon_parallel_executor.executor.parallel:loop closed
[1.173s] DEBUG:colcon.colcon_parallel_executor.executor.parallel:run_until_complete finished with '0'
[1.173s] DEBUG:colcon.colcon_core.event_reactor:joining thread
[1.177s] INFO:colcon.colcon_core.plugin_system:Skipping extension 'colcon_notification.desktop_notification.terminal_notifier': Not used on non-Darwin systems
[1.177s] INFO:colcon.colcon_core.plugin_system:Skipping extension 'colcon_notification.desktop_notification.win32': Not used on non-Windows systems
[1.177s] INFO:colcon.colcon_notification.desktop_notification:Sending desktop notification using 'notify2'
[1.184s] DEBUG:colcon.colcon_core.event_reactor:joined thread
[1.184s] INFO:colcon.colcon_core.shell:Creating prefix script '/home/ojg/sim_ws/install/local_setup.ps1'
[1.184s] INFO:colcon.colcon_core.shell:Creating prefix util module '/home/ojg/sim_ws/install/_local_setup_util_ps1.py'
[1.185s] INFO:colcon.colcon_core.shell:Creating prefix chain script '/home/ojg/sim_ws/install/setup.ps1'
[1.186s] INFO:colcon.colcon_core.shell:Creating prefix script '/home/ojg/sim_ws/install/local_setup.sh'
[1.186s] INFO:colcon.colcon_core.shell:Creating prefix util module '/home/ojg/sim_ws/install/_local_setup_util_sh.py'
[1.187s] INFO:colcon.colcon_core.shell:Creating prefix chain script '/home/ojg/sim_ws/install/setup.sh'
[1.187s] INFO:colcon.colcon_core.shell:Creating prefix script '/home/ojg/sim_ws/install/local_setup.bash'
[1.188s] INFO:colcon.colcon_core.shell:Creating prefix chain script '/home/ojg/sim_ws/install/setup.bash'
[1.188s] INFO:colcon.colcon_core.shell:Creating prefix script '/home/ojg/sim_ws/install/local_setup.zsh'
[1.188s] INFO:colcon.colcon_core.shell:Creating prefix chain script '/home/ojg/sim_ws/install/setup.zsh'
