[100%] Built target path_planner_centerline_extractor
-- Install configuration: "Release"
-- Execute custom install script
-- Up-to-date symlink: /home/f1/f1tenth_ws/install/path_planner/lib/path_planner/path_planner_centerline_extractor
-- Up-to-date symlink: /home/f1/f1tenth_ws/install/path_planner/share/path_planner/launch/planner_launch.py
-- Up-to-date symlink: /home/f1/f1tenth_ws/install/path_planner/share/ament_index/resource_index/package_run_dependencies/path_planner
-- Up-to-date symlink: /home/f1/f1tenth_ws/install/path_planner/share/ament_index/resource_index/parent_prefix_path/path_planner
-- Up-to-date symlink: /home/f1/f1tenth_ws/install/path_planner/share/path_planner/environment/ament_prefix_path.sh
-- Up-to-date symlink: /home/f1/f1tenth_ws/install/path_planner/share/path_planner/environment/ament_prefix_path.dsv
-- Up-to-date symlink: /home/f1/f1tenth_ws/install/path_planner/share/path_planner/environment/path.sh
-- Up-to-date symlink: /home/f1/f1tenth_ws/install/path_planner/share/path_planner/environment/path.dsv
-- Up-to-date symlink: /home/f1/f1tenth_ws/install/path_planner/share/path_planner/local_setup.bash
-- Up-to-date symlink: /home/f1/f1tenth_ws/install/path_planner/share/path_planner/local_setup.sh
-- Up-to-date symlink: /home/f1/f1tenth_ws/install/path_planner/share/path_planner/local_setup.zsh
-- Up-to-date symlink: /home/f1/f1tenth_ws/install/path_planner/share/path_planner/local_setup.dsv
-- Symlinking: /home/f1/f1tenth_ws/install/path_planner/share/path_planner/package.dsv
-- Up-to-date symlink: /home/f1/f1tenth_ws/install/path_planner/share/ament_index/resource_index/packages/path_planner
-- Up-to-date symlink: /home/f1/f1tenth_ws/install/path_planner/share/path_planner/cmake/path_plannerConfig.cmake
-- Up-to-date symlink: /home/f1/f1tenth_ws/install/path_planner/share/path_planner/cmake/path_plannerConfig-version.cmake
-- Up-to-date symlink: /home/f1/f1tenth_ws/install/path_planner/share/path_planner/package.xml
