Built target ament_cmake_python_symlink_f1tenth_slam_nav_setup
Built target ament_cmake_python_symlink_f1tenth_slam_nav
/usr/lib/python3/dist-packages/setuptools/dist.py:723: UserWarning: Usage of dash-separated 'script-dir' will not be supported in future versions. Please use the underscore name 'script_dir' instead
  warnings.warn(
/usr/lib/python3/dist-packages/setuptools/dist.py:723: UserWarning: Usage of dash-separated 'install-scripts' will not be supported in future versions. Please use the underscore name 'install_scripts' instead
  warnings.warn(
running egg_info
writing f1tenth_slam_nav.egg-info/PKG-INFO
writing dependency_links to f1tenth_slam_nav.egg-info/dependency_links.txt
writing top-level names to f1tenth_slam_nav.egg-info/top_level.txt
reading manifest file 'f1tenth_slam_nav.egg-info/SOURCES.txt'
writing manifest file 'f1tenth_slam_nav.egg-info/SOURCES.txt'
Built target ament_cmake_python_build_f1tenth_slam_nav_egg
-- Install configuration: "Release"
-- Execute custom install script
-- Up-to-date symlink: /home/ojg/sim_ws/install/f1tenth_slam_nav/share/f1tenth_slam_nav/launch//localization_launch.py
-- Up-to-date symlink: /home/ojg/sim_ws/install/f1tenth_slam_nav/share/f1tenth_slam_nav/launch//slam_launch.py
-- Up-to-date symlink: /home/ojg/sim_ws/install/f1tenth_slam_nav/share/f1tenth_slam_nav/launch//slam_nav_launch.py
-- Up-to-date symlink: /home/ojg/sim_ws/install/f1tenth_slam_nav/share/f1tenth_slam_nav/config//amcl_config.yaml
-- Up-to-date symlink: /home/ojg/sim_ws/install/f1tenth_slam_nav/share/f1tenth_slam_nav/config//cartographer_config.lua
-- Up-to-date symlink: /home/ojg/sim_ws/install/f1tenth_slam_nav/share/f1tenth_slam_nav/config//slam_toolbox_async_config.yaml
-- Up-to-date symlink: /home/ojg/sim_ws/install/f1tenth_slam_nav/share/f1tenth_slam_nav/config//slam_toolbox_config.yaml
-- Up-to-date symlink: /home/ojg/sim_ws/install/f1tenth_slam_nav/share/f1tenth_slam_nav/environment/pythonpath.sh
-- Up-to-date symlink: /home/ojg/sim_ws/install/f1tenth_slam_nav/share/f1tenth_slam_nav/environment/pythonpath.dsv
-- Up-to-date symlink: /home/ojg/sim_ws/install/f1tenth_slam_nav/local/lib/python3.10/dist-packages/f1tenth_slam_nav-1.0.0-py3.10.egg-info/PKG-INFO
-- Up-to-date symlink: /home/ojg/sim_ws/install/f1tenth_slam_nav/local/lib/python3.10/dist-packages/f1tenth_slam_nav-1.0.0-py3.10.egg-info/SOURCES.txt
-- Up-to-date symlink: /home/ojg/sim_ws/install/f1tenth_slam_nav/local/lib/python3.10/dist-packages/f1tenth_slam_nav-1.0.0-py3.10.egg-info/dependency_links.txt
-- Up-to-date symlink: /home/ojg/sim_ws/install/f1tenth_slam_nav/local/lib/python3.10/dist-packages/f1tenth_slam_nav-1.0.0-py3.10.egg-info/top_level.txt
-- Up-to-date symlink: /home/ojg/sim_ws/install/f1tenth_slam_nav/local/lib/python3.10/dist-packages/f1tenth_slam_nav/__init__.py
-- Up-to-date symlink: /home/ojg/sim_ws/install/f1tenth_slam_nav/local/lib/python3.10/dist-packages/f1tenth_slam_nav/slam_nav_manager.py
-- Up-to-date symlink: /home/ojg/sim_ws/install/f1tenth_slam_nav/lib/f1tenth_slam_nav/slam_nav_manager.py
-- Up-to-date symlink: /home/ojg/sim_ws/install/f1tenth_slam_nav/lib/python3.8/site-packages/f1tenth_slam_nav//slam_nav_manager.py
-- Up-to-date symlink: /home/ojg/sim_ws/install/f1tenth_slam_nav/share/ament_index/resource_index/package_run_dependencies/f1tenth_slam_nav
-- Up-to-date symlink: /home/ojg/sim_ws/install/f1tenth_slam_nav/share/ament_index/resource_index/parent_prefix_path/f1tenth_slam_nav
-- Up-to-date symlink: /home/ojg/sim_ws/install/f1tenth_slam_nav/share/f1tenth_slam_nav/environment/ament_prefix_path.sh
-- Up-to-date symlink: /home/ojg/sim_ws/install/f1tenth_slam_nav/share/f1tenth_slam_nav/environment/ament_prefix_path.dsv
-- Up-to-date symlink: /home/ojg/sim_ws/install/f1tenth_slam_nav/share/f1tenth_slam_nav/environment/path.sh
-- Up-to-date symlink: /home/ojg/sim_ws/install/f1tenth_slam_nav/share/f1tenth_slam_nav/environment/path.dsv
-- Up-to-date symlink: /home/ojg/sim_ws/install/f1tenth_slam_nav/share/f1tenth_slam_nav/local_setup.bash
-- Up-to-date symlink: /home/ojg/sim_ws/install/f1tenth_slam_nav/share/f1tenth_slam_nav/local_setup.sh
-- Up-to-date symlink: /home/ojg/sim_ws/install/f1tenth_slam_nav/share/f1tenth_slam_nav/local_setup.zsh
-- Up-to-date symlink: /home/ojg/sim_ws/install/f1tenth_slam_nav/share/f1tenth_slam_nav/local_setup.dsv
-- Symlinking: /home/ojg/sim_ws/install/f1tenth_slam_nav/share/f1tenth_slam_nav/package.dsv
-- Up-to-date symlink: /home/ojg/sim_ws/install/f1tenth_slam_nav/share/ament_index/resource_index/packages/f1tenth_slam_nav
-- Up-to-date symlink: /home/ojg/sim_ws/install/f1tenth_slam_nav/share/f1tenth_slam_nav/cmake/f1tenth_slam_navConfig.cmake
-- Up-to-date symlink: /home/ojg/sim_ws/install/f1tenth_slam_nav/share/f1tenth_slam_nav/cmake/f1tenth_slam_navConfig-version.cmake
-- Up-to-date symlink: /home/ojg/sim_ws/install/f1tenth_slam_nav/share/f1tenth_slam_nav/package.xml
Listing '/home/ojg/sim_ws/install/f1tenth_slam_nav/local/lib/python3.10/dist-packages/f1tenth_slam_nav'...
