[0.436s] Invoking command in '/home/f1/f1tenth_ws/build/ackermann_mux': CMAKE_PREFIX_PATH=${CMAKE_PREFIX_PATH}:/home/f1/f1tenth_ws/install/f1tenth_stack:/home/f1/f1tenth_ws/install/joy_teleop:/home/f1/f1tenth_ws/install/pygame_key_teleop:/home/f1/f1tenth_ws/install/mouse_teleop:/home/f1/f1tenth_ws/install/key_teleop:/opt/ros/foxy /usr/bin/cmake --build /home/f1/f1tenth_ws/build/ackermann_mux -- -j6 -l6
[2.768s] [100%] Built target ackermann_mux
[2.933s] Invoked command in '/home/f1/f1tenth_ws/build/ackermann_mux' returned '0': CMAKE_PREFIX_PATH=${CMAKE_PREFIX_PATH}:/home/f1/f1tenth_ws/install/f1tenth_stack:/home/f1/f1tenth_ws/install/joy_teleop:/home/f1/f1tenth_ws/install/pygame_key_teleop:/home/f1/f1tenth_ws/install/mouse_teleop:/home/f1/f1tenth_ws/install/key_teleop:/opt/ros/foxy /usr/bin/cmake --build /home/f1/f1tenth_ws/build/ackermann_mux -- -j6 -l6
[2.936s] Invoking command in '/home/f1/f1tenth_ws/build/ackermann_mux': CMAKE_PREFIX_PATH=${CMAKE_PREFIX_PATH}:/home/f1/f1tenth_ws/install/f1tenth_stack:/home/f1/f1tenth_ws/install/joy_teleop:/home/f1/f1tenth_ws/install/pygame_key_teleop:/home/f1/f1tenth_ws/install/mouse_teleop:/home/f1/f1tenth_ws/install/key_teleop:/opt/ros/foxy /usr/bin/cmake --install /home/f1/f1tenth_ws/build/ackermann_mux
[3.159s] -- Install configuration: "Release"
[3.162s] -- Execute custom install script
[3.162s] -- Up-to-date symlink: /home/f1/f1tenth_ws/install/ackermann_mux/lib/ackermann_mux/ackermann_mux
[3.177s] -- Up-to-date symlink: /home/f1/f1tenth_ws/install/ackermann_mux/share/ackermann_mux/launch/ackermann_mux_launch.py
[3.178s] -- Up-to-date symlink: /home/f1/f1tenth_ws/install/ackermann_mux/share/ackermann_mux/config/ackermann_mux_locks.yaml
[3.202s] -- Up-to-date symlink: /home/f1/f1tenth_ws/install/ackermann_mux/share/ackermann_mux/config/ackermann_mux_topics.yaml
[3.239s] -- Up-to-date symlink: /home/f1/f1tenth_ws/install/ackermann_mux/share/ackermann_mux/config/joystick.yaml
[3.241s] -- Up-to-date symlink: /home/f1/f1tenth_ws/install/ackermann_mux/include/ackermann_mux/ackermann_mux.hpp
[3.243s] -- Up-to-date symlink: /home/f1/f1tenth_ws/install/ackermann_mux/include/ackermann_mux/ackermann_mux_diagnostics.hpp
[3.245s] -- Up-to-date symlink: /home/f1/f1tenth_ws/install/ackermann_mux/include/ackermann_mux/ackermann_mux_diagnostics_status.hpp
[3.255s] -- Up-to-date symlink: /home/f1/f1tenth_ws/install/ackermann_mux/include/ackermann_mux/params_helpers.hpp
[3.255s] -- Up-to-date symlink: /home/f1/f1tenth_ws/install/ackermann_mux/include/ackermann_mux/topic_handle.hpp
[3.256s] -- Up-to-date symlink: /home/f1/f1tenth_ws/install/ackermann_mux/include/ackermann_mux/utils.hpp
[3.256s] -- Up-to-date symlink: /home/f1/f1tenth_ws/install/ackermann_mux/share/ament_index/resource_index/package_run_dependencies/ackermann_mux
[3.278s] -- Up-to-date symlink: /home/f1/f1tenth_ws/install/ackermann_mux/share/ament_index/resource_index/parent_prefix_path/ackermann_mux
[3.291s] -- Up-to-date symlink: /home/f1/f1tenth_ws/install/ackermann_mux/share/ackermann_mux/environment/ament_prefix_path.sh
[3.295s] -- Up-to-date symlink: /home/f1/f1tenth_ws/install/ackermann_mux/share/ackermann_mux/environment/ament_prefix_path.dsv
[3.296s] -- Up-to-date symlink: /home/f1/f1tenth_ws/install/ackermann_mux/share/ackermann_mux/environment/path.sh
[3.297s] -- Up-to-date symlink: /home/f1/f1tenth_ws/install/ackermann_mux/share/ackermann_mux/environment/path.dsv
[3.304s] -- Up-to-date symlink: /home/f1/f1tenth_ws/install/ackermann_mux/share/ackermann_mux/local_setup.bash
[3.305s] -- Up-to-date symlink: /home/f1/f1tenth_ws/install/ackermann_mux/share/ackermann_mux/local_setup.sh
[3.305s] -- Up-to-date symlink: /home/f1/f1tenth_ws/install/ackermann_mux/share/ackermann_mux/local_setup.zsh
[3.317s] -- Up-to-date symlink: /home/f1/f1tenth_ws/install/ackermann_mux/share/ackermann_mux/local_setup.dsv
[3.318s] -- Symlinking: /home/f1/f1tenth_ws/install/ackermann_mux/share/ackermann_mux/package.dsv
[3.386s] -- Up-to-date symlink: /home/f1/f1tenth_ws/install/ackermann_mux/share/ament_index/resource_index/packages/ackermann_mux
[3.387s] -- Up-to-date symlink: /home/f1/f1tenth_ws/install/ackermann_mux/share/ackermann_mux/cmake/ament_cmake_export_include_directories-extras.cmake
[3.421s] -- Up-to-date symlink: /home/f1/f1tenth_ws/install/ackermann_mux/share/ackermann_mux/cmake/ament_cmake_export_dependencies-extras.cmake
[3.423s] -- Up-to-date symlink: /home/f1/f1tenth_ws/install/ackermann_mux/share/ackermann_mux/cmake/ackermann_muxConfig.cmake
[3.424s] -- Up-to-date symlink: /home/f1/f1tenth_ws/install/ackermann_mux/share/ackermann_mux/cmake/ackermann_muxConfig-version.cmake
[3.425s] -- Up-to-date symlink: /home/f1/f1tenth_ws/install/ackermann_mux/share/ackermann_mux/package.xml
[3.432s] Invoked command in '/home/f1/f1tenth_ws/build/ackermann_mux' returned '0': CMAKE_PREFIX_PATH=${CMAKE_PREFIX_PATH}:/home/f1/f1tenth_ws/install/f1tenth_stack:/home/f1/f1tenth_ws/install/joy_teleop:/home/f1/f1tenth_ws/install/pygame_key_teleop:/home/f1/f1tenth_ws/install/mouse_teleop:/home/f1/f1tenth_ws/install/key_teleop:/opt/ros/foxy /usr/bin/cmake --install /home/f1/f1tenth_ws/build/ackermann_mux
