[1.815s] Invoking command in '/home/f1/f1tenth_ws/build/lidar_processing': CMAKE_PREFIX_PATH=${CMAKE_PREFIX_PATH}:/home/f1/f1tenth_ws/install/f1tenth_stack:/home/f1/f1tenth_ws/install/joy_teleop:/home/f1/f1tenth_ws/install/mouse_teleop:/home/f1/f1tenth_ws/install/key_teleop:/opt/ros/foxy /usr/bin/cmake /home/f1/f1tenth_ws/src/lidar_processing -DCMAKE_BUILD_TYPE=Release -DAMENT_CMAKE_SYMLINK_INSTALL=1 -DCMAKE_INSTALL_PREFIX=/home/f1/f1tenth_ws/install/lidar_processing
[3.202s] -- Found ament_cmake: 0.9.12 (/opt/ros/foxy/share/ament_cmake/cmake)
[3.202s] -- Using PYTHON_EXECUTABLE: /usr/bin/python3
[3.203s] -- Override CMake install command with custom implementation using symlinks instead of copying resources
[3.203s] -- Found rclcpp: 2.4.3 (/opt/ros/foxy/share/rclcpp/cmake)
[3.264s] -- Using all available rosidl_typesupport_c: rosidl_typesupport_fastrtps_c;rosidl_typesupport_introspection_c
[3.294s] -- Found rosidl_adapter: 1.3.1 (/opt/ros/foxy/share/rosidl_adapter/cmake)
[3.972s] -- Using all available rosidl_typesupport_cpp: rosidl_typesupport_fastrtps_cpp;rosidl_typesupport_introspection_cpp
[4.273s] -- Found rmw_implementation_cmake: 1.0.4 (/opt/ros/foxy/share/rmw_implementation_cmake/cmake)
[4.283s] -- Using RMW implementation 'rmw_fastrtps_cpp' as default
[5.044s] -- Found sensor_msgs: 2.0.5 (/opt/ros/foxy/share/sensor_msgs/cmake)
[5.619s] -- Found nav_msgs: 2.0.5 (/opt/ros/foxy/share/nav_msgs/cmake)
[5.995s] -- Found ackermann_msgs: 2.0.2 (/opt/ros/foxy/share/ackermann_msgs/cmake)
[6.634s] -- Configuring done
[6.762s] -- Generating done
[6.828s] -- Build files have been written to: /home/f1/f1tenth_ws/build/lidar_processing
[6.880s] Invoked command in '/home/f1/f1tenth_ws/build/lidar_processing' returned '0': CMAKE_PREFIX_PATH=${CMAKE_PREFIX_PATH}:/home/f1/f1tenth_ws/install/f1tenth_stack:/home/f1/f1tenth_ws/install/joy_teleop:/home/f1/f1tenth_ws/install/mouse_teleop:/home/f1/f1tenth_ws/install/key_teleop:/opt/ros/foxy /usr/bin/cmake /home/f1/f1tenth_ws/src/lidar_processing -DCMAKE_BUILD_TYPE=Release -DAMENT_CMAKE_SYMLINK_INSTALL=1 -DCMAKE_INSTALL_PREFIX=/home/f1/f1tenth_ws/install/lidar_processing
[6.887s] Invoking command in '/home/f1/f1tenth_ws/build/lidar_processing': CMAKE_PREFIX_PATH=${CMAKE_PREFIX_PATH}:/home/f1/f1tenth_ws/install/f1tenth_stack:/home/f1/f1tenth_ws/install/joy_teleop:/home/f1/f1tenth_ws/install/mouse_teleop:/home/f1/f1tenth_ws/install/key_teleop:/opt/ros/foxy /usr/bin/cmake --build /home/f1/f1tenth_ws/build/lidar_processing -- -j6 -l6
[7.224s] [35m[1mScanning dependencies of target gap_follow_node[0m
[7.246s] [35m[1mScanning dependencies of target wall_follow_node[0m
[7.256s] [35m[1mScanning dependencies of target lidar_node[0m
[7.742s] [ 16%] [32mBuilding CXX object CMakeFiles/gap_follow_node.dir/src/gap_follow_node.cpp.o[0m
[7.827s] [ 33%] [32mBuilding CXX object CMakeFiles/lidar_node.dir/src/lidar_node.cpp.o[0m
[7.859s] [ 50%] [32mBuilding CXX object CMakeFiles/wall_follow_node.dir/src/wall_follow_node.cpp.o[0m
[17.818s] [01m[K/home/f1/f1tenth_ws/src/lidar_processing/src/wall_follow_node.cpp:[m[K In member function ‘[01m[Kvoid WallFollow::pid_control(double, double)[m[K’:
[17.819s] [01m[K/home/f1/f1tenth_ws/src/lidar_processing/src/wall_follow_node.cpp:120:16:[m[K [01;35m[Kwarning: [m[Kunused variable ‘[01m[Kangle[m[K’ [[01;35m[K-Wunused-variable[m[K]
[17.820s]   120 |         double [01;35m[Kangle[m[K = 0.0;
[17.821s]       |                [01;35m[K^~~~~[m[K
[17.821s] [01m[K/home/f1/f1tenth_ws/src/lidar_processing/src/wall_follow_node.cpp:104:43:[m[K [01;35m[Kwarning: [m[Kunused parameter ‘[01m[Kvelocity[m[K’ [[01;35m[K-Wunused-parameter[m[K]
[17.822s]   104 |     void pid_control(double error, [01;35m[Kdouble velocity[m[K)
[17.827s]       |                                    [01;35m[K~~~~~~~^~~~~~~~[m[K
[17.832s] [01m[K/home/f1/f1tenth_ws/src/lidar_processing/src/wall_follow_node.cpp:[m[K In member function ‘[01m[Kvoid WallFollow::scan_callback(sensor_msgs::msg::LaserScan_<std::allocator<void> >::SharedPtr)[m[K’:
[17.832s] [01m[K/home/f1/f1tenth_ws/src/lidar_processing/src/wall_follow_node.cpp:168:16:[m[K [01;35m[Kwarning: [m[Kunused variable ‘[01m[Kvelocity[m[K’ [[01;35m[K-Wunused-variable[m[K]
[17.833s]   168 |         double [01;35m[Kvelocity[m[K = 0.0; // TODO: calculate desired car velocity based on error
[17.837s]       |                [01;35m[K^~~~~~~~[m[K
[67.463s] [ 66%] [32m[1mLinking CXX executable lidar_node[0m
[68.411s] [ 66%] Built target lidar_node
[69.411s] [ 83%] [32m[1mLinking CXX executable gap_follow_node[0m
[70.249s] [ 83%] Built target gap_follow_node
[78.326s] [100%] [32m[1mLinking CXX executable wall_follow_node[0m
[79.137s] [100%] Built target wall_follow_node
[79.220s] Invoked command in '/home/f1/f1tenth_ws/build/lidar_processing' returned '0': CMAKE_PREFIX_PATH=${CMAKE_PREFIX_PATH}:/home/f1/f1tenth_ws/install/f1tenth_stack:/home/f1/f1tenth_ws/install/joy_teleop:/home/f1/f1tenth_ws/install/mouse_teleop:/home/f1/f1tenth_ws/install/key_teleop:/opt/ros/foxy /usr/bin/cmake --build /home/f1/f1tenth_ws/build/lidar_processing -- -j6 -l6
[79.238s] Invoking command in '/home/f1/f1tenth_ws/build/lidar_processing': CMAKE_PREFIX_PATH=${CMAKE_PREFIX_PATH}:/home/f1/f1tenth_ws/install/f1tenth_stack:/home/f1/f1tenth_ws/install/joy_teleop:/home/f1/f1tenth_ws/install/mouse_teleop:/home/f1/f1tenth_ws/install/key_teleop:/opt/ros/foxy /usr/bin/cmake --install /home/f1/f1tenth_ws/build/lidar_processing
[79.287s] -- Install configuration: "Release"
[79.291s] -- Execute custom install script
[79.295s] -- Symlinking: /home/f1/f1tenth_ws/install/lidar_processing/lib/lidar_processing/lidar_node
[79.347s] -- Symlinking: /home/f1/f1tenth_ws/install/lidar_processing/lib/lidar_processing/wall_follow_node
[79.399s] -- Symlinking: /home/f1/f1tenth_ws/install/lidar_processing/lib/lidar_processing/gap_follow_node
[79.451s] -- Symlinking: /home/f1/f1tenth_ws/install/lidar_processing/share/ament_index/resource_index/package_run_dependencies/lidar_processing
[79.503s] -- Symlinking: /home/f1/f1tenth_ws/install/lidar_processing/share/ament_index/resource_index/parent_prefix_path/lidar_processing
[79.557s] -- Symlinking: /home/f1/f1tenth_ws/install/lidar_processing/share/lidar_processing/environment/ament_prefix_path.sh
[79.608s] -- Symlinking: /home/f1/f1tenth_ws/install/lidar_processing/share/lidar_processing/environment/ament_prefix_path.dsv
[79.660s] -- Symlinking: /home/f1/f1tenth_ws/install/lidar_processing/share/lidar_processing/environment/path.sh
[79.711s] -- Symlinking: /home/f1/f1tenth_ws/install/lidar_processing/share/lidar_processing/environment/path.dsv
[79.761s] -- Symlinking: /home/f1/f1tenth_ws/install/lidar_processing/share/lidar_processing/local_setup.bash
[79.811s] -- Symlinking: /home/f1/f1tenth_ws/install/lidar_processing/share/lidar_processing/local_setup.sh
[79.862s] -- Symlinking: /home/f1/f1tenth_ws/install/lidar_processing/share/lidar_processing/local_setup.zsh
[79.913s] -- Symlinking: /home/f1/f1tenth_ws/install/lidar_processing/share/lidar_processing/local_setup.dsv
[79.964s] -- Symlinking: /home/f1/f1tenth_ws/install/lidar_processing/share/lidar_processing/package.dsv
[80.016s] -- Symlinking: /home/f1/f1tenth_ws/install/lidar_processing/share/ament_index/resource_index/packages/lidar_processing
[80.067s] -- Symlinking: /home/f1/f1tenth_ws/install/lidar_processing/share/lidar_processing/cmake/lidar_processingConfig.cmake
[80.117s] -- Symlinking: /home/f1/f1tenth_ws/install/lidar_processing/share/lidar_processing/cmake/lidar_processingConfig-version.cmake
[80.170s] -- Symlinking: /home/f1/f1tenth_ws/install/lidar_processing/share/lidar_processing/package.xml
[80.235s] Invoked command in '/home/f1/f1tenth_ws/build/lidar_processing' returned '0': CMAKE_PREFIX_PATH=${CMAKE_PREFIX_PATH}:/home/f1/f1tenth_ws/install/f1tenth_stack:/home/f1/f1tenth_ws/install/joy_teleop:/home/f1/f1tenth_ws/install/mouse_teleop:/home/f1/f1tenth_ws/install/key_teleop:/opt/ros/foxy /usr/bin/cmake --install /home/f1/f1tenth_ws/build/lidar_processing
