[0.078s] Invoking command in '/home/f1/f1tenth_ws/build/path_planner': CMAKE_PREFIX_PATH=${CMAKE_PREFIX_PATH}:/home/f1/f1tenth_ws/install/f1tenth_stack:/home/f1/f1tenth_ws/install/joy_teleop:/home/f1/f1tenth_ws/install/pygame_key_teleop:/home/f1/f1tenth_ws/install/mouse_teleop:/home/f1/f1tenth_ws/install/key_teleop:/home/f1/f1tenth_ws/install/f1tenth_path_planner:/opt/ros/foxy /usr/bin/cmake --build /home/f1/f1tenth_ws/build/path_planner -- -j6 -l6
[0.400s] [35m[1mScanning dependencies of target min_curvature_planner[0m
[0.745s] [ 50%] [32mBuilding CXX object CMakeFiles/min_curvature_planner.dir/src/min_curvature_planner.cpp.o[0m
[42.860s] [100%] [32m[1mLinking CXX executable min_curvature_planner[0m
[43.710s] [100%] Built target min_curvature_planner
[43.784s] Invoked command in '/home/f1/f1tenth_ws/build/path_planner' returned '0': CMAKE_PREFIX_PATH=${CMAKE_PREFIX_PATH}:/home/f1/f1tenth_ws/install/f1tenth_stack:/home/f1/f1tenth_ws/install/joy_teleop:/home/f1/f1tenth_ws/install/pygame_key_teleop:/home/f1/f1tenth_ws/install/mouse_teleop:/home/f1/f1tenth_ws/install/key_teleop:/home/f1/f1tenth_ws/install/f1tenth_path_planner:/opt/ros/foxy /usr/bin/cmake --build /home/f1/f1tenth_ws/build/path_planner -- -j6 -l6
[43.870s] Invoking command in '/home/f1/f1tenth_ws/build/path_planner': CMAKE_PREFIX_PATH=${CMAKE_PREFIX_PATH}:/home/f1/f1tenth_ws/install/f1tenth_stack:/home/f1/f1tenth_ws/install/joy_teleop:/home/f1/f1tenth_ws/install/pygame_key_teleop:/home/f1/f1tenth_ws/install/mouse_teleop:/home/f1/f1tenth_ws/install/key_teleop:/home/f1/f1tenth_ws/install/f1tenth_path_planner:/opt/ros/foxy /usr/bin/cmake --install /home/f1/f1tenth_ws/build/path_planner
[43.919s] -- Install configuration: "Release"
[43.925s] -- Execute custom install script
[43.933s] -- Up-to-date symlink: /home/f1/f1tenth_ws/install/path_planner/lib/path_planner/min_curvature_planner
[43.937s] -- Up-to-date symlink: /home/f1/f1tenth_ws/install/path_planner/share/path_planner/launch/planner_launch.py
[43.945s] -- Up-to-date symlink: /home/f1/f1tenth_ws/install/path_planner/share/ament_index/resource_index/package_run_dependencies/path_planner
[43.947s] -- Up-to-date symlink: /home/f1/f1tenth_ws/install/path_planner/share/ament_index/resource_index/parent_prefix_path/path_planner
[43.948s] -- Up-to-date symlink: /home/f1/f1tenth_ws/install/path_planner/share/path_planner/environment/ament_prefix_path.sh
[43.951s] -- Up-to-date symlink: /home/f1/f1tenth_ws/install/path_planner/share/path_planner/environment/ament_prefix_path.dsv
[43.954s] -- Up-to-date symlink: /home/f1/f1tenth_ws/install/path_planner/share/path_planner/environment/path.sh
[43.958s] -- Up-to-date symlink: /home/f1/f1tenth_ws/install/path_planner/share/path_planner/environment/path.dsv
[43.958s] -- Up-to-date symlink: /home/f1/f1tenth_ws/install/path_planner/share/path_planner/local_setup.bash
[43.960s] -- Up-to-date symlink: /home/f1/f1tenth_ws/install/path_planner/share/path_planner/local_setup.sh
[43.962s] -- Up-to-date symlink: /home/f1/f1tenth_ws/install/path_planner/share/path_planner/local_setup.zsh
[43.964s] -- Up-to-date symlink: /home/f1/f1tenth_ws/install/path_planner/share/path_planner/local_setup.dsv
[43.965s] -- Symlinking: /home/f1/f1tenth_ws/install/path_planner/share/path_planner/package.dsv
[44.044s] -- Up-to-date symlink: /home/f1/f1tenth_ws/install/path_planner/share/ament_index/resource_index/packages/path_planner
[44.049s] -- Up-to-date symlink: /home/f1/f1tenth_ws/install/path_planner/share/path_planner/cmake/path_plannerConfig.cmake
[44.051s] -- Up-to-date symlink: /home/f1/f1tenth_ws/install/path_planner/share/path_planner/cmake/path_plannerConfig-version.cmake
[44.054s] -- Up-to-date symlink: /home/f1/f1tenth_ws/install/path_planner/share/path_planner/package.xml
[44.067s] Invoked command in '/home/f1/f1tenth_ws/build/path_planner' returned '0': CMAKE_PREFIX_PATH=${CMAKE_PREFIX_PATH}:/home/f1/f1tenth_ws/install/f1tenth_stack:/home/f1/f1tenth_ws/install/joy_teleop:/home/f1/f1tenth_ws/install/pygame_key_teleop:/home/f1/f1tenth_ws/install/mouse_teleop:/home/f1/f1tenth_ws/install/key_teleop:/home/f1/f1tenth_ws/install/f1tenth_path_planner:/opt/ros/foxy /usr/bin/cmake --install /home/f1/f1tenth_ws/build/path_planner
