[1.659s] Invoking command in '/home/f1/f1tenth_ws/build/vesc': AMENT_PREFIX_PATH=/home/f1/f1tenth_ws/install/vesc_driver:/home/f1/f1tenth_ws/install/vesc_ackermann:/home/f1/f1tenth_ws/install/vesc_msgs:${AMENT_PREFIX_PATH} CMAKE_PREFIX_PATH=/home/f1/f1tenth_ws/install/vesc_driver:/home/f1/f1tenth_ws/install/vesc_ackermann:/home/f1/f1tenth_ws/install/vesc_msgs:/opt/ros/foxy LD_LIBRARY_PATH=/home/f1/f1tenth_ws/install/vesc_driver/lib:/home/f1/f1tenth_ws/install/vesc_ackermann/lib:/home/f1/f1tenth_ws/install/vesc_msgs/lib:${LD_LIBRARY_PATH} PYTHONPATH=/home/f1/f1tenth_ws/install/vesc_msgs/lib/python3.8/site-packages:${PYTHONPATH} /usr/bin/cmake --build /home/f1/f1tenth_ws/build/vesc -- -j6 -l6
[2.219s] Invoked command in '/home/f1/f1tenth_ws/build/vesc' returned '0': AMENT_PREFIX_PATH=/home/f1/f1tenth_ws/install/vesc_driver:/home/f1/f1tenth_ws/install/vesc_ackermann:/home/f1/f1tenth_ws/install/vesc_msgs:${AMENT_PREFIX_PATH} CMAKE_PREFIX_PATH=/home/f1/f1tenth_ws/install/vesc_driver:/home/f1/f1tenth_ws/install/vesc_ackermann:/home/f1/f1tenth_ws/install/vesc_msgs:/opt/ros/foxy LD_LIBRARY_PATH=/home/f1/f1tenth_ws/install/vesc_driver/lib:/home/f1/f1tenth_ws/install/vesc_ackermann/lib:/home/f1/f1tenth_ws/install/vesc_msgs/lib:${LD_LIBRARY_PATH} PYTHONPATH=/home/f1/f1tenth_ws/install/vesc_msgs/lib/python3.8/site-packages:${PYTHONPATH} /usr/bin/cmake --build /home/f1/f1tenth_ws/build/vesc -- -j6 -l6
[2.227s] Invoking command in '/home/f1/f1tenth_ws/build/vesc': AMENT_PREFIX_PATH=/home/f1/f1tenth_ws/install/vesc_driver:/home/f1/f1tenth_ws/install/vesc_ackermann:/home/f1/f1tenth_ws/install/vesc_msgs:${AMENT_PREFIX_PATH} CMAKE_PREFIX_PATH=/home/f1/f1tenth_ws/install/vesc_driver:/home/f1/f1tenth_ws/install/vesc_ackermann:/home/f1/f1tenth_ws/install/vesc_msgs:/opt/ros/foxy LD_LIBRARY_PATH=/home/f1/f1tenth_ws/install/vesc_driver/lib:/home/f1/f1tenth_ws/install/vesc_ackermann/lib:/home/f1/f1tenth_ws/install/vesc_msgs/lib:${LD_LIBRARY_PATH} PYTHONPATH=/home/f1/f1tenth_ws/install/vesc_msgs/lib/python3.8/site-packages:${PYTHONPATH} /usr/bin/cmake --install /home/f1/f1tenth_ws/build/vesc
[2.307s] -- Install configuration: "Release"
[2.316s] -- Execute custom install script
[2.324s] -- Up-to-date symlink: /home/f1/f1tenth_ws/install/vesc/share/ament_index/resource_index/package_run_dependencies/vesc
[2.326s] -- Up-to-date symlink: /home/f1/f1tenth_ws/install/vesc/share/ament_index/resource_index/parent_prefix_path/vesc
[2.330s] -- Up-to-date symlink: /home/f1/f1tenth_ws/install/vesc/share/vesc/environment/ament_prefix_path.sh
[2.331s] -- Up-to-date symlink: /home/f1/f1tenth_ws/install/vesc/share/vesc/environment/ament_prefix_path.dsv
[2.342s] -- Up-to-date symlink: /home/f1/f1tenth_ws/install/vesc/share/vesc/environment/path.sh
[2.342s] -- Up-to-date symlink: /home/f1/f1tenth_ws/install/vesc/share/vesc/environment/path.dsv
[2.343s] -- Up-to-date symlink: /home/f1/f1tenth_ws/install/vesc/share/vesc/local_setup.bash
[2.346s] -- Up-to-date symlink: /home/f1/f1tenth_ws/install/vesc/share/vesc/local_setup.sh
[2.348s] -- Up-to-date symlink: /home/f1/f1tenth_ws/install/vesc/share/vesc/local_setup.zsh
[2.349s] -- Up-to-date symlink: /home/f1/f1tenth_ws/install/vesc/share/vesc/local_setup.dsv
[2.351s] -- Symlinking: /home/f1/f1tenth_ws/install/vesc/share/vesc/package.dsv
[2.420s] -- Up-to-date symlink: /home/f1/f1tenth_ws/install/vesc/share/ament_index/resource_index/packages/vesc
[2.424s] -- Up-to-date symlink: /home/f1/f1tenth_ws/install/vesc/share/vesc/cmake/vescConfig.cmake
[2.426s] -- Up-to-date symlink: /home/f1/f1tenth_ws/install/vesc/share/vesc/cmake/vescConfig-version.cmake
[2.444s] -- Up-to-date symlink: /home/f1/f1tenth_ws/install/vesc/share/vesc/package.xml
[2.462s] Invoked command in '/home/f1/f1tenth_ws/build/vesc' returned '0': AMENT_PREFIX_PATH=/home/f1/f1tenth_ws/install/vesc_driver:/home/f1/f1tenth_ws/install/vesc_ackermann:/home/f1/f1tenth_ws/install/vesc_msgs:${AMENT_PREFIX_PATH} CMAKE_PREFIX_PATH=/home/f1/f1tenth_ws/install/vesc_driver:/home/f1/f1tenth_ws/install/vesc_ackermann:/home/f1/f1tenth_ws/install/vesc_msgs:/opt/ros/foxy LD_LIBRARY_PATH=/home/f1/f1tenth_ws/install/vesc_driver/lib:/home/f1/f1tenth_ws/install/vesc_ackermann/lib:/home/f1/f1tenth_ws/install/vesc_msgs/lib:${LD_LIBRARY_PATH} PYTHONPATH=/home/f1/f1tenth_ws/install/vesc_msgs/lib/python3.8/site-packages:${PYTHONPATH} /usr/bin/cmake --install /home/f1/f1tenth_ws/build/vesc
