[6.235s] Invoking command in '/home/f1/f1tenth_ws/build/key_teleop': PYTHONPATH=/home/f1/f1tenth_ws/build/key_teleop/prefix_override:/usr/lib/python3/dist-packages/colcon_core/task/python/colcon_distutils_commands:/home/f1/f1tenth_ws/install/key_teleop/lib/python3.8/site-packages:${PYTHONPATH} /usr/bin/python3 -W ignore:setup.py install is deprecated -W ignore:easy_install command is deprecated setup.py develop --editable --build-directory /home/f1/f1tenth_ws/build/key_teleop/build --no-deps symlink_data
[8.149s] running develop
[9.074s] running egg_info
[9.075s] creating key_teleop.egg-info
[9.075s] writing key_teleop.egg-info/PKG-INFO
[9.077s] writing dependency_links to key_teleop.egg-info/dependency_links.txt
[9.077s] writing entry points to key_teleop.egg-info/entry_points.txt
[9.078s] writing requirements to key_teleop.egg-info/requires.txt
[9.079s] writing top-level names to key_teleop.egg-info/top_level.txt
[9.086s] writing manifest file 'key_teleop.egg-info/SOURCES.txt'
[9.282s] reading manifest file 'key_teleop.egg-info/SOURCES.txt'
[9.287s] writing manifest file 'key_teleop.egg-info/SOURCES.txt'
[9.521s] running build_ext
[9.522s] Creating /home/f1/f1tenth_ws/install/key_teleop/lib/python3.8/site-packages/site.py
[9.535s] Creating /home/f1/f1tenth_ws/install/key_teleop/lib/python3.8/site-packages/key-teleop.egg-link (link to .)
[9.540s] Installing key_teleop script to /home/f1/f1tenth_ws/install/key_teleop/lib/key_teleop
[9.542s] 
[9.544s] Installed /home/f1/f1tenth_ws/build/key_teleop
[9.546s] running symlink_data
[9.547s] symbolically linking /home/f1/f1tenth_ws/build/key_teleop/package.xml -> /home/f1/f1tenth_ws/install/key_teleop/share/key_teleop
[9.549s] creating /home/f1/f1tenth_ws/install/key_teleop/share/key_teleop/config
[9.553s] symbolically linking /home/f1/f1tenth_ws/build/key_teleop/config/key_teleop.yaml -> /home/f1/f1tenth_ws/install/key_teleop/share/key_teleop/config
[9.554s] creating /home/f1/f1tenth_ws/install/key_teleop/share/ament_index
[9.555s] creating /home/f1/f1tenth_ws/install/key_teleop/share/ament_index/resource_index
[9.560s] creating /home/f1/f1tenth_ws/install/key_teleop/share/ament_index/resource_index/packages
[9.561s] symbolically linking /home/f1/f1tenth_ws/build/key_teleop/resource/key_teleop -> /home/f1/f1tenth_ws/install/key_teleop/share/ament_index/resource_index/packages
[9.691s] Invoked command in '/home/f1/f1tenth_ws/build/key_teleop' returned '0': PYTHONPATH=/home/f1/f1tenth_ws/build/key_teleop/prefix_override:/usr/lib/python3/dist-packages/colcon_core/task/python/colcon_distutils_commands:/home/f1/f1tenth_ws/install/key_teleop/lib/python3.8/site-packages:${PYTHONPATH} /usr/bin/python3 -W ignore:setup.py install is deprecated -W ignore:easy_install command is deprecated setup.py develop --editable --build-directory /home/f1/f1tenth_ws/build/key_teleop/build --no-deps symlink_data
