[2.097s] Invoking command in '/home/f1/f1tenth_ws/build/lidar_processing': CMAKE_PREFIX_PATH=/opt/ros/foxy /usr/bin/cmake --build /home/f1/f1tenth_ws/build/lidar_processing -- -j6 -l6
[3.515s] [ 33%] Built target gap_follow_node
[3.516s] [ 66%] Built target lidar_node
[3.516s] [100%] Built target wall_follow_node
[3.634s] Invoked command in '/home/f1/f1tenth_ws/build/lidar_processing' returned '0': CMAKE_PREFIX_PATH=/opt/ros/foxy /usr/bin/cmake --build /home/f1/f1tenth_ws/build/lidar_processing -- -j6 -l6
[3.648s] Invoking command in '/home/f1/f1tenth_ws/build/lidar_processing': CMAKE_PREFIX_PATH=/opt/ros/foxy /usr/bin/cmake --install /home/f1/f1tenth_ws/build/lidar_processing
[3.906s] -- Install configuration: "Release"
[3.917s] -- Execute custom install script
[3.928s] -- Up-to-date symlink: /home/f1/f1tenth_ws/install/lidar_processing/lib/lidar_processing/lidar_node
[3.929s] -- Up-to-date symlink: /home/f1/f1tenth_ws/install/lidar_processing/lib/lidar_processing/wall_follow_node
[3.931s] -- Up-to-date symlink: /home/f1/f1tenth_ws/install/lidar_processing/lib/lidar_processing/gap_follow_node
[3.933s] -- Up-to-date symlink: /home/f1/f1tenth_ws/install/lidar_processing/share/ament_index/resource_index/package_run_dependencies/lidar_processing
[3.934s] -- Up-to-date symlink: /home/f1/f1tenth_ws/install/lidar_processing/share/ament_index/resource_index/parent_prefix_path/lidar_processing
[3.936s] -- Up-to-date symlink: /home/f1/f1tenth_ws/install/lidar_processing/share/lidar_processing/environment/ament_prefix_path.sh
[3.939s] -- Up-to-date symlink: /home/f1/f1tenth_ws/install/lidar_processing/share/lidar_processing/environment/ament_prefix_path.dsv
[3.943s] -- Up-to-date symlink: /home/f1/f1tenth_ws/install/lidar_processing/share/lidar_processing/environment/path.sh
[3.945s] -- Up-to-date symlink: /home/f1/f1tenth_ws/install/lidar_processing/share/lidar_processing/environment/path.dsv
[3.946s] -- Up-to-date symlink: /home/f1/f1tenth_ws/install/lidar_processing/share/lidar_processing/local_setup.bash
[3.947s] -- Up-to-date symlink: /home/f1/f1tenth_ws/install/lidar_processing/share/lidar_processing/local_setup.sh
[3.957s] -- Up-to-date symlink: /home/f1/f1tenth_ws/install/lidar_processing/share/lidar_processing/local_setup.zsh
[3.962s] -- Up-to-date symlink: /home/f1/f1tenth_ws/install/lidar_processing/share/lidar_processing/local_setup.dsv
[3.980s] -- Symlinking: /home/f1/f1tenth_ws/install/lidar_processing/share/lidar_processing/package.dsv
[4.032s] -- Up-to-date symlink: /home/f1/f1tenth_ws/install/lidar_processing/share/ament_index/resource_index/packages/lidar_processing
[4.043s] -- Up-to-date symlink: /home/f1/f1tenth_ws/install/lidar_processing/share/lidar_processing/cmake/lidar_processingConfig.cmake
[4.044s] -- Up-to-date symlink: /home/f1/f1tenth_ws/install/lidar_processing/share/lidar_processing/cmake/lidar_processingConfig-version.cmake
[4.045s] -- Up-to-date symlink: /home/f1/f1tenth_ws/install/lidar_processing/share/lidar_processing/package.xml
[4.201s] Invoked command in '/home/f1/f1tenth_ws/build/lidar_processing' returned '0': CMAKE_PREFIX_PATH=/opt/ros/foxy /usr/bin/cmake --install /home/f1/f1tenth_ws/build/lidar_processing
