[0.088s] Invoking command in '/home/f1/f1tenth_ws/build/path_planner': CMAKE_PREFIX_PATH=${CMAKE_PREFIX_PATH}:/home/f1/f1tenth_ws/install/f1tenth_path_planner:/home/f1/f1tenth_ws/install/f1tenth_stack:/home/f1/f1tenth_ws/install/joy_teleop:/home/f1/f1tenth_ws/install/pygame_key_teleop:/home/f1/f1tenth_ws/install/mouse_teleop:/home/f1/f1tenth_ws/install/key_teleop:/opt/ros/foxy /usr/bin/cmake --build /home/f1/f1tenth_ws/build/path_planner -- -j6 -l6
[0.405s] [35m[1mScanning dependencies of target min_curvature_planner[0m
[0.667s] [ 50%] [32mBuilding CXX object CMakeFiles/min_curvature_planner.dir/src/min_curvature_planner.cpp.o[0m
[34.356s] [100%] [32m[1mLinking CXX executable min_curvature_planner[0m
[36.188s] [100%] Built target min_curvature_planner
[36.264s] Invoked command in '/home/f1/f1tenth_ws/build/path_planner' returned '0': CMAKE_PREFIX_PATH=${CMAKE_PREFIX_PATH}:/home/f1/f1tenth_ws/install/f1tenth_path_planner:/home/f1/f1tenth_ws/install/f1tenth_stack:/home/f1/f1tenth_ws/install/joy_teleop:/home/f1/f1tenth_ws/install/pygame_key_teleop:/home/f1/f1tenth_ws/install/mouse_teleop:/home/f1/f1tenth_ws/install/key_teleop:/opt/ros/foxy /usr/bin/cmake --build /home/f1/f1tenth_ws/build/path_planner -- -j6 -l6
[36.351s] Invoking command in '/home/f1/f1tenth_ws/build/path_planner': CMAKE_PREFIX_PATH=${CMAKE_PREFIX_PATH}:/home/f1/f1tenth_ws/install/f1tenth_path_planner:/home/f1/f1tenth_ws/install/f1tenth_stack:/home/f1/f1tenth_ws/install/joy_teleop:/home/f1/f1tenth_ws/install/pygame_key_teleop:/home/f1/f1tenth_ws/install/mouse_teleop:/home/f1/f1tenth_ws/install/key_teleop:/opt/ros/foxy /usr/bin/cmake --install /home/f1/f1tenth_ws/build/path_planner
[36.401s] -- Install configuration: ""
[36.403s] -- Installing: /home/f1/f1tenth_ws/install/path_planner/lib/path_planner/min_curvature_planner
[36.448s] -- Set runtime path of "/home/f1/f1tenth_ws/install/path_planner/lib/path_planner/min_curvature_planner" to ""
[36.449s] -- Up-to-date: /home/f1/f1tenth_ws/install/path_planner/share/path_planner/launch
[36.450s] -- Up-to-date: /home/f1/f1tenth_ws/install/path_planner/share/path_planner/launch/planner_launch.py
[36.451s] -- Up-to-date: /home/f1/f1tenth_ws/install/path_planner/share/ament_index/resource_index/package_run_dependencies/path_planner
[36.452s] -- Up-to-date: /home/f1/f1tenth_ws/install/path_planner/share/ament_index/resource_index/parent_prefix_path/path_planner
[36.453s] -- Up-to-date: /home/f1/f1tenth_ws/install/path_planner/share/path_planner/environment/ament_prefix_path.sh
[36.453s] -- Up-to-date: /home/f1/f1tenth_ws/install/path_planner/share/path_planner/environment/ament_prefix_path.dsv
[36.454s] -- Up-to-date: /home/f1/f1tenth_ws/install/path_planner/share/path_planner/environment/path.sh
[36.455s] -- Up-to-date: /home/f1/f1tenth_ws/install/path_planner/share/path_planner/environment/path.dsv
[36.455s] -- Up-to-date: /home/f1/f1tenth_ws/install/path_planner/share/path_planner/local_setup.bash
[36.456s] -- Up-to-date: /home/f1/f1tenth_ws/install/path_planner/share/path_planner/local_setup.sh
[36.456s] -- Up-to-date: /home/f1/f1tenth_ws/install/path_planner/share/path_planner/local_setup.zsh
[36.457s] -- Up-to-date: /home/f1/f1tenth_ws/install/path_planner/share/path_planner/local_setup.dsv
[36.457s] -- Installing: /home/f1/f1tenth_ws/install/path_planner/share/path_planner/package.dsv
[36.458s] -- Up-to-date: /home/f1/f1tenth_ws/install/path_planner/share/ament_index/resource_index/packages/path_planner
[36.458s] -- Up-to-date: /home/f1/f1tenth_ws/install/path_planner/share/path_planner/cmake/path_plannerConfig.cmake
[36.458s] -- Up-to-date: /home/f1/f1tenth_ws/install/path_planner/share/path_planner/cmake/path_plannerConfig-version.cmake
[36.459s] -- Up-to-date: /home/f1/f1tenth_ws/install/path_planner/share/path_planner/package.xml
[36.469s] Invoked command in '/home/f1/f1tenth_ws/build/path_planner' returned '0': CMAKE_PREFIX_PATH=${CMAKE_PREFIX_PATH}:/home/f1/f1tenth_ws/install/f1tenth_path_planner:/home/f1/f1tenth_ws/install/f1tenth_stack:/home/f1/f1tenth_ws/install/joy_teleop:/home/f1/f1tenth_ws/install/pygame_key_teleop:/home/f1/f1tenth_ws/install/mouse_teleop:/home/f1/f1tenth_ws/install/key_teleop:/opt/ros/foxy /usr/bin/cmake --install /home/f1/f1tenth_ws/build/path_planner
