[0.433s] Invoking command in '/home/f1/f1tenth_ws/build/vesc_msgs': CMAKE_PREFIX_PATH=${CMAKE_PREFIX_PATH}:/home/f1/f1tenth_ws/install/f1tenth_stack:/home/f1/f1tenth_ws/install/joy_teleop:/home/f1/f1tenth_ws/install/pygame_key_teleop:/home/f1/f1tenth_ws/install/mouse_teleop:/home/f1/f1tenth_ws/install/key_teleop:/opt/ros/foxy /usr/bin/cmake --build /home/f1/f1tenth_ws/build/vesc_msgs -- -j6 -l6
[4.650s] [  1%] Built target vesc_msgs__cpp
[4.655s] [ 12%] Built target vesc_msgs__rosidl_generator_c
[4.656s] [ 25%] Built target vesc_msgs__rosidl_typesupport_cpp
[4.657s] [ 34%] Built target vesc_msgs__rosidl_typesupport_fastrtps_cpp
[4.658s] [ 45%] Built target vesc_msgs__rosidl_typesupport_introspection_c
[4.663s] [ 56%] Built target vesc_msgs__rosidl_typesupport_introspection_cpp
[4.669s] [ 67%] Built target vesc_msgs__rosidl_typesupport_c
[4.673s] [ 78%] Built target vesc_msgs__rosidl_typesupport_fastrtps_c
[4.678s] [ 78%] Built target vesc_msgs
[4.692s] [ 80%] Built target vesc_msgs__py
[4.696s] [ 89%] Built target vesc_msgs__python
[4.697s] [ 92%] Built target vesc_msgs__rosidl_typesupport_c__pyext
[4.697s] [ 96%] Built target vesc_msgs__rosidl_typesupport_introspection_c__pyext
[4.698s] [100%] Built target vesc_msgs__rosidl_typesupport_fastrtps_c__pyext
[4.711s] Invoked command in '/home/f1/f1tenth_ws/build/vesc_msgs' returned '0': CMAKE_PREFIX_PATH=${CMAKE_PREFIX_PATH}:/home/f1/f1tenth_ws/install/f1tenth_stack:/home/f1/f1tenth_ws/install/joy_teleop:/home/f1/f1tenth_ws/install/pygame_key_teleop:/home/f1/f1tenth_ws/install/mouse_teleop:/home/f1/f1tenth_ws/install/key_teleop:/opt/ros/foxy /usr/bin/cmake --build /home/f1/f1tenth_ws/build/vesc_msgs -- -j6 -l6
[4.776s] Invoking command in '/home/f1/f1tenth_ws/build/vesc_msgs': CMAKE_PREFIX_PATH=${CMAKE_PREFIX_PATH}:/home/f1/f1tenth_ws/install/f1tenth_stack:/home/f1/f1tenth_ws/install/joy_teleop:/home/f1/f1tenth_ws/install/pygame_key_teleop:/home/f1/f1tenth_ws/install/mouse_teleop:/home/f1/f1tenth_ws/install/key_teleop:/opt/ros/foxy /usr/bin/cmake --install /home/f1/f1tenth_ws/build/vesc_msgs
[4.907s] -- Install configuration: "Release"
[4.911s] -- Execute custom install script
[4.916s] -- Up-to-date symlink: /home/f1/f1tenth_ws/install/vesc_msgs/share/ament_index/resource_index/rosidl_interfaces/vesc_msgs
[4.917s] -- Up-to-date symlink: /home/f1/f1tenth_ws/install/vesc_msgs/include/vesc_msgs/msg/detail/vesc_imu__functions.h
[4.917s] -- Up-to-date symlink: /home/f1/f1tenth_ws/install/vesc_msgs/include/vesc_msgs/msg/detail/vesc_imu__struct.h
[4.919s] -- Up-to-date symlink: /home/f1/f1tenth_ws/install/vesc_msgs/include/vesc_msgs/msg/detail/vesc_imu__type_support.h
[4.920s] -- Up-to-date symlink: /home/f1/f1tenth_ws/install/vesc_msgs/include/vesc_msgs/msg/detail/vesc_imu_stamped__functions.h
[4.920s] -- Up-to-date symlink: /home/f1/f1tenth_ws/install/vesc_msgs/include/vesc_msgs/msg/detail/vesc_imu_stamped__struct.h
[4.921s] -- Up-to-date symlink: /home/f1/f1tenth_ws/install/vesc_msgs/include/vesc_msgs/msg/detail/vesc_imu_stamped__type_support.h
[4.922s] -- Up-to-date symlink: /home/f1/f1tenth_ws/install/vesc_msgs/include/vesc_msgs/msg/detail/vesc_state__functions.h
[4.923s] -- Up-to-date symlink: /home/f1/f1tenth_ws/install/vesc_msgs/include/vesc_msgs/msg/detail/vesc_state__struct.h
[4.924s] -- Up-to-date symlink: /home/f1/f1tenth_ws/install/vesc_msgs/include/vesc_msgs/msg/detail/vesc_state__type_support.h
[4.924s] -- Up-to-date symlink: /home/f1/f1tenth_ws/install/vesc_msgs/include/vesc_msgs/msg/detail/vesc_state_stamped__functions.h
[4.925s] -- Up-to-date symlink: /home/f1/f1tenth_ws/install/vesc_msgs/include/vesc_msgs/msg/detail/vesc_state_stamped__struct.h
[4.926s] -- Up-to-date symlink: /home/f1/f1tenth_ws/install/vesc_msgs/include/vesc_msgs/msg/detail/vesc_state_stamped__type_support.h
[4.927s] -- Up-to-date symlink: /home/f1/f1tenth_ws/install/vesc_msgs/include/vesc_msgs/msg/rosidl_generator_c__visibility_control.h
[4.927s] -- Up-to-date symlink: /home/f1/f1tenth_ws/install/vesc_msgs/include/vesc_msgs/msg/vesc_imu.h
[4.928s] -- Up-to-date symlink: /home/f1/f1tenth_ws/install/vesc_msgs/include/vesc_msgs/msg/vesc_imu_stamped.h
[4.929s] -- Up-to-date symlink: /home/f1/f1tenth_ws/install/vesc_msgs/include/vesc_msgs/msg/vesc_state.h
[4.930s] -- Up-to-date symlink: /home/f1/f1tenth_ws/install/vesc_msgs/include/vesc_msgs/msg/vesc_state_stamped.h
[4.931s] -- Up-to-date symlink: /home/f1/f1tenth_ws/install/vesc_msgs/share/vesc_msgs/environment/library_path.sh
[4.932s] -- Up-to-date symlink: /home/f1/f1tenth_ws/install/vesc_msgs/share/vesc_msgs/environment/library_path.dsv
[4.933s] -- Up-to-date symlink: /home/f1/f1tenth_ws/install/vesc_msgs/include/vesc_msgs/msg/detail/vesc_imu__rosidl_typesupport_fastrtps_c.h
[4.936s] -- Up-to-date symlink: /home/f1/f1tenth_ws/install/vesc_msgs/include/vesc_msgs/msg/detail/vesc_imu_stamped__rosidl_typesupport_fastrtps_c.h
[4.937s] -- Up-to-date symlink: /home/f1/f1tenth_ws/install/vesc_msgs/include/vesc_msgs/msg/detail/vesc_state__rosidl_typesupport_fastrtps_c.h
[4.938s] -- Up-to-date symlink: /home/f1/f1tenth_ws/install/vesc_msgs/include/vesc_msgs/msg/detail/vesc_state_stamped__rosidl_typesupport_fastrtps_c.h
[4.944s] -- Up-to-date symlink: /home/f1/f1tenth_ws/install/vesc_msgs/include/vesc_msgs/msg/rosidl_typesupport_fastrtps_c__visibility_control.h
[4.944s] -- Up-to-date symlink: /home/f1/f1tenth_ws/install/vesc_msgs/lib/libvesc_msgs__rosidl_typesupport_fastrtps_c.so
[4.946s] -- Up-to-date symlink: /home/f1/f1tenth_ws/install/vesc_msgs/include/vesc_msgs/msg/detail/vesc_imu__rosidl_typesupport_fastrtps_cpp.hpp
[4.948s] -- Up-to-date symlink: /home/f1/f1tenth_ws/install/vesc_msgs/include/vesc_msgs/msg/detail/vesc_imu_stamped__rosidl_typesupport_fastrtps_cpp.hpp
[4.949s] -- Up-to-date symlink: /home/f1/f1tenth_ws/install/vesc_msgs/include/vesc_msgs/msg/detail/vesc_state__rosidl_typesupport_fastrtps_cpp.hpp
[4.952s] -- Up-to-date symlink: /home/f1/f1tenth_ws/install/vesc_msgs/include/vesc_msgs/msg/detail/vesc_state_stamped__rosidl_typesupport_fastrtps_cpp.hpp
[4.954s] -- Up-to-date symlink: /home/f1/f1tenth_ws/install/vesc_msgs/include/vesc_msgs/msg/rosidl_typesupport_fastrtps_cpp__visibility_control.h
[4.955s] -- Up-to-date symlink: /home/f1/f1tenth_ws/install/vesc_msgs/lib/libvesc_msgs__rosidl_typesupport_fastrtps_cpp.so
[4.971s] -- Up-to-date symlink: /home/f1/f1tenth_ws/install/vesc_msgs/include/vesc_msgs/msg/detail/vesc_imu__rosidl_typesupport_introspection_c.h
[4.976s] -- Up-to-date symlink: /home/f1/f1tenth_ws/install/vesc_msgs/include/vesc_msgs/msg/detail/vesc_imu_stamped__rosidl_typesupport_introspection_c.h
[4.976s] -- Up-to-date symlink: /home/f1/f1tenth_ws/install/vesc_msgs/include/vesc_msgs/msg/detail/vesc_state__rosidl_typesupport_introspection_c.h
[5.003s] -- Up-to-date symlink: /home/f1/f1tenth_ws/install/vesc_msgs/include/vesc_msgs/msg/detail/vesc_state_stamped__rosidl_typesupport_introspection_c.h
[5.005s] -- Up-to-date symlink: /home/f1/f1tenth_ws/install/vesc_msgs/include/vesc_msgs/msg/rosidl_typesupport_introspection_c__visibility_control.h
[5.021s] -- Up-to-date symlink: /home/f1/f1tenth_ws/install/vesc_msgs/include/vesc_msgs/msg/detail/vesc_imu__builder.hpp
[5.036s] -- Up-to-date symlink: /home/f1/f1tenth_ws/install/vesc_msgs/include/vesc_msgs/msg/detail/vesc_imu__struct.hpp
[5.052s] -- Up-to-date symlink: /home/f1/f1tenth_ws/install/vesc_msgs/include/vesc_msgs/msg/detail/vesc_imu__traits.hpp
[5.054s] -- Up-to-date symlink: /home/f1/f1tenth_ws/install/vesc_msgs/include/vesc_msgs/msg/detail/vesc_imu__type_support.hpp
[5.063s] -- Up-to-date symlink: /home/f1/f1tenth_ws/install/vesc_msgs/include/vesc_msgs/msg/detail/vesc_imu_stamped__builder.hpp
[5.097s] -- Up-to-date symlink: /home/f1/f1tenth_ws/install/vesc_msgs/include/vesc_msgs/msg/detail/vesc_imu_stamped__struct.hpp
[5.132s] -- Up-to-date symlink: /home/f1/f1tenth_ws/install/vesc_msgs/include/vesc_msgs/msg/detail/vesc_imu_stamped__traits.hpp
[5.151s] -- Up-to-date symlink: /home/f1/f1tenth_ws/install/vesc_msgs/include/vesc_msgs/msg/detail/vesc_imu_stamped__type_support.hpp
[5.153s] -- Up-to-date symlink: /home/f1/f1tenth_ws/install/vesc_msgs/include/vesc_msgs/msg/detail/vesc_state__builder.hpp
[5.159s] -- Up-to-date symlink: /home/f1/f1tenth_ws/install/vesc_msgs/include/vesc_msgs/msg/detail/vesc_state__struct.hpp
[5.167s] -- Up-to-date symlink: /home/f1/f1tenth_ws/install/vesc_msgs/include/vesc_msgs/msg/detail/vesc_state__traits.hpp
[5.169s] -- Up-to-date symlink: /home/f1/f1tenth_ws/install/vesc_msgs/include/vesc_msgs/msg/detail/vesc_state__type_support.hpp
[5.177s] -- Up-to-date symlink: /home/f1/f1tenth_ws/install/vesc_msgs/include/vesc_msgs/msg/detail/vesc_state_stamped__builder.hpp
[5.177s] -- Up-to-date symlink: /home/f1/f1tenth_ws/install/vesc_msgs/include/vesc_msgs/msg/detail/vesc_state_stamped__struct.hpp
[5.200s] -- Up-to-date symlink: /home/f1/f1tenth_ws/install/vesc_msgs/include/vesc_msgs/msg/detail/vesc_state_stamped__traits.hpp
[5.200s] -- Up-to-date symlink: /home/f1/f1tenth_ws/install/vesc_msgs/include/vesc_msgs/msg/detail/vesc_state_stamped__type_support.hpp
[5.201s] -- Up-to-date symlink: /home/f1/f1tenth_ws/install/vesc_msgs/include/vesc_msgs/msg/rosidl_generator_cpp__visibility_control.hpp
[5.203s] -- Up-to-date symlink: /home/f1/f1tenth_ws/install/vesc_msgs/include/vesc_msgs/msg/vesc_imu.hpp
[5.217s] -- Up-to-date symlink: /home/f1/f1tenth_ws/install/vesc_msgs/include/vesc_msgs/msg/vesc_imu_stamped.hpp
[5.218s] -- Up-to-date symlink: /home/f1/f1tenth_ws/install/vesc_msgs/include/vesc_msgs/msg/vesc_state.hpp
[5.219s] -- Up-to-date symlink: /home/f1/f1tenth_ws/install/vesc_msgs/include/vesc_msgs/msg/vesc_state_stamped.hpp
[5.231s] -- Up-to-date symlink: /home/f1/f1tenth_ws/install/vesc_msgs/include/vesc_msgs/msg/detail/vesc_imu__rosidl_typesupport_introspection_cpp.hpp
[5.242s] -- Up-to-date symlink: /home/f1/f1tenth_ws/install/vesc_msgs/include/vesc_msgs/msg/detail/vesc_imu_stamped__rosidl_typesupport_introspection_cpp.hpp
[5.242s] -- Up-to-date symlink: /home/f1/f1tenth_ws/install/vesc_msgs/include/vesc_msgs/msg/detail/vesc_state__rosidl_typesupport_introspection_cpp.hpp
[5.249s] -- Up-to-date symlink: /home/f1/f1tenth_ws/install/vesc_msgs/include/vesc_msgs/msg/detail/vesc_state_stamped__rosidl_typesupport_introspection_cpp.hpp
[5.250s] -- Up-to-date symlink: /home/f1/f1tenth_ws/install/vesc_msgs/share/vesc_msgs/environment/pythonpath.sh
[5.251s] -- Up-to-date symlink: /home/f1/f1tenth_ws/install/vesc_msgs/share/vesc_msgs/environment/pythonpath.dsv
[5.251s] -- Up-to-date symlink: /home/f1/f1tenth_ws/install/vesc_msgs/lib/python3.8/site-packages/vesc_msgs/__init__.py
[5.252s] -- Up-to-date symlink: /home/f1/f1tenth_ws/install/vesc_msgs/lib/python3.8/site-packages/vesc_msgs/msg/__init__.py
[5.252s] -- Up-to-date symlink: /home/f1/f1tenth_ws/install/vesc_msgs/lib/python3.8/site-packages/vesc_msgs/msg/_vesc_imu.py
[5.252s] -- Up-to-date symlink: /home/f1/f1tenth_ws/install/vesc_msgs/lib/python3.8/site-packages/vesc_msgs/msg/_vesc_imu_stamped.py
[5.253s] -- Up-to-date symlink: /home/f1/f1tenth_ws/install/vesc_msgs/lib/python3.8/site-packages/vesc_msgs/msg/_vesc_state.py
[5.253s] -- Up-to-date symlink: /home/f1/f1tenth_ws/install/vesc_msgs/lib/python3.8/site-packages/vesc_msgs/msg/_vesc_state_stamped.py
[5.254s] -- Up-to-date symlink: /home/f1/f1tenth_ws/install/vesc_msgs/lib/python3.8/site-packages/vesc_msgs/vesc_msgs_s__rosidl_typesupport_fastrtps_c.cpython-38-aarch64-linux-gnu.so
[5.263s] -- Up-to-date symlink: /home/f1/f1tenth_ws/install/vesc_msgs/lib/python3.8/site-packages/vesc_msgs/vesc_msgs_s__rosidl_typesupport_introspection_c.cpython-38-aarch64-linux-gnu.so
[5.264s] -- Up-to-date symlink: /home/f1/f1tenth_ws/install/vesc_msgs/lib/python3.8/site-packages/vesc_msgs/vesc_msgs_s__rosidl_typesupport_c.cpython-38-aarch64-linux-gnu.so
[5.264s] -- Up-to-date symlink: /home/f1/f1tenth_ws/install/vesc_msgs/lib/libvesc_msgs__python.so
[5.275s] -- Up-to-date symlink: /home/f1/f1tenth_ws/install/vesc_msgs/share/vesc_msgs/msg/VescState.idl
[5.276s] -- Up-to-date symlink: /home/f1/f1tenth_ws/install/vesc_msgs/share/vesc_msgs/msg/VescStateStamped.idl
[5.277s] -- Up-to-date symlink: /home/f1/f1tenth_ws/install/vesc_msgs/share/vesc_msgs/msg/VescImu.idl
[5.278s] -- Up-to-date symlink: /home/f1/f1tenth_ws/install/vesc_msgs/share/vesc_msgs/msg/VescImuStamped.idl
[5.279s] -- Up-to-date symlink: /home/f1/f1tenth_ws/install/vesc_msgs/share/vesc_msgs/msg/VescState.msg
[5.279s] -- Up-to-date symlink: /home/f1/f1tenth_ws/install/vesc_msgs/share/vesc_msgs/msg/VescStateStamped.msg
[5.280s] -- Up-to-date symlink: /home/f1/f1tenth_ws/install/vesc_msgs/share/vesc_msgs/msg/VescImu.msg
[5.287s] -- Up-to-date symlink: /home/f1/f1tenth_ws/install/vesc_msgs/share/vesc_msgs/msg/VescImuStamped.msg
[5.290s] -- Up-to-date symlink: /home/f1/f1tenth_ws/install/vesc_msgs/share/ament_index/resource_index/package_run_dependencies/vesc_msgs
[5.291s] -- Up-to-date symlink: /home/f1/f1tenth_ws/install/vesc_msgs/share/ament_index/resource_index/parent_prefix_path/vesc_msgs
[5.292s] -- Up-to-date symlink: /home/f1/f1tenth_ws/install/vesc_msgs/share/vesc_msgs/environment/ament_prefix_path.sh
[5.311s] -- Up-to-date symlink: /home/f1/f1tenth_ws/install/vesc_msgs/share/vesc_msgs/environment/ament_prefix_path.dsv
[5.312s] -- Up-to-date symlink: /home/f1/f1tenth_ws/install/vesc_msgs/share/vesc_msgs/environment/path.sh
[5.313s] -- Up-to-date symlink: /home/f1/f1tenth_ws/install/vesc_msgs/share/vesc_msgs/environment/path.dsv
[5.316s] -- Up-to-date symlink: /home/f1/f1tenth_ws/install/vesc_msgs/share/vesc_msgs/local_setup.bash
[5.346s] -- Up-to-date symlink: /home/f1/f1tenth_ws/install/vesc_msgs/share/vesc_msgs/local_setup.sh
[5.346s] -- Up-to-date symlink: /home/f1/f1tenth_ws/install/vesc_msgs/share/vesc_msgs/local_setup.zsh
[5.347s] -- Up-to-date symlink: /home/f1/f1tenth_ws/install/vesc_msgs/share/vesc_msgs/local_setup.dsv
[5.348s] -- Symlinking: /home/f1/f1tenth_ws/install/vesc_msgs/share/vesc_msgs/package.dsv
[5.349s] -- Up-to-date symlink: /home/f1/f1tenth_ws/install/vesc_msgs/share/ament_index/resource_index/packages/vesc_msgs
[5.350s] -- Up-to-date symlink: /home/f1/f1tenth_ws/install/vesc_msgs/share/vesc_msgs/cmake/rosidl_cmake-extras.cmake
[5.350s] -- Up-to-date symlink: /home/f1/f1tenth_ws/install/vesc_msgs/share/vesc_msgs/cmake/ament_cmake_export_dependencies-extras.cmake
[5.351s] -- Up-to-date symlink: /home/f1/f1tenth_ws/install/vesc_msgs/share/vesc_msgs/cmake/ament_cmake_export_libraries-extras.cmake
[5.352s] -- Up-to-date symlink: /home/f1/f1tenth_ws/install/vesc_msgs/share/vesc_msgs/cmake/ament_cmake_export_targets-extras.cmake
[5.353s] -- Up-to-date symlink: /home/f1/f1tenth_ws/install/vesc_msgs/share/vesc_msgs/cmake/ament_cmake_export_include_directories-extras.cmake
[5.353s] -- Up-to-date symlink: /home/f1/f1tenth_ws/install/vesc_msgs/share/vesc_msgs/cmake/rosidl_cmake_export_typesupport_libraries-extras.cmake
[5.354s] -- Up-to-date symlink: /home/f1/f1tenth_ws/install/vesc_msgs/share/vesc_msgs/cmake/rosidl_cmake_export_typesupport_targets-extras.cmake
[5.362s] -- Up-to-date symlink: /home/f1/f1tenth_ws/install/vesc_msgs/share/vesc_msgs/cmake/vesc_msgsConfig.cmake
[5.363s] -- Up-to-date symlink: /home/f1/f1tenth_ws/install/vesc_msgs/share/vesc_msgs/cmake/vesc_msgsConfig-version.cmake
[5.363s] -- Up-to-date symlink: /home/f1/f1tenth_ws/install/vesc_msgs/share/vesc_msgs/package.xml
[5.364s] -- Up-to-date: /home/f1/f1tenth_ws/install/vesc_msgs/lib/libvesc_msgs__rosidl_generator_c.so
[5.364s] -- Up-to-date: /home/f1/f1tenth_ws/install/vesc_msgs/lib/libvesc_msgs__rosidl_typesupport_introspection_c.so
[5.364s] -- Up-to-date: /home/f1/f1tenth_ws/install/vesc_msgs/lib/libvesc_msgs__rosidl_typesupport_c.so
[5.365s] -- Up-to-date: /home/f1/f1tenth_ws/install/vesc_msgs/lib/libvesc_msgs__rosidl_typesupport_introspection_cpp.so
[5.365s] -- Up-to-date: /home/f1/f1tenth_ws/install/vesc_msgs/lib/libvesc_msgs__rosidl_typesupport_cpp.so
[5.617s] -- Up-to-date: /home/f1/f1tenth_ws/install/vesc_msgs/share/vesc_msgs/cmake/vesc_msgs__rosidl_generator_cExport.cmake
[5.617s] -- Up-to-date: /home/f1/f1tenth_ws/install/vesc_msgs/share/vesc_msgs/cmake/vesc_msgs__rosidl_generator_cExport-release.cmake
[5.619s] -- Up-to-date: /home/f1/f1tenth_ws/install/vesc_msgs/share/vesc_msgs/cmake/vesc_msgs__rosidl_typesupport_introspection_cExport.cmake
[5.619s] -- Up-to-date: /home/f1/f1tenth_ws/install/vesc_msgs/share/vesc_msgs/cmake/vesc_msgs__rosidl_typesupport_introspection_cExport-release.cmake
[5.620s] -- Up-to-date: /home/f1/f1tenth_ws/install/vesc_msgs/share/vesc_msgs/cmake/vesc_msgs__rosidl_typesupport_cExport.cmake
[5.622s] -- Up-to-date: /home/f1/f1tenth_ws/install/vesc_msgs/share/vesc_msgs/cmake/vesc_msgs__rosidl_typesupport_cExport-release.cmake
[5.626s] -- Up-to-date: /home/f1/f1tenth_ws/install/vesc_msgs/share/vesc_msgs/cmake/vesc_msgs__rosidl_generator_cppExport.cmake
[5.627s] -- Up-to-date: /home/f1/f1tenth_ws/install/vesc_msgs/share/vesc_msgs/cmake/vesc_msgs__rosidl_typesupport_introspection_cppExport.cmake
[5.627s] -- Up-to-date: /home/f1/f1tenth_ws/install/vesc_msgs/share/vesc_msgs/cmake/vesc_msgs__rosidl_typesupport_introspection_cppExport-release.cmake
[5.628s] -- Up-to-date: /home/f1/f1tenth_ws/install/vesc_msgs/share/vesc_msgs/cmake/vesc_msgs__rosidl_typesupport_cppExport.cmake
[5.629s] -- Up-to-date: /home/f1/f1tenth_ws/install/vesc_msgs/share/vesc_msgs/cmake/vesc_msgs__rosidl_typesupport_cppExport-release.cmake
[5.938s] Invoked command in '/home/f1/f1tenth_ws/build/vesc_msgs' returned '0': CMAKE_PREFIX_PATH=${CMAKE_PREFIX_PATH}:/home/f1/f1tenth_ws/install/f1tenth_stack:/home/f1/f1tenth_ws/install/joy_teleop:/home/f1/f1tenth_ws/install/pygame_key_teleop:/home/f1/f1tenth_ws/install/mouse_teleop:/home/f1/f1tenth_ws/install/key_teleop:/opt/ros/foxy /usr/bin/cmake --install /home/f1/f1tenth_ws/build/vesc_msgs
