[0.441s] Invoking command in '/home/f1/f1tenth_ws/build/vesc_msgs': CMAKE_PREFIX_PATH=${CMAKE_PREFIX_PATH}:/home/f1/f1tenth_ws/install/f1tenth_stack:/home/f1/f1tenth_ws/install/joy_teleop:/home/f1/f1tenth_ws/install/pygame_key_teleop:/home/f1/f1tenth_ws/install/mouse_teleop:/home/f1/f1tenth_ws/install/key_teleop:/opt/ros/foxy /usr/bin/cmake --build /home/f1/f1tenth_ws/build/vesc_msgs -- -j6 -l6
[2.733s] [  1%] Built target vesc_msgs__cpp
[2.735s] [ 12%] Built target vesc_msgs__rosidl_generator_c
[2.735s] [ 23%] Built target vesc_msgs__rosidl_typesupport_c
[2.736s] [ 34%] Built target vesc_msgs__rosidl_typesupport_cpp
[2.736s] [ 45%] Built target vesc_msgs__rosidl_typesupport_introspection_cpp
[2.737s] [ 56%] Built target vesc_msgs__rosidl_typesupport_fastrtps_cpp
[2.737s] [ 67%] Built target vesc_msgs__rosidl_typesupport_introspection_c
[2.740s] [ 78%] Built target vesc_msgs__rosidl_typesupport_fastrtps_c
[2.748s] [ 78%] Built target vesc_msgs
[2.748s] [ 80%] Built target vesc_msgs__py
[2.749s] [ 89%] Built target vesc_msgs__python
[2.920s] [ 92%] Built target vesc_msgs__rosidl_typesupport_introspection_c__pyext
[2.927s] [ 96%] Built target vesc_msgs__rosidl_typesupport_c__pyext
[3.001s] [100%] Built target vesc_msgs__rosidl_typesupport_fastrtps_c__pyext
[3.131s] Invoked command in '/home/f1/f1tenth_ws/build/vesc_msgs' returned '0': CMAKE_PREFIX_PATH=${CMAKE_PREFIX_PATH}:/home/f1/f1tenth_ws/install/f1tenth_stack:/home/f1/f1tenth_ws/install/joy_teleop:/home/f1/f1tenth_ws/install/pygame_key_teleop:/home/f1/f1tenth_ws/install/mouse_teleop:/home/f1/f1tenth_ws/install/key_teleop:/opt/ros/foxy /usr/bin/cmake --build /home/f1/f1tenth_ws/build/vesc_msgs -- -j6 -l6
[3.168s] Invoking command in '/home/f1/f1tenth_ws/build/vesc_msgs': CMAKE_PREFIX_PATH=${CMAKE_PREFIX_PATH}:/home/f1/f1tenth_ws/install/f1tenth_stack:/home/f1/f1tenth_ws/install/joy_teleop:/home/f1/f1tenth_ws/install/pygame_key_teleop:/home/f1/f1tenth_ws/install/mouse_teleop:/home/f1/f1tenth_ws/install/key_teleop:/opt/ros/foxy /usr/bin/cmake --install /home/f1/f1tenth_ws/build/vesc_msgs
[3.318s] -- Install configuration: "Release"
[3.350s] -- Execute custom install script
[3.354s] -- Up-to-date symlink: /home/f1/f1tenth_ws/install/vesc_msgs/share/ament_index/resource_index/rosidl_interfaces/vesc_msgs
[3.359s] -- Up-to-date symlink: /home/f1/f1tenth_ws/install/vesc_msgs/include/vesc_msgs/msg/detail/vesc_imu__functions.h
[3.360s] -- Up-to-date symlink: /home/f1/f1tenth_ws/install/vesc_msgs/include/vesc_msgs/msg/detail/vesc_imu__struct.h
[3.362s] -- Up-to-date symlink: /home/f1/f1tenth_ws/install/vesc_msgs/include/vesc_msgs/msg/detail/vesc_imu__type_support.h
[3.363s] -- Up-to-date symlink: /home/f1/f1tenth_ws/install/vesc_msgs/include/vesc_msgs/msg/detail/vesc_imu_stamped__functions.h
[3.366s] -- Up-to-date symlink: /home/f1/f1tenth_ws/install/vesc_msgs/include/vesc_msgs/msg/detail/vesc_imu_stamped__struct.h
[3.368s] -- Up-to-date symlink: /home/f1/f1tenth_ws/install/vesc_msgs/include/vesc_msgs/msg/detail/vesc_imu_stamped__type_support.h
[3.369s] -- Up-to-date symlink: /home/f1/f1tenth_ws/install/vesc_msgs/include/vesc_msgs/msg/detail/vesc_state__functions.h
[3.375s] -- Up-to-date symlink: /home/f1/f1tenth_ws/install/vesc_msgs/include/vesc_msgs/msg/detail/vesc_state__struct.h
[3.375s] -- Up-to-date symlink: /home/f1/f1tenth_ws/install/vesc_msgs/include/vesc_msgs/msg/detail/vesc_state__type_support.h
[3.376s] -- Up-to-date symlink: /home/f1/f1tenth_ws/install/vesc_msgs/include/vesc_msgs/msg/detail/vesc_state_stamped__functions.h
[3.391s] -- Up-to-date symlink: /home/f1/f1tenth_ws/install/vesc_msgs/include/vesc_msgs/msg/detail/vesc_state_stamped__struct.h
[3.392s] -- Up-to-date symlink: /home/f1/f1tenth_ws/install/vesc_msgs/include/vesc_msgs/msg/detail/vesc_state_stamped__type_support.h
[3.392s] -- Up-to-date symlink: /home/f1/f1tenth_ws/install/vesc_msgs/include/vesc_msgs/msg/rosidl_generator_c__visibility_control.h
[3.418s] -- Up-to-date symlink: /home/f1/f1tenth_ws/install/vesc_msgs/include/vesc_msgs/msg/vesc_imu.h
[3.420s] -- Up-to-date symlink: /home/f1/f1tenth_ws/install/vesc_msgs/include/vesc_msgs/msg/vesc_imu_stamped.h
[3.421s] -- Up-to-date symlink: /home/f1/f1tenth_ws/install/vesc_msgs/include/vesc_msgs/msg/vesc_state.h
[3.422s] -- Up-to-date symlink: /home/f1/f1tenth_ws/install/vesc_msgs/include/vesc_msgs/msg/vesc_state_stamped.h
[3.422s] -- Up-to-date symlink: /home/f1/f1tenth_ws/install/vesc_msgs/share/vesc_msgs/environment/library_path.sh
[3.439s] -- Up-to-date symlink: /home/f1/f1tenth_ws/install/vesc_msgs/share/vesc_msgs/environment/library_path.dsv
[3.449s] -- Up-to-date symlink: /home/f1/f1tenth_ws/install/vesc_msgs/include/vesc_msgs/msg/detail/vesc_imu__rosidl_typesupport_fastrtps_c.h
[3.450s] -- Up-to-date symlink: /home/f1/f1tenth_ws/install/vesc_msgs/include/vesc_msgs/msg/detail/vesc_imu_stamped__rosidl_typesupport_fastrtps_c.h
[3.450s] -- Up-to-date symlink: /home/f1/f1tenth_ws/install/vesc_msgs/include/vesc_msgs/msg/detail/vesc_state__rosidl_typesupport_fastrtps_c.h
[3.472s] -- Up-to-date symlink: /home/f1/f1tenth_ws/install/vesc_msgs/include/vesc_msgs/msg/detail/vesc_state_stamped__rosidl_typesupport_fastrtps_c.h
[3.473s] -- Up-to-date symlink: /home/f1/f1tenth_ws/install/vesc_msgs/include/vesc_msgs/msg/rosidl_typesupport_fastrtps_c__visibility_control.h
[3.474s] -- Up-to-date symlink: /home/f1/f1tenth_ws/install/vesc_msgs/lib/libvesc_msgs__rosidl_typesupport_fastrtps_c.so
[3.476s] -- Up-to-date symlink: /home/f1/f1tenth_ws/install/vesc_msgs/include/vesc_msgs/msg/detail/vesc_imu__rosidl_typesupport_fastrtps_cpp.hpp
[3.485s] -- Up-to-date symlink: /home/f1/f1tenth_ws/install/vesc_msgs/include/vesc_msgs/msg/detail/vesc_imu_stamped__rosidl_typesupport_fastrtps_cpp.hpp
[3.486s] -- Up-to-date symlink: /home/f1/f1tenth_ws/install/vesc_msgs/include/vesc_msgs/msg/detail/vesc_state__rosidl_typesupport_fastrtps_cpp.hpp
[3.487s] -- Up-to-date symlink: /home/f1/f1tenth_ws/install/vesc_msgs/include/vesc_msgs/msg/detail/vesc_state_stamped__rosidl_typesupport_fastrtps_cpp.hpp
[3.487s] -- Up-to-date symlink: /home/f1/f1tenth_ws/install/vesc_msgs/include/vesc_msgs/msg/rosidl_typesupport_fastrtps_cpp__visibility_control.h
[3.488s] -- Up-to-date symlink: /home/f1/f1tenth_ws/install/vesc_msgs/lib/libvesc_msgs__rosidl_typesupport_fastrtps_cpp.so
[3.488s] -- Up-to-date symlink: /home/f1/f1tenth_ws/install/vesc_msgs/include/vesc_msgs/msg/detail/vesc_imu__rosidl_typesupport_introspection_c.h
[3.507s] -- Up-to-date symlink: /home/f1/f1tenth_ws/install/vesc_msgs/include/vesc_msgs/msg/detail/vesc_imu_stamped__rosidl_typesupport_introspection_c.h
[3.508s] -- Up-to-date symlink: /home/f1/f1tenth_ws/install/vesc_msgs/include/vesc_msgs/msg/detail/vesc_state__rosidl_typesupport_introspection_c.h
[3.520s] -- Up-to-date symlink: /home/f1/f1tenth_ws/install/vesc_msgs/include/vesc_msgs/msg/detail/vesc_state_stamped__rosidl_typesupport_introspection_c.h
[3.532s] -- Up-to-date symlink: /home/f1/f1tenth_ws/install/vesc_msgs/include/vesc_msgs/msg/rosidl_typesupport_introspection_c__visibility_control.h
[3.554s] -- Up-to-date symlink: /home/f1/f1tenth_ws/install/vesc_msgs/include/vesc_msgs/msg/detail/vesc_imu__builder.hpp
[3.566s] -- Up-to-date symlink: /home/f1/f1tenth_ws/install/vesc_msgs/include/vesc_msgs/msg/detail/vesc_imu__struct.hpp
[3.566s] -- Up-to-date symlink: /home/f1/f1tenth_ws/install/vesc_msgs/include/vesc_msgs/msg/detail/vesc_imu__traits.hpp
[3.567s] -- Up-to-date symlink: /home/f1/f1tenth_ws/install/vesc_msgs/include/vesc_msgs/msg/detail/vesc_imu__type_support.hpp
[3.567s] -- Up-to-date symlink: /home/f1/f1tenth_ws/install/vesc_msgs/include/vesc_msgs/msg/detail/vesc_imu_stamped__builder.hpp
[3.568s] -- Up-to-date symlink: /home/f1/f1tenth_ws/install/vesc_msgs/include/vesc_msgs/msg/detail/vesc_imu_stamped__struct.hpp
[3.568s] -- Up-to-date symlink: /home/f1/f1tenth_ws/install/vesc_msgs/include/vesc_msgs/msg/detail/vesc_imu_stamped__traits.hpp
[3.585s] -- Up-to-date symlink: /home/f1/f1tenth_ws/install/vesc_msgs/include/vesc_msgs/msg/detail/vesc_imu_stamped__type_support.hpp
[3.585s] -- Up-to-date symlink: /home/f1/f1tenth_ws/install/vesc_msgs/include/vesc_msgs/msg/detail/vesc_state__builder.hpp
[3.586s] -- Up-to-date symlink: /home/f1/f1tenth_ws/install/vesc_msgs/include/vesc_msgs/msg/detail/vesc_state__struct.hpp
[3.587s] -- Up-to-date symlink: /home/f1/f1tenth_ws/install/vesc_msgs/include/vesc_msgs/msg/detail/vesc_state__traits.hpp
[3.589s] -- Up-to-date symlink: /home/f1/f1tenth_ws/install/vesc_msgs/include/vesc_msgs/msg/detail/vesc_state__type_support.hpp
[3.597s] -- Up-to-date symlink: /home/f1/f1tenth_ws/install/vesc_msgs/include/vesc_msgs/msg/detail/vesc_state_stamped__builder.hpp
[3.609s] -- Up-to-date symlink: /home/f1/f1tenth_ws/install/vesc_msgs/include/vesc_msgs/msg/detail/vesc_state_stamped__struct.hpp
[3.611s] -- Up-to-date symlink: /home/f1/f1tenth_ws/install/vesc_msgs/include/vesc_msgs/msg/detail/vesc_state_stamped__traits.hpp
[3.612s] -- Up-to-date symlink: /home/f1/f1tenth_ws/install/vesc_msgs/include/vesc_msgs/msg/detail/vesc_state_stamped__type_support.hpp
[3.621s] -- Up-to-date symlink: /home/f1/f1tenth_ws/install/vesc_msgs/include/vesc_msgs/msg/rosidl_generator_cpp__visibility_control.hpp
[3.622s] -- Up-to-date symlink: /home/f1/f1tenth_ws/install/vesc_msgs/include/vesc_msgs/msg/vesc_imu.hpp
[3.627s] -- Up-to-date symlink: /home/f1/f1tenth_ws/install/vesc_msgs/include/vesc_msgs/msg/vesc_imu_stamped.hpp
[3.648s] -- Up-to-date symlink: /home/f1/f1tenth_ws/install/vesc_msgs/include/vesc_msgs/msg/vesc_state.hpp
[3.649s] -- Up-to-date symlink: /home/f1/f1tenth_ws/install/vesc_msgs/include/vesc_msgs/msg/vesc_state_stamped.hpp
[3.650s] -- Up-to-date symlink: /home/f1/f1tenth_ws/install/vesc_msgs/include/vesc_msgs/msg/detail/vesc_imu__rosidl_typesupport_introspection_cpp.hpp
[3.650s] -- Up-to-date symlink: /home/f1/f1tenth_ws/install/vesc_msgs/include/vesc_msgs/msg/detail/vesc_imu_stamped__rosidl_typesupport_introspection_cpp.hpp
[3.665s] -- Up-to-date symlink: /home/f1/f1tenth_ws/install/vesc_msgs/include/vesc_msgs/msg/detail/vesc_state__rosidl_typesupport_introspection_cpp.hpp
[3.668s] -- Up-to-date symlink: /home/f1/f1tenth_ws/install/vesc_msgs/include/vesc_msgs/msg/detail/vesc_state_stamped__rosidl_typesupport_introspection_cpp.hpp
[3.668s] -- Up-to-date symlink: /home/f1/f1tenth_ws/install/vesc_msgs/share/vesc_msgs/environment/pythonpath.sh
[3.670s] -- Up-to-date symlink: /home/f1/f1tenth_ws/install/vesc_msgs/share/vesc_msgs/environment/pythonpath.dsv
[3.670s] -- Up-to-date symlink: /home/f1/f1tenth_ws/install/vesc_msgs/lib/python3.8/site-packages/vesc_msgs/__init__.py
[3.671s] -- Up-to-date symlink: /home/f1/f1tenth_ws/install/vesc_msgs/lib/python3.8/site-packages/vesc_msgs/msg/__init__.py
[3.682s] -- Up-to-date symlink: /home/f1/f1tenth_ws/install/vesc_msgs/lib/python3.8/site-packages/vesc_msgs/msg/_vesc_imu.py
[3.689s] -- Up-to-date symlink: /home/f1/f1tenth_ws/install/vesc_msgs/lib/python3.8/site-packages/vesc_msgs/msg/_vesc_imu_stamped.py
[3.690s] -- Up-to-date symlink: /home/f1/f1tenth_ws/install/vesc_msgs/lib/python3.8/site-packages/vesc_msgs/msg/_vesc_state.py
[3.691s] -- Up-to-date symlink: /home/f1/f1tenth_ws/install/vesc_msgs/lib/python3.8/site-packages/vesc_msgs/msg/_vesc_state_stamped.py
[3.691s] -- Up-to-date symlink: /home/f1/f1tenth_ws/install/vesc_msgs/lib/python3.8/site-packages/vesc_msgs/vesc_msgs_s__rosidl_typesupport_fastrtps_c.cpython-38-aarch64-linux-gnu.so
[3.708s] -- Up-to-date symlink: /home/f1/f1tenth_ws/install/vesc_msgs/lib/python3.8/site-packages/vesc_msgs/vesc_msgs_s__rosidl_typesupport_introspection_c.cpython-38-aarch64-linux-gnu.so
[3.708s] -- Up-to-date symlink: /home/f1/f1tenth_ws/install/vesc_msgs/lib/python3.8/site-packages/vesc_msgs/vesc_msgs_s__rosidl_typesupport_c.cpython-38-aarch64-linux-gnu.so
[3.719s] -- Up-to-date symlink: /home/f1/f1tenth_ws/install/vesc_msgs/lib/libvesc_msgs__python.so
[3.722s] -- Up-to-date symlink: /home/f1/f1tenth_ws/install/vesc_msgs/share/vesc_msgs/msg/VescState.idl
[3.723s] -- Up-to-date symlink: /home/f1/f1tenth_ws/install/vesc_msgs/share/vesc_msgs/msg/VescStateStamped.idl
[3.734s] -- Up-to-date symlink: /home/f1/f1tenth_ws/install/vesc_msgs/share/vesc_msgs/msg/VescImu.idl
[3.745s] -- Up-to-date symlink: /home/f1/f1tenth_ws/install/vesc_msgs/share/vesc_msgs/msg/VescImuStamped.idl
[3.746s] -- Up-to-date symlink: /home/f1/f1tenth_ws/install/vesc_msgs/share/vesc_msgs/msg/VescState.msg
[3.747s] -- Up-to-date symlink: /home/f1/f1tenth_ws/install/vesc_msgs/share/vesc_msgs/msg/VescStateStamped.msg
[3.748s] -- Up-to-date symlink: /home/f1/f1tenth_ws/install/vesc_msgs/share/vesc_msgs/msg/VescImu.msg
[3.748s] -- Up-to-date symlink: /home/f1/f1tenth_ws/install/vesc_msgs/share/vesc_msgs/msg/VescImuStamped.msg
[3.750s] -- Up-to-date symlink: /home/f1/f1tenth_ws/install/vesc_msgs/share/ament_index/resource_index/package_run_dependencies/vesc_msgs
[3.761s] -- Up-to-date symlink: /home/f1/f1tenth_ws/install/vesc_msgs/share/ament_index/resource_index/parent_prefix_path/vesc_msgs
[3.762s] -- Up-to-date symlink: /home/f1/f1tenth_ws/install/vesc_msgs/share/vesc_msgs/environment/ament_prefix_path.sh
[3.762s] -- Up-to-date symlink: /home/f1/f1tenth_ws/install/vesc_msgs/share/vesc_msgs/environment/ament_prefix_path.dsv
[3.763s] -- Up-to-date symlink: /home/f1/f1tenth_ws/install/vesc_msgs/share/vesc_msgs/environment/path.sh
[3.763s] -- Up-to-date symlink: /home/f1/f1tenth_ws/install/vesc_msgs/share/vesc_msgs/environment/path.dsv
[3.763s] -- Up-to-date symlink: /home/f1/f1tenth_ws/install/vesc_msgs/share/vesc_msgs/local_setup.bash
[3.764s] -- Up-to-date symlink: /home/f1/f1tenth_ws/install/vesc_msgs/share/vesc_msgs/local_setup.sh
[3.764s] -- Up-to-date symlink: /home/f1/f1tenth_ws/install/vesc_msgs/share/vesc_msgs/local_setup.zsh
[3.771s] -- Up-to-date symlink: /home/f1/f1tenth_ws/install/vesc_msgs/share/vesc_msgs/local_setup.dsv
[3.773s] -- Symlinking: /home/f1/f1tenth_ws/install/vesc_msgs/share/vesc_msgs/package.dsv
[3.863s] -- Up-to-date symlink: /home/f1/f1tenth_ws/install/vesc_msgs/share/ament_index/resource_index/packages/vesc_msgs
[3.864s] -- Up-to-date symlink: /home/f1/f1tenth_ws/install/vesc_msgs/share/vesc_msgs/cmake/rosidl_cmake-extras.cmake
[3.868s] -- Up-to-date symlink: /home/f1/f1tenth_ws/install/vesc_msgs/share/vesc_msgs/cmake/ament_cmake_export_dependencies-extras.cmake
[3.871s] -- Up-to-date symlink: /home/f1/f1tenth_ws/install/vesc_msgs/share/vesc_msgs/cmake/ament_cmake_export_libraries-extras.cmake
[3.882s] -- Up-to-date symlink: /home/f1/f1tenth_ws/install/vesc_msgs/share/vesc_msgs/cmake/ament_cmake_export_targets-extras.cmake
[3.893s] -- Up-to-date symlink: /home/f1/f1tenth_ws/install/vesc_msgs/share/vesc_msgs/cmake/ament_cmake_export_include_directories-extras.cmake
[3.895s] -- Up-to-date symlink: /home/f1/f1tenth_ws/install/vesc_msgs/share/vesc_msgs/cmake/rosidl_cmake_export_typesupport_libraries-extras.cmake
[3.895s] -- Up-to-date symlink: /home/f1/f1tenth_ws/install/vesc_msgs/share/vesc_msgs/cmake/rosidl_cmake_export_typesupport_targets-extras.cmake
[3.897s] -- Up-to-date symlink: /home/f1/f1tenth_ws/install/vesc_msgs/share/vesc_msgs/cmake/vesc_msgsConfig.cmake
[3.898s] -- Up-to-date symlink: /home/f1/f1tenth_ws/install/vesc_msgs/share/vesc_msgs/cmake/vesc_msgsConfig-version.cmake
[3.915s] -- Up-to-date symlink: /home/f1/f1tenth_ws/install/vesc_msgs/share/vesc_msgs/package.xml
[3.921s] -- Up-to-date: /home/f1/f1tenth_ws/install/vesc_msgs/lib/libvesc_msgs__rosidl_generator_c.so
[3.922s] -- Up-to-date: /home/f1/f1tenth_ws/install/vesc_msgs/lib/libvesc_msgs__rosidl_typesupport_introspection_c.so
[3.943s] -- Up-to-date: /home/f1/f1tenth_ws/install/vesc_msgs/lib/libvesc_msgs__rosidl_typesupport_c.so
[3.944s] -- Up-to-date: /home/f1/f1tenth_ws/install/vesc_msgs/lib/libvesc_msgs__rosidl_typesupport_introspection_cpp.so
[3.944s] -- Up-to-date: /home/f1/f1tenth_ws/install/vesc_msgs/lib/libvesc_msgs__rosidl_typesupport_cpp.so
[4.331s] -- Up-to-date: /home/f1/f1tenth_ws/install/vesc_msgs/share/vesc_msgs/cmake/vesc_msgs__rosidl_generator_cExport.cmake
[4.332s] -- Up-to-date: /home/f1/f1tenth_ws/install/vesc_msgs/share/vesc_msgs/cmake/vesc_msgs__rosidl_generator_cExport-release.cmake
[4.339s] -- Up-to-date: /home/f1/f1tenth_ws/install/vesc_msgs/share/vesc_msgs/cmake/vesc_msgs__rosidl_typesupport_introspection_cExport.cmake
[4.342s] -- Up-to-date: /home/f1/f1tenth_ws/install/vesc_msgs/share/vesc_msgs/cmake/vesc_msgs__rosidl_typesupport_introspection_cExport-release.cmake
[4.357s] -- Up-to-date: /home/f1/f1tenth_ws/install/vesc_msgs/share/vesc_msgs/cmake/vesc_msgs__rosidl_typesupport_cExport.cmake
[4.364s] -- Up-to-date: /home/f1/f1tenth_ws/install/vesc_msgs/share/vesc_msgs/cmake/vesc_msgs__rosidl_typesupport_cExport-release.cmake
[4.365s] -- Up-to-date: /home/f1/f1tenth_ws/install/vesc_msgs/share/vesc_msgs/cmake/vesc_msgs__rosidl_generator_cppExport.cmake
[4.366s] -- Up-to-date: /home/f1/f1tenth_ws/install/vesc_msgs/share/vesc_msgs/cmake/vesc_msgs__rosidl_typesupport_introspection_cppExport.cmake
[4.367s] -- Up-to-date: /home/f1/f1tenth_ws/install/vesc_msgs/share/vesc_msgs/cmake/vesc_msgs__rosidl_typesupport_introspection_cppExport-release.cmake
[4.388s] -- Up-to-date: /home/f1/f1tenth_ws/install/vesc_msgs/share/vesc_msgs/cmake/vesc_msgs__rosidl_typesupport_cppExport.cmake
[4.403s] -- Up-to-date: /home/f1/f1tenth_ws/install/vesc_msgs/share/vesc_msgs/cmake/vesc_msgs__rosidl_typesupport_cppExport-release.cmake
[6.002s] Invoked command in '/home/f1/f1tenth_ws/build/vesc_msgs' returned '0': CMAKE_PREFIX_PATH=${CMAKE_PREFIX_PATH}:/home/f1/f1tenth_ws/install/f1tenth_stack:/home/f1/f1tenth_ws/install/joy_teleop:/home/f1/f1tenth_ws/install/pygame_key_teleop:/home/f1/f1tenth_ws/install/mouse_teleop:/home/f1/f1tenth_ws/install/key_teleop:/opt/ros/foxy /usr/bin/cmake --install /home/f1/f1tenth_ws/build/vesc_msgs
