[0.172s] Invoking command in '/home/ojg/sim_ws/build/scan_tools': CMAKE_PREFIX_PATH=${CMAKE_PREFIX_PATH}:/home/ojg/sim_ws/install/f1tenth_gym_ros:/opt/ros/humble /usr/bin/cmake /home/ojg/sim_ws/src/scan_tools -DCMAKE_INSTALL_PREFIX=/home/ojg/sim_ws/install/scan_tools
[0.181s] -- Found ament_cmake: 1.3.11 (/opt/ros/humble/share/ament_cmake/cmake)
[0.266s] -- Override CMake install command with custom implementation using symlinks instead of copying resources
[0.270s] -- Found rclcpp: 16.0.12 (/opt/ros/humble/share/rclcpp/cmake)
[0.287s] -- Found rosidl_generator_c: 3.1.6 (/opt/ros/humble/share/rosidl_generator_c/cmake)
[0.288s] -- Found rosidl_adapter: 3.1.6 (/opt/ros/humble/share/rosidl_adapter/cmake)
[0.292s] -- Found rosidl_generator_cpp: 3.1.6 (/opt/ros/humble/share/rosidl_generator_cpp/cmake)
[0.297s] -- Using all available rosidl_typesupport_c: rosidl_typesupport_fastrtps_c;rosidl_typesupport_introspection_c
[0.304s] -- Using all available rosidl_typesupport_cpp: rosidl_typesupport_fastrtps_cpp;rosidl_typesupport_introspection_cpp
[0.324s] -- Found rmw_implementation_cmake: 6.1.2 (/opt/ros/humble/share/rmw_implementation_cmake/cmake)
[0.325s] -- Found rmw_fastrtps_cpp: 6.2.7 (/opt/ros/humble/share/rmw_fastrtps_cpp/cmake)
[0.393s] -- Using RMW implementation 'rmw_fastrtps_cpp' as default
[0.427s] -- Found sensor_msgs: 4.9.0 (/opt/ros/humble/share/sensor_msgs/cmake)
[0.447s] -- Found ament_lint_auto: 0.12.12 (/opt/ros/humble/share/ament_lint_auto/cmake)
[0.522s] -- Added test 'cppcheck' to perform static code analysis on C / C++ code
[0.522s] -- Configured cppcheck include dirs: 
[0.522s] -- Configured cppcheck exclude dirs and/or files: 
[0.522s] -- Added test 'lint_cmake' to check CMake code style
[0.523s] -- Added test 'uncrustify' to check C / C++ code style
[0.523s] -- Configured uncrustify additional arguments: 
[0.523s] -- Added test 'xmllint' to check XML markup files
[0.524s] -- Configuring done
[0.530s] -- Generating done
[0.531s] -- Build files have been written to: /home/ojg/sim_ws/build/scan_tools
[0.536s] Invoked command in '/home/ojg/sim_ws/build/scan_tools' returned '0': CMAKE_PREFIX_PATH=${CMAKE_PREFIX_PATH}:/home/ojg/sim_ws/install/f1tenth_gym_ros:/opt/ros/humble /usr/bin/cmake /home/ojg/sim_ws/src/scan_tools -DCMAKE_INSTALL_PREFIX=/home/ojg/sim_ws/install/scan_tools
[0.537s] Invoking command in '/home/ojg/sim_ws/build/scan_tools': CMAKE_PREFIX_PATH=${CMAKE_PREFIX_PATH}:/home/ojg/sim_ws/install/f1tenth_gym_ros:/opt/ros/humble /usr/bin/cmake --build /home/ojg/sim_ws/build/scan_tools -- -j18 -l18
[0.575s] Invoked command in '/home/ojg/sim_ws/build/scan_tools' returned '0': CMAKE_PREFIX_PATH=${CMAKE_PREFIX_PATH}:/home/ojg/sim_ws/install/f1tenth_gym_ros:/opt/ros/humble /usr/bin/cmake --build /home/ojg/sim_ws/build/scan_tools -- -j18 -l18
[0.575s] Invoking command in '/home/ojg/sim_ws/build/scan_tools': CMAKE_PREFIX_PATH=${CMAKE_PREFIX_PATH}:/home/ojg/sim_ws/install/f1tenth_gym_ros:/opt/ros/humble /usr/bin/cmake --install /home/ojg/sim_ws/build/scan_tools
[0.580s] -- Install configuration: "Release"
[0.581s] -- Execute custom install script
[0.581s] -- Up-to-date symlink: /home/ojg/sim_ws/install/scan_tools/share/ament_index/resource_index/package_run_dependencies/scan_tools
[0.581s] -- Up-to-date symlink: /home/ojg/sim_ws/install/scan_tools/share/ament_index/resource_index/parent_prefix_path/scan_tools
[0.581s] -- Up-to-date symlink: /home/ojg/sim_ws/install/scan_tools/share/scan_tools/environment/ament_prefix_path.sh
[0.581s] -- Up-to-date symlink: /home/ojg/sim_ws/install/scan_tools/share/scan_tools/environment/ament_prefix_path.dsv
[0.581s] -- Up-to-date symlink: /home/ojg/sim_ws/install/scan_tools/share/scan_tools/environment/path.sh
[0.581s] -- Up-to-date symlink: /home/ojg/sim_ws/install/scan_tools/share/scan_tools/environment/path.dsv
[0.581s] -- Up-to-date symlink: /home/ojg/sim_ws/install/scan_tools/share/scan_tools/local_setup.bash
[0.581s] -- Up-to-date symlink: /home/ojg/sim_ws/install/scan_tools/share/scan_tools/local_setup.sh
[0.582s] -- Up-to-date symlink: /home/ojg/sim_ws/install/scan_tools/share/scan_tools/local_setup.zsh
[0.582s] -- Up-to-date symlink: /home/ojg/sim_ws/install/scan_tools/share/scan_tools/local_setup.dsv
[0.582s] -- Symlinking: /home/ojg/sim_ws/install/scan_tools/share/scan_tools/package.dsv
[0.587s] -- Up-to-date symlink: /home/ojg/sim_ws/install/scan_tools/share/ament_index/resource_index/packages/scan_tools
[0.587s] -- Up-to-date symlink: /home/ojg/sim_ws/install/scan_tools/share/scan_tools/cmake/scan_toolsConfig.cmake
[0.587s] -- Up-to-date symlink: /home/ojg/sim_ws/install/scan_tools/share/scan_tools/cmake/scan_toolsConfig-version.cmake
[0.588s] -- Up-to-date symlink: /home/ojg/sim_ws/install/scan_tools/share/scan_tools/package.xml
[0.589s] Invoked command in '/home/ojg/sim_ws/build/scan_tools' returned '0': CMAKE_PREFIX_PATH=${CMAKE_PREFIX_PATH}:/home/ojg/sim_ws/install/f1tenth_gym_ros:/opt/ros/humble /usr/bin/cmake --install /home/ojg/sim_ws/build/scan_tools
