[1.525s] Invoking command in '/home/f1/f1tenth_ws/build/vesc_driver': AMENT_PREFIX_PATH=/home/f1/f1tenth_ws/install/vesc_msgs:${AMENT_PREFIX_PATH} CMAKE_PREFIX_PATH=/home/f1/f1tenth_ws/install/vesc_msgs:/opt/ros/foxy LD_LIBRARY_PATH=/home/f1/f1tenth_ws/install/vesc_msgs/lib:${LD_LIBRARY_PATH} PYTHONPATH=/home/f1/f1tenth_ws/install/vesc_msgs/lib/python3.8/site-packages:${PYTHONPATH} /usr/bin/cmake --build /home/f1/f1tenth_ws/build/vesc_driver -- -j6 -l6
[2.061s] [ 20%] Built target vesc_driver_node
[2.220s] [ 70%] Built target vesc_driver
[2.485s] [100%] Built target vesc_device_namer
[2.616s] Invoked command in '/home/f1/f1tenth_ws/build/vesc_driver' returned '0': AMENT_PREFIX_PATH=/home/f1/f1tenth_ws/install/vesc_msgs:${AMENT_PREFIX_PATH} CMAKE_PREFIX_PATH=/home/f1/f1tenth_ws/install/vesc_msgs:/opt/ros/foxy LD_LIBRARY_PATH=/home/f1/f1tenth_ws/install/vesc_msgs/lib:${LD_LIBRARY_PATH} PYTHONPATH=/home/f1/f1tenth_ws/install/vesc_msgs/lib/python3.8/site-packages:${PYTHONPATH} /usr/bin/cmake --build /home/f1/f1tenth_ws/build/vesc_driver -- -j6 -l6
[2.625s] Invoking command in '/home/f1/f1tenth_ws/build/vesc_driver': AMENT_PREFIX_PATH=/home/f1/f1tenth_ws/install/vesc_msgs:${AMENT_PREFIX_PATH} CMAKE_PREFIX_PATH=/home/f1/f1tenth_ws/install/vesc_msgs:/opt/ros/foxy LD_LIBRARY_PATH=/home/f1/f1tenth_ws/install/vesc_msgs/lib:${LD_LIBRARY_PATH} PYTHONPATH=/home/f1/f1tenth_ws/install/vesc_msgs/lib/python3.8/site-packages:${PYTHONPATH} /usr/bin/cmake --install /home/f1/f1tenth_ws/build/vesc_driver
[2.690s] -- Install configuration: "Release"
[2.693s] -- Execute custom install script
[2.700s] -- Up-to-date symlink: /home/f1/f1tenth_ws/install/vesc_driver/lib/vesc_driver/vesc_driver_node
[2.706s] -- Up-to-date symlink: /home/f1/f1tenth_ws/install/vesc_driver/include/vesc_driver/crc.hpp
[2.709s] -- Up-to-date symlink: /home/f1/f1tenth_ws/install/vesc_driver/include/vesc_driver/datatypes.hpp
[2.714s] -- Up-to-date symlink: /home/f1/f1tenth_ws/install/vesc_driver/include/vesc_driver/vesc_device_uuid_lookup.hpp
[2.715s] -- Up-to-date symlink: /home/f1/f1tenth_ws/install/vesc_driver/include/vesc_driver/vesc_driver.hpp
[2.717s] -- Up-to-date symlink: /home/f1/f1tenth_ws/install/vesc_driver/include/vesc_driver/vesc_interface.hpp
[2.718s] -- Up-to-date symlink: /home/f1/f1tenth_ws/install/vesc_driver/include/vesc_driver/vesc_packet.hpp
[2.720s] -- Up-to-date symlink: /home/f1/f1tenth_ws/install/vesc_driver/include/vesc_driver/vesc_packet_factory.hpp
[2.722s] -- Up-to-date symlink: /home/f1/f1tenth_ws/install/vesc_driver/share/vesc_driver/environment/library_path.sh
[2.724s] -- Up-to-date symlink: /home/f1/f1tenth_ws/install/vesc_driver/share/vesc_driver/environment/library_path.dsv
[2.727s] -- Up-to-date symlink: /home/f1/f1tenth_ws/install/vesc_driver/lib/libvesc_driver.so
[2.730s] -- Up-to-date symlink: /home/f1/f1tenth_ws/install/vesc_driver/lib/vesc_driver/vesc_device_namer
[2.733s] -- Up-to-date symlink: /home/f1/f1tenth_ws/install/vesc_driver/share/vesc_driver/launch/vesc_driver_node.launch.py
[2.736s] -- Up-to-date symlink: /home/f1/f1tenth_ws/install/vesc_driver/share/vesc_driver/params/vesc_config.yaml
[2.738s] -- Up-to-date symlink: /home/f1/f1tenth_ws/install/vesc_driver/share/ament_index/resource_index/package_run_dependencies/vesc_driver
[2.741s] -- Up-to-date symlink: /home/f1/f1tenth_ws/install/vesc_driver/share/ament_index/resource_index/parent_prefix_path/vesc_driver
[2.744s] -- Up-to-date symlink: /home/f1/f1tenth_ws/install/vesc_driver/share/vesc_driver/environment/ament_prefix_path.sh
[2.746s] -- Up-to-date symlink: /home/f1/f1tenth_ws/install/vesc_driver/share/vesc_driver/environment/ament_prefix_path.dsv
[2.748s] -- Up-to-date symlink: /home/f1/f1tenth_ws/install/vesc_driver/share/vesc_driver/environment/path.sh
[2.749s] -- Up-to-date symlink: /home/f1/f1tenth_ws/install/vesc_driver/share/vesc_driver/environment/path.dsv
[2.751s] -- Up-to-date symlink: /home/f1/f1tenth_ws/install/vesc_driver/share/vesc_driver/local_setup.bash
[2.753s] -- Up-to-date symlink: /home/f1/f1tenth_ws/install/vesc_driver/share/vesc_driver/local_setup.sh
[2.755s] -- Up-to-date symlink: /home/f1/f1tenth_ws/install/vesc_driver/share/vesc_driver/local_setup.zsh
[2.756s] -- Up-to-date symlink: /home/f1/f1tenth_ws/install/vesc_driver/share/vesc_driver/local_setup.dsv
[2.758s] -- Symlinking: /home/f1/f1tenth_ws/install/vesc_driver/share/vesc_driver/package.dsv
[2.820s] -- Up-to-date symlink: /home/f1/f1tenth_ws/install/vesc_driver/share/ament_index/resource_index/packages/vesc_driver
[2.822s] -- Up-to-date symlink: /home/f1/f1tenth_ws/install/vesc_driver/share/ament_index/resource_index/rclcpp_components/vesc_driver
[2.825s] -- Up-to-date symlink: /home/f1/f1tenth_ws/install/vesc_driver/share/vesc_driver/cmake/ament_cmake_export_dependencies-extras.cmake
[2.827s] -- Up-to-date symlink: /home/f1/f1tenth_ws/install/vesc_driver/share/vesc_driver/cmake/ament_cmake_export_include_directories-extras.cmake
[2.834s] -- Up-to-date symlink: /home/f1/f1tenth_ws/install/vesc_driver/share/vesc_driver/cmake/ament_cmake_export_libraries-extras.cmake
[2.837s] -- Up-to-date symlink: /home/f1/f1tenth_ws/install/vesc_driver/share/vesc_driver/cmake/vesc_driverConfig.cmake
[2.840s] -- Up-to-date symlink: /home/f1/f1tenth_ws/install/vesc_driver/share/vesc_driver/cmake/vesc_driverConfig-version.cmake
[2.845s] -- Up-to-date symlink: /home/f1/f1tenth_ws/install/vesc_driver/share/vesc_driver/package.xml
[2.868s] Invoked command in '/home/f1/f1tenth_ws/build/vesc_driver' returned '0': AMENT_PREFIX_PATH=/home/f1/f1tenth_ws/install/vesc_msgs:${AMENT_PREFIX_PATH} CMAKE_PREFIX_PATH=/home/f1/f1tenth_ws/install/vesc_msgs:/opt/ros/foxy LD_LIBRARY_PATH=/home/f1/f1tenth_ws/install/vesc_msgs/lib:${LD_LIBRARY_PATH} PYTHONPATH=/home/f1/f1tenth_ws/install/vesc_msgs/lib/python3.8/site-packages:${PYTHONPATH} /usr/bin/cmake --install /home/f1/f1tenth_ws/build/vesc_driver
