[0.297s] Invoking command in '/home/f1/f1tenth_ws/build/teleop_tools_msgs': CMAKE_PREFIX_PATH=${CMAKE_PREFIX_PATH}:/home/f1/f1tenth_ws/install/f1tenth_stack:/home/f1/f1tenth_ws/install/joy_teleop:/home/f1/f1tenth_ws/install/mouse_teleop:/home/f1/f1tenth_ws/install/key_teleop:/opt/ros/foxy /usr/bin/cmake /home/f1/f1tenth_ws/src/f1tenth_system/teleop_tools/teleop_tools_msgs -DCMAKE_INSTALL_PREFIX=/home/f1/f1tenth_ws/install/teleop_tools_msgs
[3.191s] -- Found ament_cmake: 0.9.12 (/opt/ros/foxy/share/ament_cmake/cmake)
[3.193s] -- Found PythonInterp: /usr/bin/python3 (found suitable version "3.8.10", minimum required is "3") 
[3.193s] -- Using PYTHON_EXECUTABLE: /usr/bin/python3
[3.194s] -- Override CMake install command with custom implementation using symlinks instead of copying resources
[3.194s] -- Found rosidl_default_generators: 1.0.1 (/opt/ros/foxy/share/rosidl_default_generators/cmake)
[3.194s] -- Using all available rosidl_typesupport_c: rosidl_typesupport_fastrtps_c;rosidl_typesupport_introspection_c
[3.195s] -- Found rosidl_adapter: 1.3.1 (/opt/ros/foxy/share/rosidl_adapter/cmake)
[3.195s] -- Using all available rosidl_typesupport_cpp: rosidl_typesupport_fastrtps_cpp;rosidl_typesupport_introspection_cpp
[3.196s] -- Found ament_lint_auto: 0.9.8 (/opt/ros/foxy/share/ament_lint_auto/cmake)
[3.196s] -- Found PythonInterp: /usr/bin/python3 (found version "3.8.10") 
[4.000s] -- Found ament_cmake_ros: 0.9.2 (/opt/ros/foxy/share/ament_cmake_ros/cmake)
[4.846s] -- Using all available rosidl_typesupport_c: rosidl_typesupport_fastrtps_c;rosidl_typesupport_introspection_c
[5.069s] -- Using all available rosidl_typesupport_cpp: rosidl_typesupport_fastrtps_cpp;rosidl_typesupport_introspection_cpp
[5.358s] -- Found PythonInterp: /usr/bin/python3 (found suitable version "3.8.10", minimum required is "3.5") 
[5.359s] -- Found python_cmake_module: 0.8.1 (/opt/ros/foxy/share/python_cmake_module/cmake)
[5.559s] -- Using PYTHON_EXECUTABLE: /usr/bin/python3
[5.562s] -- Using PYTHON_INCLUDE_DIRS: /usr/include/python3.8
[5.562s] -- Using PYTHON_LIBRARIES: /usr/lib/aarch64-linux-gnu/libpython3.8.so
[5.815s] -- Added test 'copyright' to check source files copyright and LICENSE
[5.827s] -- Added test 'lint_cmake' to check CMake code style
[5.829s] -- Added test 'xmllint' to check XML markup files
[5.872s] -- Configuring done
[6.294s] -- Generating done
[6.424s] -- Build files have been written to: /home/f1/f1tenth_ws/build/teleop_tools_msgs
[6.626s] Invoked command in '/home/f1/f1tenth_ws/build/teleop_tools_msgs' returned '0': CMAKE_PREFIX_PATH=${CMAKE_PREFIX_PATH}:/home/f1/f1tenth_ws/install/f1tenth_stack:/home/f1/f1tenth_ws/install/joy_teleop:/home/f1/f1tenth_ws/install/mouse_teleop:/home/f1/f1tenth_ws/install/key_teleop:/opt/ros/foxy /usr/bin/cmake /home/f1/f1tenth_ws/src/f1tenth_system/teleop_tools/teleop_tools_msgs -DCMAKE_INSTALL_PREFIX=/home/f1/f1tenth_ws/install/teleop_tools_msgs
[6.630s] Invoking command in '/home/f1/f1tenth_ws/build/teleop_tools_msgs': CMAKE_PREFIX_PATH=${CMAKE_PREFIX_PATH}:/home/f1/f1tenth_ws/install/f1tenth_stack:/home/f1/f1tenth_ws/install/joy_teleop:/home/f1/f1tenth_ws/install/mouse_teleop:/home/f1/f1tenth_ws/install/key_teleop:/opt/ros/foxy /usr/bin/cmake --build /home/f1/f1tenth_ws/build/teleop_tools_msgs -- -j6 -l6
[6.978s] [  3%] Built target teleop_tools_msgs__cpp
[6.992s] [ 12%] Built target teleop_tools_msgs__rosidl_generator_c
[7.236s] [ 22%] Built target teleop_tools_msgs__rosidl_typesupport_introspection_cpp
[7.294s] [ 41%] Built target teleop_tools_msgs__rosidl_typesupport_c
[7.296s] [ 51%] Built target teleop_tools_msgs__rosidl_typesupport_fastrtps_cpp
[7.299s] [ 51%] Built target teleop_tools_msgs__rosidl_typesupport_cpp
[7.434s] [ 61%] Built target teleop_tools_msgs__rosidl_typesupport_introspection_c
[7.486s] [ 70%] Built target teleop_tools_msgs__rosidl_typesupport_fastrtps_c
[7.618s] [ 70%] Built target teleop_tools_msgs
[7.745s] [ 74%] Built target teleop_tools_msgs__py
[7.900s] [ 80%] Built target teleop_tools_msgs__python
[8.073s] [ 87%] Built target teleop_tools_msgs__rosidl_typesupport_fastrtps_c__pyext
[8.074s] [ 93%] Built target teleop_tools_msgs__rosidl_typesupport_introspection_c__pyext
[8.103s] [100%] Built target teleop_tools_msgs__rosidl_typesupport_c__pyext
