[2.193s] Invoking command in '/home/f1/f1tenth_ws/build/center_follow_cpp': CMAKE_PREFIX_PATH=/opt/ros/foxy /usr/bin/cmake --build /home/f1/f1tenth_ws/build/center_follow_cpp -- -j6 -l6
[2.898s] [100%] Built target center_follower
[3.318s] Invoked command in '/home/f1/f1tenth_ws/build/center_follow_cpp' returned '0': CMAKE_PREFIX_PATH=/opt/ros/foxy /usr/bin/cmake --build /home/f1/f1tenth_ws/build/center_follow_cpp -- -j6 -l6
[3.338s] Invoking command in '/home/f1/f1tenth_ws/build/center_follow_cpp': CMAKE_PREFIX_PATH=/opt/ros/foxy /usr/bin/cmake --install /home/f1/f1tenth_ws/build/center_follow_cpp
[3.464s] -- Install configuration: "Release"
[3.473s] -- Execute custom install script
[3.476s] -- Up-to-date symlink: /home/f1/f1tenth_ws/install/center_follow_cpp/lib/center_follow_cpp/center_follower
[3.490s] -- Up-to-date symlink: /home/f1/f1tenth_ws/install/center_follow_cpp/share/ament_index/resource_index/package_run_dependencies/center_follow_cpp
[3.497s] -- Up-to-date symlink: /home/f1/f1tenth_ws/install/center_follow_cpp/share/ament_index/resource_index/parent_prefix_path/center_follow_cpp
[3.499s] -- Up-to-date symlink: /home/f1/f1tenth_ws/install/center_follow_cpp/share/center_follow_cpp/environment/ament_prefix_path.sh
[3.502s] -- Up-to-date symlink: /home/f1/f1tenth_ws/install/center_follow_cpp/share/center_follow_cpp/environment/ament_prefix_path.dsv
[3.506s] -- Up-to-date symlink: /home/f1/f1tenth_ws/install/center_follow_cpp/share/center_follow_cpp/environment/path.sh
[3.514s] -- Up-to-date symlink: /home/f1/f1tenth_ws/install/center_follow_cpp/share/center_follow_cpp/environment/path.dsv
[3.517s] -- Up-to-date symlink: /home/f1/f1tenth_ws/install/center_follow_cpp/share/center_follow_cpp/local_setup.bash
[3.520s] -- Up-to-date symlink: /home/f1/f1tenth_ws/install/center_follow_cpp/share/center_follow_cpp/local_setup.sh
[3.521s] -- Up-to-date symlink: /home/f1/f1tenth_ws/install/center_follow_cpp/share/center_follow_cpp/local_setup.zsh
[3.524s] -- Up-to-date symlink: /home/f1/f1tenth_ws/install/center_follow_cpp/share/center_follow_cpp/local_setup.dsv
[3.525s] -- Symlinking: /home/f1/f1tenth_ws/install/center_follow_cpp/share/center_follow_cpp/package.dsv
[3.586s] -- Up-to-date symlink: /home/f1/f1tenth_ws/install/center_follow_cpp/share/ament_index/resource_index/packages/center_follow_cpp
[3.589s] -- Up-to-date symlink: /home/f1/f1tenth_ws/install/center_follow_cpp/share/center_follow_cpp/cmake/center_follow_cppConfig.cmake
[3.591s] -- Up-to-date symlink: /home/f1/f1tenth_ws/install/center_follow_cpp/share/center_follow_cpp/cmake/center_follow_cppConfig-version.cmake
[3.594s] -- Up-to-date symlink: /home/f1/f1tenth_ws/install/center_follow_cpp/share/center_follow_cpp/package.xml
[5.585s] Invoked command in '/home/f1/f1tenth_ws/build/center_follow_cpp' returned '0': CMAKE_PREFIX_PATH=/opt/ros/foxy /usr/bin/cmake --install /home/f1/f1tenth_ws/build/center_follow_cpp
