[0.321s] Invoking command in '/home/f1/f1tenth_ws/build/vesc_msgs': CMAKE_PREFIX_PATH=/home/f1/f1tenth_ws/install/vesc:/home/f1/f1tenth_ws/install/vesc_driver:/home/f1/f1tenth_ws/install/vesc_ackermann:/home/f1/f1tenth_ws/install/vesc_msgs:/home/f1/f1tenth_ws/install/teleop_tools:/home/f1/f1tenth_ws/install/teleop_tools_msgs:/home/f1/f1tenth_ws/install/f1tenth_stack:/home/f1/f1tenth_ws/install/joy_teleop:/home/f1/f1tenth_ws/install/mouse_teleop:/home/f1/f1tenth_ws/install/key_teleop:/opt/ros/foxy:/home/f1/f1tenth_ws/install/lidar_processing:/home/f1/f1tenth_ws/install/ackermann_mux /usr/bin/cmake --build /home/f1/f1tenth_ws/build/vesc_msgs -- -j6 -l6
[3.333s] [  1%] Built target vesc_msgs__cpp
[3.339s] [ 12%] Built target vesc_msgs__rosidl_generator_c
[3.342s] [ 29%] Built target vesc_msgs__rosidl_typesupport_fastrtps_cpp
[3.348s] [ 34%] Built target vesc_msgs__rosidl_typesupport_cpp
[3.349s] [ 45%] Built target vesc_msgs__rosidl_typesupport_introspection_c
[3.350s] [ 56%] Built target vesc_msgs__rosidl_typesupport_introspection_cpp
[3.350s] [ 67%] Built target vesc_msgs__rosidl_typesupport_c
[3.351s] [ 78%] Built target vesc_msgs__rosidl_typesupport_fastrtps_c
[3.351s] [ 78%] Built target vesc_msgs
[3.352s] [ 80%] Built target vesc_msgs__py
[3.352s] [ 89%] Built target vesc_msgs__python
[3.353s] [ 92%] Built target vesc_msgs__rosidl_typesupport_fastrtps_c__pyext
[3.353s] [ 96%] Built target vesc_msgs__rosidl_typesupport_introspection_c__pyext
[3.353s] [100%] Built target vesc_msgs__rosidl_typesupport_c__pyext
[3.379s] Invoked command in '/home/f1/f1tenth_ws/build/vesc_msgs' returned '0': CMAKE_PREFIX_PATH=/home/f1/f1tenth_ws/install/vesc:/home/f1/f1tenth_ws/install/vesc_driver:/home/f1/f1tenth_ws/install/vesc_ackermann:/home/f1/f1tenth_ws/install/vesc_msgs:/home/f1/f1tenth_ws/install/teleop_tools:/home/f1/f1tenth_ws/install/teleop_tools_msgs:/home/f1/f1tenth_ws/install/f1tenth_stack:/home/f1/f1tenth_ws/install/joy_teleop:/home/f1/f1tenth_ws/install/mouse_teleop:/home/f1/f1tenth_ws/install/key_teleop:/opt/ros/foxy:/home/f1/f1tenth_ws/install/lidar_processing:/home/f1/f1tenth_ws/install/ackermann_mux /usr/bin/cmake --build /home/f1/f1tenth_ws/build/vesc_msgs -- -j6 -l6
[3.437s] Invoking command in '/home/f1/f1tenth_ws/build/vesc_msgs': CMAKE_PREFIX_PATH=/home/f1/f1tenth_ws/install/vesc:/home/f1/f1tenth_ws/install/vesc_driver:/home/f1/f1tenth_ws/install/vesc_ackermann:/home/f1/f1tenth_ws/install/vesc_msgs:/home/f1/f1tenth_ws/install/teleop_tools:/home/f1/f1tenth_ws/install/teleop_tools_msgs:/home/f1/f1tenth_ws/install/f1tenth_stack:/home/f1/f1tenth_ws/install/joy_teleop:/home/f1/f1tenth_ws/install/mouse_teleop:/home/f1/f1tenth_ws/install/key_teleop:/opt/ros/foxy:/home/f1/f1tenth_ws/install/lidar_processing:/home/f1/f1tenth_ws/install/ackermann_mux /usr/bin/cmake --install /home/f1/f1tenth_ws/build/vesc_msgs
[3.520s] -- Install configuration: "Release"
[3.522s] -- Execute custom install script
[3.523s] -- Up-to-date symlink: /home/f1/f1tenth_ws/install/vesc_msgs/share/ament_index/resource_index/rosidl_interfaces/vesc_msgs
[3.524s] -- Up-to-date symlink: /home/f1/f1tenth_ws/install/vesc_msgs/include/vesc_msgs/msg/detail/vesc_imu__functions.h
[3.524s] -- Up-to-date symlink: /home/f1/f1tenth_ws/install/vesc_msgs/include/vesc_msgs/msg/detail/vesc_imu__struct.h
[3.525s] -- Up-to-date symlink: /home/f1/f1tenth_ws/install/vesc_msgs/include/vesc_msgs/msg/detail/vesc_imu__type_support.h
[3.525s] -- Up-to-date symlink: /home/f1/f1tenth_ws/install/vesc_msgs/include/vesc_msgs/msg/detail/vesc_imu_stamped__functions.h
[3.526s] -- Up-to-date symlink: /home/f1/f1tenth_ws/install/vesc_msgs/include/vesc_msgs/msg/detail/vesc_imu_stamped__struct.h
[3.526s] -- Up-to-date symlink: /home/f1/f1tenth_ws/install/vesc_msgs/include/vesc_msgs/msg/detail/vesc_imu_stamped__type_support.h
[3.527s] -- Up-to-date symlink: /home/f1/f1tenth_ws/install/vesc_msgs/include/vesc_msgs/msg/detail/vesc_state__functions.h
[3.528s] -- Up-to-date symlink: /home/f1/f1tenth_ws/install/vesc_msgs/include/vesc_msgs/msg/detail/vesc_state__struct.h
[3.528s] -- Up-to-date symlink: /home/f1/f1tenth_ws/install/vesc_msgs/include/vesc_msgs/msg/detail/vesc_state__type_support.h
[3.529s] -- Up-to-date symlink: /home/f1/f1tenth_ws/install/vesc_msgs/include/vesc_msgs/msg/detail/vesc_state_stamped__functions.h
[3.529s] -- Up-to-date symlink: /home/f1/f1tenth_ws/install/vesc_msgs/include/vesc_msgs/msg/detail/vesc_state_stamped__struct.h
[3.530s] -- Up-to-date symlink: /home/f1/f1tenth_ws/install/vesc_msgs/include/vesc_msgs/msg/detail/vesc_state_stamped__type_support.h
[3.530s] -- Up-to-date symlink: /home/f1/f1tenth_ws/install/vesc_msgs/include/vesc_msgs/msg/rosidl_generator_c__visibility_control.h
[3.531s] -- Up-to-date symlink: /home/f1/f1tenth_ws/install/vesc_msgs/include/vesc_msgs/msg/vesc_imu.h
[3.536s] -- Up-to-date symlink: /home/f1/f1tenth_ws/install/vesc_msgs/include/vesc_msgs/msg/vesc_imu_stamped.h
[3.536s] -- Up-to-date symlink: /home/f1/f1tenth_ws/install/vesc_msgs/include/vesc_msgs/msg/vesc_state.h
[3.537s] -- Up-to-date symlink: /home/f1/f1tenth_ws/install/vesc_msgs/include/vesc_msgs/msg/vesc_state_stamped.h
[3.538s] -- Up-to-date symlink: /home/f1/f1tenth_ws/install/vesc_msgs/share/vesc_msgs/environment/library_path.sh
[3.538s] -- Up-to-date symlink: /home/f1/f1tenth_ws/install/vesc_msgs/share/vesc_msgs/environment/library_path.dsv
[3.553s] -- Up-to-date symlink: /home/f1/f1tenth_ws/install/vesc_msgs/include/vesc_msgs/msg/detail/vesc_imu__rosidl_typesupport_fastrtps_c.h
[3.584s] -- Up-to-date symlink: /home/f1/f1tenth_ws/install/vesc_msgs/include/vesc_msgs/msg/detail/vesc_imu_stamped__rosidl_typesupport_fastrtps_c.h
[3.594s] -- Up-to-date symlink: /home/f1/f1tenth_ws/install/vesc_msgs/include/vesc_msgs/msg/detail/vesc_state__rosidl_typesupport_fastrtps_c.h
[3.604s] -- Up-to-date symlink: /home/f1/f1tenth_ws/install/vesc_msgs/include/vesc_msgs/msg/detail/vesc_state_stamped__rosidl_typesupport_fastrtps_c.h
[3.611s] -- Up-to-date symlink: /home/f1/f1tenth_ws/install/vesc_msgs/include/vesc_msgs/msg/rosidl_typesupport_fastrtps_c__visibility_control.h
[3.640s] -- Up-to-date symlink: /home/f1/f1tenth_ws/install/vesc_msgs/lib/libvesc_msgs__rosidl_typesupport_fastrtps_c.so
[3.641s] -- Up-to-date symlink: /home/f1/f1tenth_ws/install/vesc_msgs/include/vesc_msgs/msg/detail/vesc_imu__rosidl_typesupport_fastrtps_cpp.hpp
[3.642s] -- Up-to-date symlink: /home/f1/f1tenth_ws/install/vesc_msgs/include/vesc_msgs/msg/detail/vesc_imu_stamped__rosidl_typesupport_fastrtps_cpp.hpp
[3.643s] -- Up-to-date symlink: /home/f1/f1tenth_ws/install/vesc_msgs/include/vesc_msgs/msg/detail/vesc_state__rosidl_typesupport_fastrtps_cpp.hpp
[3.646s] -- Up-to-date symlink: /home/f1/f1tenth_ws/install/vesc_msgs/include/vesc_msgs/msg/detail/vesc_state_stamped__rosidl_typesupport_fastrtps_cpp.hpp
[3.646s] -- Up-to-date symlink: /home/f1/f1tenth_ws/install/vesc_msgs/include/vesc_msgs/msg/rosidl_typesupport_fastrtps_cpp__visibility_control.h
[3.648s] -- Up-to-date symlink: /home/f1/f1tenth_ws/install/vesc_msgs/lib/libvesc_msgs__rosidl_typesupport_fastrtps_cpp.so
[3.678s] -- Up-to-date symlink: /home/f1/f1tenth_ws/install/vesc_msgs/include/vesc_msgs/msg/detail/vesc_imu__rosidl_typesupport_introspection_c.h
[3.679s] -- Up-to-date symlink: /home/f1/f1tenth_ws/install/vesc_msgs/include/vesc_msgs/msg/detail/vesc_imu_stamped__rosidl_typesupport_introspection_c.h
[3.679s] -- Up-to-date symlink: /home/f1/f1tenth_ws/install/vesc_msgs/include/vesc_msgs/msg/detail/vesc_state__rosidl_typesupport_introspection_c.h
[3.681s] -- Up-to-date symlink: /home/f1/f1tenth_ws/install/vesc_msgs/include/vesc_msgs/msg/detail/vesc_state_stamped__rosidl_typesupport_introspection_c.h
[3.682s] -- Up-to-date symlink: /home/f1/f1tenth_ws/install/vesc_msgs/include/vesc_msgs/msg/rosidl_typesupport_introspection_c__visibility_control.h
[3.685s] -- Up-to-date symlink: /home/f1/f1tenth_ws/install/vesc_msgs/include/vesc_msgs/msg/detail/vesc_imu__builder.hpp
[3.686s] -- Up-to-date symlink: /home/f1/f1tenth_ws/install/vesc_msgs/include/vesc_msgs/msg/detail/vesc_imu__struct.hpp
[3.687s] -- Up-to-date symlink: /home/f1/f1tenth_ws/install/vesc_msgs/include/vesc_msgs/msg/detail/vesc_imu__traits.hpp
[3.690s] -- Up-to-date symlink: /home/f1/f1tenth_ws/install/vesc_msgs/include/vesc_msgs/msg/detail/vesc_imu__type_support.hpp
[3.691s] -- Up-to-date symlink: /home/f1/f1tenth_ws/install/vesc_msgs/include/vesc_msgs/msg/detail/vesc_imu_stamped__builder.hpp
[3.692s] -- Up-to-date symlink: /home/f1/f1tenth_ws/install/vesc_msgs/include/vesc_msgs/msg/detail/vesc_imu_stamped__struct.hpp
[3.692s] -- Up-to-date symlink: /home/f1/f1tenth_ws/install/vesc_msgs/include/vesc_msgs/msg/detail/vesc_imu_stamped__traits.hpp
[3.693s] -- Up-to-date symlink: /home/f1/f1tenth_ws/install/vesc_msgs/include/vesc_msgs/msg/detail/vesc_imu_stamped__type_support.hpp
[3.693s] -- Up-to-date symlink: /home/f1/f1tenth_ws/install/vesc_msgs/include/vesc_msgs/msg/detail/vesc_state__builder.hpp
[3.694s] -- Up-to-date symlink: /home/f1/f1tenth_ws/install/vesc_msgs/include/vesc_msgs/msg/detail/vesc_state__struct.hpp
[3.696s] -- Up-to-date symlink: /home/f1/f1tenth_ws/install/vesc_msgs/include/vesc_msgs/msg/detail/vesc_state__traits.hpp
[3.696s] -- Up-to-date symlink: /home/f1/f1tenth_ws/install/vesc_msgs/include/vesc_msgs/msg/detail/vesc_state__type_support.hpp
[3.700s] -- Up-to-date symlink: /home/f1/f1tenth_ws/install/vesc_msgs/include/vesc_msgs/msg/detail/vesc_state_stamped__builder.hpp
[3.700s] -- Up-to-date symlink: /home/f1/f1tenth_ws/install/vesc_msgs/include/vesc_msgs/msg/detail/vesc_state_stamped__struct.hpp
[3.700s] -- Up-to-date symlink: /home/f1/f1tenth_ws/install/vesc_msgs/include/vesc_msgs/msg/detail/vesc_state_stamped__traits.hpp
[3.701s] -- Up-to-date symlink: /home/f1/f1tenth_ws/install/vesc_msgs/include/vesc_msgs/msg/detail/vesc_state_stamped__type_support.hpp
[3.704s] -- Up-to-date symlink: /home/f1/f1tenth_ws/install/vesc_msgs/include/vesc_msgs/msg/rosidl_generator_cpp__visibility_control.hpp
[3.705s] -- Up-to-date symlink: /home/f1/f1tenth_ws/install/vesc_msgs/include/vesc_msgs/msg/vesc_imu.hpp
[3.705s] -- Up-to-date symlink: /home/f1/f1tenth_ws/install/vesc_msgs/include/vesc_msgs/msg/vesc_imu_stamped.hpp
[3.707s] -- Up-to-date symlink: /home/f1/f1tenth_ws/install/vesc_msgs/include/vesc_msgs/msg/vesc_state.hpp
[3.708s] -- Up-to-date symlink: /home/f1/f1tenth_ws/install/vesc_msgs/include/vesc_msgs/msg/vesc_state_stamped.hpp
[3.708s] -- Up-to-date symlink: /home/f1/f1tenth_ws/install/vesc_msgs/include/vesc_msgs/msg/detail/vesc_imu__rosidl_typesupport_introspection_cpp.hpp
[3.709s] -- Up-to-date symlink: /home/f1/f1tenth_ws/install/vesc_msgs/include/vesc_msgs/msg/detail/vesc_imu_stamped__rosidl_typesupport_introspection_cpp.hpp
[3.709s] -- Up-to-date symlink: /home/f1/f1tenth_ws/install/vesc_msgs/include/vesc_msgs/msg/detail/vesc_state__rosidl_typesupport_introspection_cpp.hpp
[3.710s] -- Up-to-date symlink: /home/f1/f1tenth_ws/install/vesc_msgs/include/vesc_msgs/msg/detail/vesc_state_stamped__rosidl_typesupport_introspection_cpp.hpp
[3.713s] -- Up-to-date symlink: /home/f1/f1tenth_ws/install/vesc_msgs/share/vesc_msgs/environment/pythonpath.sh
[3.718s] -- Up-to-date symlink: /home/f1/f1tenth_ws/install/vesc_msgs/share/vesc_msgs/environment/pythonpath.dsv
[3.721s] -- Up-to-date symlink: /home/f1/f1tenth_ws/install/vesc_msgs/lib/python3.8/site-packages/vesc_msgs/__init__.py
[3.723s] -- Up-to-date symlink: /home/f1/f1tenth_ws/install/vesc_msgs/lib/python3.8/site-packages/vesc_msgs/msg/__init__.py
[3.723s] -- Up-to-date symlink: /home/f1/f1tenth_ws/install/vesc_msgs/lib/python3.8/site-packages/vesc_msgs/msg/_vesc_imu.py
[3.724s] -- Up-to-date symlink: /home/f1/f1tenth_ws/install/vesc_msgs/lib/python3.8/site-packages/vesc_msgs/msg/_vesc_imu_stamped.py
[3.726s] -- Up-to-date symlink: /home/f1/f1tenth_ws/install/vesc_msgs/lib/python3.8/site-packages/vesc_msgs/msg/_vesc_state.py
[3.726s] -- Up-to-date symlink: /home/f1/f1tenth_ws/install/vesc_msgs/lib/python3.8/site-packages/vesc_msgs/msg/_vesc_state_stamped.py
[3.728s] -- Up-to-date symlink: /home/f1/f1tenth_ws/install/vesc_msgs/lib/python3.8/site-packages/vesc_msgs/vesc_msgs_s__rosidl_typesupport_fastrtps_c.cpython-38-aarch64-linux-gnu.so
[3.728s] -- Up-to-date symlink: /home/f1/f1tenth_ws/install/vesc_msgs/lib/python3.8/site-packages/vesc_msgs/vesc_msgs_s__rosidl_typesupport_introspection_c.cpython-38-aarch64-linux-gnu.so
[3.731s] -- Up-to-date symlink: /home/f1/f1tenth_ws/install/vesc_msgs/lib/python3.8/site-packages/vesc_msgs/vesc_msgs_s__rosidl_typesupport_c.cpython-38-aarch64-linux-gnu.so
[3.732s] -- Up-to-date symlink: /home/f1/f1tenth_ws/install/vesc_msgs/lib/libvesc_msgs__python.so
[3.732s] -- Up-to-date symlink: /home/f1/f1tenth_ws/install/vesc_msgs/share/vesc_msgs/msg/VescState.idl
[3.733s] -- Up-to-date symlink: /home/f1/f1tenth_ws/install/vesc_msgs/share/vesc_msgs/msg/VescStateStamped.idl
[3.733s] -- Up-to-date symlink: /home/f1/f1tenth_ws/install/vesc_msgs/share/vesc_msgs/msg/VescImu.idl
[3.734s] -- Up-to-date symlink: /home/f1/f1tenth_ws/install/vesc_msgs/share/vesc_msgs/msg/VescImuStamped.idl
[3.734s] -- Up-to-date symlink: /home/f1/f1tenth_ws/install/vesc_msgs/share/vesc_msgs/msg/VescState.msg
[3.735s] -- Up-to-date symlink: /home/f1/f1tenth_ws/install/vesc_msgs/share/vesc_msgs/msg/VescStateStamped.msg
[3.735s] -- Up-to-date symlink: /home/f1/f1tenth_ws/install/vesc_msgs/share/vesc_msgs/msg/VescImu.msg
[3.736s] -- Up-to-date symlink: /home/f1/f1tenth_ws/install/vesc_msgs/share/vesc_msgs/msg/VescImuStamped.msg
[3.736s] -- Up-to-date symlink: /home/f1/f1tenth_ws/install/vesc_msgs/share/ament_index/resource_index/package_run_dependencies/vesc_msgs
[3.737s] -- Up-to-date symlink: /home/f1/f1tenth_ws/install/vesc_msgs/share/ament_index/resource_index/parent_prefix_path/vesc_msgs
[3.737s] -- Up-to-date symlink: /home/f1/f1tenth_ws/install/vesc_msgs/share/vesc_msgs/environment/ament_prefix_path.sh
[3.737s] -- Up-to-date symlink: /home/f1/f1tenth_ws/install/vesc_msgs/share/vesc_msgs/environment/ament_prefix_path.dsv
[3.738s] -- Up-to-date symlink: /home/f1/f1tenth_ws/install/vesc_msgs/share/vesc_msgs/environment/path.sh
[3.738s] -- Up-to-date symlink: /home/f1/f1tenth_ws/install/vesc_msgs/share/vesc_msgs/environment/path.dsv
[3.739s] -- Up-to-date symlink: /home/f1/f1tenth_ws/install/vesc_msgs/share/vesc_msgs/local_setup.bash
[3.740s] -- Up-to-date symlink: /home/f1/f1tenth_ws/install/vesc_msgs/share/vesc_msgs/local_setup.sh
[3.740s] -- Up-to-date symlink: /home/f1/f1tenth_ws/install/vesc_msgs/share/vesc_msgs/local_setup.zsh
[3.741s] -- Up-to-date symlink: /home/f1/f1tenth_ws/install/vesc_msgs/share/vesc_msgs/local_setup.dsv
[3.741s] -- Symlinking: /home/f1/f1tenth_ws/install/vesc_msgs/share/vesc_msgs/package.dsv
[3.804s] -- Up-to-date symlink: /home/f1/f1tenth_ws/install/vesc_msgs/share/ament_index/resource_index/packages/vesc_msgs
[3.804s] -- Up-to-date symlink: /home/f1/f1tenth_ws/install/vesc_msgs/share/vesc_msgs/cmake/rosidl_cmake-extras.cmake
[3.806s] -- Up-to-date symlink: /home/f1/f1tenth_ws/install/vesc_msgs/share/vesc_msgs/cmake/ament_cmake_export_dependencies-extras.cmake
[3.810s] -- Up-to-date symlink: /home/f1/f1tenth_ws/install/vesc_msgs/share/vesc_msgs/cmake/ament_cmake_export_libraries-extras.cmake
[3.811s] -- Up-to-date symlink: /home/f1/f1tenth_ws/install/vesc_msgs/share/vesc_msgs/cmake/ament_cmake_export_targets-extras.cmake
[3.814s] -- Up-to-date symlink: /home/f1/f1tenth_ws/install/vesc_msgs/share/vesc_msgs/cmake/ament_cmake_export_include_directories-extras.cmake
[3.817s] -- Up-to-date symlink: /home/f1/f1tenth_ws/install/vesc_msgs/share/vesc_msgs/cmake/rosidl_cmake_export_typesupport_libraries-extras.cmake
[3.819s] -- Up-to-date symlink: /home/f1/f1tenth_ws/install/vesc_msgs/share/vesc_msgs/cmake/rosidl_cmake_export_typesupport_targets-extras.cmake
[3.823s] -- Up-to-date symlink: /home/f1/f1tenth_ws/install/vesc_msgs/share/vesc_msgs/cmake/vesc_msgsConfig.cmake
[3.825s] -- Up-to-date symlink: /home/f1/f1tenth_ws/install/vesc_msgs/share/vesc_msgs/cmake/vesc_msgsConfig-version.cmake
[3.827s] -- Up-to-date symlink: /home/f1/f1tenth_ws/install/vesc_msgs/share/vesc_msgs/package.xml
[3.832s] -- Up-to-date: /home/f1/f1tenth_ws/install/vesc_msgs/lib/libvesc_msgs__rosidl_generator_c.so
[3.840s] -- Up-to-date: /home/f1/f1tenth_ws/install/vesc_msgs/lib/libvesc_msgs__rosidl_typesupport_introspection_c.so
[3.847s] -- Up-to-date: /home/f1/f1tenth_ws/install/vesc_msgs/lib/libvesc_msgs__rosidl_typesupport_c.so
[3.855s] -- Up-to-date: /home/f1/f1tenth_ws/install/vesc_msgs/lib/libvesc_msgs__rosidl_typesupport_introspection_cpp.so
[3.862s] -- Up-to-date: /home/f1/f1tenth_ws/install/vesc_msgs/lib/libvesc_msgs__rosidl_typesupport_cpp.so
[4.150s] -- Up-to-date: /home/f1/f1tenth_ws/install/vesc_msgs/share/vesc_msgs/cmake/vesc_msgs__rosidl_generator_cExport.cmake
[4.150s] -- Up-to-date: /home/f1/f1tenth_ws/install/vesc_msgs/share/vesc_msgs/cmake/vesc_msgs__rosidl_generator_cExport-release.cmake
[4.151s] -- Up-to-date: /home/f1/f1tenth_ws/install/vesc_msgs/share/vesc_msgs/cmake/vesc_msgs__rosidl_typesupport_introspection_cExport.cmake
[4.151s] -- Up-to-date: /home/f1/f1tenth_ws/install/vesc_msgs/share/vesc_msgs/cmake/vesc_msgs__rosidl_typesupport_introspection_cExport-release.cmake
[4.152s] -- Up-to-date: /home/f1/f1tenth_ws/install/vesc_msgs/share/vesc_msgs/cmake/vesc_msgs__rosidl_typesupport_cExport.cmake
[4.152s] -- Up-to-date: /home/f1/f1tenth_ws/install/vesc_msgs/share/vesc_msgs/cmake/vesc_msgs__rosidl_typesupport_cExport-release.cmake
[4.153s] -- Up-to-date: /home/f1/f1tenth_ws/install/vesc_msgs/share/vesc_msgs/cmake/vesc_msgs__rosidl_generator_cppExport.cmake
[4.160s] -- Up-to-date: /home/f1/f1tenth_ws/install/vesc_msgs/share/vesc_msgs/cmake/vesc_msgs__rosidl_typesupport_introspection_cppExport.cmake
[4.170s] -- Up-to-date: /home/f1/f1tenth_ws/install/vesc_msgs/share/vesc_msgs/cmake/vesc_msgs__rosidl_typesupport_introspection_cppExport-release.cmake
[4.171s] -- Up-to-date: /home/f1/f1tenth_ws/install/vesc_msgs/share/vesc_msgs/cmake/vesc_msgs__rosidl_typesupport_cppExport.cmake
[4.171s] -- Up-to-date: /home/f1/f1tenth_ws/install/vesc_msgs/share/vesc_msgs/cmake/vesc_msgs__rosidl_typesupport_cppExport-release.cmake
[4.348s] Invoked command in '/home/f1/f1tenth_ws/build/vesc_msgs' returned '0': CMAKE_PREFIX_PATH=/home/f1/f1tenth_ws/install/vesc:/home/f1/f1tenth_ws/install/vesc_driver:/home/f1/f1tenth_ws/install/vesc_ackermann:/home/f1/f1tenth_ws/install/vesc_msgs:/home/f1/f1tenth_ws/install/teleop_tools:/home/f1/f1tenth_ws/install/teleop_tools_msgs:/home/f1/f1tenth_ws/install/f1tenth_stack:/home/f1/f1tenth_ws/install/joy_teleop:/home/f1/f1tenth_ws/install/mouse_teleop:/home/f1/f1tenth_ws/install/key_teleop:/opt/ros/foxy:/home/f1/f1tenth_ws/install/lidar_processing:/home/f1/f1tenth_ws/install/ackermann_mux /usr/bin/cmake --install /home/f1/f1tenth_ws/build/vesc_msgs
