[0.267s] Invoking command in '/home/f1/f1tenth_ws/build/vesc_msgs': CMAKE_PREFIX_PATH=/opt/ros/foxy /usr/bin/cmake /home/f1/f1tenth_ws/src/f1tenth_system/vesc/vesc_msgs -DCMAKE_BUILD_TYPE=Release -DAMENT_CMAKE_SYMLINK_INSTALL=1 -DCMAKE_INSTALL_PREFIX=/home/f1/f1tenth_ws/install/vesc_msgs
[3.416s] -- The C compiler identification is GNU 9.4.0
[3.418s] -- The CXX compiler identification is GNU 9.4.0
[3.418s] -- Check for working C compiler: /usr/bin/cc
[3.419s] -- Check for working C compiler: /usr/bin/cc -- works
[3.419s] -- Detecting C compiler ABI info
[3.420s] -- Detecting C compiler ABI info - done
[3.420s] -- Detecting C compile features
[3.421s] -- Detecting C compile features - done
[3.421s] -- Check for working CXX compiler: /usr/bin/c++
[3.422s] -- Check for working CXX compiler: /usr/bin/c++ -- works
[3.422s] -- Detecting CXX compiler ABI info
[3.762s] -- Detecting CXX compiler ABI info - done
[3.846s] -- Detecting CXX compile features
[3.850s] -- Detecting CXX compile features - done
[3.863s] -- Found ament_cmake_auto: 0.9.12 (/opt/ros/foxy/share/ament_cmake_auto/cmake)
[4.017s] -- Found PythonInterp: /usr/bin/python3 (found suitable version "3.8.10", minimum required is "3") 
[4.018s] -- Using PYTHON_EXECUTABLE: /usr/bin/python3
[5.304s] -- Override CMake install command with custom implementation using symlinks instead of copying resources
[5.866s] -- Using all available rosidl_typesupport_c: rosidl_typesupport_fastrtps_c;rosidl_typesupport_introspection_c
[5.912s] -- Found rosidl_adapter: 1.3.1 (/opt/ros/foxy/share/rosidl_adapter/cmake)
[6.697s] -- Found OpenSSL: /usr/lib/aarch64-linux-gnu/libcrypto.so (found version "1.1.1f")  
[6.898s] -- Found FastRTPS: /opt/ros/foxy/include  
[7.446s] -- Using all available rosidl_typesupport_cpp: rosidl_typesupport_fastrtps_cpp;rosidl_typesupport_introspection_cpp
[8.320s] -- Found PythonInterp: /usr/bin/python3 (found version "3.8.10") 
[9.380s] -- Found ament_cmake_ros: 0.9.2 (/opt/ros/foxy/share/ament_cmake_ros/cmake)
[11.116s] -- Using all available rosidl_typesupport_c: rosidl_typesupport_fastrtps_c;rosidl_typesupport_introspection_c
[11.851s] -- Using all available rosidl_typesupport_cpp: rosidl_typesupport_fastrtps_cpp;rosidl_typesupport_introspection_cpp
[11.994s] -- Found PythonInterp: /usr/bin/python3 (found suitable version "3.8.10", minimum required is "3.5") 
[12.000s] -- Found python_cmake_module: 0.8.1 (/opt/ros/foxy/share/python_cmake_module/cmake)
[12.153s] -- Found PythonLibs: /usr/lib/aarch64-linux-gnu/libpython3.8.so (found suitable version "3.8.10", minimum required is "3.5") 
[12.154s] -- Using PYTHON_EXECUTABLE: /usr/bin/python3
[12.155s] -- Using PYTHON_INCLUDE_DIRS: /usr/include/python3.8
[12.155s] -- Using PYTHON_LIBRARIES: /usr/lib/aarch64-linux-gnu/libpython3.8.so
[12.273s] -- Found PythonExtra: .so  
[12.737s] -- Found ament_lint_auto: 0.9.8 (/opt/ros/foxy/share/ament_lint_auto/cmake)
[12.860s] -- Added test 'copyright' to check source files copyright and LICENSE
[12.873s] -- Added test 'lint_cmake' to check CMake code style
[12.882s] -- Added test 'xmllint' to check XML markup files
[12.930s] -- Configuring done
[13.387s] -- Generating done
[13.498s] -- Build files have been written to: /home/f1/f1tenth_ws/build/vesc_msgs
