[1.485s] Invoking command in '/home/f1/f1tenth_ws/build/vesc_driver': CMAKE_PREFIX_PATH=/home/f1/f1tenth_ws/install/vesc_msgs:/home/f1/f1tenth_ws/install/vesc:/home/f1/f1tenth_ws/install/vesc_driver:/home/f1/f1tenth_ws/install/vesc_ackermann:/home/f1/f1tenth_ws/install/teleop_tools:/home/f1/f1tenth_ws/install/teleop_tools_msgs:/home/f1/f1tenth_ws/install/f1tenth_stack:/home/f1/f1tenth_ws/install/joy_teleop:/home/f1/f1tenth_ws/install/mouse_teleop:/home/f1/f1tenth_ws/install/key_teleop:/opt/ros/foxy:/home/f1/f1tenth_ws/install/lidar_processing:/home/f1/f1tenth_ws/install/ackermann_mux LD_LIBRARY_PATH=/home/f1/f1tenth_ws/install/vesc_msgs/lib:/home/f1/f1tenth_ws/install/vesc_driver/lib:/home/f1/f1tenth_ws/install/vesc_ackermann/lib:/home/f1/f1tenth_ws/install/teleop_tools_msgs/lib:/opt/ros/foxy/opt/yaml_cpp_vendor/lib:/opt/ros/foxy/opt/rviz_ogre_vendor/lib:/opt/ros/foxy/lib/aarch64-linux-gnu:/opt/ros/foxy/lib PYTHONPATH=/home/f1/f1tenth_ws/install/vesc_msgs/lib/python3.8/site-packages:/home/f1/f1tenth_ws/build/f1tenth_stack:/home/f1/f1tenth_ws/install/f1tenth_stack/lib/python3.8/site-packages:/home/f1/f1tenth_ws/build/joy_teleop:/home/f1/f1tenth_ws/install/joy_teleop/lib/python3.8/site-packages:/home/f1/f1tenth_ws/install/teleop_tools_msgs/lib/python3.8/site-packages:/home/f1/f1tenth_ws/build/mouse_teleop:/home/f1/f1tenth_ws/install/mouse_teleop/lib/python3.8/site-packages:/home/f1/f1tenth_ws/build/key_teleop:/home/f1/f1tenth_ws/install/key_teleop/lib/python3.8/site-packages:/opt/ros/foxy/lib/python3.8/site-packages /usr/bin/cmake --build /home/f1/f1tenth_ws/build/vesc_driver -- -j6 -l6
[1.948s] [ 50%] Built target vesc_driver
[2.001s] [ 70%] Built target vesc_driver_node
[2.109s] [100%] Built target vesc_device_namer
[2.189s] Invoked command in '/home/f1/f1tenth_ws/build/vesc_driver' returned '0': CMAKE_PREFIX_PATH=/home/f1/f1tenth_ws/install/vesc_msgs:/home/f1/f1tenth_ws/install/vesc:/home/f1/f1tenth_ws/install/vesc_driver:/home/f1/f1tenth_ws/install/vesc_ackermann:/home/f1/f1tenth_ws/install/teleop_tools:/home/f1/f1tenth_ws/install/teleop_tools_msgs:/home/f1/f1tenth_ws/install/f1tenth_stack:/home/f1/f1tenth_ws/install/joy_teleop:/home/f1/f1tenth_ws/install/mouse_teleop:/home/f1/f1tenth_ws/install/key_teleop:/opt/ros/foxy:/home/f1/f1tenth_ws/install/lidar_processing:/home/f1/f1tenth_ws/install/ackermann_mux LD_LIBRARY_PATH=/home/f1/f1tenth_ws/install/vesc_msgs/lib:/home/f1/f1tenth_ws/install/vesc_driver/lib:/home/f1/f1tenth_ws/install/vesc_ackermann/lib:/home/f1/f1tenth_ws/install/teleop_tools_msgs/lib:/opt/ros/foxy/opt/yaml_cpp_vendor/lib:/opt/ros/foxy/opt/rviz_ogre_vendor/lib:/opt/ros/foxy/lib/aarch64-linux-gnu:/opt/ros/foxy/lib PYTHONPATH=/home/f1/f1tenth_ws/install/vesc_msgs/lib/python3.8/site-packages:/home/f1/f1tenth_ws/build/f1tenth_stack:/home/f1/f1tenth_ws/install/f1tenth_stack/lib/python3.8/site-packages:/home/f1/f1tenth_ws/build/joy_teleop:/home/f1/f1tenth_ws/install/joy_teleop/lib/python3.8/site-packages:/home/f1/f1tenth_ws/install/teleop_tools_msgs/lib/python3.8/site-packages:/home/f1/f1tenth_ws/build/mouse_teleop:/home/f1/f1tenth_ws/install/mouse_teleop/lib/python3.8/site-packages:/home/f1/f1tenth_ws/build/key_teleop:/home/f1/f1tenth_ws/install/key_teleop/lib/python3.8/site-packages:/opt/ros/foxy/lib/python3.8/site-packages /usr/bin/cmake --build /home/f1/f1tenth_ws/build/vesc_driver -- -j6 -l6
[2.212s] Invoking command in '/home/f1/f1tenth_ws/build/vesc_driver': CMAKE_PREFIX_PATH=/home/f1/f1tenth_ws/install/vesc_msgs:/home/f1/f1tenth_ws/install/vesc:/home/f1/f1tenth_ws/install/vesc_driver:/home/f1/f1tenth_ws/install/vesc_ackermann:/home/f1/f1tenth_ws/install/teleop_tools:/home/f1/f1tenth_ws/install/teleop_tools_msgs:/home/f1/f1tenth_ws/install/f1tenth_stack:/home/f1/f1tenth_ws/install/joy_teleop:/home/f1/f1tenth_ws/install/mouse_teleop:/home/f1/f1tenth_ws/install/key_teleop:/opt/ros/foxy:/home/f1/f1tenth_ws/install/lidar_processing:/home/f1/f1tenth_ws/install/ackermann_mux LD_LIBRARY_PATH=/home/f1/f1tenth_ws/install/vesc_msgs/lib:/home/f1/f1tenth_ws/install/vesc_driver/lib:/home/f1/f1tenth_ws/install/vesc_ackermann/lib:/home/f1/f1tenth_ws/install/teleop_tools_msgs/lib:/opt/ros/foxy/opt/yaml_cpp_vendor/lib:/opt/ros/foxy/opt/rviz_ogre_vendor/lib:/opt/ros/foxy/lib/aarch64-linux-gnu:/opt/ros/foxy/lib PYTHONPATH=/home/f1/f1tenth_ws/install/vesc_msgs/lib/python3.8/site-packages:/home/f1/f1tenth_ws/build/f1tenth_stack:/home/f1/f1tenth_ws/install/f1tenth_stack/lib/python3.8/site-packages:/home/f1/f1tenth_ws/build/joy_teleop:/home/f1/f1tenth_ws/install/joy_teleop/lib/python3.8/site-packages:/home/f1/f1tenth_ws/install/teleop_tools_msgs/lib/python3.8/site-packages:/home/f1/f1tenth_ws/build/mouse_teleop:/home/f1/f1tenth_ws/install/mouse_teleop/lib/python3.8/site-packages:/home/f1/f1tenth_ws/build/key_teleop:/home/f1/f1tenth_ws/install/key_teleop/lib/python3.8/site-packages:/opt/ros/foxy/lib/python3.8/site-packages /usr/bin/cmake --install /home/f1/f1tenth_ws/build/vesc_driver
[2.257s] -- Install configuration: "Release"
[2.261s] -- Execute custom install script
[2.264s] -- Up-to-date symlink: /home/f1/f1tenth_ws/install/vesc_driver/lib/vesc_driver/vesc_driver_node
[2.268s] -- Up-to-date symlink: /home/f1/f1tenth_ws/install/vesc_driver/include/vesc_driver/crc.hpp
[2.269s] -- Up-to-date symlink: /home/f1/f1tenth_ws/install/vesc_driver/include/vesc_driver/datatypes.hpp
[2.271s] -- Up-to-date symlink: /home/f1/f1tenth_ws/install/vesc_driver/include/vesc_driver/vesc_device_uuid_lookup.hpp
[2.273s] -- Up-to-date symlink: /home/f1/f1tenth_ws/install/vesc_driver/include/vesc_driver/vesc_driver.hpp
[2.275s] -- Up-to-date symlink: /home/f1/f1tenth_ws/install/vesc_driver/include/vesc_driver/vesc_interface.hpp
[2.276s] -- Up-to-date symlink: /home/f1/f1tenth_ws/install/vesc_driver/include/vesc_driver/vesc_packet.hpp
[2.278s] -- Up-to-date symlink: /home/f1/f1tenth_ws/install/vesc_driver/include/vesc_driver/vesc_packet_factory.hpp
[2.280s] -- Up-to-date symlink: /home/f1/f1tenth_ws/install/vesc_driver/share/vesc_driver/environment/library_path.sh
[2.283s] -- Up-to-date symlink: /home/f1/f1tenth_ws/install/vesc_driver/share/vesc_driver/environment/library_path.dsv
[2.285s] -- Up-to-date symlink: /home/f1/f1tenth_ws/install/vesc_driver/lib/libvesc_driver.so
[2.288s] -- Up-to-date symlink: /home/f1/f1tenth_ws/install/vesc_driver/lib/vesc_driver/vesc_device_namer
[2.295s] -- Up-to-date symlink: /home/f1/f1tenth_ws/install/vesc_driver/share/vesc_driver/launch/vesc_driver_node.launch.py
[2.305s] -- Up-to-date symlink: /home/f1/f1tenth_ws/install/vesc_driver/share/vesc_driver/params/vesc_config.yaml
[2.306s] -- Up-to-date symlink: /home/f1/f1tenth_ws/install/vesc_driver/share/ament_index/resource_index/package_run_dependencies/vesc_driver
[2.307s] -- Up-to-date symlink: /home/f1/f1tenth_ws/install/vesc_driver/share/ament_index/resource_index/parent_prefix_path/vesc_driver
[2.309s] -- Up-to-date symlink: /home/f1/f1tenth_ws/install/vesc_driver/share/vesc_driver/environment/ament_prefix_path.sh
[2.309s] -- Up-to-date symlink: /home/f1/f1tenth_ws/install/vesc_driver/share/vesc_driver/environment/ament_prefix_path.dsv
[2.310s] -- Up-to-date symlink: /home/f1/f1tenth_ws/install/vesc_driver/share/vesc_driver/environment/path.sh
[2.311s] -- Up-to-date symlink: /home/f1/f1tenth_ws/install/vesc_driver/share/vesc_driver/environment/path.dsv
[2.312s] -- Up-to-date symlink: /home/f1/f1tenth_ws/install/vesc_driver/share/vesc_driver/local_setup.bash
[2.314s] -- Up-to-date symlink: /home/f1/f1tenth_ws/install/vesc_driver/share/vesc_driver/local_setup.sh
[2.314s] -- Up-to-date symlink: /home/f1/f1tenth_ws/install/vesc_driver/share/vesc_driver/local_setup.zsh
[2.316s] -- Up-to-date symlink: /home/f1/f1tenth_ws/install/vesc_driver/share/vesc_driver/local_setup.dsv
[2.317s] -- Symlinking: /home/f1/f1tenth_ws/install/vesc_driver/share/vesc_driver/package.dsv
[2.372s] -- Up-to-date symlink: /home/f1/f1tenth_ws/install/vesc_driver/share/ament_index/resource_index/packages/vesc_driver
[2.375s] -- Up-to-date symlink: /home/f1/f1tenth_ws/install/vesc_driver/share/ament_index/resource_index/rclcpp_components/vesc_driver
[2.378s] -- Up-to-date symlink: /home/f1/f1tenth_ws/install/vesc_driver/share/vesc_driver/cmake/ament_cmake_export_dependencies-extras.cmake
[2.380s] -- Up-to-date symlink: /home/f1/f1tenth_ws/install/vesc_driver/share/vesc_driver/cmake/ament_cmake_export_include_directories-extras.cmake
[2.381s] -- Up-to-date symlink: /home/f1/f1tenth_ws/install/vesc_driver/share/vesc_driver/cmake/ament_cmake_export_libraries-extras.cmake
[2.383s] -- Up-to-date symlink: /home/f1/f1tenth_ws/install/vesc_driver/share/vesc_driver/cmake/vesc_driverConfig.cmake
[2.385s] -- Up-to-date symlink: /home/f1/f1tenth_ws/install/vesc_driver/share/vesc_driver/cmake/vesc_driverConfig-version.cmake
[2.386s] -- Up-to-date symlink: /home/f1/f1tenth_ws/install/vesc_driver/share/vesc_driver/package.xml
[2.431s] Invoked command in '/home/f1/f1tenth_ws/build/vesc_driver' returned '0': CMAKE_PREFIX_PATH=/home/f1/f1tenth_ws/install/vesc_msgs:/home/f1/f1tenth_ws/install/vesc:/home/f1/f1tenth_ws/install/vesc_driver:/home/f1/f1tenth_ws/install/vesc_ackermann:/home/f1/f1tenth_ws/install/teleop_tools:/home/f1/f1tenth_ws/install/teleop_tools_msgs:/home/f1/f1tenth_ws/install/f1tenth_stack:/home/f1/f1tenth_ws/install/joy_teleop:/home/f1/f1tenth_ws/install/mouse_teleop:/home/f1/f1tenth_ws/install/key_teleop:/opt/ros/foxy:/home/f1/f1tenth_ws/install/lidar_processing:/home/f1/f1tenth_ws/install/ackermann_mux LD_LIBRARY_PATH=/home/f1/f1tenth_ws/install/vesc_msgs/lib:/home/f1/f1tenth_ws/install/vesc_driver/lib:/home/f1/f1tenth_ws/install/vesc_ackermann/lib:/home/f1/f1tenth_ws/install/teleop_tools_msgs/lib:/opt/ros/foxy/opt/yaml_cpp_vendor/lib:/opt/ros/foxy/opt/rviz_ogre_vendor/lib:/opt/ros/foxy/lib/aarch64-linux-gnu:/opt/ros/foxy/lib PYTHONPATH=/home/f1/f1tenth_ws/install/vesc_msgs/lib/python3.8/site-packages:/home/f1/f1tenth_ws/build/f1tenth_stack:/home/f1/f1tenth_ws/install/f1tenth_stack/lib/python3.8/site-packages:/home/f1/f1tenth_ws/build/joy_teleop:/home/f1/f1tenth_ws/install/joy_teleop/lib/python3.8/site-packages:/home/f1/f1tenth_ws/install/teleop_tools_msgs/lib/python3.8/site-packages:/home/f1/f1tenth_ws/build/mouse_teleop:/home/f1/f1tenth_ws/install/mouse_teleop/lib/python3.8/site-packages:/home/f1/f1tenth_ws/build/key_teleop:/home/f1/f1tenth_ws/install/key_teleop/lib/python3.8/site-packages:/opt/ros/foxy/lib/python3.8/site-packages /usr/bin/cmake --install /home/f1/f1tenth_ws/build/vesc_driver
