[0.405s] Invoking command in '/home/ojg/sim_ws/build/f1tenth_gym_ros': PYTHONPATH=/home/ojg/sim_ws/build/f1tenth_gym_ros/prefix_override:/usr/lib/python3/dist-packages/colcon_core/task/python/colcon_distutils_commands:/home/ojg/sim_ws/install/f1tenth_gym_ros/lib/python3.10/site-packages:${PYTHONPATH} /usr/bin/python3 -W ignore:setup.py install is deprecated -W ignore:easy_install command is deprecated setup.py develop --editable --build-directory /home/ojg/sim_ws/build/f1tenth_gym_ros/build --no-deps symlink_data --force
[0.575s] running develop
[0.686s] running egg_info
[0.687s] writing f1tenth_gym_ros.egg-info/PKG-INFO
[0.687s] writing dependency_links to f1tenth_gym_ros.egg-info/dependency_links.txt
[0.687s] writing entry points to f1tenth_gym_ros.egg-info/entry_points.txt
[0.687s] writing requirements to f1tenth_gym_ros.egg-info/requires.txt
[0.687s] writing top-level names to f1tenth_gym_ros.egg-info/top_level.txt
[0.688s] reading manifest file 'f1tenth_gym_ros.egg-info/SOURCES.txt'
[0.688s] writing manifest file 'f1tenth_gym_ros.egg-info/SOURCES.txt'
[0.690s] running build_ext
[0.690s] Creating /home/ojg/sim_ws/install/f1tenth_gym_ros/lib/python3.10/site-packages/f1tenth-gym-ros.egg-link (link to .)
[0.690s] Installing gym_bridge script to /home/ojg/sim_ws/install/f1tenth_gym_ros/lib/f1tenth_gym_ros
[0.690s] 
[0.690s] Installed /home/ojg/sim_ws/build/f1tenth_gym_ros
[0.690s] running symlink_data
[0.690s] symbolically linking /home/ojg/sim_ws/build/f1tenth_gym_ros/resource/f1tenth_gym_ros -> /home/ojg/sim_ws/install/f1tenth_gym_ros/share/ament_index/resource_index/packages
[0.690s] symbolically linking /home/ojg/sim_ws/build/f1tenth_gym_ros/package.xml -> /home/ojg/sim_ws/install/f1tenth_gym_ros/share/f1tenth_gym_ros
[0.690s] symbolically linking /home/ojg/sim_ws/build/f1tenth_gym_ros/launch/gym_bridge_launch.py -> /home/ojg/sim_ws/install/f1tenth_gym_ros/share/f1tenth_gym_ros/launch
[0.690s] symbolically linking /home/ojg/sim_ws/build/f1tenth_gym_ros/launch/opp_racecar.xacro -> /home/ojg/sim_ws/install/f1tenth_gym_ros/share/f1tenth_gym_ros/launch
[0.690s] symbolically linking /home/ojg/sim_ws/build/f1tenth_gym_ros/launch/ego_racecar.xacro -> /home/ojg/sim_ws/install/f1tenth_gym_ros/share/f1tenth_gym_ros/launch
[0.690s] symbolically linking /home/ojg/sim_ws/build/f1tenth_gym_ros/launch/gym_bridge.rviz -> /home/ojg/sim_ws/install/f1tenth_gym_ros/share/f1tenth_gym_ros/launch
[0.690s] symbolically linking /home/ojg/sim_ws/build/f1tenth_gym_ros/config/sim.yaml -> /home/ojg/sim_ws/install/f1tenth_gym_ros/share/f1tenth_gym_ros/config
[0.710s] Invoked command in '/home/ojg/sim_ws/build/f1tenth_gym_ros' returned '0': PYTHONPATH=/home/ojg/sim_ws/build/f1tenth_gym_ros/prefix_override:/usr/lib/python3/dist-packages/colcon_core/task/python/colcon_distutils_commands:/home/ojg/sim_ws/install/f1tenth_gym_ros/lib/python3.10/site-packages:${PYTHONPATH} /usr/bin/python3 -W ignore:setup.py install is deprecated -W ignore:easy_install command is deprecated setup.py develop --editable --build-directory /home/ojg/sim_ws/build/f1tenth_gym_ros/build --no-deps symlink_data --force
