[1.543s] Invoking command in '/home/f1/f1tenth_ws/build/vesc_driver': CMAKE_PREFIX_PATH=/home/f1/f1tenth_ws/install/vesc_msgs:/home/f1/f1tenth_ws/install/vesc:/home/f1/f1tenth_ws/install/vesc_driver:/home/f1/f1tenth_ws/install/vesc_ackermann:/home/f1/f1tenth_ws/install/teleop_tools:/home/f1/f1tenth_ws/install/teleop_tools_msgs:/home/f1/f1tenth_ws/install/f1tenth_stack:/home/f1/f1tenth_ws/install/joy_teleop:/home/f1/f1tenth_ws/install/mouse_teleop:/home/f1/f1tenth_ws/install/key_teleop:/opt/ros/foxy:/home/f1/f1tenth_ws/install/lidar_processing:/home/f1/f1tenth_ws/install/ackermann_mux LD_LIBRARY_PATH=/home/f1/f1tenth_ws/install/vesc_msgs/lib:/home/f1/f1tenth_ws/install/vesc_driver/lib:/home/f1/f1tenth_ws/install/vesc_ackermann/lib:/home/f1/f1tenth_ws/install/teleop_tools_msgs/lib:/opt/ros/foxy/opt/yaml_cpp_vendor/lib:/opt/ros/foxy/opt/rviz_ogre_vendor/lib:/opt/ros/foxy/lib/aarch64-linux-gnu:/opt/ros/foxy/lib PYTHONPATH=/home/f1/f1tenth_ws/install/vesc_msgs/lib/python3.8/site-packages:/home/f1/f1tenth_ws/build/f1tenth_stack:/home/f1/f1tenth_ws/install/f1tenth_stack/lib/python3.8/site-packages:/home/f1/f1tenth_ws/build/joy_teleop:/home/f1/f1tenth_ws/install/joy_teleop/lib/python3.8/site-packages:/home/f1/f1tenth_ws/install/teleop_tools_msgs/lib/python3.8/site-packages:/home/f1/f1tenth_ws/build/mouse_teleop:/home/f1/f1tenth_ws/install/mouse_teleop/lib/python3.8/site-packages:/home/f1/f1tenth_ws/build/key_teleop:/home/f1/f1tenth_ws/install/key_teleop/lib/python3.8/site-packages:/opt/ros/foxy/lib/python3.8/site-packages /usr/bin/cmake --build /home/f1/f1tenth_ws/build/vesc_driver -- -j6 -l6
[2.188s] [ 50%] Built target vesc_driver
[2.222s] [ 70%] Built target vesc_driver_node
[2.428s] [100%] Built target vesc_device_namer
[2.644s] Invoked command in '/home/f1/f1tenth_ws/build/vesc_driver' returned '0': CMAKE_PREFIX_PATH=/home/f1/f1tenth_ws/install/vesc_msgs:/home/f1/f1tenth_ws/install/vesc:/home/f1/f1tenth_ws/install/vesc_driver:/home/f1/f1tenth_ws/install/vesc_ackermann:/home/f1/f1tenth_ws/install/teleop_tools:/home/f1/f1tenth_ws/install/teleop_tools_msgs:/home/f1/f1tenth_ws/install/f1tenth_stack:/home/f1/f1tenth_ws/install/joy_teleop:/home/f1/f1tenth_ws/install/mouse_teleop:/home/f1/f1tenth_ws/install/key_teleop:/opt/ros/foxy:/home/f1/f1tenth_ws/install/lidar_processing:/home/f1/f1tenth_ws/install/ackermann_mux LD_LIBRARY_PATH=/home/f1/f1tenth_ws/install/vesc_msgs/lib:/home/f1/f1tenth_ws/install/vesc_driver/lib:/home/f1/f1tenth_ws/install/vesc_ackermann/lib:/home/f1/f1tenth_ws/install/teleop_tools_msgs/lib:/opt/ros/foxy/opt/yaml_cpp_vendor/lib:/opt/ros/foxy/opt/rviz_ogre_vendor/lib:/opt/ros/foxy/lib/aarch64-linux-gnu:/opt/ros/foxy/lib PYTHONPATH=/home/f1/f1tenth_ws/install/vesc_msgs/lib/python3.8/site-packages:/home/f1/f1tenth_ws/build/f1tenth_stack:/home/f1/f1tenth_ws/install/f1tenth_stack/lib/python3.8/site-packages:/home/f1/f1tenth_ws/build/joy_teleop:/home/f1/f1tenth_ws/install/joy_teleop/lib/python3.8/site-packages:/home/f1/f1tenth_ws/install/teleop_tools_msgs/lib/python3.8/site-packages:/home/f1/f1tenth_ws/build/mouse_teleop:/home/f1/f1tenth_ws/install/mouse_teleop/lib/python3.8/site-packages:/home/f1/f1tenth_ws/build/key_teleop:/home/f1/f1tenth_ws/install/key_teleop/lib/python3.8/site-packages:/opt/ros/foxy/lib/python3.8/site-packages /usr/bin/cmake --build /home/f1/f1tenth_ws/build/vesc_driver -- -j6 -l6
[2.652s] Invoking command in '/home/f1/f1tenth_ws/build/vesc_driver': CMAKE_PREFIX_PATH=/home/f1/f1tenth_ws/install/vesc_msgs:/home/f1/f1tenth_ws/install/vesc:/home/f1/f1tenth_ws/install/vesc_driver:/home/f1/f1tenth_ws/install/vesc_ackermann:/home/f1/f1tenth_ws/install/teleop_tools:/home/f1/f1tenth_ws/install/teleop_tools_msgs:/home/f1/f1tenth_ws/install/f1tenth_stack:/home/f1/f1tenth_ws/install/joy_teleop:/home/f1/f1tenth_ws/install/mouse_teleop:/home/f1/f1tenth_ws/install/key_teleop:/opt/ros/foxy:/home/f1/f1tenth_ws/install/lidar_processing:/home/f1/f1tenth_ws/install/ackermann_mux LD_LIBRARY_PATH=/home/f1/f1tenth_ws/install/vesc_msgs/lib:/home/f1/f1tenth_ws/install/vesc_driver/lib:/home/f1/f1tenth_ws/install/vesc_ackermann/lib:/home/f1/f1tenth_ws/install/teleop_tools_msgs/lib:/opt/ros/foxy/opt/yaml_cpp_vendor/lib:/opt/ros/foxy/opt/rviz_ogre_vendor/lib:/opt/ros/foxy/lib/aarch64-linux-gnu:/opt/ros/foxy/lib PYTHONPATH=/home/f1/f1tenth_ws/install/vesc_msgs/lib/python3.8/site-packages:/home/f1/f1tenth_ws/build/f1tenth_stack:/home/f1/f1tenth_ws/install/f1tenth_stack/lib/python3.8/site-packages:/home/f1/f1tenth_ws/build/joy_teleop:/home/f1/f1tenth_ws/install/joy_teleop/lib/python3.8/site-packages:/home/f1/f1tenth_ws/install/teleop_tools_msgs/lib/python3.8/site-packages:/home/f1/f1tenth_ws/build/mouse_teleop:/home/f1/f1tenth_ws/install/mouse_teleop/lib/python3.8/site-packages:/home/f1/f1tenth_ws/build/key_teleop:/home/f1/f1tenth_ws/install/key_teleop/lib/python3.8/site-packages:/opt/ros/foxy/lib/python3.8/site-packages /usr/bin/cmake --install /home/f1/f1tenth_ws/build/vesc_driver
[2.723s] -- Install configuration: "Release"
[2.726s] -- Execute custom install script
[2.729s] -- Up-to-date symlink: /home/f1/f1tenth_ws/install/vesc_driver/lib/vesc_driver/vesc_driver_node
[2.735s] -- Up-to-date symlink: /home/f1/f1tenth_ws/install/vesc_driver/include/vesc_driver/crc.hpp
[2.737s] -- Up-to-date symlink: /home/f1/f1tenth_ws/install/vesc_driver/include/vesc_driver/datatypes.hpp
[2.738s] -- Up-to-date symlink: /home/f1/f1tenth_ws/install/vesc_driver/include/vesc_driver/vesc_device_uuid_lookup.hpp
[2.739s] -- Up-to-date symlink: /home/f1/f1tenth_ws/install/vesc_driver/include/vesc_driver/vesc_driver.hpp
[2.742s] -- Up-to-date symlink: /home/f1/f1tenth_ws/install/vesc_driver/include/vesc_driver/vesc_interface.hpp
[2.743s] -- Up-to-date symlink: /home/f1/f1tenth_ws/install/vesc_driver/include/vesc_driver/vesc_packet.hpp
[2.743s] -- Up-to-date symlink: /home/f1/f1tenth_ws/install/vesc_driver/include/vesc_driver/vesc_packet_factory.hpp
[2.747s] -- Up-to-date symlink: /home/f1/f1tenth_ws/install/vesc_driver/share/vesc_driver/environment/library_path.sh
[2.748s] -- Up-to-date symlink: /home/f1/f1tenth_ws/install/vesc_driver/share/vesc_driver/environment/library_path.dsv
[2.752s] -- Up-to-date symlink: /home/f1/f1tenth_ws/install/vesc_driver/lib/libvesc_driver.so
[2.754s] -- Up-to-date symlink: /home/f1/f1tenth_ws/install/vesc_driver/lib/vesc_driver/vesc_device_namer
[2.757s] -- Up-to-date symlink: /home/f1/f1tenth_ws/install/vesc_driver/share/vesc_driver/launch/vesc_driver_node.launch.py
[2.761s] -- Up-to-date symlink: /home/f1/f1tenth_ws/install/vesc_driver/share/vesc_driver/params/vesc_config.yaml
[2.763s] -- Up-to-date symlink: /home/f1/f1tenth_ws/install/vesc_driver/share/ament_index/resource_index/package_run_dependencies/vesc_driver
[2.768s] -- Up-to-date symlink: /home/f1/f1tenth_ws/install/vesc_driver/share/ament_index/resource_index/parent_prefix_path/vesc_driver
[2.770s] -- Up-to-date symlink: /home/f1/f1tenth_ws/install/vesc_driver/share/vesc_driver/environment/ament_prefix_path.sh
[2.777s] -- Up-to-date symlink: /home/f1/f1tenth_ws/install/vesc_driver/share/vesc_driver/environment/ament_prefix_path.dsv
[2.777s] -- Up-to-date symlink: /home/f1/f1tenth_ws/install/vesc_driver/share/vesc_driver/environment/path.sh
[2.778s] -- Up-to-date symlink: /home/f1/f1tenth_ws/install/vesc_driver/share/vesc_driver/environment/path.dsv
[2.779s] -- Up-to-date symlink: /home/f1/f1tenth_ws/install/vesc_driver/share/vesc_driver/local_setup.bash
[2.783s] -- Up-to-date symlink: /home/f1/f1tenth_ws/install/vesc_driver/share/vesc_driver/local_setup.sh
[2.784s] -- Up-to-date symlink: /home/f1/f1tenth_ws/install/vesc_driver/share/vesc_driver/local_setup.zsh
[2.784s] -- Up-to-date symlink: /home/f1/f1tenth_ws/install/vesc_driver/share/vesc_driver/local_setup.dsv
[2.787s] -- Symlinking: /home/f1/f1tenth_ws/install/vesc_driver/share/vesc_driver/package.dsv
[2.852s] -- Up-to-date symlink: /home/f1/f1tenth_ws/install/vesc_driver/share/ament_index/resource_index/packages/vesc_driver
[2.855s] -- Up-to-date symlink: /home/f1/f1tenth_ws/install/vesc_driver/share/ament_index/resource_index/rclcpp_components/vesc_driver
[2.857s] -- Up-to-date symlink: /home/f1/f1tenth_ws/install/vesc_driver/share/vesc_driver/cmake/ament_cmake_export_dependencies-extras.cmake
[2.859s] -- Up-to-date symlink: /home/f1/f1tenth_ws/install/vesc_driver/share/vesc_driver/cmake/ament_cmake_export_include_directories-extras.cmake
[2.863s] -- Up-to-date symlink: /home/f1/f1tenth_ws/install/vesc_driver/share/vesc_driver/cmake/ament_cmake_export_libraries-extras.cmake
[2.865s] -- Up-to-date symlink: /home/f1/f1tenth_ws/install/vesc_driver/share/vesc_driver/cmake/vesc_driverConfig.cmake
[2.867s] -- Up-to-date symlink: /home/f1/f1tenth_ws/install/vesc_driver/share/vesc_driver/cmake/vesc_driverConfig-version.cmake
[2.870s] -- Up-to-date symlink: /home/f1/f1tenth_ws/install/vesc_driver/share/vesc_driver/package.xml
[2.890s] Invoked command in '/home/f1/f1tenth_ws/build/vesc_driver' returned '0': CMAKE_PREFIX_PATH=/home/f1/f1tenth_ws/install/vesc_msgs:/home/f1/f1tenth_ws/install/vesc:/home/f1/f1tenth_ws/install/vesc_driver:/home/f1/f1tenth_ws/install/vesc_ackermann:/home/f1/f1tenth_ws/install/teleop_tools:/home/f1/f1tenth_ws/install/teleop_tools_msgs:/home/f1/f1tenth_ws/install/f1tenth_stack:/home/f1/f1tenth_ws/install/joy_teleop:/home/f1/f1tenth_ws/install/mouse_teleop:/home/f1/f1tenth_ws/install/key_teleop:/opt/ros/foxy:/home/f1/f1tenth_ws/install/lidar_processing:/home/f1/f1tenth_ws/install/ackermann_mux LD_LIBRARY_PATH=/home/f1/f1tenth_ws/install/vesc_msgs/lib:/home/f1/f1tenth_ws/install/vesc_driver/lib:/home/f1/f1tenth_ws/install/vesc_ackermann/lib:/home/f1/f1tenth_ws/install/teleop_tools_msgs/lib:/opt/ros/foxy/opt/yaml_cpp_vendor/lib:/opt/ros/foxy/opt/rviz_ogre_vendor/lib:/opt/ros/foxy/lib/aarch64-linux-gnu:/opt/ros/foxy/lib PYTHONPATH=/home/f1/f1tenth_ws/install/vesc_msgs/lib/python3.8/site-packages:/home/f1/f1tenth_ws/build/f1tenth_stack:/home/f1/f1tenth_ws/install/f1tenth_stack/lib/python3.8/site-packages:/home/f1/f1tenth_ws/build/joy_teleop:/home/f1/f1tenth_ws/install/joy_teleop/lib/python3.8/site-packages:/home/f1/f1tenth_ws/install/teleop_tools_msgs/lib/python3.8/site-packages:/home/f1/f1tenth_ws/build/mouse_teleop:/home/f1/f1tenth_ws/install/mouse_teleop/lib/python3.8/site-packages:/home/f1/f1tenth_ws/build/key_teleop:/home/f1/f1tenth_ws/install/key_teleop/lib/python3.8/site-packages:/opt/ros/foxy/lib/python3.8/site-packages /usr/bin/cmake --install /home/f1/f1tenth_ws/build/vesc_driver
