[0.013s] Invoking command in '/home/ojg/sim_ws/build/key_teleop': CMAKE_PREFIX_PATH=/opt/ros/humble /usr/bin/cmake /home/ojg/sim_ws/src/key_teleop -DCMAKE_INSTALL_PREFIX=/home/ojg/sim_ws/install/key_teleop
[0.084s] -- The C compiler identification is GNU 11.4.0
[0.134s] -- The CXX compiler identification is GNU 11.4.0
[0.140s] -- Detecting C compiler ABI info
[0.193s] -- Detecting C compiler ABI info - done
[0.197s] -- Check for working C compiler: /usr/bin/cc - skipped
[0.197s] -- Detecting C compile features
[0.198s] -- Detecting C compile features - done
[0.200s] -- Detecting CXX compiler ABI info
[0.259s] -- Detecting CXX compiler ABI info - done
[0.263s] -- Check for working CXX compiler: /usr/bin/c++ - skipped
[0.263s] -- Detecting CXX compile features
[0.264s] -- Detecting CXX compile features - done
[0.267s] -- Found ament_cmake: 1.3.11 (/opt/ros/humble/share/ament_cmake/cmake)
[0.384s] -- Found Python3: /usr/bin/python3 (found version "3.10.12") found components: Interpreter 
[0.448s] -- Found rclcpp: 16.0.12 (/opt/ros/humble/share/rclcpp/cmake)
[0.481s] -- Found rosidl_generator_c: 3.1.6 (/opt/ros/humble/share/rosidl_generator_c/cmake)
[0.484s] -- Found rosidl_adapter: 3.1.6 (/opt/ros/humble/share/rosidl_adapter/cmake)
[0.491s] -- Found rosidl_generator_cpp: 3.1.6 (/opt/ros/humble/share/rosidl_generator_cpp/cmake)
[0.500s] -- Using all available rosidl_typesupport_c: rosidl_typesupport_fastrtps_c;rosidl_typesupport_introspection_c
[0.512s] -- Using all available rosidl_typesupport_cpp: rosidl_typesupport_fastrtps_cpp;rosidl_typesupport_introspection_cpp
[0.546s] -- Found rmw_implementation_cmake: 6.1.2 (/opt/ros/humble/share/rmw_implementation_cmake/cmake)
[0.548s] -- Found rmw_fastrtps_cpp: 6.2.7 (/opt/ros/humble/share/rmw_fastrtps_cpp/cmake)
[0.615s] -- Found OpenSSL: /usr/lib/x86_64-linux-gnu/libcrypto.so (found version "3.0.2")  
[0.631s] -- Found FastRTPS: /opt/ros/humble/include  
[0.658s] -- Using RMW implementation 'rmw_fastrtps_cpp' as default
[0.665s] -- Looking for pthread.h
[0.728s] -- Looking for pthread.h - found
[0.728s] -- Performing Test CMAKE_HAVE_LIBC_PTHREAD
[0.783s] -- Performing Test CMAKE_HAVE_LIBC_PTHREAD - Success
[0.783s] -- Found Threads: TRUE  
[0.821s] -- Found ackermann_msgs: 2.0.2 (/opt/ros/humble/share/ackermann_msgs/cmake)
[0.875s] -- Configuring done
[0.880s] -- Generating done
[0.882s] -- Build files have been written to: /home/ojg/sim_ws/build/key_teleop
[0.889s] Invoked command in '/home/ojg/sim_ws/build/key_teleop' returned '0': CMAKE_PREFIX_PATH=/opt/ros/humble /usr/bin/cmake /home/ojg/sim_ws/src/key_teleop -DCMAKE_INSTALL_PREFIX=/home/ojg/sim_ws/install/key_teleop
[0.889s] Invoking command in '/home/ojg/sim_ws/build/key_teleop': CMAKE_PREFIX_PATH=/opt/ros/humble /usr/bin/cmake --build /home/ojg/sim_ws/build/key_teleop -- -j18 -l18
[0.925s] [ 50%] Building CXX object CMakeFiles/keyboard_teleop.dir/src/keyboard_teleop.cpp.o
[3.820s] [100%] Linking CXX executable keyboard_teleop
[3.955s] [100%] Built target keyboard_teleop
[3.964s] Invoked command in '/home/ojg/sim_ws/build/key_teleop' returned '0': CMAKE_PREFIX_PATH=/opt/ros/humble /usr/bin/cmake --build /home/ojg/sim_ws/build/key_teleop -- -j18 -l18
[3.971s] Invoking command in '/home/ojg/sim_ws/build/key_teleop': CMAKE_PREFIX_PATH=/opt/ros/humble /usr/bin/cmake --install /home/ojg/sim_ws/build/key_teleop
[3.977s] -- Install configuration: ""
[3.977s] -- Installing: /home/ojg/sim_ws/install/key_teleop/lib/key_teleop/keyboard_teleop
[3.978s] -- Set runtime path of "/home/ojg/sim_ws/install/key_teleop/lib/key_teleop/keyboard_teleop" to ""
[3.978s] -- Installing: /home/ojg/sim_ws/install/key_teleop/share/ament_index/resource_index/package_run_dependencies/key_teleop
[3.978s] -- Installing: /home/ojg/sim_ws/install/key_teleop/share/ament_index/resource_index/parent_prefix_path/key_teleop
[3.978s] -- Installing: /home/ojg/sim_ws/install/key_teleop/share/key_teleop/environment/ament_prefix_path.sh
[3.978s] -- Installing: /home/ojg/sim_ws/install/key_teleop/share/key_teleop/environment/ament_prefix_path.dsv
[3.978s] -- Installing: /home/ojg/sim_ws/install/key_teleop/share/key_teleop/environment/path.sh
[3.978s] -- Installing: /home/ojg/sim_ws/install/key_teleop/share/key_teleop/environment/path.dsv
[3.978s] -- Installing: /home/ojg/sim_ws/install/key_teleop/share/key_teleop/local_setup.bash
[3.978s] -- Installing: /home/ojg/sim_ws/install/key_teleop/share/key_teleop/local_setup.sh
[3.978s] -- Installing: /home/ojg/sim_ws/install/key_teleop/share/key_teleop/local_setup.zsh
[3.978s] -- Installing: /home/ojg/sim_ws/install/key_teleop/share/key_teleop/local_setup.dsv
[3.978s] -- Installing: /home/ojg/sim_ws/install/key_teleop/share/key_teleop/package.dsv
[3.978s] -- Installing: /home/ojg/sim_ws/install/key_teleop/share/ament_index/resource_index/packages/key_teleop
[3.979s] -- Installing: /home/ojg/sim_ws/install/key_teleop/share/key_teleop/cmake/key_teleopConfig.cmake
[3.979s] -- Installing: /home/ojg/sim_ws/install/key_teleop/share/key_teleop/cmake/key_teleopConfig-version.cmake
[3.979s] -- Installing: /home/ojg/sim_ws/install/key_teleop/share/key_teleop/package.xml
[3.980s] Invoked command in '/home/ojg/sim_ws/build/key_teleop' returned '0': CMAKE_PREFIX_PATH=/opt/ros/humble /usr/bin/cmake --install /home/ojg/sim_ws/build/key_teleop
