[0.102s] Invoking command in '/home/f1/f1tenth_ws/build/path_planner': CMAKE_PREFIX_PATH=/opt/ros/foxy /usr/bin/cmake --build /home/f1/f1tenth_ws/build/path_planner -- -j6 -l6
[0.271s] -- Found ament_cmake: 0.9.12 (/opt/ros/foxy/share/ament_cmake/cmake)
[0.416s] -- Using PYTHON_EXECUTABLE: /usr/bin/python3
[1.480s] -- Override CMake install command with custom implementation using symlinks instead of copying resources
[1.528s] -- Found rclcpp: 2.4.3 (/opt/ros/foxy/share/rclcpp/cmake)
[1.744s] -- Using all available rosidl_typesupport_c: rosidl_typesupport_fastrtps_c;rosidl_typesupport_introspection_c
[1.766s] -- Found rosidl_adapter: 1.3.1 (/opt/ros/foxy/share/rosidl_adapter/cmake)
[2.476s] -- Using all available rosidl_typesupport_cpp: rosidl_typesupport_fastrtps_cpp;rosidl_typesupport_introspection_cpp
[2.762s] -- Found rmw_implementation_cmake: 1.0.4 (/opt/ros/foxy/share/rmw_implementation_cmake/cmake)
[2.770s] -- Using RMW implementation 'rmw_fastrtps_cpp' as default
[3.498s] -- Found geometry_msgs: 2.0.5 (/opt/ros/foxy/share/geometry_msgs/cmake)
[3.668s] -- Found nav_msgs: 2.0.5 (/opt/ros/foxy/share/nav_msgs/cmake)
[4.005s] -- Found tf2_ros: 0.13.14 (/opt/ros/foxy/share/tf2_ros/cmake)
[5.528s] -- Found tf2_geometry_msgs: 0.13.14 (/opt/ros/foxy/share/tf2_geometry_msgs/cmake)
[5.557s] -- Found eigen3_cmake_module: 0.1.1 (/opt/ros/foxy/share/eigen3_cmake_module/cmake)
[5.716s] -- Found OpenCV: /usr (found version "4.5.4") 
[5.717s] CMake Error at CMakeLists.txt:28 (target_link_libraries):
[5.719s]   Cannot specify link libraries for target "min_curvature_planner" which is
[5.719s]   not built by this project.
[5.720s] 
[5.720s] 
[5.737s] -- Configuring incomplete, errors occurred!
[5.738s] See also "/home/f1/f1tenth_ws/build/path_planner/CMakeFiles/CMakeOutput.log".
[5.739s] See also "/home/f1/f1tenth_ws/build/path_planner/CMakeFiles/CMakeError.log".
[5.774s] make: *** [Makefile:266: cmake_check_build_system] Error 1
[5.789s] Invoked command in '/home/f1/f1tenth_ws/build/path_planner' returned '2': CMAKE_PREFIX_PATH=/opt/ros/foxy /usr/bin/cmake --build /home/f1/f1tenth_ws/build/path_planner -- -j6 -l6
