[0.102s] Invoking command in '/home/f1/f1tenth_ws/build/vesc': AMENT_PREFIX_PATH=/home/f1/f1tenth_ws/install/vesc_driver:/home/f1/f1tenth_ws/install/vesc_ackermann:/home/f1/f1tenth_ws/install/vesc_msgs:${AMENT_PREFIX_PATH} CMAKE_PREFIX_PATH=/home/f1/f1tenth_ws/install/vesc_driver:/home/f1/f1tenth_ws/install/vesc_ackermann:/home/f1/f1tenth_ws/install/vesc_msgs:/opt/ros/foxy LD_LIBRARY_PATH=/home/f1/f1tenth_ws/install/vesc_driver/lib:/home/f1/f1tenth_ws/install/vesc_ackermann/lib:/home/f1/f1tenth_ws/install/vesc_msgs/lib:${LD_LIBRARY_PATH} PYTHONPATH=/home/f1/f1tenth_ws/install/vesc_msgs/lib/python3.8/site-packages:${PYTHONPATH} /usr/bin/cmake --build /home/f1/f1tenth_ws/build/vesc -- -j6 -l6
[0.338s] Invoked command in '/home/f1/f1tenth_ws/build/vesc' returned '0': AMENT_PREFIX_PATH=/home/f1/f1tenth_ws/install/vesc_driver:/home/f1/f1tenth_ws/install/vesc_ackermann:/home/f1/f1tenth_ws/install/vesc_msgs:${AMENT_PREFIX_PATH} CMAKE_PREFIX_PATH=/home/f1/f1tenth_ws/install/vesc_driver:/home/f1/f1tenth_ws/install/vesc_ackermann:/home/f1/f1tenth_ws/install/vesc_msgs:/opt/ros/foxy LD_LIBRARY_PATH=/home/f1/f1tenth_ws/install/vesc_driver/lib:/home/f1/f1tenth_ws/install/vesc_ackermann/lib:/home/f1/f1tenth_ws/install/vesc_msgs/lib:${LD_LIBRARY_PATH} PYTHONPATH=/home/f1/f1tenth_ws/install/vesc_msgs/lib/python3.8/site-packages:${PYTHONPATH} /usr/bin/cmake --build /home/f1/f1tenth_ws/build/vesc -- -j6 -l6
[0.356s] Invoking command in '/home/f1/f1tenth_ws/build/vesc': AMENT_PREFIX_PATH=/home/f1/f1tenth_ws/install/vesc_driver:/home/f1/f1tenth_ws/install/vesc_ackermann:/home/f1/f1tenth_ws/install/vesc_msgs:${AMENT_PREFIX_PATH} CMAKE_PREFIX_PATH=/home/f1/f1tenth_ws/install/vesc_driver:/home/f1/f1tenth_ws/install/vesc_ackermann:/home/f1/f1tenth_ws/install/vesc_msgs:/opt/ros/foxy LD_LIBRARY_PATH=/home/f1/f1tenth_ws/install/vesc_driver/lib:/home/f1/f1tenth_ws/install/vesc_ackermann/lib:/home/f1/f1tenth_ws/install/vesc_msgs/lib:${LD_LIBRARY_PATH} PYTHONPATH=/home/f1/f1tenth_ws/install/vesc_msgs/lib/python3.8/site-packages:${PYTHONPATH} /usr/bin/cmake --install /home/f1/f1tenth_ws/build/vesc
[0.406s] -- Install configuration: "Release"
[0.408s] -- Execute custom install script
[0.415s] -- Up-to-date symlink: /home/f1/f1tenth_ws/install/vesc/share/ament_index/resource_index/package_run_dependencies/vesc
[0.421s] -- Up-to-date symlink: /home/f1/f1tenth_ws/install/vesc/share/ament_index/resource_index/parent_prefix_path/vesc
[0.424s] -- Up-to-date symlink: /home/f1/f1tenth_ws/install/vesc/share/vesc/environment/ament_prefix_path.sh
[0.425s] -- Up-to-date symlink: /home/f1/f1tenth_ws/install/vesc/share/vesc/environment/ament_prefix_path.dsv
[0.427s] -- Up-to-date symlink: /home/f1/f1tenth_ws/install/vesc/share/vesc/environment/path.sh
[0.427s] -- Up-to-date symlink: /home/f1/f1tenth_ws/install/vesc/share/vesc/environment/path.dsv
[0.432s] -- Up-to-date symlink: /home/f1/f1tenth_ws/install/vesc/share/vesc/local_setup.bash
[0.434s] -- Up-to-date symlink: /home/f1/f1tenth_ws/install/vesc/share/vesc/local_setup.sh
[0.436s] -- Up-to-date symlink: /home/f1/f1tenth_ws/install/vesc/share/vesc/local_setup.zsh
[0.438s] -- Up-to-date symlink: /home/f1/f1tenth_ws/install/vesc/share/vesc/local_setup.dsv
[0.439s] -- Symlinking: /home/f1/f1tenth_ws/install/vesc/share/vesc/package.dsv
[0.490s] -- Up-to-date symlink: /home/f1/f1tenth_ws/install/vesc/share/ament_index/resource_index/packages/vesc
[0.491s] -- Up-to-date symlink: /home/f1/f1tenth_ws/install/vesc/share/vesc/cmake/vescConfig.cmake
[0.493s] -- Up-to-date symlink: /home/f1/f1tenth_ws/install/vesc/share/vesc/cmake/vescConfig-version.cmake
[0.495s] -- Up-to-date symlink: /home/f1/f1tenth_ws/install/vesc/share/vesc/package.xml
[0.508s] Invoked command in '/home/f1/f1tenth_ws/build/vesc' returned '0': AMENT_PREFIX_PATH=/home/f1/f1tenth_ws/install/vesc_driver:/home/f1/f1tenth_ws/install/vesc_ackermann:/home/f1/f1tenth_ws/install/vesc_msgs:${AMENT_PREFIX_PATH} CMAKE_PREFIX_PATH=/home/f1/f1tenth_ws/install/vesc_driver:/home/f1/f1tenth_ws/install/vesc_ackermann:/home/f1/f1tenth_ws/install/vesc_msgs:/opt/ros/foxy LD_LIBRARY_PATH=/home/f1/f1tenth_ws/install/vesc_driver/lib:/home/f1/f1tenth_ws/install/vesc_ackermann/lib:/home/f1/f1tenth_ws/install/vesc_msgs/lib:${LD_LIBRARY_PATH} PYTHONPATH=/home/f1/f1tenth_ws/install/vesc_msgs/lib/python3.8/site-packages:${PYTHONPATH} /usr/bin/cmake --install /home/f1/f1tenth_ws/build/vesc
