[0.000000] (-) TimerEvent: {}
[0.000336] (-) JobUnselected: {'identifier': 'ackermann_mux'}
[0.000358] (-) JobUnselected: {'identifier': 'center_follow_cpp'}
[0.000368] (-) JobUnselected: {'identifier': 'center_follow_cpp'}
[0.000379] (-) JobUnselected: {'identifier': 'f1_keyboard_teleop'}
[0.000386] (-) JobUnselected: {'identifier': 'f1tenth_gym_ros'}
[0.000394] (-) JobUnselected: {'identifier': 'f1tenth_stack'}
[0.000401] (-) JobUnselected: {'identifier': 'joy_teleop'}
[0.000409] (-) JobUnselected: {'identifier': 'key_teleop'}
[0.000417] (-) JobUnselected: {'identifier': 'lidar_processing'}
[0.000425] (-) JobUnselected: {'identifier': 'mouse_teleop'}
[0.000433] (-) JobUnselected: {'identifier': 'pygame_key_teleop'}
[0.000705] (-) JobUnselected: {'identifier': 'scan_tools'}
[0.000714] (-) JobUnselected: {'identifier': 'slam_toolbox'}
[0.000724] (-) JobUnselected: {'identifier': 'teleop_tools'}
[0.000733] (-) JobUnselected: {'identifier': 'teleop_tools_msgs'}
[0.000741] (-) JobUnselected: {'identifier': 'vesc'}
[0.000749] (-) JobUnselected: {'identifier': 'vesc_ackermann'}
[0.000757] (-) JobUnselected: {'identifier': 'vesc_driver'}
[0.000766] (-) JobUnselected: {'identifier': 'vesc_msgs'}
[0.000776] (f1tenth_slam_nav) JobQueued: {'identifier': 'f1tenth_slam_nav', 'dependencies': OrderedDict([('ackermann_mux', '/home/ojg/sim_ws/install/ackermann_mux'), ('slam_toolbox', '/home/ojg/sim_ws/install/slam_toolbox'), ('teleop_tools_msgs', '/home/ojg/sim_ws/install/teleop_tools_msgs'), ('vesc_msgs', '/home/ojg/sim_ws/install/vesc_msgs'), ('joy_teleop', '/home/ojg/sim_ws/install/joy_teleop'), ('vesc_ackermann', '/home/ojg/sim_ws/install/vesc_ackermann'), ('vesc_driver', '/home/ojg/sim_ws/install/vesc_driver'), ('vesc', '/home/ojg/sim_ws/install/vesc'), ('f1tenth_stack', '/home/ojg/sim_ws/install/f1tenth_stack')])}
[0.000797] (f1tenth_slam_nav) JobStarted: {'identifier': 'f1tenth_slam_nav'}
[0.007702] (f1tenth_slam_nav) JobEnded: {'identifier': 'f1tenth_slam_nav', 'rc': 1}
[0.017956] (-) EventReactorShutdown: {}
