[0.107s] Invoking command in '/home/f1/f1tenth_ws/build/path_planner': CMAKE_PREFIX_PATH=/opt/ros/foxy /usr/bin/cmake --build /home/f1/f1tenth_ws/build/path_planner -- -j6 -l6
[0.649s] Scanning dependencies of target min_curvature_planner
[0.786s] [ 50%] Building CXX object CMakeFiles/min_curvature_planner.dir/src/min_curvature_planner.cpp.o
[51.363s] [100%] Linking CXX executable min_curvature_planner
[52.412s] [100%] Built target min_curvature_planner
[52.506s] Invoked command in '/home/f1/f1tenth_ws/build/path_planner' returned '0': CMAKE_PREFIX_PATH=/opt/ros/foxy /usr/bin/cmake --build /home/f1/f1tenth_ws/build/path_planner -- -j6 -l6
[52.603s] Invoking command in '/home/f1/f1tenth_ws/build/path_planner': CMAKE_PREFIX_PATH=/opt/ros/foxy /usr/bin/cmake --install /home/f1/f1tenth_ws/build/path_planner
[52.681s] -- Install configuration: "Release"
[52.686s] -- Execute custom install script
[52.695s] -- Up-to-date symlink: /home/f1/f1tenth_ws/install/path_planner/lib/path_planner/min_curvature_planner
[52.702s] -- Up-to-date symlink: /home/f1/f1tenth_ws/install/path_planner/share/path_planner/launch/planner_launch.py
[52.708s] -- Up-to-date symlink: /home/f1/f1tenth_ws/install/path_planner/share/ament_index/resource_index/package_run_dependencies/path_planner
[52.714s] -- Up-to-date symlink: /home/f1/f1tenth_ws/install/path_planner/share/ament_index/resource_index/parent_prefix_path/path_planner
[52.717s] -- Up-to-date symlink: /home/f1/f1tenth_ws/install/path_planner/share/path_planner/environment/ament_prefix_path.sh
[52.719s] -- Up-to-date symlink: /home/f1/f1tenth_ws/install/path_planner/share/path_planner/environment/ament_prefix_path.dsv
[52.722s] -- Up-to-date symlink: /home/f1/f1tenth_ws/install/path_planner/share/path_planner/environment/path.sh
[52.725s] -- Up-to-date symlink: /home/f1/f1tenth_ws/install/path_planner/share/path_planner/environment/path.dsv
[52.728s] -- Up-to-date symlink: /home/f1/f1tenth_ws/install/path_planner/share/path_planner/local_setup.bash
[52.733s] -- Up-to-date symlink: /home/f1/f1tenth_ws/install/path_planner/share/path_planner/local_setup.sh
[52.739s] -- Up-to-date symlink: /home/f1/f1tenth_ws/install/path_planner/share/path_planner/local_setup.zsh
[52.747s] -- Up-to-date symlink: /home/f1/f1tenth_ws/install/path_planner/share/path_planner/local_setup.dsv
[52.748s] -- Symlinking: /home/f1/f1tenth_ws/install/path_planner/share/path_planner/package.dsv
[52.841s] -- Up-to-date symlink: /home/f1/f1tenth_ws/install/path_planner/share/ament_index/resource_index/packages/path_planner
[52.844s] -- Up-to-date symlink: /home/f1/f1tenth_ws/install/path_planner/share/path_planner/cmake/path_plannerConfig.cmake
[52.846s] -- Up-to-date symlink: /home/f1/f1tenth_ws/install/path_planner/share/path_planner/cmake/path_plannerConfig-version.cmake
[52.849s] -- Up-to-date symlink: /home/f1/f1tenth_ws/install/path_planner/share/path_planner/package.xml
[52.869s] Invoked command in '/home/f1/f1tenth_ws/build/path_planner' returned '0': CMAKE_PREFIX_PATH=/opt/ros/foxy /usr/bin/cmake --install /home/f1/f1tenth_ws/build/path_planner
