[0.257s] Invoking command in '/home/f1/f1tenth_ws/build/ackermann_mux': CMAKE_PREFIX_PATH=${CMAKE_PREFIX_PATH}:/home/f1/f1tenth_ws/install/f1tenth_stack:/home/f1/f1tenth_ws/install/joy_teleop:/home/f1/f1tenth_ws/install/mouse_teleop:/home/f1/f1tenth_ws/install/key_teleop:/opt/ros/foxy /usr/bin/cmake /home/f1/f1tenth_ws/src/f1tenth_system/ackermann_mux -DCMAKE_BUILD_TYPE=Release -DAMENT_CMAKE_SYMLINK_INSTALL=1 -DCMAKE_INSTALL_PREFIX=/home/f1/f1tenth_ws/install/ackermann_mux
[3.086s] -- The C compiler identification is GNU 9.4.0
[3.087s] -- The CXX compiler identification is GNU 9.4.0
[3.087s] -- Check for working C compiler: /usr/bin/cc
[3.088s] -- Check for working C compiler: /usr/bin/cc -- works
[3.088s] -- Detecting C compiler ABI info
[3.089s] -- Detecting C compiler ABI info - done
[3.089s] -- Detecting C compile features
[3.089s] -- Detecting C compile features - done
[3.090s] -- Check for working CXX compiler: /usr/bin/c++
[3.090s] -- Check for working CXX compiler: /usr/bin/c++ -- works
[3.090s] -- Detecting CXX compiler ABI info
[3.501s] -- Detecting CXX compiler ABI info - done
[3.602s] -- Detecting CXX compile features
[3.608s] -- Detecting CXX compile features - done
[3.628s] -- Found ament_cmake: 0.9.12 (/opt/ros/foxy/share/ament_cmake/cmake)
[3.825s] -- Found PythonInterp: /usr/bin/python3 (found suitable version "3.8.10", minimum required is "3") 
[3.826s] -- Using PYTHON_EXECUTABLE: /usr/bin/python3
[5.055s] -- Override CMake install command with custom implementation using symlinks instead of copying resources
[5.233s] -- Found rclcpp: 2.4.3 (/opt/ros/foxy/share/rclcpp/cmake)
[5.555s] -- Using all available rosidl_typesupport_c: rosidl_typesupport_fastrtps_c;rosidl_typesupport_introspection_c
[5.600s] -- Found rosidl_adapter: 1.3.1 (/opt/ros/foxy/share/rosidl_adapter/cmake)
[6.189s] -- Found OpenSSL: /usr/lib/aarch64-linux-gnu/libcrypto.so (found version "1.1.1f")  
[6.365s] -- Found FastRTPS: /opt/ros/foxy/include  
[6.832s] -- Using all available rosidl_typesupport_cpp: rosidl_typesupport_fastrtps_cpp;rosidl_typesupport_introspection_cpp
[7.169s] -- Found rmw_implementation_cmake: 1.0.4 (/opt/ros/foxy/share/rmw_implementation_cmake/cmake)
[7.180s] -- Using RMW implementation 'rmw_fastrtps_cpp' as default
[7.198s] -- Looking for pthread.h
[7.818s] -- Looking for pthread.h - found
[7.820s] -- Performing Test CMAKE_HAVE_LIBC_PTHREAD
[8.386s] -- Performing Test CMAKE_HAVE_LIBC_PTHREAD - Failed
[8.387s] -- Looking for pthread_create in pthreads
[8.809s] -- Looking for pthread_create in pthreads - not found
[8.812s] -- Looking for pthread_create in pthread
[9.306s] -- Looking for pthread_create in pthread - found
[9.316s] -- Found Threads: TRUE  
[10.152s] -- Found ackermann_msgs: 2.0.2 (/opt/ros/foxy/share/ackermann_msgs/cmake)
[10.336s] -- Found diagnostic_updater: 3.1.2 (/opt/ros/foxy/share/diagnostic_updater/cmake)
[10.668s] -- Found ament_lint_auto: 0.9.8 (/opt/ros/foxy/share/ament_lint_auto/cmake)
[11.206s] -- Found python_cmake_module: 0.8.1 (/opt/ros/foxy/share/python_cmake_module/cmake)
[11.365s] -- Found PythonInterp: /usr/bin/python3 (found suitable version "3.8.10", minimum required is "3.5") 
[11.404s] -- Found PythonLibs: /usr/lib/aarch64-linux-gnu/libpython3.8.so (found suitable version "3.8.10", minimum required is "3.5") 
[11.405s] -- Using PYTHON_EXECUTABLE: /usr/bin/python3
[11.406s] -- Using PYTHON_INCLUDE_DIRS: /usr/include/python3.8
[11.406s] -- Using PYTHON_LIBRARIES: /usr/lib/aarch64-linux-gnu/libpython3.8.so
[11.577s] -- Found PythonExtra: .so  
[11.698s] -- Added test 'xmllint' to check XML markup files
[11.704s] -- Added test 'copyright' to check source files copyright and LICENSE
[11.734s] -- Added test 'cppcheck' to perform static code analysis on C / C++ code
[11.738s] -- Configured cppcheck include dirs: /home/f1/f1tenth_ws/src/f1tenth_system/ackermann_mux/include
[11.739s] -- Configured cppcheck exclude dirs and/or files: 
[11.757s] -- Added test 'cpplint' to check C / C++ code against the Google style
[11.759s] -- Configured cpplint exclude dirs and/or files: 
[11.766s] -- Added test 'flake8' to check Python code syntax and style conventions
[11.774s] -- Added test 'lint_cmake' to check CMake code style
[11.781s] -- Added test 'pep257' to check Python code against some of the style conventions in PEP 257
[11.798s] -- Added test 'uncrustify' to check C / C++ code style
[11.799s] -- Configured uncrustify additional arguments: 
[11.846s] -- Configuring done
[11.905s] -- Generating done
[11.929s] -- Build files have been written to: /home/f1/f1tenth_ws/build/ackermann_mux
[11.980s] Invoked command in '/home/f1/f1tenth_ws/build/ackermann_mux' returned '0': CMAKE_PREFIX_PATH=${CMAKE_PREFIX_PATH}:/home/f1/f1tenth_ws/install/f1tenth_stack:/home/f1/f1tenth_ws/install/joy_teleop:/home/f1/f1tenth_ws/install/mouse_teleop:/home/f1/f1tenth_ws/install/key_teleop:/opt/ros/foxy /usr/bin/cmake /home/f1/f1tenth_ws/src/f1tenth_system/ackermann_mux -DCMAKE_BUILD_TYPE=Release -DAMENT_CMAKE_SYMLINK_INSTALL=1 -DCMAKE_INSTALL_PREFIX=/home/f1/f1tenth_ws/install/ackermann_mux
[11.999s] Invoking command in '/home/f1/f1tenth_ws/build/ackermann_mux': CMAKE_PREFIX_PATH=${CMAKE_PREFIX_PATH}:/home/f1/f1tenth_ws/install/f1tenth_stack:/home/f1/f1tenth_ws/install/joy_teleop:/home/f1/f1tenth_ws/install/mouse_teleop:/home/f1/f1tenth_ws/install/key_teleop:/opt/ros/foxy /usr/bin/cmake --build /home/f1/f1tenth_ws/build/ackermann_mux -- -j6 -l6
[12.264s] [35m[1mScanning dependencies of target ackermann_mux[0m
[12.813s] [ 25%] [32mBuilding CXX object CMakeFiles/ackermann_mux.dir/src/ackermann_mux_node.cpp.o[0m
[12.829s] [ 50%] [32mBuilding CXX object CMakeFiles/ackermann_mux.dir/src/ackermann_mux.cpp.o[0m
[12.847s] [ 75%] [32mBuilding CXX object CMakeFiles/ackermann_mux.dir/src/ackermann_mux_diagnostics.cpp.o[0m
[79.623s] [100%] [32m[1mLinking CXX executable ackermann_mux[0m
[80.454s] [100%] Built target ackermann_mux
